2014-02-21 12:36:56,152 [AWT-EventQueue-0] INFO [org.janelia.it.FlyWorkstation.gui.application.ConsoleApp] Java version: 1.7.0_51
2014-02-21 12:36:56,162 [AWT-EventQueue-0] WARN [org.janelia.it.FlyWorkstation.gui.application.ConsoleApp] No splash screen image configured
2014-02-21 12:36:56,197 [AWT-EventQueue-0] INFO [org.janelia.it.FlyWorkstation.api.entity_model.management.ModelMgr] Initializing Model Manager
2014-02-21 12:36:56,428 [AWT-EventQueue-0] INFO [org.janelia.it.FlyWorkstation.gui.framework.session_mgr.SessionMgr] Initializing Session Manager
2014-02-21 12:36:56,429 [AWT-EventQueue-0] INFO [org.janelia.it.FlyWorkstation.gui.framework.session_mgr.SessionMgr] Renamed settings directory and files.
2014-02-21 12:36:56,483 [AWT-EventQueue-0] INFO [org.janelia.it.FlyWorkstation.api.facade.concrete_facade.ejb.EJBFactory] Using interactive server: jnp://jacs:1199
2014-02-21 12:36:56,483 [AWT-EventQueue-0] INFO [org.janelia.it.FlyWorkstation.api.facade.concrete_facade.ejb.EJBFactory] Using pipeline server: jnp://jacs-data:1199
2014-02-21 12:36:56,484 [AWT-EventQueue-0] INFO [org.janelia.it.FlyWorkstation.shared.filestore.PathTranslator] Using JACS data path: /Volumes/jacsData
2014-02-21 12:36:56,743 [AWT-EventQueue-0] INFO [org.janelia.it.FlyWorkstation.shared.util.filecache.LocalFileCache] <init>: exit
2014-02-21 12:36:56,743 [local-file-cache-load-thread] INFO [org.janelia.it.FlyWorkstation.shared.util.filecache.LocalFileCache] loadCacheFromFilesystem: starting load
2014-02-21 12:36:56,744 [AWT-EventQueue-0] INFO [org.janelia.it.FlyWorkstation.gui.framework.session_mgr.SessionMgr] Using 2d renderer: IMAGE_IO
2014-02-21 12:36:58,059 [AWT-EventQueue-0] WARN [org.janelia.it.FlyWorkstation.gui.framework.session_mgr.SessionMgr] Ignoring the seemingly harmless exception that Synthetica throws because of Java 7
2014-02-21 12:36:59,531 [AWT-EventQueue-0] INFO [org.eclipse.jetty.server.Server] jetty-8.y.z-SNAPSHOT
2014-02-21 12:36:59,586 [AWT-EventQueue-0] INFO [org.eclipse.jetty.server.AbstractConnector] Started SelectChannelConnector@0.0.0.0:40001
2014-02-21 12:37:01,065 [AWT-EventQueue-0] INFO [org.janelia.it.FlyWorkstation.shared.util.filecache.WebDavClient] setCredentials: entry, userName=fosterl
2014-02-21 12:37:01,066 [AWT-EventQueue-0] INFO [org.janelia.it.FlyWorkstation.gui.framework.session_mgr.SessionMgr] Authenticated as user:fosterl
2014-02-21 12:37:01,084 [AWT-EventQueue-0] INFO [org.janelia.it.FlyWorkstation.gui.application.ConsoleApp] Successfully logged in user fosterl
2014-02-21 12:37:03,602 [AWT-EventQueue-0] INFO [org.janelia.it.FlyWorkstation.gui.dialogs.GiantFiberSearchDialog] Begin loading
2014-02-21 12:37:03,691 [AWT-EventQueue-0] INFO [org.janelia.it.FlyWorkstation.gui.dialogs.MAASearchDialog] Begin loading
2014-02-21 12:37:04,500 [AWT-EventQueue-0] INFO [org.janelia.it.FlyWorkstation.gui.framework.tool_manager.ToolMgr] Base root executable path: file:/Users/fosterl/NetBeansProjects/master/janelia-workstation/ConsoleApplication/build/cluster/modules/ext/workstation.jar!/
2014-02-21 12:37:04,892 [AWT-EventQueue-0] INFO [org.janelia.it.FlyWorkstation.gui.framework.outline.EntityDetailsOutline] Activating
2014-02-21 12:37:05,161 [AWT-EventQueue-0] INFO [org.janelia.it.FlyWorkstation.gui.framework.outline.EntityOutline] Activating
2014-02-21 12:37:05,286 [AWT-EventQueue-0] INFO [org.janelia.it.FlyWorkstation.gui.framework.console.Browser] Setting perspective: ImageBrowser
2014-02-21 12:37:06,049 [AWT-EventQueue-0] INFO [org.janelia.it.FlyWorkstation.gui.dialogs.MAASearchDialog] Completed loading, 0 counts, dialog is ready
2014-02-21 12:37:07,864 [AWT-EventQueue-0] INFO [org.janelia.it.FlyWorkstation.gui.dialogs.GiantFiberSearchDialog] Completed loading, dialog ready.
2014-02-21 12:37:08,751 [AWT-EventQueue-0] INFO [org.janelia.it.FlyWorkstation.gui.framework.session_mgr.SessionMgr] Saving user settings to /Users/fosterl/.JaneliaWorkstationSuite/Console/.JW_Settings
2014-02-21 12:37:08,775 [AWT-EventQueue-0] INFO [org.janelia.it.FlyWorkstation.gui.framework.session_mgr.SessionMgr] Logged out with: user:fosterl
2014-02-21 12:37:08,775 [AWT-EventQueue-0] INFO [org.janelia.it.FlyWorkstation.gui.framework.session_mgr.SessionMgr] Memory in use at exit: 935.0193 MB
2014-02-21 12:37:08,784 [AWT-EventQueue-0] INFO [org.janelia.it.FlyWorkstation.gui.framework.session_mgr.SessionMgr] Window is closing...
2014-02-21 12:37:08,786 [AWT-EventQueue-0] INFO [org.janelia.it.FlyWorkstation.gui.framework.session_mgr.SessionMgr] Saving user settings to /Users/fosterl/.JaneliaWorkstationSuite/Console/.JW_Settings
