#
# A fatal error has been detected by the Java Runtime Environment:
#
#  SIGSEGV (0xb) at pc=0x00007fff86ec4a3f, pid=70868, tid=47643
#
# JRE version: Java(TM) SE Runtime Environment (7.0_67-b01) (build 1.7.0_67-b01)
# Java VM: Java HotSpot(TM) 64-Bit Server VM (24.65-b04 mixed mode bsd-amd64 compressed oops)
# Problematic frame:
# C  [libsystem_c.dylib+0x1a3f]  memmove$VARIANT$sse42+0x57
#
# Failed to write core dump. Core dumps have been disabled. To enable core dumping, try "ulimit -c unlimited" before starting Java again
#
# If you would like to submit a bug report, please visit:
#   http://bugreport.sun.com/bugreport/crash.jsp
# The crash happened outside the Java Virtual Machine in native code.
# See problematic frame for where to report the bug.
#

---------------  T H R E A D  ---------------

Current thread (0x00007f8a5435d800):  JavaThread "AWT-EventQueue-0" [_thread_in_native, id=47643, stack(0x0000000137ec0000,0x0000000137fc0000)]

siginfo:si_signo=SIGSEGV: si_errno=0, si_code=1 (SEGV_MAPERR), si_addr=0x000000014e6d3000

Registers:
RAX=0x000000055eb0a268, RBX=0x0000000137fbe638, RCX=0x0000000000000008, RDX=0x0000000000000bf8
RSP=0x0000000137fbe5e0, RBP=0x0000000137fbe5e0, RSI=0x000000014e6d3000, RDI=0x00000006ad1dd268
R8 =0x00000003fc09d658, R9 =0x00000006ad4dd268, R10=0x000000010542ae4c, R11=0x00000006ad1dd268
R12=0x00000006ad1dd268, R13=0x000000014e6d3000, R14=0x0000000137fbe630, R15=0x00007f8a5435d9e8
RIP=0x00007fff86ec4a3f, EFLAGS=0x0000000000010212, ERR=0x0000000000000004
  TRAPNO=0x000000000000000e

Top of Stack: (sp=0x0000000137fbe5e0)
0x0000000137fbe5e0:   0000000137fbe620 000000013973a5bb
0x0000000137fbe5f0:   00000c0000000000 0000000000300000
0x0000000137fbe600:   0000000000000000 00000006ad1dd258
0x0000000137fbe610:   0000000000000000 00007f8a5435d800
0x0000000137fbe620:   0000000137fbe670 000000010542aec2
0x0000000137fbe630:   00000006ab31dfd8 00000006ad1dd258
0x0000000137fbe640:   00007f8a5435d800 00007f8a5435d800
0x0000000137fbe650:   0000000000300000 0000000137fbe670
0x0000000137fbe660:   00000006bab40a18 0000000105398ec7
0x0000000137fbe670:   0000000000300000 000000010543ad24
0x0000000137fbe680:   00000006bab40a18 00000006ab31dfd8
0x0000000137fbe690:   0000040000000c00 00000c0000000400
0x0000000137fbe6a0:   0000000000300000 00000006ad1dd258
0x0000000137fbe6b0:   0000000000000000 0000000137fbe6e0
0x0000000137fbe6c0:   0000000137fbe730 0000000105342254
0x0000000137fbe6d0:   0000000000000000 000000010534ef36
0x0000000137fbe6e0:   0000000000000000 0000000000000c00
0x0000000137fbe6f0:   0000000137fbe6f0 00000003fc1c2557
0x0000000137fbe700:   0000000137fbe748 00000003fc1c2b48
0x0000000137fbe710:   0000000137fbe790 0000000105342786
0x0000000137fbe720:   0000000105342786 0000000000000400
0x0000000137fbe730:   0000000000000400 0000000000000c00
0x0000000137fbe740:   00000006ab31dfd8 00000006bab40a18
0x0000000137fbe750:   0000000137fbe750 00000003fbe877cd
0x0000000137fbe760:   0000000137fbe7d0 00000003fbe87b40
0x0000000137fbe770:   0000000000000000 00000003fbe87838
0x0000000137fbe780:   0000000137fbe728 0000000137fbe7c0
0x0000000137fbe790:   0000000137fbe818 00000001053420d8
0x0000000137fbe7a0:   0000000000000c00 00000006ab31dfd8
0x0000000137fbe7b0:   0000000000000400 0000000000000400
0x0000000137fbe7c0:   00000006bab40a18 0000000000000023
0x0000000137fbe7d0:   00000006bab40a78 0000000137fbe7d8 

Instructions: (pc=0x00007fff86ec4a3f)
0x00007fff86ec4a1f:   ff c6 88 07 48 ff c7 ff ca 75 f2 4c 89 d8 5d c3
0x00007fff86ec4a2f:   e9 b5 00 00 00 89 f9 f7 d9 83 e1 0f 74 10 29 ca
0x00007fff86ec4a3f:   8a 06 48 ff c6 88 07 48 ff c7 ff c9 75 f2 48 89
0x00007fff86ec4a4f:   d1 83 e2 3f 48 83 e1 c0 48 01 ce 48 01 cf 48 f7 

Register to memory mapping:

RAX=0x000000055eb0a268 is an unallocated location in the heap
RBX=0x0000000137fbe638 is pointing into the stack for thread: 0x00007f8a5435d800
RCX=0x0000000000000008 is an unknown value
RDX=0x0000000000000bf8 is an unknown value
RSP=0x0000000137fbe5e0 is pointing into the stack for thread: 0x00007f8a5435d800
RBP=0x0000000137fbe5e0 is pointing into the stack for thread: 0x00007f8a5435d800
RSI=0x000000014e6d3000 is an unknown value
RDI=0x00000006ad1dd268 is an unknown value
R8 =0x00000003fc09d658 is an oop
{instance class} 
 - klass: {other class}
R9 =0x00000006ad4dd268 is an unknown value
R10=0x000000010542ae4c is at entry_point+76 in (nmethod*)0x000000010542ac90
R11=0x00000006ad1dd268 is an unknown value
R12=0x00000006ad1dd268 is an unknown value
R13=0x000000014e6d3000 is an unknown value
R14=0x0000000137fbe630 is pointing into the stack for thread: 0x00007f8a5435d800
R15=0x00007f8a5435d9e8 is an unknown value


Stack: [0x0000000137ec0000,0x0000000137fc0000],  sp=0x0000000137fbe5e0,  free space=1017k
Native frames: (J=compiled Java code, j=interpreted, Vv=VM code, C=native code)
C  [libsystem_c.dylib+0x1a3f]  memmove$VARIANT$sse42+0x57
C  [libjniavutil.dylib+0x385bb]  Java_org_bytedeco_javacpp_BytePointer_get___3BII+0xab
J 161  org.bytedeco.javacpp.BytePointer.get([BII)Lorg/bytedeco/javacpp/BytePointer; (0 bytes) @ 0x000000010542aec2 [0x000000010542ae00+0xc2]

Java frames: (J=compiled Java code, j=interpreted, Vv=VM code)
J 161  org.bytedeco.javacpp.BytePointer.get([BII)Lorg/bytedeco/javacpp/BytePointer; (0 bytes) @ 0x000000010542ae4c [0x000000010542ae00+0x4c]
J 162 C2 org.janelia.it.jacs.shared.img_3d_loader.ByteGatherAcceptor.accept(Lorg/bytedeco/javacpp/BytePointer;III)V (95 bytes) @ 0x000000010543ad24 [0x000000010543abc0+0x164]
j  org.janelia.it.jacs.shared.ffmpeg.H5JLoader.saveFrame(ILorg/janelia/it/jacs/shared/img_3d_loader/FFMPGByteAcceptor;)V+45
j  org.janelia.it.jacs.shared.img_3d_loader.H265FileLoader.populateAcceptor(Lorg/janelia/it/jacs/shared/ffmpeg/H5JLoader;)Lorg/janelia/it/jacs/shared/img_3d_loader/ByteGatherAcceptor;+111
j  org.janelia.it.jacs.shared.img_3d_loader.H265FileLoader.loadVolumeFile(Ljava/lang/String;)V+16
j  org.janelia.it.workstation.gui.viewer3d.VolumeLoader.loadVolume(Ljava/lang/String;)Z+414
j  org.janelia.it.workstation.gui.viewer3d.VolumeBrickActorBuilder.buildVolumeBrickActor(Lorg/janelia/it/workstation/gui/viewer3d/VolumeModel;Lorg/janelia/it/workstation/gui/viewer3d/VolumeBrickFactory;Lorg/janelia/it/workstation/gui/viewer3d/resolver/FileResolver;Ljava/lang/String;)Lorg/janelia/it/workstation/gui/opengl/GLActor;+17
j  org.janelia.it.workstation.gui.viewer3d.TestMip3d$1.run()V+162
j  java.awt.event.InvocationEvent.dispatch()V+47
j  java.awt.EventQueue.dispatchEventImpl(Ljava/awt/AWTEvent;Ljava/lang/Object;)V+21
j  java.awt.EventQueue.access$200(Ljava/awt/EventQueue;Ljava/awt/AWTEvent;Ljava/lang/Object;)V+3
j  java.awt.EventQueue$3.run()Ljava/lang/Void;+12
j  java.awt.EventQueue$3.run()Ljava/lang/Object;+1
v  ~StubRoutines::call_stub
j  java.security.AccessController.doPrivileged(Ljava/security/PrivilegedAction;Ljava/security/AccessControlContext;)Ljava/lang/Object;+0
j  java.security.ProtectionDomain$1.doIntersectionPrivilege(Ljava/security/PrivilegedAction;Ljava/security/AccessControlContext;Ljava/security/AccessControlContext;)Ljava/lang/Object;+28
j  java.awt.EventQueue.dispatchEvent(Ljava/awt/AWTEvent;)V+46
j  java.awt.EventDispatchThread.pumpOneEventForFilters(I)V+245
j  java.awt.EventDispatchThread.pumpEventsForFilter(ILjava/awt/Conditional;Ljava/awt/EventFilter;)V+35
j  java.awt.EventDispatchThread.pumpEventsForHierarchy(ILjava/awt/Conditional;Ljava/awt/Component;)V+11
j  java.awt.EventDispatchThread.pumpEvents(ILjava/awt/Conditional;)V+4
j  java.awt.EventDispatchThread.pumpEvents(Ljava/awt/Conditional;)V+3
j  java.awt.EventDispatchThread.run()V+9
v  ~StubRoutines::call_stub

---------------  P R O C E S S  ---------------

Java Threads: ( => current thread )
  0x00007f8a5c007000 JavaThread "Java2D Disposer" daemon [_thread_blocked, id=52995, stack(0x0000000138ae1000,0x0000000138be1000)]
  0x00007f8a5a827000 JavaThread "Java2D Queue Flusher" daemon [_thread_blocked, id=49931, stack(0x00000001380c6000,0x00000001381c6000)]
  0x00007f8a5a000000 JavaThread "org.netbeans.modules.debugger.jpda.visual AWT Access Loop" daemon [_thread_blocked, id=49419, stack(0x0000000137fc3000,0x00000001380c3000)]
  0x00007f8a54338800 JavaThread "DestroyJavaVM" [_thread_blocked, id=6403, stack(0x0000000105126000,0x0000000105226000)]
=>0x00007f8a5435d800 JavaThread "AWT-EventQueue-0" [_thread_in_native, id=47643, stack(0x0000000137ec0000,0x0000000137fc0000)]
  0x00007f8a5785a800 JavaThread "AWT-Shutdown" [_thread_blocked, id=37123, stack(0x0000000135673000,0x0000000135773000)]
  0x00007f8a54354800 JavaThread "AWT-AppKit" daemon [_thread_in_native, id=3847, stack(0x00007fff5ae67000,0x00007fff5b667000)]
  0x00007f8a59009000 JavaThread "Service Thread" daemon [_thread_blocked, id=30723, stack(0x00000001337bc000,0x00000001338bc000)]
  0x00007f8a59008800 JavaThread "C2 CompilerThread1" daemon [_thread_blocked, id=25095, stack(0x00000001336b9000,0x00000001337b9000)]
  0x00007f8a59007000 JavaThread "C2 CompilerThread0" daemon [_thread_blocked, id=24583, stack(0x00000001331a0000,0x00000001332a0000)]
  0x00007f8a55809000 JavaThread "JDWP Command Reader" daemon [_thread_in_native, id=30211, stack(0x00000001335b6000,0x00000001336b6000)]
  0x00007f8a59006000 JavaThread "JDWP Event Helper Thread" daemon [_thread_blocked, id=29699, stack(0x00000001334b3000,0x00000001335b3000)]
  0x00007f8a59005800 JavaThread "JDWP Transport Listener: dt_socket" daemon [_thread_blocked, id=29187, stack(0x00000001333b0000,0x00000001334b0000)]
  0x00007f8a56025800 JavaThread "Signal Dispatcher" daemon [_thread_blocked, id=28675, stack(0x00000001332a7000,0x00000001333a7000)]
  0x00007f8a57858800 JavaThread "Finalizer" daemon [_thread_in_native, id=24067, stack(0x0000000133057000,0x0000000133157000)]
  0x00007f8a57857800 JavaThread "Reference Handler" daemon [_thread_blocked, id=23555, stack(0x0000000132f54000,0x0000000133054000)]

Other Threads:
  0x00007f8a57855000 VMThread [stack: 0x0000000132e51000,0x0000000132f51000] [id=23043]
  0x00007f8a59000000 WatcherThread [stack: 0x00000001338bf000,0x00000001339bf000] [id=31235]

VM state:not at safepoint (normal execution)

VM Mutex/Monitor currently owned by a thread: None

Heap
 PSYoungGen      total 306176K, used 86871K [0x00000006aaa80000, 0x00000006c0000000, 0x0000000800000000)
  eden space 262656K, 16% used [0x00000006aaa80000,0x00000006ad4dd268,0x00000006bab00000)
  from space 43520K, 99% used [0x00000006bab00000,0x00000006bd578ac0,0x00000006bd580000)
  to   space 43520K, 0% used [0x00000006bd580000,0x00000006bd580000,0x00000006c0000000)
 ParOldGen       total 698880K, used 38466K [0x0000000400000000, 0x000000042aa80000, 0x00000006aaa80000)
  object space 698880K, 5% used [0x0000000400000000,0x0000000402590a60,0x000000042aa80000)
 PSPermGen       total 21504K, used 20242K [0x00000003fae00000, 0x00000003fc300000, 0x0000000400000000)
  object space 21504K, 94% used [0x00000003fae00000,0x00000003fc1c49b0,0x00000003fc300000)

Card table byte_map: [0x00000001083fc000,0x000000010a426000] byte_map_base: 0x0000000106425000

Polling page: 0x0000000105265000

Code Cache  [0x000000010533c000, 0x00000001055ac000, 0x000000010833c000)
 total_blobs=922 nmethods=161 adapters=723 free_code_cache=48107Kb largest_free_block=49236992

Compilation events (10 events):
Event: 8.825 Thread 0x00007f8a59008800 nmethod 155 0x000000010543ef10 code [0x000000010543f040, 0x000000010543f0d8]
Event: 8.857 Thread 0x00007f8a59008800  158             java.util.HashMap::addEntry (69 bytes)
Event: 8.860 Thread 0x00007f8a59007000 nmethod 156 0x0000000105443510 code [0x00000001054437a0, 0x0000000105445100]
Event: 8.863 Thread 0x00007f8a59008800 nmethod 158 0x000000010543dd10 code [0x000000010543dec0, 0x000000010543e3a8]
Event: 36.970 Thread 0x00007f8a59007000  159             org.bytedeco.javacpp.BytePointer::position (9 bytes)
Event: 36.970 Thread 0x00007f8a59008800  160             org.bytedeco.javacpp.Pointer::position (7 bytes)
Event: 36.970 Thread 0x00007f8a59008800 nmethod 160 0x000000010543e990 code [0x000000010543eac0, 0x000000010543eb18]
Event: 36.970 Thread 0x00007f8a59007000 nmethod 159 0x000000010542aa90 code [0x000000010542abc0, 0x000000010542ac18]
Event: 40.911 Thread 0x00007f8a59008800  162             org.janelia.it.jacs.shared.img_3d_loader.ByteGatherAcceptor::accept (95 bytes)
Event: 40.922 Thread 0x00007f8a59008800 nmethod 162 0x000000010543aa10 code [0x000000010543abc0, 0x000000010543b550]

GC Heap History (2 events):
Event: 40.949 GC heap before
{Heap before GC invocations=1 (full 0):
 PSYoungGen      total 306176K, used 262154K [0x00000006aaa80000, 0x00000006c0000000, 0x0000000800000000)
  eden space 262656K, 99% used [0x00000006aaa80000,0x00000006baa82910,0x00000006bab00000)
  from space 43520K, 0% used [0x00000006bd580000,0x00000006bd580000,0x00000006c0000000)
  to   space 43520K, 0% used [0x00000006bab00000,0x00000006bab00000,0x00000006bd580000)
 ParOldGen       total 698880K, used 0K [0x0000000400000000, 0x000000042aa80000, 0x00000006aaa80000)
  object space 698880K, 0% used [0x0000000400000000,0x0000000400000000,0x000000042aa80000)
 PSPermGen       total 21504K, used 20241K [0x00000003fae00000, 0x00000003fc300000, 0x0000000400000000)
  object space 21504K, 94% used [0x00000003fae00000,0x00000003fc1c4728,0x00000003fc300000)
Event: 41.014 GC heap after
Heap after GC invocations=1 (full 0):
 PSYoungGen      total 306176K, used 43490K [0x00000006aaa80000, 0x00000006c0000000, 0x0000000800000000)
  eden space 262656K, 0% used [0x00000006aaa80000,0x00000006aaa80000,0x00000006bab00000)
  from space 43520K, 99% used [0x00000006bab00000,0x00000006bd578ac0,0x00000006bd580000)
  to   space 43520K, 0% used [0x00000006bd580000,0x00000006bd580000,0x00000006c0000000)
 ParOldGen       total 698880K, used 38466K [0x0000000400000000, 0x000000042aa80000, 0x00000006aaa80000)
  object space 698880K, 5% used [0x0000000400000000,0x0000000402590a60,0x000000042aa80000)
 PSPermGen       total 21504K, used 20241K [0x00000003fae00000, 0x00000003fc300000, 0x0000000400000000)
  object space 21504K, 94% used [0x00000003fae00000,0x00000003fc1c4728,0x00000003fc300000)
}

Deoptimization events (7 events):
Event: 5.236 Thread 0x00007f8a57800000 Uncommon trap: reason=unloaded action=reinterpret pc=0x00000001053a2678 method=java.io.BufferedReader.readLine(Z)Ljava/lang/String; @ 268
Event: 6.056 Thread 0x00007f8a54354800 Uncommon trap: reason=null_check action=make_not_entrant pc=0x000000010539f604 method=java.lang.String.equals(Ljava/lang/Object;)Z @ 8
Event: 6.386 Thread 0x00007f8a5435d800 Uncommon trap: reason=null_check action=make_not_entrant pc=0x00000001053cc2a0 method=java.util.jar.Attributes.putValue(Ljava/lang/String;Ljava/lang/String;)Ljava/lang/String; @ 13
Event: 7.671 Thread 0x00007f8a5435d800 Uncommon trap: reason=unreached action=reinterpret pc=0x00000001053d7d6c method=java.util.HashMap.get(Ljava/lang/Object;)Ljava/lang/Object; @ 1
Event: 8.045 Thread 0x00007f8a5435d800 Uncommon trap: reason=unreached action=reinterpret pc=0x00000001053d0b68 method=java.util.Properties$LineReader.readLine()I @ 97
Event: 8.063 Thread 0x00007f8a5435d800 Uncommon trap: reason=class_check action=maybe_recompile pc=0x00000001053b99f0 method=java.lang.String.equals(Ljava/lang/Object;)Z @ 8
Event: 8.072 Thread 0x00007f8a5435d800 Uncommon trap: reason=predicate action=maybe_recompile pc=0x00000001053a3770 method=java.util.LinkedList.indexOf(Ljava/lang/Object;)I @ 47

Internal exceptions (10 events):
Event: 8.844 Thread 0x00007f8a5435d800 Threw 0x00000006b6319b50 at /HUDSON/workspace/7u-2-build-macosx-x86_64/jdk7u67/1368/hotspot/src/share/vm/prims/jvm.cpp:1244
Event: 8.856 Thread 0x00007f8a5435d800 Threw 0x00000006b63da290 at /HUDSON/workspace/7u-2-build-macosx-x86_64/jdk7u67/1368/hotspot/src/share/vm/prims/jvm.cpp:1244
Event: 8.856 Thread 0x00007f8a5435d800 Threw 0x00000006b63e6aa8 at /HUDSON/workspace/7u-2-build-macosx-x86_64/jdk7u67/1368/hotspot/src/share/vm/prims/jvm.cpp:1244
Event: 8.857 Thread 0x00007f8a5435d800 Threw 0x00000006b63f2c20 at /HUDSON/workspace/7u-2-build-macosx-x86_64/jdk7u67/1368/hotspot/src/share/vm/prims/jvm.cpp:1244
Event: 8.858 Thread 0x00007f8a5435d800 Threw 0x00000006b6401c48 at /HUDSON/workspace/7u-2-build-macosx-x86_64/jdk7u67/1368/hotspot/src/share/vm/prims/jvm.cpp:1244
Event: 8.920 Thread 0x00007f8a5435d800 Threw 0x00000006b640ef58 at /HUDSON/workspace/7u-2-build-macosx-x86_64/jdk7u67/1368/hotspot/src/share/vm/prims/jvm.cpp:1244
Event: 8.921 Thread 0x00007f8a5435d800 Threw 0x00000006b641c1e8 at /HUDSON/workspace/7u-2-build-macosx-x86_64/jdk7u67/1368/hotspot/src/share/vm/prims/jvm.cpp:1244
Event: 8.922 Thread 0x00007f8a5435d800 Threw 0x00000006b642a118 at /HUDSON/workspace/7u-2-build-macosx-x86_64/jdk7u67/1368/hotspot/src/share/vm/prims/jvm.cpp:1244
Event: 9.004 Thread 0x00007f8a5435d800 Threw 0x00000006b6444098 at /HUDSON/workspace/7u-2-build-macosx-x86_64/jdk7u67/1368/hotspot/src/share/vm/prims/jvm.cpp:1244
Event: 9.138 Thread 0x00007f8a5435d800 Threw 0x00000006b6451f18 at /HUDSON/workspace/7u-2-build-macosx-x86_64/jdk7u67/1368/hotspot/src/share/vm/prims/jvm.cpp:1244

Events (10 events):
Event: 34.599 Executing VM operation: ChangeBreakpoints
Event: 34.599 Executing VM operation: ChangeBreakpoints done
Event: 37.966 Executing VM operation: GetOrSetLocal
Event: 37.966 Executing VM operation: GetOrSetLocal done
Event: 39.666 Executing VM operation: ChangeBreakpoints
Event: 39.667 Executing VM operation: ChangeBreakpoints done
Event: 39.667 Executing VM operation: ChangeBreakpoints
Event: 39.667 Executing VM operation: ChangeBreakpoints done
Event: 40.949 Executing VM operation: ParallelGCFailedAllocation
Event: 41.014 Executing VM operation: ParallelGCFailedAllocation done


Dynamic libraries:
0x0000000002937000 	/System/Library/Frameworks/Cocoa.framework/Versions/A/Cocoa
0x0000000002937000 	/System/Library/Frameworks/Security.framework/Versions/A/Security
0x0000000002937000 	/System/Library/Frameworks/ApplicationServices.framework/Versions/A/ApplicationServices
0x0000000002937000 	/usr/lib/libz.1.dylib
0x0000000002937000 	/usr/lib/libSystem.B.dylib
0x0000000002937000 	/usr/lib/libobjc.A.dylib
0x0000000002937000 	/System/Library/Frameworks/CoreFoundation.framework/Versions/A/CoreFoundation
0x0000000002937000 	/System/Library/Frameworks/Foundation.framework/Versions/C/Foundation
0x0000000002937000 	/System/Library/Frameworks/AppKit.framework/Versions/C/AppKit
0x0000000002937000 	/System/Library/Frameworks/CoreData.framework/Versions/A/CoreData
0x0000000002937000 	/System/Library/PrivateFrameworks/RemoteViewServices.framework/Versions/A/RemoteViewServices
0x0000000002937000 	/System/Library/Frameworks/AudioToolbox.framework/Versions/A/AudioToolbox
0x0000000002937000 	/System/Library/Frameworks/AudioUnit.framework/Versions/A/AudioUnit
0x0000000002937000 	/System/Library/PrivateFrameworks/DataDetectorsCore.framework/Versions/A/DataDetectorsCore
0x0000000002937000 	/System/Library/PrivateFrameworks/DesktopServicesPriv.framework/Versions/A/DesktopServicesPriv
0x0000000002937000 	/System/Library/Frameworks/Carbon.framework/Versions/A/Frameworks/HIToolbox.framework/Versions/A/HIToolbox
0x0000000002937000 	/System/Library/Frameworks/QuartzCore.framework/Versions/A/QuartzCore
0x0000000002937000 	/System/Library/Frameworks/Carbon.framework/Versions/A/Frameworks/SpeechRecognition.framework/Versions/A/SpeechRecognition
0x0000000002937000 	/usr/lib/libauto.dylib
0x0000000002937000 	/usr/lib/libicucore.A.dylib
0x0000000002937000 	/usr/lib/libxml2.2.dylib
0x0000000002937000 	/System/Library/PrivateFrameworks/CoreUI.framework/Versions/A/CoreUI
0x0000000002937000 	/System/Library/Frameworks/CoreAudio.framework/Versions/A/CoreAudio
0x0000000002937000 	/System/Library/Frameworks/DiskArbitration.framework/Versions/A/DiskArbitration
0x0000000002937000 	/usr/lib/liblangid.dylib
0x0000000002937000 	/System/Library/PrivateFrameworks/MultitouchSupport.framework/Versions/A/MultitouchSupport
0x0000000002937000 	/System/Library/Frameworks/IOKit.framework/Versions/A/IOKit
0x0000000002937000 	/usr/lib/libDiagnosticMessagesClient.dylib
0x0000000002937000 	/System/Library/Frameworks/CoreServices.framework/Versions/A/CoreServices
0x0000000002937000 	/System/Library/PrivateFrameworks/PerformanceAnalysis.framework/Versions/A/PerformanceAnalysis
0x0000000002937000 	/System/Library/PrivateFrameworks/GenerationalStorage.framework/Versions/A/GenerationalStorage
0x0000000002937000 	/System/Library/Frameworks/OpenGL.framework/Versions/A/OpenGL
0x0000000002937000 	/System/Library/Frameworks/CoreText.framework/Versions/A/CoreText
0x0000000002937000 	/System/Library/Frameworks/ImageIO.framework/Versions/A/ImageIO
0x0000000002937000 	/System/Library/PrivateFrameworks/Backup.framework/Versions/A/Backup
0x0000000002937000 	/System/Library/Frameworks/CFNetwork.framework/Versions/A/CFNetwork
0x0000000002937000 	/System/Library/Frameworks/SystemConfiguration.framework/Versions/A/SystemConfiguration
0x0000000002937000 	/usr/lib/libCRFSuite.dylib
0x0000000002937000 	/System/Library/PrivateFrameworks/TCC.framework/Versions/A/TCC
0x0000000002937000 	/usr/lib/libc++.1.dylib
0x0000000002937000 	/usr/lib/libc++abi.dylib
0x0000000002937000 	/usr/lib/system/libcache.dylib
0x0000000002937000 	/usr/lib/system/libcommonCrypto.dylib
0x0000000002937000 	/usr/lib/system/libcompiler_rt.dylib
0x0000000002937000 	/usr/lib/system/libcopyfile.dylib
0x0000000002937000 	/usr/lib/system/libdispatch.dylib
0x0000000002937000 	/usr/lib/system/libdnsinfo.dylib
0x0000000002937000 	/usr/lib/system/libdyld.dylib
0x0000000002937000 	/usr/lib/system/libkeymgr.dylib
0x0000000002937000 	/usr/lib/system/liblaunch.dylib
0x0000000002937000 	/usr/lib/system/libmacho.dylib
0x0000000002937000 	/usr/lib/system/libquarantine.dylib
0x0000000002937000 	/usr/lib/system/libremovefile.dylib
0x0000000002937000 	/usr/lib/system/libsystem_blocks.dylib
0x0000000002937000 	/usr/lib/system/libsystem_c.dylib
0x0000000002937000 	/usr/lib/system/libsystem_dnssd.dylib
0x0000000002937000 	/usr/lib/system/libsystem_info.dylib
0x0000000002937000 	/usr/lib/system/libsystem_kernel.dylib
0x0000000002937000 	/usr/lib/system/libsystem_m.dylib
0x0000000002937000 	/usr/lib/system/libsystem_network.dylib
0x0000000002937000 	/usr/lib/system/libsystem_notify.dylib
0x0000000002937000 	/usr/lib/system/libsystem_sandbox.dylib
0x0000000002937000 	/usr/lib/system/libunc.dylib
0x0000000002937000 	/usr/lib/system/libunwind.dylib
0x0000000002937000 	/usr/lib/system/libxpc.dylib
0x0000000002937000 	/usr/lib/system/libcorecrypto.dylib
0x0000000002937000 	/usr/lib/libstdc++.6.dylib
0x0000000002937000 	/usr/lib/libbsm.0.dylib
0x0000000002937000 	/usr/lib/libsqlite3.dylib
0x0000000002937000 	/usr/lib/libxar.1.dylib
0x0000000002937000 	/usr/lib/libpam.2.dylib
0x0000000002937000 	/usr/lib/libOpenScriptingUtil.dylib
0x0000000002937000 	/usr/lib/libbz2.1.0.dylib
0x0000000002937000 	/System/Library/Frameworks/CoreServices.framework/Versions/A/Frameworks/CarbonCore.framework/Versions/A/CarbonCore
0x0000000002937000 	/System/Library/Frameworks/CoreServices.framework/Versions/A/Frameworks/Metadata.framework/Versions/A/Metadata
0x0000000002937000 	/System/Library/Frameworks/CoreServices.framework/Versions/A/Frameworks/OSServices.framework/Versions/A/OSServices
0x0000000002937000 	/System/Library/Frameworks/CoreServices.framework/Versions/A/Frameworks/SearchKit.framework/Versions/A/SearchKit
0x0000000002937000 	/System/Library/Frameworks/CoreServices.framework/Versions/A/Frameworks/AE.framework/Versions/A/AE
0x0000000002937000 	/System/Library/Frameworks/CoreServices.framework/Versions/A/Frameworks/LaunchServices.framework/Versions/A/LaunchServices
0x0000000002937000 	/System/Library/Frameworks/CoreServices.framework/Versions/A/Frameworks/DictionaryServices.framework/Versions/A/DictionaryServices
0x0000000002937000 	/System/Library/Frameworks/NetFS.framework/Versions/A/NetFS
0x0000000002937000 	/usr/lib/system/libkxld.dylib
0x0000000002937000 	/System/Library/PrivateFrameworks/NetAuth.framework/Versions/A/NetAuth
0x0000000002937000 	/System/Library/Frameworks/OpenDirectory.framework/Versions/A/Frameworks/CFOpenDirectory.framework/Versions/A/CFOpenDirectory
0x0000000002937000 	/usr/lib/libxslt.1.dylib
0x0000000002937000 	/System/Library/PrivateFrameworks/FamilyControls.framework/Versions/A/FamilyControls
0x0000000002937000 	/System/Library/Frameworks/Carbon.framework/Versions/A/Frameworks/Ink.framework/Versions/A/Ink
0x0000000002937000 	/System/Library/Frameworks/ApplicationServices.framework/Versions/A/Frameworks/CoreGraphics.framework/Versions/A/CoreGraphics
0x0000000002937000 	/System/Library/Frameworks/ApplicationServices.framework/Versions/A/Frameworks/ATS.framework/Versions/A/ATS
0x0000000002937000 	/System/Library/Frameworks/ApplicationServices.framework/Versions/A/Frameworks/ColorSync.framework/Versions/A/ColorSync
0x0000000002937000 	/System/Library/Frameworks/ApplicationServices.framework/Versions/A/Frameworks/HIServices.framework/Versions/A/HIServices
0x0000000002937000 	/System/Library/Frameworks/ApplicationServices.framework/Versions/A/Frameworks/LangAnalysis.framework/Versions/A/LangAnalysis
0x0000000002937000 	/System/Library/Frameworks/ApplicationServices.framework/Versions/A/Frameworks/PrintCore.framework/Versions/A/PrintCore
0x0000000002937000 	/System/Library/Frameworks/ApplicationServices.framework/Versions/A/Frameworks/QD.framework/Versions/A/QD
0x0000000002937000 	/System/Library/Frameworks/ApplicationServices.framework/Versions/A/Frameworks/SpeechSynthesis.framework/Versions/A/SpeechSynthesis
0x0000000002937000 	/System/Library/Frameworks/IOSurface.framework/Versions/A/IOSurface
0x0000000002937000 	/System/Library/Frameworks/Accelerate.framework/Versions/A/Accelerate
0x0000000002937000 	/System/Library/Frameworks/ApplicationServices.framework/Versions/A/Frameworks/ATS.framework/Versions/A/Resources/libFontParser.dylib
0x0000000002937000 	/System/Library/Frameworks/ApplicationServices.framework/Versions/A/Frameworks/ATS.framework/Versions/A/Resources/libFontRegistry.dylib
0x0000000002937000 	/System/Library/Frameworks/Accelerate.framework/Versions/A/Frameworks/vImage.framework/Versions/A/vImage
0x0000000002937000 	/System/Library/Frameworks/Accelerate.framework/Versions/A/Frameworks/vecLib.framework/Versions/A/vecLib
0x0000000002937000 	/System/Library/Frameworks/Accelerate.framework/Versions/A/Frameworks/vecLib.framework/Versions/A/libvDSP.dylib
0x0000000002937000 	/System/Library/Frameworks/Accelerate.framework/Versions/A/Frameworks/vecLib.framework/Versions/A/libvMisc.dylib
0x0000000002937000 	/System/Library/Frameworks/Accelerate.framework/Versions/A/Frameworks/vecLib.framework/Versions/A/libLAPACK.dylib
0x0000000002937000 	/System/Library/Frameworks/Accelerate.framework/Versions/A/Frameworks/vecLib.framework/Versions/A/libBLAS.dylib
0x0000000002937000 	/System/Library/Frameworks/ImageIO.framework/Versions/A/Resources/libJPEG.dylib
0x0000000002937000 	/System/Library/Frameworks/ImageIO.framework/Versions/A/Resources/libTIFF.dylib
0x0000000002937000 	/System/Library/Frameworks/ImageIO.framework/Versions/A/Resources/libPng.dylib
0x0000000002937000 	/System/Library/Frameworks/ImageIO.framework/Versions/A/Resources/libGIF.dylib
0x0000000002937000 	/System/Library/Frameworks/ImageIO.framework/Versions/A/Resources/libJP2.dylib
0x0000000002937000 	/System/Library/Frameworks/ImageIO.framework/Versions/A/Resources/libRadiance.dylib
0x0000000002937000 	/usr/lib/libcups.2.dylib
0x0000000002937000 	/System/Library/Frameworks/Kerberos.framework/Versions/A/Kerberos
0x0000000002937000 	/System/Library/Frameworks/GSS.framework/Versions/A/GSS
0x0000000002937000 	/usr/lib/libresolv.9.dylib
0x0000000002937000 	/usr/lib/libiconv.2.dylib
0x0000000002937000 	/System/Library/PrivateFrameworks/Heimdal.framework/Versions/A/Heimdal
0x0000000002937000 	/System/Library/PrivateFrameworks/TrustEvaluationAgent.framework/Versions/A/TrustEvaluationAgent
0x0000000002937000 	/System/Library/Frameworks/OpenDirectory.framework/Versions/A/OpenDirectory
0x0000000002937000 	/System/Library/PrivateFrameworks/CommonAuth.framework/Versions/A/CommonAuth
0x0000000002937000 	/System/Library/PrivateFrameworks/Bom.framework/Versions/A/Bom
0x0000000002937000 	/System/Library/Frameworks/CoreVideo.framework/Versions/A/CoreVideo
0x0000000002937000 	/System/Library/Frameworks/QuartzCore.framework/Versions/A/Frameworks/CoreImage.framework/Versions/A/CoreImage
0x0000000002937000 	/System/Library/Frameworks/QuartzCore.framework/Versions/A/Frameworks/ScalableUserInterface.framework/Versions/A/ScalableUserInterface
0x0000000002937000 	/System/Library/Frameworks/OpenGL.framework/Versions/A/Libraries/libGLU.dylib
0x0000000002937000 	/System/Library/Frameworks/OpenGL.framework/Versions/A/Libraries/libGFXShared.dylib
0x0000000002937000 	/System/Library/Frameworks/OpenGL.framework/Versions/A/Libraries/libGL.dylib
0x0000000002937000 	/System/Library/Frameworks/OpenGL.framework/Versions/A/Libraries/libGLImage.dylib
0x0000000002937000 	/System/Library/Frameworks/OpenGL.framework/Versions/A/Libraries/libCVMSPluginSupport.dylib
0x0000000002937000 	/System/Library/Frameworks/OpenGL.framework/Versions/A/Libraries/libCoreVMClient.dylib
0x0000000002937000 	/System/Library/PrivateFrameworks/CrashReporterSupport.framework/Versions/A/CrashReporterSupport
0x0000000002937000 	/System/Library/Frameworks/OpenCL.framework/Versions/A/OpenCL
0x0000000002937000 	/System/Library/PrivateFrameworks/FaceCoreLight.framework/Versions/A/FaceCoreLight
0x0000000002937000 	/System/Library/PrivateFrameworks/AppleFSCompression.framework/Versions/A/AppleFSCompression
0x0000000002937000 	/System/Library/PrivateFrameworks/Ubiquity.framework/Versions/A/Ubiquity
0x0000000002937000 	/System/Library/Frameworks/ServiceManagement.framework/Versions/A/ServiceManagement
0x0000000002937000 	/System/Library/PrivateFrameworks/ChunkingLibrary.framework/Versions/A/ChunkingLibrary
0x0000000002937000 	/System/Library/Frameworks/vecLib.framework/Versions/A/vecLib
0x0000000002937000 	/System/Library/Frameworks/SecurityFoundation.framework/Versions/A/SecurityFoundation
0x0000000002937000 	/System/Library/PrivateFrameworks/CommerceKit.framework/Versions/A/Frameworks/CommerceCore.framework/Versions/A/CommerceCore
0x0000000002937000 	/System/Library/PrivateFrameworks/CoreSymbolication.framework/Versions/A/CoreSymbolication
0x0000000002937000 	/System/Library/PrivateFrameworks/Symbolication.framework/Versions/A/Symbolication
0x0000000002937000 	/System/Library/PrivateFrameworks/DebugSymbols.framework/Versions/A/DebugSymbols
0x00000001046c6000 	/Library/Java/JavaVirtualMachines/jdk1.7.0_67.jdk/Contents/Home/jre/lib/server/libjvm.dylib
0x0000000105228000 	/Library/Java/JavaVirtualMachines/jdk1.7.0_67.jdk/Contents/Home/jre/lib/libverify.dylib
0x0000000105235000 	/Library/Java/JavaVirtualMachines/jdk1.7.0_67.jdk/Contents/Home/jre/lib/libjava.dylib
0x0000000105266000 	/Library/Java/JavaVirtualMachines/jdk1.7.0_67.jdk/Contents/Home/jre/lib/libjdwp.dylib
0x00000001052a3000 	/Library/Java/JavaVirtualMachines/jdk1.7.0_67.jdk/Contents/Home/jre/lib/libnpt.dylib
0x0000000105333000 	/Library/Java/JavaVirtualMachines/jdk1.7.0_67.jdk/Contents/Home/jre/lib/libzip.dylib
0x0000000133159000 	/System/Library/Frameworks/JavaVM.framework/Frameworks/JavaRuntimeSupport.framework/JavaRuntimeSupport
0x0000000133171000 	/System/Library/Frameworks/JavaVM.framework/Versions/A/Frameworks/JavaNativeFoundation.framework/Versions/A/JavaNativeFoundation
0x0000000133186000 	/System/Library/Frameworks/JavaVM.framework/Versions/A/JavaVM
0x0000000002937000 	/System/Library/Frameworks/Carbon.framework/Versions/A/Carbon
0x0000000133193000 	/System/Library/PrivateFrameworks/JavaLaunching.framework/Versions/A/JavaLaunching
0x0000000002937000 	/System/Library/Frameworks/Carbon.framework/Versions/A/Frameworks/CommonPanels.framework/Versions/A/CommonPanels
0x0000000002937000 	/System/Library/Frameworks/Carbon.framework/Versions/A/Frameworks/Help.framework/Versions/A/Help
0x0000000002937000 	/System/Library/Frameworks/Carbon.framework/Versions/A/Frameworks/ImageCapture.framework/Versions/A/ImageCapture
0x0000000002937000 	/System/Library/Frameworks/Carbon.framework/Versions/A/Frameworks/OpenScripting.framework/Versions/A/OpenScripting
0x0000000002937000 	/System/Library/Frameworks/Carbon.framework/Versions/A/Frameworks/Print.framework/Versions/A/Print
0x0000000002937000 	/System/Library/Frameworks/Carbon.framework/Versions/A/Frameworks/SecurityHI.framework/Versions/A/SecurityHI
0x00000001333a9000 	/Library/Java/JavaVirtualMachines/jdk1.7.0_67.jdk/Contents/Home/jre/lib/libdt_socket.dylib
0x0000000134114000 	/Library/Java/JavaVirtualMachines/jdk1.7.0_67.jdk/Contents/Home/jre/lib/libawt.dylib
0x00000001341c3000 	/Library/Java/JavaVirtualMachines/jdk1.7.0_67.jdk/Contents/Home/jre/lib/./libmlib_image.dylib
0x000000013428f000 	/Library/Java/JavaVirtualMachines/jdk1.7.0_67.jdk/Contents/Home/jre/lib/lwawt/liblwawt.dylib
0x0000000134343000 	/Library/Java/JavaVirtualMachines/jdk1.7.0_67.jdk/Contents/Home/jre/lib/libosxapp.dylib
0x000000013435f000 	/System/Library/Frameworks/ExceptionHandling.framework/Versions/A/ExceptionHandling
0x0000000002937000 	/System/Library/PrivateFrameworks/CoreServicesInternal.framework/Versions/A/CoreServicesInternal
0x0000000002937000 	/System/Library/PrivateFrameworks/Librarian.framework/Versions/A/Librarian
0x0000000002937000 	/System/Library/Frameworks/ApplicationServices.framework/Versions/A/Frameworks/CoreGraphics.framework/Versions/A/Resources/libCSync.A.dylib
0x0000000002937000 	/System/Library/Frameworks/ApplicationServices.framework/Versions/A/Frameworks/CoreGraphics.framework/Versions/A/Resources/libRIP.A.dylib
0x0000000002937000 	/System/Library/Frameworks/ApplicationServices.framework/Versions/A/Frameworks/CoreGraphics.framework/Versions/A/Resources/libCGXType.A.dylib
0x0000000137e58000 	/Library/Java/JavaVirtualMachines/jdk1.7.0_67.jdk/Contents/Home/jre/lib/libfontmanager.dylib
0x00000001381c8000 	/System/Library/Frameworks/OpenGL.framework/Resources/GLEngine.bundle/GLEngine
0x00000001383bd000 	/System/Library/Frameworks/OpenGL.framework/Versions/A/Libraries/libGLProgrammability.dylib
0x0000000000000000 	/System/Library/Extensions/GeForceGLDriver.bundle/Contents/MacOS/GeForceGLDriver
0x00000001357a6000 	/System/Library/PrivateFrameworks/GPUSupport.framework/Versions/A/Libraries/libGPUSupport.dylib
0x0000000002937000 	/System/Library/Extensions/GeForceGLDriver.bundle/Contents/MacOS/libclh.dylib
0x00000001357bb000 	/System/Library/Frameworks/OpenGL.framework/Resources//GLRendererFloat.bundle/GLRendererFloat
0x00000001365cc000 	/System/Library/Frameworks/OpenCL.framework/Versions/A/Libraries/libcldcpuengine.dylib
0x0000000002937000 	/System/Library/PrivateFrameworks/DiskImages.framework/Versions/A/DiskImages
0x0000000002937000 	/System/Library/Frameworks/DiscRecording.framework/Versions/A/DiscRecording
0x0000000002937000 	/usr/lib/libcurl.4.dylib
0x0000000002937000 	/System/Library/PrivateFrameworks/MediaKit.framework/Versions/A/MediaKit
0x0000000002937000 	/usr/lib/libssl.0.9.8.dylib
0x0000000002937000 	/usr/lib/libcrypto.0.9.8.dylib
0x0000000002937000 	/System/Library/Frameworks/LDAP.framework/Versions/A/LDAP
0x0000000002937000 	/usr/lib/libsasl2.2.dylib
0x0000000138be3000 	/Library/Java/JavaVirtualMachines/jdk1.7.0_67.jdk/Contents/Home/jre/lib/libosxui.dylib
0x0000000139284000 	/Library/Java/JavaVirtualMachines/jdk1.7.0_67.jdk/Contents/Home/jre/lib/libnet.dylib
0x000000013968c000 	/Library/Java/JavaVirtualMachines/jdk1.7.0_67.jdk/Contents/Home/jre/lib/libnio.dylib
0x00000001396a0000 	/private/var/folders/jd/hvc_ck5j7n79vc6fpd9wkp845p3dj9/T/jogamp_0000/file_cache/jln588010209787054314/jln1682232230324495471/libgluegen-rt.jnilib
0x00000001397a7000 	/private/var/folders/jd/hvc_ck5j7n79vc6fpd9wkp845p3dj9/T/jogamp_0000/file_cache/jln588010209787054314/jln1682232230324495471/libnativewindow_awt.jnilib
0x00000001397aa000 	/Library/Java/JavaVirtualMachines/jdk1.7.0_67.jdk/Contents/Home/jre/lib/libjawt.dylib
0x00000001397ad000 	/private/var/folders/jd/hvc_ck5j7n79vc6fpd9wkp845p3dj9/T/jogamp_0000/file_cache/jln588010209787054314/jln1682232230324495471/libnativewindow_macosx.jnilib
0x00000001397b6000 	/private/var/folders/jd/hvc_ck5j7n79vc6fpd9wkp845p3dj9/T/jogamp_0000/file_cache/jln588010209787054314/jln1682232230324495471/libjogl_desktop.jnilib
0x000000013987b000 	/private/var/folders/jd/hvc_ck5j7n79vc6fpd9wkp845p3dj9/T/jhdf57594575732711018712.so
0x00000001396a4000 	/private/var/folders/jd/hvc_ck5j7n79vc6fpd9wkp845p3dj9/T/javacpp1424280546412224000/libavutil.54.dylib
0x00000001396fc000 	/System/Library/Frameworks/VideoDecodeAcceleration.framework/Versions/A/VideoDecodeAcceleration
0x0000000002937000 	/System/Library/Frameworks/CoreMedia.framework/Versions/A/CoreMedia
0x0000000002937000 	/System/Library/Frameworks/VideoToolbox.framework/Versions/A/VideoToolbox
0x0000000002937000 	/System/Library/PrivateFrameworks/AppleVA.framework/Versions/A/AppleVA
0x0000000139702000 	/private/var/folders/jd/hvc_ck5j7n79vc6fpd9wkp845p3dj9/T/javacpp1424280546412224000/libjniavutil.dylib
0x0000000139e9e000 	/private/var/folders/jd/hvc_ck5j7n79vc6fpd9wkp845p3dj9/T/javacpp1424280546412224000/libswresample.1.dylib
0x000000013978e000 	/private/var/folders/jd/hvc_ck5j7n79vc6fpd9wkp845p3dj9/T/javacpp1424280546412224000/libjniswresample.dylib
0x0000000139eba000 	/private/var/folders/jd/hvc_ck5j7n79vc6fpd9wkp845p3dj9/T/javacpp1424280546412224000/libavcodec.56.dylib
0x000000013b019000 	/private/var/folders/jd/hvc_ck5j7n79vc6fpd9wkp845p3dj9/T/javacpp1424280546412224000/libjniavcodec.dylib
0x000000013b0ba000 	/private/var/folders/jd/hvc_ck5j7n79vc6fpd9wkp845p3dj9/T/javacpp1424280546412224000/libavformat.56.dylib
0x000000013b3fe000 	/private/var/folders/jd/hvc_ck5j7n79vc6fpd9wkp845p3dj9/T/javacpp1424280546412224000/libjniavformat.dylib
0x000000013b485000 	/private/var/folders/jd/hvc_ck5j7n79vc6fpd9wkp845p3dj9/T/javacpp1424280546412224000/libpostproc.53.dylib
0x000000013b4a6000 	/private/var/folders/jd/hvc_ck5j7n79vc6fpd9wkp845p3dj9/T/javacpp1424280546412224000/libjnipostproc.dylib
0x000000013b4b2000 	/private/var/folders/jd/hvc_ck5j7n79vc6fpd9wkp845p3dj9/T/javacpp1424280546412224000/libswscale.3.dylib
0x000000013b537000 	/private/var/folders/jd/hvc_ck5j7n79vc6fpd9wkp845p3dj9/T/javacpp1424280546412224000/libjniswscale.dylib
0x000000013b54b000 	/private/var/folders/jd/hvc_ck5j7n79vc6fpd9wkp845p3dj9/T/javacpp1424280546412224000/libavfilter.5.dylib
0x000000013b65c000 	/private/var/folders/jd/hvc_ck5j7n79vc6fpd9wkp845p3dj9/T/javacpp1424280546412224000/libjniavfilter.dylib
0x000000013979c000 	/private/var/folders/jd/hvc_ck5j7n79vc6fpd9wkp845p3dj9/T/javacpp1424280546412224000/libavdevice.56.dylib
0x000000013b6ac000 	/private/var/folders/jd/hvc_ck5j7n79vc6fpd9wkp845p3dj9/T/javacpp1424280546412224000/libjniavdevice.dylib

VM Arguments:
jvm_args: -Xdebug -Xrunjdwp:transport=dt_socket,address=localhost:59005 -ea -Dbranding.token=janeliaws -Dcluster.path.final=/Applications/NetBeans/NetBeans 7.4.app/Contents/Resources/NetBeans/platform:/Users/fosterl/gitfiles/master/janelia-workstation/ConsoleApplication/ConsoleModule/../build/cluster -Dnbjunit.hard.timeout=600000 -Dnbjunit.workdir=/Users/fosterl/gitfiles/master/janelia-workstation/ConsoleApplication/ConsoleModule/build/test/unit/work 
java_command: org.janelia.it.workstation.gui.viewer3d.TestMip3d
Launcher Type: SUN_STANDARD

Environment Variables:
PATH=/usr/bin:/bin:/usr/sbin:/sbin
LD_LIBRARY_PATH=/Library/Java/JavaVirtualMachines/jdk1.7.0_67.jdk/Contents/Home/jre/lib/amd64:/Library/Java/JavaVirtualMachines/jdk1.7.0_67.jdk/Contents/Home/jre/lib/i386:
SHELL=/bin/bash
DISPLAY=/tmp/launch-cI2xQl/org.macosforge.xquartz:0
DYLD_LIBRARY_PATH=/Applications/NetBeans/NetBeans 7.4.app/Contents/Resources/NetBeans/webcommon/bin:

Signal Handlers:
SIGSEGV: [libjvm.dylib+0x52b6c9], sa_mask[0]=0xfffefeff, sa_flags=0x00000043
SIGBUS: [libjvm.dylib+0x52b6c9], sa_mask[0]=0xfffefeff, sa_flags=0x00000042
SIGFPE: [libjvm.dylib+0x41deaa], sa_mask[0]=0xfffefeff, sa_flags=0x00000042
SIGPIPE: [libjvm.dylib+0x41deaa], sa_mask[0]=0xfffefeff, sa_flags=0x00000042
SIGXFSZ: [libjvm.dylib+0x41deaa], sa_mask[0]=0xfffefeff, sa_flags=0x00000042
SIGILL: [libjvm.dylib+0x41deaa], sa_mask[0]=0xfffefeff, sa_flags=0x00000042
SIGUSR1: SIG_DFL, sa_mask[0]=0x00000000, sa_flags=0x00000002
SIGUSR2: [libjvm.dylib+0x41d99c], sa_mask[0]=0x00000004, sa_flags=0x00000042
SIGHUP: [libjvm.dylib+0x41bc2d], sa_mask[0]=0xfffefeff, sa_flags=0x00000042
SIGINT: SIG_IGN, sa_mask[0]=0x00000000, sa_flags=0x00000000
SIGTERM: [libjvm.dylib+0x41bc2d], sa_mask[0]=0xfffefeff, sa_flags=0x00000042
SIGQUIT: [libjvm.dylib+0x41bc2d], sa_mask[0]=0xfffefeff, sa_flags=0x00000042


---------------  S Y S T E M  ---------------

OS:Bsduname:Darwin 12.5.0 Darwin Kernel Version 12.5.0: Sun Sep 29 13:33:47 PDT 2013; root:xnu-2050.48.12~1/RELEASE_X86_64 x86_64
rlimit: STACK 8192k, CORE 0k, NPROC 709, NOFILE 10240, AS infinity
load average:2.55 2.38 2.29

CPU:total 24 (6 cores per cpu, 2 threads per core) family 6 model 44 stepping 2, cmov, cx8, fxsr, mmx, sse, sse2, sse3, ssse3, sse4.1, sse4.2, popcnt, aes, ht, tsc, tscinvbit, tscinv

Memory: 4k page, physical 67108864k(16777216k free)

/proc/meminfo:


vm_info: Java HotSpot(TM) 64-Bit Server VM (24.65-b04) for bsd-amd64 JRE (1.7.0_67-b01), built on Jul 25 2014 08:51:51 by "java_re" with gcc 4.2.1 (Based on Apple Inc. build 5658) (LLVM build 2336.11.00)

time: Wed Feb 18 12:29:39 2015
elapsed time: 41 seconds

