#
# A fatal error has been detected by the Java Runtime Environment:
#
#  SIGSEGV (0xb) at pc=0x00007fff8b15424c, pid=7838, tid=49415
#
# JRE version: Java(TM) SE Runtime Environment (7.0_67-b01) (build 1.7.0_67-b01)
# Java VM: Java HotSpot(TM) 64-Bit Server VM (24.65-b04 mixed mode bsd-amd64 )
# Problematic frame:
# C  [libobjc.A.dylib+0x624c]  objc_msgSend+0xc
#
# Failed to write core dump. Core dumps have been disabled. To enable core dumping, try "ulimit -c unlimited" before starting Java again
#
# If you would like to submit a bug report, please visit:
#   http://bugreport.sun.com/bugreport/crash.jsp
# The crash happened outside the Java Virtual Machine in native code.
# See problematic frame for where to report the bug.
#

---------------  T H R E A D  ---------------

Current thread (0x00007f9ce092d000):  JavaThread "Java2D Queue Flusher" daemon [_thread_in_native, id=49415, stack(0x00000009a8b36000,0x00000009a8c36000)]

siginfo:si_signo=SIGSEGV: si_errno=0, si_code=0 (SEGV0), si_addr=0x0000000000000000

Registers:
RAX=0x00007f9ce6020000, RBX=0x00007f9ce092d1e8, RCX=0x00007f9ce6020058, RDX=0x00000000a1a1a1a1
RSP=0x00000009a8c358d8, RBP=0x00000009a8c35900, RSI=0x00007fff8aa6e082, RDI=0xd000000000000000
R8 =0x0000000110520000, R9 =0x000000011061ffff, R10=0x0000000000000001, R11=0x00000000000007e0
R12=0x00007f9ce6020050, R13=0x0000000111a02820, R14=0x00007f9ce15d20c0, R15=0x00007f9ce1520040
RIP=0x00007fff8b15424c, EFLAGS=0x0000000000010246, ERR=0x0000000000000000
  TRAPNO=0x000000000000000d

Top of Stack: (sp=0x00000009a8c358d8)
0x00000009a8c358d8:   00000009a4d27263 00007f9ce15d2100
0x00000009a8c358e8:   00000009a8c35990 00007f9ce0944068
0x00000009a8c358f8:   00007f9cd1447a80 00000009a8c35980
0x00000009a8c35908:   00000009a4d1cbf6 00000009a8c35900
0x00000009a8c35918:   00007f9ce092d000 00007f9ce092d000
0x00000009a8c35928:   0000000111a02828 000000010e4c3580
0x00000009a8c35938:   00007f9ce092d000 0000000000000000
0x00000009a8c35948:   00007f9ce0944078 00000001004c3580
0x00000009a8c35958:   00007f9ce092d1e8 0000000111a02828
0x00000009a8c35968:   00000009a8c35990 00000009a8c359d8
0x00000009a8c35978:   00007f9ce092d000 00000009a8c359d0
0x00000009a8c35988:   000000010ef28fb2 0000000151a61db8
0x00000009a8c35998:   0000000000000000 00000009a8c359e0
0x00000009a8c359a8:   0000000151a61db8 000000010edb44dc
0x00000009a8c359b8:   0000000000000000 000000010e8f1cd8
0x00000009a8c359c8:   0000000000000064 0000000151a61db8
0x00000009a8c359d8:   000000010edb442c 0000000000000001
0x00000009a8c359e8:   0000000151affd58 0000000100000000
0x00000009a8c359f8:   0000000151affd58 0000000151affd58
0x00000009a8c35a08:   0000000000000000 0000000151affd58
0x00000009a8c35a18:   0000000000000000 0000000000000001
0x00000009a8c35a28:   0000000000000000 00000009a8c35ab0
0x00000009a8c35a38:   000000010e8e34e0 0000000151affd58
0x00000009a8c35a48:   0000000151affd58 0000000900001fa0
0x00000009a8c35a58:   0000000000000001 00007f9ce092d000
0x00000009a8c35a68:   000000010e8e345f 000000000000000a
0x00000009a8c35a78:   00007f9ce40260f0 00000009a8c35b30
0x00000009a8c35a88:   00000009a8c35d08 000000000000000a
0x00000009a8c35a98:   000000011213fd10 000000010e8f36c0
0x00000009a8c35aa8:   00000009a8c35c80 00000009a8c35ba0
0x00000009a8c35ab8:   000000010df88ef8 0100000300000001
0x00000009a8c35ac8:   00007f9ce092d000 00007f9ce40260d8 

Instructions: (pc=0x00007fff8b15424c)
0x00007fff8b15422c:   90 90 90 90 90 90 90 90 90 90 90 90 90 90 90 90
0x00007fff8b15423c:   90 90 90 90 48 85 ff 74 2b 40 f6 c7 01 2e 75 3b
0x00007fff8b15424c:   4c 8b 1f 50 4d 8b 53 10 89 f0 41 23 02 4d 8b 5c
0x00007fff8b15425c:   c2 10 ff c0 4d 85 db 74 36 49 3b 33 75 ec 58 41 

Register to memory mapping:

RAX=0x00007f9ce6020000 is an unknown value
RBX=0x00007f9ce092d1e8 is an unknown value
RCX=0x00007f9ce6020058 is an unknown value
RDX=0x00000000a1a1a1a1 is an unknown value
RSP=0x00000009a8c358d8 is pointing into the stack for thread: 0x00007f9ce092d000
RBP=0x00000009a8c35900 is pointing into the stack for thread: 0x00007f9ce092d000
RSI=0x00007fff8aa6e082: NSAppKitVersionNumber+0x144a2 in /System/Library/Frameworks/AppKit.framework/Versions/C/AppKit at 0x00007fff8a0dd000
RDI=0xd000000000000000 is an unknown value
R8 =0x0000000110520000 is an unknown value
R9 =0x000000011061ffff is an unknown value
R10=0x0000000000000001 is an unknown value
R11=0x00000000000007e0 is an unknown value
R12=0x00007f9ce6020050 is an unknown value
R13=0x0000000111a02820 is pointing into object: 0x0000000111a027e0
{constMethod} 
 - klass: {other class}
 - constants:       0x0000000111a01cb0 constant pool [79] for 'java/lang/Object' cache=0x0000000111aad148
R14=0x00007f9ce15d20c0 is an unknown value
R15=0x00007f9ce1520040 is an unknown value


Stack: [0x00000009a8b36000,0x00000009a8c36000],  sp=0x00000009a8c358d8,  free space=1022k
Native frames: (J=compiled Java code, j=interpreted, Vv=VM code, C=native code)
C  [libobjc.A.dylib+0x624c]  objc_msgSend+0xc
C  [liblwawt.dylib+0x7bf6]  Java_sun_java2d_opengl_OGLRenderQueue_flushBuffer+0x63a
J 2391  sun.java2d.opengl.OGLRenderQueue.flushBuffer(JI)V (0 bytes) @ 0x000000010ef28fb2 [0x000000010ef28f00+0xb2]

Java frames: (J=compiled Java code, j=interpreted, Vv=VM code)
J 2391  sun.java2d.opengl.OGLRenderQueue.flushBuffer(JI)V (0 bytes) @ 0x000000010ef28f38 [0x000000010ef28f00+0x38]
J 2260% C2 sun.java2d.opengl.OGLRenderQueue$QueueFlusher.run()V (234 bytes) @ 0x000000010edb442c [0x000000010edb4360+0xcc]
v  ~StubRoutines::call_stub

---------------  P R O C E S S  ---------------

Java Threads: ( => current thread )
  0x00007f9ce49af000 JavaThread "Inactive RequestProcessor thread [Was:Refresh-After-WindowActivated/org.netbeans.core.ui.warmup.MenuWarmUpTask$NbWindowsAdapter]" daemon [_thread_blocked, id=105595, stack(0x00000009e6aab000,0x00000009e6bab000)]
  0x00007f9cdbace000 JavaThread "qtp1671945849-280" [_thread_blocked, id=48227, stack(0x00000009b3135000,0x00000009b3235000)]
  0x00007f9ce3878000 JavaThread "pool-2-thread-2" [_thread_blocked, id=87835, stack(0x00000009b323e000,0x00000009b333e000)]
  0x00007f9ce620d000 JavaThread "pool-2-thread-1" [_thread_blocked, id=88747, stack(0x00000009ba5ef000,0x00000009ba6ef000)]
  0x00007f9ce38b4800 JavaThread "MultiThreadedHttpConnectionManager cleanup" daemon [_thread_blocked, id=114435, stack(0x00000009c577f000,0x00000009c587f000)]
  0x00007f9ce6218800 JavaThread "pool-6-thread-10" [_thread_in_native, id=109827, stack(0x00000009c1390000,0x00000009c1490000)]
  0x00007f9ce6217800 JavaThread "pool-6-thread-9" [_thread_in_Java, id=109315, stack(0x00000009c10ab000,0x00000009c11ab000)]
  0x00007f9ce6217000 JavaThread "pool-6-thread-8" [_thread_in_Java, id=108803, stack(0x00000009be2b9000,0x00000009be3b9000)]
  0x00007f9ce6216000 JavaThread "pool-6-thread-7" [_thread_in_native, id=108291, stack(0x00000009be1b6000,0x00000009be2b6000)]
  0x00007f9ce6245800 JavaThread "pool-6-thread-6" [_thread_in_Java, id=107779, stack(0x00000009be0b3000,0x00000009be1b3000)]
  0x00007f9ce6bdf000 JavaThread "pool-6-thread-5" [_thread_in_native, id=107539, stack(0x00000009bdfb0000,0x00000009be0b0000)]
  0x00007f9ce6d8f800 JavaThread "pool-6-thread-4" [_thread_in_native, id=92219, stack(0x00000009bdead000,0x00000009bdfad000)]
  0x00007f9ce6d8f000 JavaThread "pool-6-thread-3" [_thread_in_Java, id=101159, stack(0x00000009bddaa000,0x00000009bdeaa000)]
  0x00007f9ce6849000 JavaThread "pool-6-thread-2" [_thread_in_Java, id=64263, stack(0x00000009bdca7000,0x00000009bdda7000)]
  0x00007f9ce6c2c800 JavaThread "pool-6-thread-1" [_thread_in_native, id=106515, stack(0x00000009bb9bc000,0x00000009bbabc000)]
  0x00007f9ce615a000 JavaThread "SyntheticaAnimation 70" daemon [_thread_blocked, id=105223, stack(0x00000009bc4d2000,0x00000009bc5d2000)]
  0x00007f9ce5142000 JavaThread "pool-5-thread-10" [_thread_blocked, id=99075, stack(0x00000009c29f4000,0x00000009c2af4000)]
  0x00007f9ce5141000 JavaThread "pool-5-thread-9" [_thread_blocked, id=98563, stack(0x00000009c28f1000,0x00000009c29f1000)]
  0x00007f9ce516a000 JavaThread "pool-5-thread-8" [_thread_blocked, id=98051, stack(0x00000009c27ee000,0x00000009c28ee000)]
  0x00007f9ce5169000 JavaThread "pool-5-thread-7" [_thread_blocked, id=97539, stack(0x00000009c25d0000,0x00000009c26d0000)]
  0x00007f9ce5168800 JavaThread "pool-5-thread-6" [_thread_blocked, id=97027, stack(0x00000009c24cd000,0x00000009c25cd000)]
  0x00007f9ce5052000 JavaThread "pool-5-thread-5" [_thread_blocked, id=96515, stack(0x00000009c214d000,0x00000009c224d000)]
  0x00007f9ce6548000 JavaThread "pool-5-thread-4" [_thread_blocked, id=96003, stack(0x00000009c1eb7000,0x00000009c1fb7000)]
  0x00007f9ce6416000 JavaThread "pool-5-thread-3" [_thread_blocked, id=95491, stack(0x00000009c0f28000,0x00000009c1028000)]
  0x00007f9ce6415800 JavaThread "pool-5-thread-2" [_thread_blocked, id=94471, stack(0x00000009c06d9000,0x00000009c07d9000)]
  0x00007f9ce635f000 JavaThread "pool-5-thread-1" [_thread_blocked, id=95003, stack(0x00000009c05d6000,0x00000009c06d6000)]
  0x00007f9ce4b37800 JavaThread "Timer-1" daemon [_thread_blocked, id=93959, stack(0x00000009c1647000,0x00000009c1747000)]
  0x00007f9ce599d800 JavaThread "Timer-0" [_thread_blocked, id=89603, stack(0x00000009bcbb4000,0x00000009bccb4000)]
  0x00007f9ce7128000 JavaThread "SyntheticaAnimation 30" daemon [_thread_blocked, id=89091, stack(0x00000009b6a7c000,0x00000009b6b7c000)]
  0x00007f9ce4a14800 JavaThread "SyntheticaAnimation 60" daemon [_thread_blocked, id=88067, stack(0x00000009bacc3000,0x00000009badc3000)]
  0x00007f9ce2b28800 JavaThread "SwingWorker-pool-4-thread-10" daemon [_thread_blocked, id=85519, stack(0x00000009bd0d7000,0x00000009bd1d7000)]
  0x00007f9ce20bd800 JavaThread "SwingWorker-pool-4-thread-9" daemon [_thread_blocked, id=83471, stack(0x00000009b7549000,0x00000009b7649000)]
  0x00007f9ce2134800 JavaThread "SwingWorker-pool-4-thread-8" daemon [_thread_blocked, id=57375, stack(0x00000009b7446000,0x00000009b7546000)]
  0x00007f9ce2001000 JavaThread "SyntheticaAnimation 50" daemon [_thread_blocked, id=56839, stack(0x00000009ad3bb000,0x00000009ad4bb000)]
  0x00007f9ce088e800 JavaThread "DestroyJavaVM" [_thread_blocked, id=6403, stack(0x000000010e70e000,0x000000010e80e000)]
  0x00007f9ce7dfd000 JavaThread "SwingWorker-pool-4-thread-7" daemon [_thread_blocked, id=84227, stack(0x00000009b4c31000,0x00000009b4d31000)]
  0x00007f9ce296f000 JavaThread "Thread-28" daemon [_thread_blocked, id=83731, stack(0x00000009b4b2e000,0x00000009b4c2e000)]
  0x00007f9ce1874000 JavaThread "SwingWorker-pool-4-thread-6" daemon [_thread_blocked, id=82691, stack(0x00000009b4403000,0x00000009b4503000)]
  0x00007f9ce2082000 JavaThread "SwingWorker-pool-4-thread-5" daemon [_thread_blocked, id=82179, stack(0x00000009b4300000,0x00000009b4400000)]
  0x00007f9ce2191000 JavaThread "SwingWorker-pool-4-thread-4" daemon [_thread_blocked, id=81667, stack(0x00000009b41fd000,0x00000009b42fd000)]
  0x00007f9ce4a56800 JavaThread "SwingWorker-pool-4-thread-3" daemon [_thread_blocked, id=81159, stack(0x00000009b40fa000,0x00000009b41fa000)]
  0x00007f9ce7159000 JavaThread "SwingWorker-pool-4-thread-2" daemon [_thread_blocked, id=78867, stack(0x00000009b364a000,0x00000009b374a000)]
  0x00007f9ce38d2000 JavaThread "TimerQueue" daemon [_thread_blocked, id=77571, stack(0x00000009b3547000,0x00000009b3647000)]
  0x00007f9ce0ba4000 JavaThread "SwingWorker-pool-4-thread-1" daemon [_thread_blocked, id=77059, stack(0x00000009b3444000,0x00000009b3544000)]
  0x00007f9ce48b9800 JavaThread "RMI Scheduler(0)" daemon [_thread_blocked, id=76547, stack(0x00000009b3341000,0x00000009b3441000)]
  0x00007f9ce5aa1000 JavaThread "qtp1671945849-45 Acceptor5 SelectChannelConnector@0.0.0.0:40001" [_thread_blocked, id=73987, stack(0x00000009b2e32000,0x00000009b2f32000)]
  0x00007f9ce18cf000 JavaThread "Thread-19" daemon [_thread_blocked, id=72451, stack(0x00000009b2b29000,0x00000009b2c29000)]
  0x00007f9ce1b2b800 JavaThread "qtp1671945849-41 Acceptor4 SelectChannelConnector@0.0.0.0:40001" [_thread_blocked, id=71939, stack(0x00000009b2a26000,0x00000009b2b26000)]
  0x00007f9ce1aff000 JavaThread "qtp1671945849-40 Acceptor3 SelectChannelConnector@0.0.0.0:40001" [_thread_in_native, id=71427, stack(0x00000009b2923000,0x00000009b2a23000)]
  0x00007f9ce1a61000 JavaThread "qtp1671945849-39 Acceptor2 SelectChannelConnector@0.0.0.0:40001" [_thread_blocked, id=70915, stack(0x00000009b2820000,0x00000009b2920000)]
  0x00007f9ce1a60000 JavaThread "qtp1671945849-38 Acceptor1 SelectChannelConnector@0.0.0.0:40001" [_thread_blocked, id=70403, stack(0x00000009b271d000,0x00000009b281d000)]
  0x00007f9ce1875000 JavaThread "qtp1671945849-37 Acceptor0 SelectChannelConnector@0.0.0.0:40001" [_thread_blocked, id=69891, stack(0x00000009b261a000,0x00000009b271a000)]
  0x00007f9ce189e800 JavaThread "qtp1671945849-36 Selector5" [_thread_in_native, id=69379, stack(0x00000009b2517000,0x00000009b2617000)]
  0x00007f9ce19f4000 JavaThread "qtp1671945849-35 Selector4" [_thread_in_native, id=68867, stack(0x00000009b2414000,0x00000009b2514000)]
  0x00007f9ce1aaf800 JavaThread "qtp1671945849-34 Selector3" [_thread_in_native, id=68355, stack(0x00000009b2311000,0x00000009b2411000)]
  0x00007f9ce18af000 JavaThread "qtp1671945849-33 Selector2" [_thread_in_native, id=67843, stack(0x00000009b220e000,0x00000009b230e000)]
  0x00007f9ce18a5000 JavaThread "qtp1671945849-32 Selector1" [_thread_in_native, id=67331, stack(0x00000009b210b000,0x00000009b220b000)]
  0x00007f9ce1aa0800 JavaThread "qtp1671945849-31 Selector0" [_thread_in_native, id=66819, stack(0x00000009b2008000,0x00000009b2108000)]
  0x00007f9ce1a01800 JavaThread "Thread-7" daemon [_thread_in_native, id=66307, stack(0x00000009b1f05000,0x00000009b2005000)]
  0x00007f9ce191e000 JavaThread "server-timer" daemon [_thread_blocked, id=65795, stack(0x00000009b1e02000,0x00000009b1f02000)]
  0x00007f9ce185f800 JavaThread "Thread-5" daemon [_thread_in_native, id=65283, stack(0x00000009b1cff000,0x00000009b1dff000)]
  0x00007f9ce7a12800 JavaThread "SyntheticaCleanerThread" daemon [_thread_blocked, id=64775, stack(0x00000009af465000,0x00000009af565000)]
  0x00007f9ce50c0000 JavaThread "File Watcher" daemon [_thread_blocked, id=62723, stack(0x00000009af0a2000,0x00000009af1a2000)]
  0x00007f9ce7884000 JavaThread "Thread-1" daemon [_thread_in_native, id=60675, stack(0x00000009aef9f000,0x00000009af09f000)]
  0x00007f9ce5860000 JavaThread "AWT-EventQueue-0" [_thread_blocked, id=53511, stack(0x00000009ab9b0000,0x00000009abab0000)]
  0x00007f9ce487c800 JavaThread "Java2D Disposer" daemon [_thread_blocked, id=52483, stack(0x00000009ab261000,0x00000009ab361000)]
=>0x00007f9ce092d000 JavaThread "Java2D Queue Flusher" daemon [_thread_in_native, id=49415, stack(0x00000009a8b36000,0x00000009a8c36000)]
  0x00007f9ce0922800 JavaThread "RequestProcessor queue manager" daemon [_thread_blocked, id=49159, stack(0x00000009a8a33000,0x00000009a8b33000)]
  0x00007f9ce4872800 JavaThread "AWT-Shutdown" [_thread_blocked, id=37379, stack(0x00000009a6076000,0x00000009a6176000)]
  0x00007f9ce08cc000 JavaThread "AWT-AppKit" daemon [_thread_in_native, id=1799, stack(0x00007fff5187f000,0x00007fff5207f000)]
  0x00007f9ce0920000 JavaThread "CLI Requests Server" daemon [_thread_in_native, id=32003, stack(0x00000009a4a95000,0x00000009a4b95000)]
  0x00007f9ce08e3800 JavaThread "Active Reference Queue Daemon" daemon [_thread_blocked, id=31491, stack(0x00000009a4992000,0x00000009a4a92000)]
  0x00007f9ce481e000 JavaThread "Service Thread" daemon [_thread_blocked, id=30467, stack(0x00000009a457a000,0x00000009a467a000)]
  0x00007f9ce481d800 JavaThread "C2 CompilerThread1" daemon [_thread_blocked, id=29955, stack(0x00000009a4477000,0x00000009a4577000)]
  0x00007f9ce481c000 JavaThread "C2 CompilerThread0" daemon [_thread_blocked, id=29443, stack(0x00000009a4374000,0x00000009a4474000)]
  0x00007f9ce4816000 JavaThread "Signal Dispatcher" daemon [_thread_blocked, id=28931, stack(0x00000009a4271000,0x00000009a4371000)]
  0x00007f9ce284b800 JavaThread "Finalizer" daemon [_thread_in_native, id=24067, stack(0x00000009a3fac000,0x00000009a40ac000)]
  0x00007f9ce284b000 JavaThread "Reference Handler" daemon [_thread_blocked, id=23555, stack(0x00000009a3ea9000,0x00000009a3fa9000)]

Other Threads:
  0x00007f9ce2848800 VMThread [stack: 0x00000009a3da6000,0x00000009a3ea6000] [id=23043]
  0x00007f9ce4817000 WatcherThread [stack: 0x00000009a467d000,0x00000009a477d000] [id=30979]

VM state:not at safepoint (normal execution)

VM Mutex/Monitor currently owned by a thread: None

Heap
 PSYoungGen      total 8371200K, used 1428344K [0x00000006a6f00000, 0x0000000942880000, 0x0000000951a00000)
  eden space 5916672K, 1% used [0x00000006a6f00000,0x00000006ac87e428,0x0000000810100000)
  from space 2454528K, 54% used [0x0000000810100000,0x0000000861a5fc20,0x00000008a5e00000)
  to   space 2349568K, 0% used [0x00000008b3200000,0x00000008b3200000,0x0000000942880000)
 ParOldGen       total 16025088K, used 11303269K [0x0000000151a00000, 0x0000000523b80000, 0x00000006a6f00000)
  object space 16025088K, 70% used [0x0000000151a00000,0x00000004038594e0,0x0000000523b80000)
 PSPermGen       total 196608K, used 65229K [0x0000000111a00000, 0x000000011da00000, 0x0000000151a00000)
  object space 196608K, 33% used [0x0000000111a00000,0x00000001159b36b0,0x000000011da00000)

Card table byte_map: [0x0000000951a00000,0x0000000955c01000] byte_map_base: 0x0000000951173000

Polling page: 0x000000010e84d000

Code Cache  [0x000000010e8e3000, 0x000000010f003000, 0x00000001118e3000)
 total_blobs=3354 nmethods=2352 adapters=955 free_code_cache=41994Kb largest_free_block=42894080

Compilation events (10 events):
Event: 7101.942 Thread 0x00007f9ce481c000 nmethod 2579 0x000000010efeafd0 code [0x000000010efeb1e0, 0x000000010efec210]
Event: 7101.947 Thread 0x00007f9ce481d800 nmethod 2578 0x000000010efed590 code [0x000000010efed7c0, 0x000000010efeea10]
Event: 7748.368 Thread 0x00007f9ce481c000 2580   !         sun.java2d.pipe.AAShapePipe::renderTiles (349 bytes)
Event: 7748.387 Thread 0x00007f9ce481d800 2581             java.util.Objects::hashCode (13 bytes)
Event: 7748.388 Thread 0x00007f9ce481d800 nmethod 2581 0x000000010efda790 code [0x000000010efda8e0, 0x000000010efda978]
Event: 7748.399 Thread 0x00007f9ce481c000 nmethod 2580 0x000000010eff3e10 code [0x000000010eff4140, 0x000000010eff6088]
Event: 7749.517 Thread 0x00007f9ce481d800 2582             sun.java2d.pipe.BufferedContext::validate (518 bytes)
Event: 7749.540 Thread 0x00007f9ce481d800 nmethod 2582 0x000000010eff8250 code [0x000000010eff8520, 0x000000010eff9640]
Event: 7749.817 Thread 0x00007f9ce481c000 2583             org.openide.util.Enumerations$FilEn::hasMoreElements (67 bytes)
Event: 7749.821 Thread 0x00007f9ce481c000 nmethod 2583 0x000000010efd9e10 code [0x000000010efd9fc0, 0x000000010efda2f8]

GC Heap History (10 events):
Event: 5287.498 GC heap before
{Heap before GC invocations=86 (full 21):
 PSYoungGen      total 7809536K, used 4865536K [0x00000006a6f00000, 0x000000093cd80000, 0x0000000951a00000)
  eden space 4865536K, 100% used [0x00000006a6f00000,0x00000007cfe80000,0x00000007cfe80000)
  from space 2944000K, 0% used [0x00000007cfe80000,0x00000007cfe80000,0x0000000883980000)
  to   space 2802176K, 0% used [0x0000000891d00000,0x0000000891d00000,0x000000093cd80000)
 ParOldGen       total 15846400K, used 11429192K [0x0000000151a00000, 0x0000000518d00000, 0x00000006a6f00000)
  object space 15846400K, 72% used [0x0000000151a00000,0x000000040b3521d0,0x0000000518d00000)
 PSPermGen       total 196608K, used 65189K [0x0000000111a00000, 0x000000011da00000, 0x0000000151a00000)
  object space 196608K, 33% used [0x0000000111a00000,0x00000001159a9728,0x000000011da00000)
Event: 5287.808 GC heap after
Heap after GC invocations=86 (full 21):
 PSYoungGen      total 8071168K, used 1282096K [0x00000006a6f00000, 0x0000000936a80000, 0x0000000951a00000)
  eden space 5370368K, 0% used [0x00000006a6f00000,0x00000006a6f00000,0x00000007eeb80000)
  from space 2700800K, 47% used [0x0000000891d00000,0x00000008e010c1a0,0x0000000936a80000)
  to   space 2672128K, 0% used [0x00000007eeb80000,0x00000007eeb80000,0x0000000891d00000)
 ParOldGen       total 15846400K, used 11429192K [0x0000000151a00000, 0x0000000518d00000, 0x00000006a6f00000)
  object space 15846400K, 72% used [0x0000000151a00000,0x000000040b3521d0,0x0000000518d00000)
 PSPermGen       total 196608K, used 65189K [0x0000000111a00000, 0x000000011da00000, 0x0000000151a00000)
  object space 196608K, 33% used [0x0000000111a00000,0x00000001159a9728,0x000000011da00000)
}
Event: 5302.874 GC heap before
{Heap before GC invocations=87 (full 21):
 PSYoungGen      total 8071168K, used 6652464K [0x00000006a6f00000, 0x0000000936a80000, 0x0000000951a00000)
  eden space 5370368K, 100% used [0x00000006a6f00000,0x00000007eeb80000,0x00000007eeb80000)
  from space 2700800K, 47% used [0x0000000891d00000,0x00000008e010c1a0,0x0000000936a80000)
  to   space 2672128K, 0% used [0x00000007eeb80000,0x00000007eeb80000,0x0000000891d00000)
 ParOldGen       total 15846400K, used 11429192K [0x0000000151a00000, 0x0000000518d00000, 0x00000006a6f00000)
  object space 15846400K, 72% used [0x0000000151a00000,0x000000040b3521d0,0x0000000518d00000)
 PSPermGen       total 196608K, used 65190K [0x0000000111a00000, 0x000000011da00000, 0x0000000151a00000)
  object space 196608K, 33% used [0x0000000111a00000,0x00000001159a9838,0x000000011da00000)
Event: 5303.366 GC heap after
Heap after GC invocations=87 (full 21):
 PSYoungGen      total 8042496K, used 1404835K [0x00000006a6f00000, 0x0000000942100000, 0x0000000951a00000)
  eden space 5370368K, 0% used [0x00000006a6f00000,0x00000006a6f00000,0x00000007eeb80000)
  from space 2672128K, 52% used [0x00000007eeb80000,0x0000000844768d38,0x0000000891d00000)
  to   space 2558976K, 0% used [0x00000008a5e00000,0x00000008a5e00000,0x0000000942100000)
 ParOldGen       total 15846400K, used 12551462K [0x0000000151a00000, 0x0000000518d00000, 0x00000006a6f00000)
  object space 15846400K, 79% used [0x0000000151a00000,0x000000044fb49970,0x0000000518d00000)
 PSPermGen       total 196608K, used 65190K [0x0000000111a00000, 0x000000011da00000, 0x0000000151a00000)
  object space 196608K, 33% used [0x0000000111a00000,0x00000001159a9838,0x000000011da00000)
}
Event: 5324.035 GC heap before
{Heap before GC invocations=88 (full 21):
 PSYoungGen      total 8042496K, used 6775203K [0x00000006a6f00000, 0x0000000942100000, 0x0000000951a00000)
  eden space 5370368K, 100% used [0x00000006a6f00000,0x00000007eeb80000,0x00000007eeb80000)
  from space 2672128K, 52% used [0x00000007eeb80000,0x0000000844768d38,0x0000000891d00000)
  to   space 2558976K, 0% used [0x00000008a5e00000,0x00000008a5e00000,0x0000000942100000)
 ParOldGen       total 15846400K, used 12551462K [0x0000000151a00000, 0x0000000518d00000, 0x00000006a6f00000)
  object space 15846400K, 79% used [0x0000000151a00000,0x000000044fb49970,0x0000000518d00000)
 PSPermGen       total 196608K, used 65190K [0x0000000111a00000, 0x000000011da00000, 0x0000000151a00000)
  object space 196608K, 33% used [0x0000000111a00000,0x00000001159a9838,0x000000011da00000)
Event: 5324.523 GC heap after
Heap after GC invocations=88 (full 21):
 PSYoungGen      total 8408576K, used 1400416K [0x00000006a6f00000, 0x000000093df80000, 0x0000000951a00000)
  eden space 5916672K, 0% used [0x00000006a6f00000,0x00000006a6f00000,0x0000000810100000)
  from space 2491904K, 56% used [0x00000008a5e00000,0x00000008fb598050,0x000000093df80000)
  to   space 2454528K, 0% used [0x0000000810100000,0x0000000810100000,0x00000008a5e00000)
 ParOldGen       total 15846400K, used 13783288K [0x0000000151a00000, 0x0000000518d00000, 0x00000006a6f00000)
  object space 15846400K, 86% used [0x0000000151a00000,0x000000049ae3e370,0x0000000518d00000)
 PSPermGen       total 196608K, used 65190K [0x0000000111a00000, 0x000000011da00000, 0x0000000151a00000)
  object space 196608K, 33% used [0x0000000111a00000,0x00000001159a9838,0x000000011da00000)
}
Event: 5324.523 GC heap before
{Heap before GC invocations=89 (full 22):
 PSYoungGen      total 8408576K, used 1400416K [0x00000006a6f00000, 0x000000093df80000, 0x0000000951a00000)
  eden space 5916672K, 0% used [0x00000006a6f00000,0x00000006a6f00000,0x0000000810100000)
  from space 2491904K, 56% used [0x00000008a5e00000,0x00000008fb598050,0x000000093df80000)
  to   space 2454528K, 0% used [0x0000000810100000,0x0000000810100000,0x00000008a5e00000)
 ParOldGen       total 15846400K, used 13783288K [0x0000000151a00000, 0x0000000518d00000, 0x00000006a6f00000)
  object space 15846400K, 86% used [0x0000000151a00000,0x000000049ae3e370,0x0000000518d00000)
 PSPermGen       total 196608K, used 65190K [0x0000000111a00000, 0x000000011da00000, 0x0000000151a00000)
  object space 196608K, 33% used [0x0000000111a00000,0x00000001159a9838,0x000000011da00000)
Event: 5326.136 GC heap after
Heap after GC invocations=89 (full 22):
 PSYoungGen      total 8408576K, used 0K [0x00000006a6f00000, 0x000000093df80000, 0x0000000951a00000)
  eden space 5916672K, 0% used [0x00000006a6f00000,0x00000006a6f00000,0x0000000810100000)
  from space 2491904K, 0% used [0x00000008a5e00000,0x00000008a5e00000,0x000000093df80000)
  to   space 2454528K, 0% used [0x0000000810100000,0x0000000810100000,0x00000008a5e00000)
 ParOldGen       total 16025088K, used 11303269K [0x0000000151a00000, 0x0000000523b80000, 0x00000006a6f00000)
  object space 16025088K, 70% used [0x0000000151a00000,0x00000004038594e0,0x0000000523b80000)
 PSPermGen       total 196608K, used 65190K [0x0000000111a00000, 0x000000011da00000, 0x0000000151a00000)
  object space 196608K, 33% used [0x0000000111a00000,0x00000001159a9838,0x000000011da00000)
}
Event: 7760.351 GC heap before
{Heap before GC invocations=90 (full 22):
 PSYoungGen      total 8408576K, used 5916672K [0x00000006a6f00000, 0x000000093df80000, 0x0000000951a00000)
  eden space 5916672K, 100% used [0x00000006a6f00000,0x0000000810100000,0x0000000810100000)
  from space 2491904K, 0% used [0x00000008a5e00000,0x00000008a5e00000,0x000000093df80000)
  to   space 2454528K, 0% used [0x0000000810100000,0x0000000810100000,0x00000008a5e00000)
 ParOldGen       total 16025088K, used 11303269K [0x0000000151a00000, 0x0000000523b80000, 0x00000006a6f00000)
  object space 16025088K, 70% used [0x0000000151a00000,0x00000004038594e0,0x0000000523b80000)
 PSPermGen       total 196608K, used 65229K [0x0000000111a00000, 0x000000011da00000, 0x0000000151a00000)
  object space 196608K, 33% used [0x0000000111a00000,0x00000001159b36b0,0x000000011da00000)
Event: 7760.664 GC heap after
Heap after GC invocations=90 (full 22):
 PSYoungGen      total 8371200K, used 1336703K [0x00000006a6f00000, 0x0000000942880000, 0x0000000951a00000)
  eden space 5916672K, 0% used [0x00000006a6f00000,0x00000006a6f00000,0x0000000810100000)
  from space 2454528K, 54% used [0x0000000810100000,0x0000000861a5fc20,0x00000008a5e00000)
  to   space 2349568K, 0% used [0x00000008b3200000,0x00000008b3200000,0x0000000942880000)
 ParOldGen       total 16025088K, used 11303269K [0x0000000151a00000, 0x0000000523b80000, 0x00000006a6f00000)
  object space 16025088K, 70% used [0x0000000151a00000,0x00000004038594e0,0x0000000523b80000)
 PSPermGen       total 196608K, used 65229K [0x0000000111a00000, 0x000000011da00000, 0x0000000151a00000)
  object space 196608K, 33% used [0x0000000111a00000,0x00000001159b36b0,0x000000011da00000)
}

Deoptimization events (10 events):
Event: 5838.170 Thread 0x00007f9ce615a000 Uncommon trap: reason=unreached action=reinterpret pc=0x000000010efc54f0 method=java.awt.KeyboardFocusManager.getActiveWindow()Ljava/awt/Window; @ 9
Event: 5838.503 Thread 0x00007f9ce5860000 Uncommon trap: reason=class_check action=maybe_recompile pc=0x000000010eec428c method=sun.awt.image.SurfaceManager.getImageScale(Ljava/awt/Image;)I @ 18
Event: 5838.503 Thread 0x00007f9ce5860000 Uncommon trap: reason=unloaded action=reinterpret pc=0x000000010efc695c method=sun.java2d.SunGraphics2D.validatePipe()V @ 10
Event: 7100.562 Thread 0x00007f9ce092d000 Uncommon trap: reason=class_check action=maybe_recompile pc=0x000000010edb48c0 method=sun.java2d.opengl.OGLRenderQueue$QueueFlusher.run()V @ 95
Event: 7101.915 Thread 0x00007f9ce5860000 Uncommon trap: reason=class_check action=maybe_recompile pc=0x000000010eec428c method=sun.awt.image.SurfaceManager.getImageScale(Ljava/awt/Image;)I @ 18
Event: 7101.915 Thread 0x00007f9ce5860000 Uncommon trap: reason=unloaded action=reinterpret pc=0x000000010ece5a38 method=sun.java2d.SunGraphics2D.validatePipe()V @ 10
Event: 7749.461 Thread 0x00007f9ce5860000 Uncommon trap: reason=bimorphic action=maybe_recompile pc=0x000000010efdc410 method=java.util.AbstractSet.removeAll(Ljava/util/Collection;)Z @ 7
Event: 7749.461 Thread 0x00007f9ce5860000 Uncommon trap: reason=bimorphic action=maybe_recompile pc=0x000000010efdc410 method=java.util.AbstractSet.removeAll(Ljava/util/Collection;)Z @ 7
Event: 7749.461 Thread 0x00007f9ce5860000 Uncommon trap: reason=bimorphic action=maybe_recompile pc=0x000000010efdc410 method=java.util.AbstractSet.removeAll(Ljava/util/Collection;)Z @ 7
Event: 7749.461 Thread 0x00007f9ce5860000 Uncommon trap: reason=predicate action=maybe_recompile pc=0x000000010efdc324 method=java.util.AbstractSet.removeAll(Ljava/util/Collection;)Z @ 64

Internal exceptions (10 events):
Event: 5838.170 Thread 0x00007f9ce615a000 Implicit null exception at 0x000000010efc5000 to 0x000000010efc54dd
Event: 5838.811 Thread 0x00007f9ce6200800 Threw 0x000000071511c2b8 at /HUDSON/workspace/7u-2-build-macosx-x86_64/jdk7u67/1368/hotspot/src/share/vm/prims/jvm.cpp:1244
Event: 5838.811 Thread 0x00007f9ce6200800 Threw 0x000000071511ea38 at /HUDSON/workspace/7u-2-build-macosx-x86_64/jdk7u67/1368/hotspot/src/share/vm/prims/jvm.cpp:1244
Event: 7100.916 Thread 0x00007f9ce7890000 Threw 0x000000072d409ae8 at /HUDSON/workspace/7u-2-build-macosx-x86_64/jdk7u67/1368/hotspot/src/share/vm/prims/jvm.cpp:1244
Event: 7100.916 Thread 0x00007f9ce7890000 Threw 0x000000072d40c268 at /HUDSON/workspace/7u-2-build-macosx-x86_64/jdk7u67/1368/hotspot/src/share/vm/prims/jvm.cpp:1244
Event: 7102.250 Thread 0x00007f9ce7890000 Threw 0x000000072d432d08 at /HUDSON/workspace/7u-2-build-macosx-x86_64/jdk7u67/1368/hotspot/src/share/vm/prims/jvm.cpp:1244
Event: 7102.250 Thread 0x00007f9ce7890000 Threw 0x000000072d435488 at /HUDSON/workspace/7u-2-build-macosx-x86_64/jdk7u67/1368/hotspot/src/share/vm/prims/jvm.cpp:1244
Event: 7748.373 Thread 0x00007f9ce49af000 Threw 0x000000073dc9eac0 at /HUDSON/workspace/7u-2-build-macosx-x86_64/jdk7u67/1368/hotspot/src/share/vm/prims/jvm.cpp:1244
Event: 7748.373 Thread 0x00007f9ce49af000 Threw 0x000000073dca1240 at /HUDSON/workspace/7u-2-build-macosx-x86_64/jdk7u67/1368/hotspot/src/share/vm/prims/jvm.cpp:1244
Event: 7752.322 Thread 0x00007f9ce185d000 Threw 0x0000000741719100 at /HUDSON/workspace/7u-2-build-macosx-x86_64/jdk7u67/1368/hotspot/src/share/vm/prims/jvm.cpp:2917

Events (10 events):
Event: 7749.800 Executing VM operation: BulkRevokeBias
Event: 7749.800 Executing VM operation: BulkRevokeBias done
Event: 7749.806 Executing VM operation: RevokeBias
Event: 7749.806 Executing VM operation: RevokeBias done
Event: 7752.037 Thread 0x00007f9ce185d000 Thread added: 0x00007f9ce185d000
Event: 7757.323 Executing VM operation: RevokeBias
Event: 7757.323 Executing VM operation: RevokeBias done
Event: 7757.323 Thread 0x00007f9ce185d000 Thread exited: 0x00007f9ce185d000
Event: 7760.350 Executing VM operation: ParallelGCFailedAllocation
Event: 7760.664 Executing VM operation: ParallelGCFailedAllocation done


Dynamic libraries:
0x0000000006591000 	/System/Library/Frameworks/Cocoa.framework/Versions/A/Cocoa
0x0000000006591000 	/System/Library/Frameworks/Security.framework/Versions/A/Security
0x0000000006591000 	/System/Library/Frameworks/ApplicationServices.framework/Versions/A/ApplicationServices
0x0000000006591000 	/usr/lib/libz.1.dylib
0x0000000006591000 	/usr/lib/libSystem.B.dylib
0x0000000006591000 	/usr/lib/libobjc.A.dylib
0x0000000006591000 	/System/Library/Frameworks/CoreFoundation.framework/Versions/A/CoreFoundation
0x0000000006591000 	/System/Library/Frameworks/Foundation.framework/Versions/C/Foundation
0x0000000006591000 	/System/Library/Frameworks/AppKit.framework/Versions/C/AppKit
0x0000000006591000 	/System/Library/Frameworks/CoreData.framework/Versions/A/CoreData
0x0000000006591000 	/System/Library/PrivateFrameworks/RemoteViewServices.framework/Versions/A/RemoteViewServices
0x0000000006591000 	/System/Library/Frameworks/AudioToolbox.framework/Versions/A/AudioToolbox
0x0000000006591000 	/System/Library/Frameworks/AudioUnit.framework/Versions/A/AudioUnit
0x0000000006591000 	/System/Library/PrivateFrameworks/DataDetectorsCore.framework/Versions/A/DataDetectorsCore
0x0000000006591000 	/System/Library/PrivateFrameworks/DesktopServicesPriv.framework/Versions/A/DesktopServicesPriv
0x0000000006591000 	/System/Library/Frameworks/Carbon.framework/Versions/A/Frameworks/HIToolbox.framework/Versions/A/HIToolbox
0x0000000006591000 	/System/Library/Frameworks/QuartzCore.framework/Versions/A/QuartzCore
0x0000000006591000 	/System/Library/Frameworks/Carbon.framework/Versions/A/Frameworks/SpeechRecognition.framework/Versions/A/SpeechRecognition
0x0000000006591000 	/usr/lib/libauto.dylib
0x0000000006591000 	/usr/lib/libicucore.A.dylib
0x0000000006591000 	/usr/lib/libxml2.2.dylib
0x0000000006591000 	/System/Library/PrivateFrameworks/CoreUI.framework/Versions/A/CoreUI
0x0000000006591000 	/System/Library/Frameworks/CoreAudio.framework/Versions/A/CoreAudio
0x0000000006591000 	/System/Library/Frameworks/DiskArbitration.framework/Versions/A/DiskArbitration
0x0000000006591000 	/usr/lib/liblangid.dylib
0x0000000006591000 	/System/Library/PrivateFrameworks/MultitouchSupport.framework/Versions/A/MultitouchSupport
0x0000000006591000 	/System/Library/Frameworks/IOKit.framework/Versions/A/IOKit
0x0000000006591000 	/usr/lib/libDiagnosticMessagesClient.dylib
0x0000000006591000 	/System/Library/Frameworks/CoreServices.framework/Versions/A/CoreServices
0x0000000006591000 	/System/Library/PrivateFrameworks/PerformanceAnalysis.framework/Versions/A/PerformanceAnalysis
0x0000000006591000 	/System/Library/PrivateFrameworks/GenerationalStorage.framework/Versions/A/GenerationalStorage
0x0000000006591000 	/System/Library/Frameworks/OpenGL.framework/Versions/A/OpenGL
0x0000000006591000 	/System/Library/Frameworks/CoreText.framework/Versions/A/CoreText
0x0000000006591000 	/System/Library/Frameworks/ImageIO.framework/Versions/A/ImageIO
0x0000000006591000 	/System/Library/PrivateFrameworks/Backup.framework/Versions/A/Backup
0x0000000006591000 	/System/Library/Frameworks/CFNetwork.framework/Versions/A/CFNetwork
0x0000000006591000 	/System/Library/Frameworks/SystemConfiguration.framework/Versions/A/SystemConfiguration
0x0000000006591000 	/usr/lib/libCRFSuite.dylib
0x0000000006591000 	/System/Library/PrivateFrameworks/TCC.framework/Versions/A/TCC
0x0000000006591000 	/usr/lib/libc++.1.dylib
0x0000000006591000 	/usr/lib/libc++abi.dylib
0x0000000006591000 	/usr/lib/system/libcache.dylib
0x0000000006591000 	/usr/lib/system/libcommonCrypto.dylib
0x0000000006591000 	/usr/lib/system/libcompiler_rt.dylib
0x0000000006591000 	/usr/lib/system/libcopyfile.dylib
0x0000000006591000 	/usr/lib/system/libdispatch.dylib
0x0000000006591000 	/usr/lib/system/libdnsinfo.dylib
0x0000000006591000 	/usr/lib/system/libdyld.dylib
0x0000000006591000 	/usr/lib/system/libkeymgr.dylib
0x0000000006591000 	/usr/lib/system/liblaunch.dylib
0x0000000006591000 	/usr/lib/system/libmacho.dylib
0x0000000006591000 	/usr/lib/system/libquarantine.dylib
0x0000000006591000 	/usr/lib/system/libremovefile.dylib
0x0000000006591000 	/usr/lib/system/libsystem_blocks.dylib
0x0000000006591000 	/usr/lib/system/libsystem_c.dylib
0x0000000006591000 	/usr/lib/system/libsystem_dnssd.dylib
0x0000000006591000 	/usr/lib/system/libsystem_info.dylib
0x0000000006591000 	/usr/lib/system/libsystem_kernel.dylib
0x0000000006591000 	/usr/lib/system/libsystem_m.dylib
0x0000000006591000 	/usr/lib/system/libsystem_network.dylib
0x0000000006591000 	/usr/lib/system/libsystem_notify.dylib
0x0000000006591000 	/usr/lib/system/libsystem_sandbox.dylib
0x0000000006591000 	/usr/lib/system/libunc.dylib
0x0000000006591000 	/usr/lib/system/libunwind.dylib
0x0000000006591000 	/usr/lib/system/libxpc.dylib
0x0000000006591000 	/usr/lib/system/libcorecrypto.dylib
0x0000000006591000 	/usr/lib/libstdc++.6.dylib
0x0000000006591000 	/usr/lib/libbsm.0.dylib
0x0000000006591000 	/usr/lib/libsqlite3.dylib
0x0000000006591000 	/usr/lib/libxar.1.dylib
0x0000000006591000 	/usr/lib/libpam.2.dylib
0x0000000006591000 	/usr/lib/libOpenScriptingUtil.dylib
0x0000000006591000 	/usr/lib/libbz2.1.0.dylib
0x0000000006591000 	/System/Library/Frameworks/CoreServices.framework/Versions/A/Frameworks/CarbonCore.framework/Versions/A/CarbonCore
0x0000000006591000 	/System/Library/Frameworks/CoreServices.framework/Versions/A/Frameworks/Metadata.framework/Versions/A/Metadata
0x0000000006591000 	/System/Library/Frameworks/CoreServices.framework/Versions/A/Frameworks/OSServices.framework/Versions/A/OSServices
0x0000000006591000 	/System/Library/Frameworks/CoreServices.framework/Versions/A/Frameworks/SearchKit.framework/Versions/A/SearchKit
0x0000000006591000 	/System/Library/Frameworks/CoreServices.framework/Versions/A/Frameworks/AE.framework/Versions/A/AE
0x0000000006591000 	/System/Library/Frameworks/CoreServices.framework/Versions/A/Frameworks/LaunchServices.framework/Versions/A/LaunchServices
0x0000000006591000 	/System/Library/Frameworks/CoreServices.framework/Versions/A/Frameworks/DictionaryServices.framework/Versions/A/DictionaryServices
0x0000000006591000 	/System/Library/Frameworks/NetFS.framework/Versions/A/NetFS
0x0000000006591000 	/usr/lib/system/libkxld.dylib
0x0000000006591000 	/System/Library/PrivateFrameworks/NetAuth.framework/Versions/A/NetAuth
0x0000000006591000 	/System/Library/Frameworks/OpenDirectory.framework/Versions/A/Frameworks/CFOpenDirectory.framework/Versions/A/CFOpenDirectory
0x0000000006591000 	/usr/lib/libxslt.1.dylib
0x0000000006591000 	/System/Library/PrivateFrameworks/FamilyControls.framework/Versions/A/FamilyControls
0x0000000006591000 	/System/Library/Frameworks/Carbon.framework/Versions/A/Frameworks/Ink.framework/Versions/A/Ink
0x0000000006591000 	/System/Library/Frameworks/ApplicationServices.framework/Versions/A/Frameworks/CoreGraphics.framework/Versions/A/CoreGraphics
0x0000000006591000 	/System/Library/Frameworks/ApplicationServices.framework/Versions/A/Frameworks/ATS.framework/Versions/A/ATS
0x0000000006591000 	/System/Library/Frameworks/ApplicationServices.framework/Versions/A/Frameworks/ColorSync.framework/Versions/A/ColorSync
0x0000000006591000 	/System/Library/Frameworks/ApplicationServices.framework/Versions/A/Frameworks/HIServices.framework/Versions/A/HIServices
0x0000000006591000 	/System/Library/Frameworks/ApplicationServices.framework/Versions/A/Frameworks/LangAnalysis.framework/Versions/A/LangAnalysis
0x0000000006591000 	/System/Library/Frameworks/ApplicationServices.framework/Versions/A/Frameworks/PrintCore.framework/Versions/A/PrintCore
0x0000000006591000 	/System/Library/Frameworks/ApplicationServices.framework/Versions/A/Frameworks/QD.framework/Versions/A/QD
0x0000000006591000 	/System/Library/Frameworks/ApplicationServices.framework/Versions/A/Frameworks/SpeechSynthesis.framework/Versions/A/SpeechSynthesis
0x0000000006591000 	/System/Library/Frameworks/IOSurface.framework/Versions/A/IOSurface
0x0000000006591000 	/System/Library/Frameworks/Accelerate.framework/Versions/A/Accelerate
0x0000000006591000 	/System/Library/Frameworks/ApplicationServices.framework/Versions/A/Frameworks/ATS.framework/Versions/A/Resources/libFontParser.dylib
0x0000000006591000 	/System/Library/Frameworks/ApplicationServices.framework/Versions/A/Frameworks/ATS.framework/Versions/A/Resources/libFontRegistry.dylib
0x0000000006591000 	/System/Library/Frameworks/Accelerate.framework/Versions/A/Frameworks/vImage.framework/Versions/A/vImage
0x0000000006591000 	/System/Library/Frameworks/Accelerate.framework/Versions/A/Frameworks/vecLib.framework/Versions/A/vecLib
0x0000000006591000 	/System/Library/Frameworks/Accelerate.framework/Versions/A/Frameworks/vecLib.framework/Versions/A/libvDSP.dylib
0x0000000006591000 	/System/Library/Frameworks/Accelerate.framework/Versions/A/Frameworks/vecLib.framework/Versions/A/libvMisc.dylib
0x0000000006591000 	/System/Library/Frameworks/Accelerate.framework/Versions/A/Frameworks/vecLib.framework/Versions/A/libLAPACK.dylib
0x0000000006591000 	/System/Library/Frameworks/Accelerate.framework/Versions/A/Frameworks/vecLib.framework/Versions/A/libBLAS.dylib
0x0000000006591000 	/System/Library/Frameworks/ImageIO.framework/Versions/A/Resources/libJPEG.dylib
0x0000000006591000 	/System/Library/Frameworks/ImageIO.framework/Versions/A/Resources/libTIFF.dylib
0x0000000006591000 	/System/Library/Frameworks/ImageIO.framework/Versions/A/Resources/libPng.dylib
0x0000000006591000 	/System/Library/Frameworks/ImageIO.framework/Versions/A/Resources/libGIF.dylib
0x0000000006591000 	/System/Library/Frameworks/ImageIO.framework/Versions/A/Resources/libJP2.dylib
0x0000000006591000 	/System/Library/Frameworks/ImageIO.framework/Versions/A/Resources/libRadiance.dylib
0x0000000006591000 	/usr/lib/libcups.2.dylib
0x0000000006591000 	/System/Library/Frameworks/Kerberos.framework/Versions/A/Kerberos
0x0000000006591000 	/System/Library/Frameworks/GSS.framework/Versions/A/GSS
0x0000000006591000 	/usr/lib/libresolv.9.dylib
0x0000000006591000 	/usr/lib/libiconv.2.dylib
0x0000000006591000 	/System/Library/PrivateFrameworks/Heimdal.framework/Versions/A/Heimdal
0x0000000006591000 	/System/Library/PrivateFrameworks/TrustEvaluationAgent.framework/Versions/A/TrustEvaluationAgent
0x0000000006591000 	/System/Library/Frameworks/OpenDirectory.framework/Versions/A/OpenDirectory
0x0000000006591000 	/System/Library/PrivateFrameworks/CommonAuth.framework/Versions/A/CommonAuth
0x0000000006591000 	/System/Library/PrivateFrameworks/Bom.framework/Versions/A/Bom
0x0000000006591000 	/System/Library/Frameworks/CoreVideo.framework/Versions/A/CoreVideo
0x0000000006591000 	/System/Library/Frameworks/QuartzCore.framework/Versions/A/Frameworks/CoreImage.framework/Versions/A/CoreImage
0x0000000006591000 	/System/Library/Frameworks/QuartzCore.framework/Versions/A/Frameworks/ScalableUserInterface.framework/Versions/A/ScalableUserInterface
0x0000000006591000 	/System/Library/Frameworks/OpenGL.framework/Versions/A/Libraries/libGLU.dylib
0x0000000006591000 	/System/Library/Frameworks/OpenGL.framework/Versions/A/Libraries/libGFXShared.dylib
0x0000000006591000 	/System/Library/Frameworks/OpenGL.framework/Versions/A/Libraries/libGL.dylib
0x0000000006591000 	/System/Library/Frameworks/OpenGL.framework/Versions/A/Libraries/libGLImage.dylib
0x0000000006591000 	/System/Library/Frameworks/OpenGL.framework/Versions/A/Libraries/libCVMSPluginSupport.dylib
0x0000000006591000 	/System/Library/Frameworks/OpenGL.framework/Versions/A/Libraries/libCoreVMClient.dylib
0x0000000006591000 	/System/Library/PrivateFrameworks/CrashReporterSupport.framework/Versions/A/CrashReporterSupport
0x0000000006591000 	/System/Library/Frameworks/OpenCL.framework/Versions/A/OpenCL
0x0000000006591000 	/System/Library/PrivateFrameworks/FaceCoreLight.framework/Versions/A/FaceCoreLight
0x0000000006591000 	/System/Library/PrivateFrameworks/AppleFSCompression.framework/Versions/A/AppleFSCompression
0x0000000006591000 	/System/Library/PrivateFrameworks/Ubiquity.framework/Versions/A/Ubiquity
0x0000000006591000 	/System/Library/Frameworks/ServiceManagement.framework/Versions/A/ServiceManagement
0x0000000006591000 	/System/Library/PrivateFrameworks/ChunkingLibrary.framework/Versions/A/ChunkingLibrary
0x0000000006591000 	/System/Library/Frameworks/vecLib.framework/Versions/A/vecLib
0x0000000006591000 	/System/Library/Frameworks/SecurityFoundation.framework/Versions/A/SecurityFoundation
0x0000000006591000 	/System/Library/PrivateFrameworks/CommerceKit.framework/Versions/A/Frameworks/CommerceCore.framework/Versions/A/CommerceCore
0x0000000006591000 	/System/Library/PrivateFrameworks/CoreSymbolication.framework/Versions/A/CoreSymbolication
0x0000000006591000 	/System/Library/PrivateFrameworks/Symbolication.framework/Versions/A/Symbolication
0x0000000006591000 	/System/Library/PrivateFrameworks/DebugSymbols.framework/Versions/A/DebugSymbols
0x000000010dcae000 	/Library/Java/JavaVirtualMachines/jdk1.7.0_67.jdk/Contents/Home/jre/lib/server/libjvm.dylib
0x000000010e810000 	/Library/Java/JavaVirtualMachines/jdk1.7.0_67.jdk/Contents/Home/jre/lib/libverify.dylib
0x000000010e81d000 	/Library/Java/JavaVirtualMachines/jdk1.7.0_67.jdk/Contents/Home/jre/lib/libjava.dylib
0x000000010e8da000 	/Library/Java/JavaVirtualMachines/jdk1.7.0_67.jdk/Contents/Home/jre/lib/libzip.dylib
0x00000009a40ae000 	/System/Library/Frameworks/JavaVM.framework/Frameworks/JavaRuntimeSupport.framework/JavaRuntimeSupport
0x00000009a40c6000 	/System/Library/Frameworks/JavaVM.framework/Versions/A/Frameworks/JavaNativeFoundation.framework/Versions/A/JavaNativeFoundation
0x00000001119ee000 	/System/Library/Frameworks/JavaVM.framework/Versions/A/JavaVM
0x0000000006591000 	/System/Library/Frameworks/Carbon.framework/Versions/A/Carbon
0x00000009a40db000 	/System/Library/PrivateFrameworks/JavaLaunching.framework/Versions/A/JavaLaunching
0x0000000006591000 	/System/Library/Frameworks/Carbon.framework/Versions/A/Frameworks/CommonPanels.framework/Versions/A/CommonPanels
0x0000000006591000 	/System/Library/Frameworks/Carbon.framework/Versions/A/Frameworks/Help.framework/Versions/A/Help
0x0000000006591000 	/System/Library/Frameworks/Carbon.framework/Versions/A/Frameworks/ImageCapture.framework/Versions/A/ImageCapture
0x0000000006591000 	/System/Library/Frameworks/Carbon.framework/Versions/A/Frameworks/OpenScripting.framework/Versions/A/OpenScripting
0x0000000006591000 	/System/Library/Frameworks/Carbon.framework/Versions/A/Frameworks/Print.framework/Versions/A/Print
0x0000000006591000 	/System/Library/Frameworks/Carbon.framework/Versions/A/Frameworks/SecurityHI.framework/Versions/A/SecurityHI
0x00000009a47d5000 	/Library/Java/JavaVirtualMachines/jdk1.7.0_67.jdk/Contents/Home/jre/lib/libnio.dylib
0x00000009a47e4000 	/Library/Java/JavaVirtualMachines/jdk1.7.0_67.jdk/Contents/Home/jre/lib/./libnet.dylib
0x00000009a4b9a000 	/Library/Java/JavaVirtualMachines/jdk1.7.0_67.jdk/Contents/Home/jre/lib/libawt.dylib
0x00000009a4c49000 	/Library/Java/JavaVirtualMachines/jdk1.7.0_67.jdk/Contents/Home/jre/lib/./libmlib_image.dylib
0x00000009a4d15000 	/Library/Java/JavaVirtualMachines/jdk1.7.0_67.jdk/Contents/Home/jre/lib/lwawt/liblwawt.dylib
0x00000009a4dc9000 	/Library/Java/JavaVirtualMachines/jdk1.7.0_67.jdk/Contents/Home/jre/lib/libosxapp.dylib
0x00000009a4de5000 	/System/Library/Frameworks/ExceptionHandling.framework/Versions/A/ExceptionHandling
0x0000000006591000 	/System/Library/PrivateFrameworks/CoreServicesInternal.framework/Versions/A/CoreServicesInternal
0x0000000006591000 	/System/Library/PrivateFrameworks/Librarian.framework/Versions/A/Librarian
0x0000000006591000 	/System/Library/Frameworks/ApplicationServices.framework/Versions/A/Frameworks/CoreGraphics.framework/Versions/A/Resources/libCSync.A.dylib
0x0000000006591000 	/System/Library/Frameworks/ApplicationServices.framework/Versions/A/Frameworks/CoreGraphics.framework/Versions/A/Resources/libRIP.A.dylib
0x0000000006591000 	/System/Library/Frameworks/ApplicationServices.framework/Versions/A/Frameworks/CoreGraphics.framework/Versions/A/Resources/libCGXType.A.dylib
0x00000009a8c38000 	/System/Library/Frameworks/OpenGL.framework/Resources/GLEngine.bundle/GLEngine
0x00000009a8e2d000 	/System/Library/Frameworks/OpenGL.framework/Versions/A/Libraries/libGLProgrammability.dylib
0x00000007a8fd5000 	/System/Library/Extensions/GeForceGLDriver.bundle/Contents/MacOS/GeForceGLDriver
0x00000009a6f5e000 	/System/Library/PrivateFrameworks/GPUSupport.framework/Versions/A/Libraries/libGPUSupport.dylib
0x0000000006591000 	/System/Library/Extensions/GeForceGLDriver.bundle/Contents/MacOS/libclh.dylib
0x00000009aabb8000 	/System/Library/Frameworks/OpenGL.framework/Resources//GLRendererFloat.bundle/GLRendererFloat
0x00000009aabec000 	/System/Library/Frameworks/OpenCL.framework/Versions/A/Libraries/libcldcpuengine.dylib
0x0000000006591000 	/System/Library/PrivateFrameworks/DiskImages.framework/Versions/A/DiskImages
0x0000000006591000 	/System/Library/Frameworks/DiscRecording.framework/Versions/A/DiscRecording
0x0000000006591000 	/usr/lib/libcurl.4.dylib
0x0000000006591000 	/System/Library/PrivateFrameworks/MediaKit.framework/Versions/A/MediaKit
0x0000000006591000 	/usr/lib/libssl.0.9.8.dylib
0x0000000006591000 	/usr/lib/libcrypto.0.9.8.dylib
0x0000000006591000 	/System/Library/Frameworks/LDAP.framework/Versions/A/LDAP
0x0000000006591000 	/usr/lib/libsasl2.2.dylib
0x00000009ab948000 	/Library/Java/JavaVirtualMachines/jdk1.7.0_67.jdk/Contents/Home/jre/lib/libfontmanager.dylib
0x00000009ad75c000 	/Library/Java/JavaVirtualMachines/jdk1.7.0_67.jdk/Contents/Home/jre/lib/libjpeg.dylib
0x00000009ae6e4000 	/Applications/NetBeans/NetBeans 7.4.app/Contents/Resources/NetBeans/platform/modules/lib/libjnidispatch-340.jnilib
0x00000009a4870000 	/Library/Java/JavaVirtualMachines/jdk1.7.0_67.jdk/Contents/Home/jre/lib/libosxui.dylib
0x00000009ad5dc000 	/private/var/folders/jd/hvc_ck5j7n79vc6fpd9wkp845p3dj9/T/jogamp_0000/file_cache/jln8259780067320950739/jln6648846662609467080/libgluegen-rt.jnilib
0x00000009ad5e0000 	/private/var/folders/jd/hvc_ck5j7n79vc6fpd9wkp845p3dj9/T/jogamp_0000/file_cache/jln8259780067320950739/jln6648846662609467080/libnativewindow_awt.jnilib
0x00000009ad5e3000 	/Library/Java/JavaVirtualMachines/jdk1.7.0_67.jdk/Contents/Home/jre/lib/libjawt.dylib
0x00000009ad5e6000 	/private/var/folders/jd/hvc_ck5j7n79vc6fpd9wkp845p3dj9/T/jogamp_0000/file_cache/jln8259780067320950739/jln6648846662609467080/libnativewindow_macosx.jnilib
0x00000009b374c000 	/private/var/folders/jd/hvc_ck5j7n79vc6fpd9wkp845p3dj9/T/jogamp_0000/file_cache/jln8259780067320950739/jln6648846662609467080/libjogl_desktop.jnilib
0x0000000006591000 	/System/Library/CoreServices/RawCamera.bundle/Contents/MacOS/RawCamera
0x0000000006591000 	/System/Library/Frameworks/ApplicationServices.framework/Versions/A/Frameworks/ATS.framework/Versions/A/Resources/libTrueTypeScaler.dylib
0x00000009ac2c8000 	/Library/Java/JavaVirtualMachines/jdk1.7.0_67.jdk/Contents/Home/jre/lib/libdcpr.dylib
0x00000009ab743000 	/Library/Java/JavaVirtualMachines/jdk1.7.0_67.jdk/Contents/Home/jre/lib/libmanagement.dylib
0x00000009ab7ad000 	/Library/Java/JavaVirtualMachines/jdk1.7.0_67.jdk/Contents/Home/jre/lib/libosx.dylib

VM Arguments:
jvm_args: -Djdk.home=/Library/Java/JavaVirtualMachines/jdk1.7.0_67.jdk/Contents/Home -Dnetbeans.dirs=/Users/fosterl/gitfiles/master/janelia-workstation/ConsoleApplication/build/cluster:/Applications/NetBeans/NetBeans 7.4.app/Contents/Resources/NetBeans/platform -Dnetbeans.home=/Applications/NetBeans/NetBeans 7.4.app/Contents/Resources/NetBeans/platform -Dnetbeans.logger.console=true -ea -Dapple.awt.brushMetalLook=false -XX:PermSize=192m -XX:MaxPermSize=1024m -Xms1024m -Xmx32768m -Dnetbeans.exception.report.min.level=9999 -Dnb.forceui=de.javasoft.synthetica.netbeans.SyntheticaLFCustoms -Dplugin.manager.check.interval=EVERY_DAY -Dplugin.manager.check.new.plugins=true -XX:+HeapDumpOnOutOfMemoryError -XX:HeapDumpPath=/Users/fosterl/gitfiles/master/janelia-workstation/ConsoleApplication/ConsoleModule/../build/testuserdir/var/log/heapdump.hprof 
java_command: org.netbeans.Main --cachedir /Users/fosterl/gitfiles/master/janelia-workstation/ConsoleApplication/ConsoleModule/../build/testuserdir/var/cache --userdir /Users/fosterl/gitfiles/master/janelia-workstation/ConsoleApplication/ConsoleModule/../build/testuserdir --branding janeliaws
Launcher Type: SUN_STANDARD

Environment Variables:
PATH=/usr/bin:/bin:/usr/sbin:/sbin
LD_LIBRARY_PATH=/Library/Java/JavaVirtualMachines/jdk1.7.0_67.jdk/Contents/Home/jre/lib/amd64:/Library/Java/JavaVirtualMachines/jdk1.7.0_67.jdk/Contents/Home/jre/lib/i386:/Library/Java/JavaVirtualMachines/jdk1.7.0_67.jdk/Contents/Home/jre/lib/amd64:/Library/Java/JavaVirtualMachines/jdk1.7.0_67.jdk/Contents/Home/jre/lib/i386:
SHELL=/bin/bash
DISPLAY=/tmp/launch-hLo9Zp/org.macosforge.xquartz:0
DYLD_LIBRARY_PATH=/Applications/NetBeans/NetBeans 7.4.app/Contents/Resources/NetBeans/webcommon/bin:

Signal Handlers:
SIGSEGV: [libjvm.dylib+0x52b6c9], sa_mask[0]=0xfffefeff, sa_flags=0x00000043
SIGBUS: [libjvm.dylib+0x52b6c9], sa_mask[0]=0xfffefeff, sa_flags=0x00000042
SIGFPE: [libjvm.dylib+0x41deaa], sa_mask[0]=0xfffefeff, sa_flags=0x00000042
SIGPIPE: [libjvm.dylib+0x41deaa], sa_mask[0]=0xfffefeff, sa_flags=0x00000042
SIGXFSZ: [libjvm.dylib+0x41deaa], sa_mask[0]=0xfffefeff, sa_flags=0x00000042
SIGILL: [libjvm.dylib+0x41deaa], sa_mask[0]=0xfffefeff, sa_flags=0x00000042
SIGUSR1: SIG_DFL, sa_mask[0]=0x00000000, sa_flags=0x00000002
SIGUSR2: [libjvm.dylib+0x41d99c], sa_mask[0]=0x00000004, sa_flags=0x00000042
SIGHUP: [libjvm.dylib+0x41bc2d], sa_mask[0]=0xfffefeff, sa_flags=0x00000042
SIGINT: SIG_IGN, sa_mask[0]=0x00000000, sa_flags=0x00000000
SIGTERM: [libjvm.dylib+0x41bc2d], sa_mask[0]=0xfffefeff, sa_flags=0x00000042
SIGQUIT: [libjvm.dylib+0x41bc2d], sa_mask[0]=0xfffefeff, sa_flags=0x00000042


---------------  S Y S T E M  ---------------

OS:Bsduname:Darwin 12.5.0 Darwin Kernel Version 12.5.0: Sun Sep 29 13:33:47 PDT 2013; root:xnu-2050.48.12~1/RELEASE_X86_64 x86_64
rlimit: STACK 8192k, CORE 0k, NPROC 709, NOFILE 10240, AS infinity
load average:2.56 2.06 1.73

CPU:total 24 (6 cores per cpu, 2 threads per core) family 6 model 44 stepping 2, cmov, cx8, fxsr, mmx, sse, sse2, sse3, ssse3, sse4.1, sse4.2, popcnt, aes, ht, tsc, tscinvbit, tscinv

Memory: 4k page, physical 67108864k(16777216k free)

/proc/meminfo:


vm_info: Java HotSpot(TM) 64-Bit Server VM (24.65-b04) for bsd-amd64 JRE (1.7.0_67-b01), built on Jul 25 2014 08:51:51 by "java_re" with gcc 4.2.1 (Based on Apple Inc. build 5658) (LLVM build 2336.11.00)

time: Wed Oct 15 12:25:11 2014
elapsed time: 7760 seconds

