#
# A fatal error has been detected by the Java Runtime Environment:
#
#  SIGSEGV (0xb) at pc=0x0000000d9fe87418, pid=29839, tid=60935
#
# JRE version: Java(TM) SE Runtime Environment (7.0_51-b13) (build 1.7.0_51-b13)
# Java VM: Java HotSpot(TM) 64-Bit Server VM (24.51-b03 mixed mode bsd-amd64 )
# Problematic frame:
# C  0x0000000d9fe87418
#
# Failed to write core dump. Core dumps have been disabled. To enable core dumping, try "ulimit -c unlimited" before starting Java again
#
# If you would like to submit a bug report, please visit:
#   http://bugreport.sun.com/bugreport/crash.jsp
# The crash happened outside the Java Virtual Machine in native code.
# See problematic frame for where to report the bug.
#

---------------  T H R E A D  ---------------

Current thread (0x00007fdd3e950800):  JavaThread "RMI RenewClean-[foster-ws.janelia.priv:1198]" daemon [_thread_in_native, id=60935, stack(0x00000009aa785000,0x00000009aa885000)]

siginfo:si_signo=SIGSEGV: si_errno=0, si_code=1 (SEGV_MAPERR), si_addr=0x0000000d9fe87418

Registers:
RAX=0x00000000ffffffff, RBX=0x00000009aa874230, RCX=0x00000009aa8740b0, RDX=0x000000099feb6fa8
RSP=0x00000009aa874220, RBP=0x00000009aa884260, RSI=0x0000060000000600, RDI=0x0000050000000603
R8 =0x0000000000002060, R9 =0x00000009aa8740b0, R10=0x0000000000000b56, R11=0x0000000109bea178
R12=0x00000000000006e2, R13=0x0000000000002000, R14=0x00007fdd3e9509e8, R15=0x000000000000ea60
RIP=0x0000000d9fe87418, EFLAGS=0x0000000000010206, ERR=0x0000000000000014
  TRAPNO=0x000000000000000e

Top of Stack: (sp=0x00000009aa874220)
0x00000009aa874220:   00000009aa884318 0000000000000007
0x00000009aa874230:   00000009aa884290 000000099fe87791
0x00000009aa874240:   00000009aa884340 0001000000000000
0x00000009aa874250:   00007fdd3e9509e8 0000000000000007
0x00000009aa874260:   004b0200494d524a 0000000000000000
0x00000009aa874270:   0000000000000000 0000000000000000
0x00000009aa874280:   0000000000000000 0000000000000000
0x00000009aa874290:   0000000000000000 0000000000000000
0x00000009aa8742a0:   0000000000000000 0000000000000000
0x00000009aa8742b0:   0000000000000000 0000000000000000
0x00000009aa8742c0:   0000000000000000 0000000000000000
0x00000009aa8742d0:   0000000000000000 0000000000000000
0x00000009aa8742e0:   0000000000000000 0000000000000000
0x00000009aa8742f0:   0000000000000000 0000000000000000
0x00000009aa874300:   0000000000000000 0000000000000000
0x00000009aa874310:   0000000000000000 0000000000000000
0x00000009aa874320:   0000000000000000 0000000000000000
0x00000009aa874330:   0000000000000000 0000000000000000
0x00000009aa874340:   0000000000000000 0000000000000000
0x00000009aa874350:   0000000000000000 0000000000000000
0x00000009aa874360:   0000000000000000 0000000000000000
0x00000009aa874370:   0000000000000000 0000000000000000
0x00000009aa874380:   0000000000000000 0000000000000000
0x00000009aa874390:   0000000000000000 0000000000000000
0x00000009aa8743a0:   0000000000000000 0000000000000000
0x00000009aa8743b0:   0000000000000000 0000000000000000
0x00000009aa8743c0:   0000000000000000 0000000000000000
0x00000009aa8743d0:   0000000000000000 0000000000000000
0x00000009aa8743e0:   0000000000000000 0000000000000000
0x00000009aa8743f0:   0000000000000000 0000000000000000
0x00000009aa874400:   0000000000000000 0000000000000000
0x00000009aa874410:   0000000000000000 0000000000000000 

Instructions: (pc=0x0000000d9fe87418)
0x0000000d9fe873f8:   
[error occurred during error reporting (printing registers, top of stack, instructions near pc), id 0xb]

Register to memory mapping:

RAX=0x00000000ffffffff is an unknown value
RBX=0x00000009aa874230 is pointing into the stack for thread: 0x00007fdd3e950800
RCX=0x00000009aa8740b0 is pointing into the stack for thread: 0x00007fdd3e950800
RDX=0x000000099feb6fa8 is an unknown value
RSP=0x00000009aa874220 is pointing into the stack for thread: 0x00007fdd3e950800
RBP=0x00000009aa884260 is pointing into the stack for thread: 0x00007fdd3e950800
RSI=0x0000060000000600 is an unknown value
RDI=0x0000050000000603 is an unknown value
R8 =0x0000000000002060 is an unknown value
R9 =0x00000009aa8740b0 is pointing into the stack for thread: 0x00007fdd3e950800
R10=0x0000000000000b56 is an unknown value
R11=0x0000000109bea178: _ZN20SafepointSynchronize18_safepoint_counterE+0 in /Library/Java/JavaVirtualMachines/jdk1.7.0_51.jdk/Contents/Home/jre/lib/server/libjvm.dylib at 0x00000001093de000
R12=0x00000000000006e2 is an unknown value
R13=0x0000000000002000 is an unknown value
R14=0x00007fdd3e9509e8 is an unknown value
R15=0x000000000000ea60 is an unknown value


Stack: [0x00000009aa785000,0x00000009aa885000],  sp=0x00000009aa874220,  free space=956k
Native frames: (J=compiled Java code, j=interpreted, Vv=VM code, C=native code)
C  0x0000000d9fe87418
j  java.net.SocketInputStream.socketRead0(Ljava/io/FileDescriptor;[BIII)I+0
j  java.net.SocketInputStream.read([BIII)I+87
j  java.net.SocketInputStream.read([BII)I+11
j  java.io.BufferedInputStream.fill()V+175

Java frames: (J=compiled Java code, j=interpreted, Vv=VM code)
j  java.net.SocketInputStream.socketRead0(Ljava/io/FileDescriptor;[BIII)I+0
j  java.net.SocketInputStream.read([BIII)I+87
j  java.net.SocketInputStream.read([BII)I+11
j  java.io.BufferedInputStream.fill()V+175
J  java.io.BufferedInputStream.read()I
j  java.io.DataInputStream.readByte()B+4
j  sun.rmi.transport.tcp.TCPChannel.createConnection()Lsun/rmi/transport/Connection;+121
j  sun.rmi.transport.tcp.TCPChannel.newConnection()Lsun/rmi/transport/Connection;+101
j  sun.rmi.server.UnicastRef.newCall(Ljava/rmi/server/RemoteObject;[Ljava/rmi/server/Operation;IJ)Ljava/rmi/server/RemoteCall;+18
j  sun.rmi.transport.DGCImpl_Stub.dirty([Ljava/rmi/server/ObjID;JLjava/rmi/dgc/Lease;)Ljava/rmi/dgc/Lease;+12
j  sun.rmi.transport.DGCClient$EndpointEntry.makeDirtyCall(Ljava/util/Set;J)V+64
j  sun.rmi.transport.DGCClient$EndpointEntry.access$1600(Lsun/rmi/transport/DGCClient$EndpointEntry;Ljava/util/Set;J)V+3
j  sun.rmi.transport.DGCClient$EndpointEntry$RenewCleanThread.run()V+233
j  java.lang.Thread.run()V+11
v  ~StubRoutines::call_stub

---------------  P R O C E S S  ---------------

Java Threads: ( => current thread )
  0x00007fdd41c50000 JavaThread "GC Daemon" daemon [_thread_blocked, id=61447, stack(0x00000009aa888000,0x00000009aa988000)]
=>0x00007fdd3e950800 JavaThread "RMI RenewClean-[foster-ws.janelia.priv:1198]" daemon [_thread_in_native, id=60935, stack(0x00000009aa785000,0x00000009aa885000)]
  0x00007fdd44143800 JavaThread "sampler-awt" daemon [_thread_blocked, id=97287, stack(0x00000009a86bc000,0x00000009a87bc000)]
  0x00007fdd40290800 JavaThread "SyntheticaAnimation 70" daemon [_thread_blocked, id=110875, stack(0x00000009c249c000,0x00000009c259c000)]
  0x00007fdd41b93000 JavaThread "pool-6-thread-10" [_thread_in_native, id=109315, stack(0x00000009b6b2f000,0x00000009b6c2f000)]
  0x00007fdd3e00a000 JavaThread "pool-6-thread-9" [_thread_in_native, id=108803, stack(0x00000009b6a2c000,0x00000009b6b2c000)]
  0x00007fdd3e1c2000 JavaThread "pool-6-thread-8" [_thread_in_native, id=108291, stack(0x00000009b64e7000,0x00000009b65e7000)]
  0x00007fdd3e1c1800 JavaThread "pool-6-thread-7" [_thread_in_native, id=107779, stack(0x00000009b63e4000,0x00000009b64e4000)]
  0x00007fdd3e1c0800 JavaThread "pool-6-thread-6" [_thread_in_native, id=107267, stack(0x00000009b62e1000,0x00000009b63e1000)]
  0x00007fdd3e1ab000 JavaThread "pool-6-thread-5" [_thread_in_native, id=106755, stack(0x00000009b6086000,0x00000009b6186000)]
  0x00007fdd3e134000 JavaThread "pool-6-thread-4" [_thread_in_native, id=106243, stack(0x00000009b5d9b000,0x00000009b5e9b000)]
  0x00007fdd3e133000 JavaThread "pool-6-thread-3" [_thread_in_native, id=105487, stack(0x00000009b5c98000,0x00000009b5d98000)]
  0x00007fdd3e132800 JavaThread "pool-6-thread-2" [_thread_in_native, id=56843, stack(0x00000009b5b95000,0x00000009b5c95000)]
  0x00007fdd3e12d800 JavaThread "pool-6-thread-1" [_thread_in_native, id=100879, stack(0x00000009b5a92000,0x00000009b5b92000)]
  0x00007fdd3024e000 JavaThread "pool-5-thread-10" [_thread_blocked, id=96771, stack(0x00000009bd1c0000,0x00000009bd2c0000)]
  0x00007fdd3024d800 JavaThread "pool-5-thread-9" [_thread_blocked, id=96259, stack(0x00000009bd0bd000,0x00000009bd1bd000)]
  0x00007fdd3024c800 JavaThread "pool-5-thread-8" [_thread_blocked, id=95747, stack(0x00000009bcfba000,0x00000009bd0ba000)]
  0x00007fdd3024c000 JavaThread "pool-5-thread-7" [_thread_blocked, id=95235, stack(0x00000009bceb7000,0x00000009bcfb7000)]
  0x00007fdd3024b000 JavaThread "pool-5-thread-6" [_thread_blocked, id=94723, stack(0x00000009bcdb4000,0x00000009bceb4000)]
  0x00007fdd3c9f5000 JavaThread "pool-5-thread-5" [_thread_blocked, id=94211, stack(0x00000009bccb1000,0x00000009bcdb1000)]
  0x00007fdd3ca68000 JavaThread "pool-5-thread-4" [_thread_blocked, id=93699, stack(0x00000009bcbae000,0x00000009bccae000)]
  0x00007fdd4017a000 JavaThread "pool-5-thread-3" [_thread_blocked, id=93187, stack(0x00000009bcaab000,0x00000009bcbab000)]
  0x00007fdd404f9000 JavaThread "pool-5-thread-2" [_thread_blocked, id=92675, stack(0x00000009bc9a8000,0x00000009bcaa8000)]
  0x00007fdd402cd000 JavaThread "pool-5-thread-1" [_thread_blocked, id=91667, stack(0x00000009bc8a5000,0x00000009bc9a5000)]
  0x00007fdd4003f800 JavaThread "Timer-0" daemon [_thread_blocked, id=92167, stack(0x00000009bbe88000,0x00000009bbf88000)]
  0x00007fdd3d532800 JavaThread "SyntheticaAnimation 30" daemon [_thread_blocked, id=64019, stack(0x00000009b4ffd000,0x00000009b50fd000)]
  0x00007fdd3d8f5800 JavaThread "SyntheticaAnimation 60" daemon [_thread_blocked, id=88579, stack(0x00000009b27c5000,0x00000009b28c5000)]
  0x00007fdd3d064000 JavaThread "On Start/Stop" daemon [_thread_in_Java, id=88067, stack(0x00000009b2b04000,0x00000009b2c04000)]
  0x00007fdd438d3000 JavaThread "Inactive RequestProcessor thread [Was:Folder recognizer/org.openide.loaders.FolderList$ListTask]" daemon [_thread_blocked, id=87303, stack(0x00000009b6929000,0x00000009b6a29000)]
  0x00007fdd3d912800 JavaThread "SwingWorker-pool-4-thread-10" daemon [_thread_blocked, id=86787, stack(0x00000009b663a000,0x00000009b673a000)]
  0x00007fdd3d8ec800 JavaThread "SwingWorker-pool-4-thread-9" daemon [_thread_blocked, id=86299, stack(0x00000009aacbb000,0x00000009aadbb000)]
  0x00007fdd400c2800 JavaThread "SyntheticaAnimation 50" daemon [_thread_blocked, id=85287, stack(0x00000009b3a7c000,0x00000009b3b7c000)]
  0x00007fdd48811800 JavaThread "qtp129171156-67" [_thread_blocked, id=54791, stack(0x00000009a83cb000,0x00000009a84cb000)]
  0x00007fdd3d2e7800 JavaThread "SwingWorker-pool-4-thread-8" daemon [_thread_blocked, id=47375, stack(0x00000009b12e2000,0x00000009b13e2000)]
  0x00007fdd3d1d3000 JavaThread "DestroyJavaVM" [_thread_blocked, id=6403, stack(0x0000000109e32000,0x0000000109f32000)]
  0x00007fdd4381d800 JavaThread "SwingWorker-pool-4-thread-7" daemon [_thread_blocked, id=84739, stack(0x00000009b0932000,0x00000009b0a32000)]
  0x00007fdd3da30800 JavaThread "Thread-29" daemon [_thread_blocked, id=84243, stack(0x00000009b082f000,0x00000009b092f000)]
  0x00007fdd3b8ee800 JavaThread "SwingWorker-pool-4-thread-6" daemon [_thread_blocked, id=83203, stack(0x00000009b025e000,0x00000009b035e000)]
  0x00007fdd3cdea000 JavaThread "SwingWorker-pool-4-thread-5" daemon [_thread_blocked, id=82691, stack(0x00000009b015b000,0x00000009b025b000)]
  0x00007fdd3cc8e800 JavaThread "SwingWorker-pool-4-thread-4" daemon [_thread_blocked, id=82179, stack(0x00000009aff9e000,0x00000009b009e000)]
  0x00007fdd3da9d800 JavaThread "SwingWorker-pool-4-thread-3" daemon [_thread_blocked, id=81671, stack(0x00000009afe9b000,0x00000009aff9b000)]
  0x00007fdd3d35f800 JavaThread "SwingWorker-pool-4-thread-2" daemon [_thread_blocked, id=79891, stack(0x00000009aee87000,0x00000009aef87000)]
  0x00007fdd3bb0d800 JavaThread "TimerQueue" daemon [_thread_blocked, id=77827, stack(0x00000009aecbf000,0x00000009aedbf000)]
  0x00007fdd3f8d9800 JavaThread "SwingWorker-pool-4-thread-1" daemon [_thread_blocked, id=77315, stack(0x00000009aebbc000,0x00000009aecbc000)]
  0x00007fdd3dd3d800 JavaThread "RMI Scheduler(0)" daemon [_thread_blocked, id=76803, stack(0x00000009aeab9000,0x00000009aebb9000)]
  0x00007fdd3fb04000 JavaThread "qtp129171156-50" [_thread_blocked, id=74759, stack(0x00000009ae6ad000,0x00000009ae7ad000)]
  0x00007fdd41092000 JavaThread "qtp129171156-49" [_thread_blocked, id=76291, stack(0x00000009ae9b6000,0x00000009aeab6000)]
  0x00007fdd41837000 JavaThread "qtp129171156-46" [_thread_blocked, id=75779, stack(0x00000009ae8b3000,0x00000009ae9b3000)]
  0x00007fdd3fadf000 JavaThread "qtp129171156-47" [_thread_blocked, id=75267, stack(0x00000009ae7b0000,0x00000009ae8b0000)]
  0x00007fdd3e1f1800 JavaThread "qtp129171156-45 Acceptor5 SelectChannelConnector@0.0.0.0:40001" [_thread_blocked, id=74243, stack(0x00000009ae5aa000,0x00000009ae6aa000)]
  0x00007fdd3d0ad800 JavaThread "Thread-20" daemon [_thread_blocked, id=72707, stack(0x00000009ae2a1000,0x00000009ae3a1000)]
  0x00007fdd3d28f000 JavaThread "qtp129171156-41 Acceptor4 SelectChannelConnector@0.0.0.0:40001" [_thread_blocked, id=72195, stack(0x00000009ae19e000,0x00000009ae29e000)]
  0x00007fdd3d26e000 JavaThread "qtp129171156-40 Acceptor3 SelectChannelConnector@0.0.0.0:40001" [_thread_blocked, id=71683, stack(0x00000009ae09b000,0x00000009ae19b000)]
  0x00007fdd3d256000 JavaThread "qtp129171156-39 Acceptor2 SelectChannelConnector@0.0.0.0:40001" [_thread_blocked, id=71171, stack(0x00000009adf98000,0x00000009ae098000)]
  0x00007fdd3d26d000 JavaThread "qtp129171156-38 Acceptor1 SelectChannelConnector@0.0.0.0:40001" [_thread_blocked, id=70659, stack(0x00000009ade95000,0x00000009adf95000)]
  0x00007fdd3d1ed800 JavaThread "qtp129171156-37 Acceptor0 SelectChannelConnector@0.0.0.0:40001" [_thread_in_native, id=70147, stack(0x00000009add92000,0x00000009ade92000)]
  0x00007fdd3d1ec800 JavaThread "qtp129171156-36 Selector5" [_thread_in_native, id=69635, stack(0x00000009adc8f000,0x00000009add8f000)]
  0x00007fdd3d123800 JavaThread "qtp129171156-35 Selector4" [_thread_in_native, id=69123, stack(0x00000009adb8c000,0x00000009adc8c000)]
  0x00007fdd3d090000 JavaThread "qtp129171156-34 Selector3" [_thread_in_native, id=68611, stack(0x00000009ada89000,0x00000009adb89000)]
  0x00007fdd3d13d800 JavaThread "qtp129171156-33 Selector2" [_thread_in_native, id=68099, stack(0x00000009ad986000,0x00000009ada86000)]
  0x00007fdd3d120800 JavaThread "qtp129171156-32 Selector1" [_thread_in_native, id=67587, stack(0x00000009ad883000,0x00000009ad983000)]
  0x00007fdd3d0e3800 JavaThread "qtp129171156-31 Selector0" [_thread_in_native, id=67075, stack(0x00000009ad780000,0x00000009ad880000)]
  0x00007fdd3cb7f800 JavaThread "Thread-8" daemon [_thread_in_native, id=66563, stack(0x00000009ad67d000,0x00000009ad77d000)]
  0x00007fdd3c938000 JavaThread "server-timer" daemon [_thread_blocked, id=65031, stack(0x00000009ad374000,0x00000009ad474000)]
  0x00007fdd3ca4e800 JavaThread "Thread-6" daemon [_thread_in_native, id=66051, stack(0x00000009ad57a000,0x00000009ad67a000)]
  0x00007fdd3da37000 JavaThread "SyntheticaCleanerThread" daemon [_thread_blocked, id=65539, stack(0x00000009ad477000,0x00000009ad577000)]
  0x00007fdd3f8a0800 JavaThread "Nb Exit" daemon [_thread_blocked, id=60187, stack(0x00000009aa682000,0x00000009aa782000)]
  0x00007fdd3d058000 JavaThread "AWT-EventQueue-0" [_thread_blocked, id=54275, stack(0x00000009a70d1000,0x00000009a71d1000)]
  0x00007fdd3d042000 JavaThread "Java2D Disposer" daemon [_thread_blocked, id=53251, stack(0x00000009a6980000,0x00000009a6a80000)]
  0x00007fdd3d84f000 JavaThread "Java2D Queue Flusher" daemon [_thread_blocked, id=49927, stack(0x00000009a4244000,0x00000009a4344000)]
  0x00007fdd3d855800 JavaThread "RequestProcessor queue manager" daemon [_thread_blocked, id=48647, stack(0x00000009a4141000,0x00000009a4241000)]
  0x00007fdd3d808000 JavaThread "Inactive RequestProcessor thread [Was:org.netbeans.core.network.proxy.NbProxySelector/org.netbeans.core.network.proxy.NbProxySelector$DnsTimeoutTask]" daemon [_thread_blocked, id=47119, stack(0x00000009a3ebf000,0x00000009a3fbf000)]
  0x00007fdd400d0000 JavaThread "AWT-Shutdown" [_thread_blocked, id=37123, stack(0x00000009a171c000,0x00000009a181c000)]
  0x00007fdd3d041000 JavaThread "AWT-AppKit" daemon [_thread_in_native, id=1799, stack(0x00007fff5614f000,0x00007fff5694f000)]
  0x00007fdd400c3800 JavaThread "CLI Requests Server" daemon [_thread_in_native, id=31491, stack(0x00000009a0135000,0x00000009a0235000)]
  0x00007fdd40081000 JavaThread "Active Reference Queue Daemon" daemon [_thread_blocked, id=30979, stack(0x00000009a0032000,0x00000009a0132000)]
  0x00007fdd3c87d800 JavaThread "Service Thread" daemon [_thread_blocked, id=29955, stack(0x000000099fc16000,0x000000099fd16000)]
  0x00007fdd3c87c800 JavaThread "C2 CompilerThread1" daemon [_thread_blocked, id=29443, stack(0x000000099fb13000,0x000000099fc13000)]
  0x00007fdd3c87b000 JavaThread "C2 CompilerThread0" daemon [_thread_in_native, id=28931, stack(0x000000099fa10000,0x000000099fb10000)]
  0x00007fdd3c874000 JavaThread "Signal Dispatcher" daemon [_thread_blocked, id=28419, stack(0x000000099f90d000,0x000000099fa0d000)]
  0x00007fdd3c85f000 JavaThread "Finalizer" daemon [_thread_in_native, id=24067, stack(0x000000099f6cb000,0x000000099f7cb000)]
  0x00007fdd3c85c000 JavaThread "Reference Handler" daemon [_thread_blocked, id=23555, stack(0x000000099f5c8000,0x000000099f6c8000)]

Other Threads:
  0x00007fdd3c85b800 VMThread [stack: 0x000000099f4c5000,0x000000099f5c5000] [id=23043]
  0x00007fdd3c860800 WatcherThread [stack: 0x000000099fd19000,0x000000099fe19000] [id=30467]

VM state:not at safepoint (normal execution)

VM Mutex/Monitor currently owned by a thread:  ([mutex/lock_event])
[0x00007fdd3c104120] CompiledIC_lock - owner thread: 0x00007fdd3c87b000

Heap
 PSYoungGen      total 3783168K, used 534233K [0x00000006a2600000, 0x000000080e580000, 0x000000094d100000)
  eden space 3293184K, 11% used [0x00000006a2600000,0x00000006ba7d8058,0x000000076b600000)
  from space 489984K, 28% used [0x000000076b600000,0x0000000773dde6f0,0x0000000789480000)
  to   space 663552K, 0% used [0x00000007e5d80000,0x00000007e5d80000,0x000000080e580000)
 ParOldGen       total 1784320K, used 1194033K [0x000000014d100000, 0x00000001b9f80000, 0x00000006a2600000)
  object space 1784320K, 66% used [0x000000014d100000,0x0000000195f0c600,0x00000001b9f80000)
 PSPermGen       total 196608K, used 63410K [0x000000010d100000, 0x0000000119100000, 0x000000014d100000)
  object space 196608K, 32% used [0x000000010d100000,0x0000000110eec810,0x0000000119100000)

Card table byte_map: [0x000000094d100000,0x0000000951301000] byte_map_base: 0x000000094c897800

Polling page: 0x0000000109f71000

Code Cache  [0x000000010a007000, 0x000000010a477000, 0x000000010d007000)
 total_blobs=2485 nmethods=1489 adapters=949 free_code_cache=44707Kb largest_free_block=45699840

Compilation events (10 events):
Event: 59.381 Thread 0x00007fdd3c87b000 nmethod 1668 0x000000010a45f410 code [0x000000010a45f580, 0x000000010a45faa8]
Event: 59.407 Thread 0x00007fdd3c87c800 1670             org.openide.xml.XMLUtil::checkAttributeCharacters (154 bytes)
Event: 59.411 Thread 0x00007fdd3c87c800 nmethod 1670 0x000000010a45ef10 code [0x000000010a45f060, 0x000000010a45f2d8]
Event: 59.534 Thread 0x00007fdd3c87b000 1671   !         sun.nio.cs.ISO_8859_1$Encoder::encodeArrayLoop (356 bytes)
Event: 59.534 Thread 0x00007fdd3c87c800 1672             java.io.FilterOutputStream::write (9 bytes)
Event: 59.537 Thread 0x00007fdd3c87c800 nmethod 1672 0x000000010a45e7d0 code [0x000000010a45e940, 0x000000010a45ed28]
Event: 59.550 Thread 0x00007fdd3c87b000 nmethod 1671 0x000000010a460f50 code [0x000000010a4611c0, 0x000000010a4619f8]
Event: 59.651 Thread 0x00007fdd3c87c800 1673             java.util.AbstractSet::removeAll (92 bytes)
Event: 59.678 Thread 0x00007fdd3c87c800 nmethod 1673 0x000000010a466210 code [0x000000010a466480, 0x000000010a467210]
Event: 59.933 Thread 0x00007fdd3c87b000 1674  s          java.lang.Throwable::getOurStackTrace (80 bytes)

GC Heap History (10 events):
Event: 37.774 GC heap before
{Heap before GC invocations=10 (full 1):
 PSYoungGen      total 2027008K, used 2026980K [0x00000006a2600000, 0x0000000736700000, 0x000000094d100000)
  eden space 1841664K, 100% used [0x00000006a2600000,0x0000000712c80000,0x0000000712c80000)
  from space 185344K, 99% used [0x0000000722700000,0x000000072dbf9318,0x000000072dc00000)
  to   space 256512K, 0% used [0x0000000712c80000,0x0000000712c80000,0x0000000722700000)
 ParOldGen       total 699392K, used 334312K [0x000000014d100000, 0x0000000177c00000, 0x00000006a2600000)
  object space 699392K, 47% used [0x000000014d100000,0x000000016177a230,0x0000000177c00000)
 PSPermGen       total 196608K, used 62888K [0x000000010d100000, 0x0000000119100000, 0x000000014d100000)
  object space 196608K, 31% used [0x000000010d100000,0x0000000110e6a280,0x0000000119100000)
Event: 38.094 GC heap after
Heap after GC invocations=10 (full 1):
 PSYoungGen      total 2098176K, used 240418K [0x00000006a2600000, 0x00000007a7300000, 0x000000094d100000)
  eden space 1841664K, 0% used [0x00000006a2600000,0x00000006a2600000,0x0000000712c80000)
  from space 256512K, 93% used [0x0000000712c80000,0x0000000721748a58,0x0000000722700000)
  to   space 294912K, 0% used [0x0000000795300000,0x0000000795300000,0x00000007a7300000)
 ParOldGen       total 699392K, used 368709K [0x000000014d100000, 0x0000000177c00000, 0x00000006a2600000)
  object space 699392K, 52% used [0x000000014d100000,0x0000000163911558,0x0000000177c00000)
 PSPermGen       total 196608K, used 62888K [0x000000010d100000, 0x0000000119100000, 0x000000014d100000)
  object space 196608K, 31% used [0x000000010d100000,0x0000000110e6a280,0x0000000119100000)
}
Event: 48.649 GC heap before
{Heap before GC invocations=11 (full 1):
 PSYoungGen      total 2098176K, used 2081843K [0x00000006a2600000, 0x00000007a7300000, 0x000000094d100000)
  eden space 1841664K, 99% used [0x00000006a2600000,0x0000000712c44228,0x0000000712c80000)
  from space 256512K, 93% used [0x0000000712c80000,0x0000000721748a58,0x0000000722700000)
  to   space 294912K, 0% used [0x0000000795300000,0x0000000795300000,0x00000007a7300000)
 ParOldGen       total 699392K, used 368709K [0x000000014d100000, 0x0000000177c00000, 0x00000006a2600000)
  object space 699392K, 52% used [0x000000014d100000,0x0000000163911558,0x0000000177c00000)
 PSPermGen       total 196608K, used 62997K [0x000000010d100000, 0x0000000119100000, 0x000000014d100000)
  object space 196608K, 32% used [0x000000010d100000,0x0000000110e855c0,0x0000000119100000)
Event: 49.478 GC heap after
Heap after GC invocations=11 (full 1):
 PSYoungGen      total 3241984K, used 294897K [0x00000006a2600000, 0x00000007a7300000, 0x000000094d100000)
  eden space 2947072K, 0% used [0x00000006a2600000,0x00000006a2600000,0x0000000756400000)
  from space 294912K, 99% used [0x0000000795300000,0x00000007a72fc428,0x00000007a7300000)
  to   space 489984K, 0% used [0x000000076b600000,0x000000076b600000,0x0000000789480000)
 ParOldGen       total 766976K, used 766923K [0x000000014d100000, 0x000000017be00000, 0x00000006a2600000)
  object space 766976K, 99% used [0x000000014d100000,0x000000017bdf2f20,0x000000017be00000)
 PSPermGen       total 196608K, used 62997K [0x000000010d100000, 0x0000000119100000, 0x000000014d100000)
  object space 196608K, 32% used [0x000000010d100000,0x0000000110e855c0,0x0000000119100000)
}
Event: 49.478 GC heap before
{Heap before GC invocations=12 (full 2):
 PSYoungGen      total 3241984K, used 294897K [0x00000006a2600000, 0x00000007a7300000, 0x000000094d100000)
  eden space 2947072K, 0% used [0x00000006a2600000,0x00000006a2600000,0x0000000756400000)
  from space 294912K, 99% used [0x0000000795300000,0x00000007a72fc428,0x00000007a7300000)
  to   space 489984K, 0% used [0x000000076b600000,0x000000076b600000,0x0000000789480000)
 ParOldGen       total 766976K, used 766923K [0x000000014d100000, 0x000000017be00000, 0x00000006a2600000)
  object space 766976K, 99% used [0x000000014d100000,0x000000017bdf2f20,0x000000017be00000)
 PSPermGen       total 196608K, used 62997K [0x000000010d100000, 0x0000000119100000, 0x000000014d100000)
  object space 196608K, 32% used [0x000000010d100000,0x0000000110e855c0,0x0000000119100000)
Event: 49.784 GC heap after
Heap after GC invocations=12 (full 2):
 PSYoungGen      total 3241984K, used 0K [0x00000006a2600000, 0x00000007a7300000, 0x000000094d100000)
  eden space 2947072K, 0% used [0x00000006a2600000,0x00000006a2600000,0x0000000756400000)
  from space 294912K, 0% used [0x0000000795300000,0x0000000795300000,0x00000007a7300000)
  to   space 489984K, 0% used [0x000000076b600000,0x000000076b600000,0x0000000789480000)
 ParOldGen       total 1194496K, used 700829K [0x000000014d100000, 0x0000000195f80000, 0x00000006a2600000)
  object space 1194496K, 58% used [0x000000014d100000,0x0000000177d67590,0x0000000195f80000)
 PSPermGen       total 196608K, used 62972K [0x000000010d100000, 0x0000000119100000, 0x000000014d100000)
  object space 196608K, 32% used [0x000000010d100000,0x0000000110e7f040,0x0000000119100000)
}
Event: 57.701 GC heap before
{Heap before GC invocations=13 (full 2):
 PSYoungGen      total 3241984K, used 2947072K [0x00000006a2600000, 0x00000007a7300000, 0x000000094d100000)
  eden space 2947072K, 100% used [0x00000006a2600000,0x0000000756400000,0x0000000756400000)
  from space 294912K, 0% used [0x0000000795300000,0x0000000795300000,0x00000007a7300000)
  to   space 489984K, 0% used [0x000000076b600000,0x000000076b600000,0x0000000789480000)
 ParOldGen       total 1194496K, used 700829K [0x000000014d100000, 0x0000000195f80000, 0x00000006a2600000)
  object space 1194496K, 58% used [0x000000014d100000,0x0000000177d67590,0x0000000195f80000)
 PSPermGen       total 196608K, used 63290K [0x000000010d100000, 0x0000000119100000, 0x000000014d100000)
  object space 196608K, 32% used [0x000000010d100000,0x0000000110eceba0,0x0000000119100000)
Event: 58.585 GC heap after
Heap after GC invocations=13 (full 2):
 PSYoungGen      total 3783168K, used 489977K [0x00000006a2600000, 0x000000080e580000, 0x000000094d100000)
  eden space 3293184K, 0% used [0x00000006a2600000,0x00000006a2600000,0x000000076b600000)
  from space 489984K, 99% used [0x000000076b600000,0x000000078947e528,0x0000000789480000)
  to   space 663552K, 0% used [0x00000007e5d80000,0x00000007e5d80000,0x000000080e580000)
 ParOldGen       total 1194496K, used 940732K [0x000000014d100000, 0x0000000195f80000, 0x00000006a2600000)
  object space 1194496K, 78% used [0x000000014d100000,0x00000001867af1d8,0x0000000195f80000)
 PSPermGen       total 196608K, used 63290K [0x000000010d100000, 0x0000000119100000, 0x000000014d100000)
  object space 196608K, 32% used [0x000000010d100000,0x0000000110eceba0,0x0000000119100000)
}
Event: 58.585 GC heap before
{Heap before GC invocations=14 (full 3):
 PSYoungGen      total 3783168K, used 489977K [0x00000006a2600000, 0x000000080e580000, 0x000000094d100000)
  eden space 3293184K, 0% used [0x00000006a2600000,0x00000006a2600000,0x000000076b600000)
  from space 489984K, 99% used [0x000000076b600000,0x000000078947e528,0x0000000789480000)
  to   space 663552K, 0% used [0x00000007e5d80000,0x00000007e5d80000,0x000000080e580000)
 ParOldGen       total 1194496K, used 940732K [0x000000014d100000, 0x0000000195f80000, 0x00000006a2600000)
  object space 1194496K, 78% used [0x000000014d100000,0x00000001867af1d8,0x0000000195f80000)
 PSPermGen       total 196608K, used 63290K [0x000000010d100000, 0x0000000119100000, 0x000000014d100000)
  object space 196608K, 32% used [0x000000010d100000,0x0000000110eceba0,0x0000000119100000)
Event: 59.110 GC heap after
Heap after GC invocations=14 (full 3):
 PSYoungGen      total 3783168K, used 139129K [0x00000006a2600000, 0x000000080e580000, 0x000000094d100000)
  eden space 3293184K, 0% used [0x00000006a2600000,0x00000006a2600000,0x000000076b600000)
  from space 489984K, 28% used [0x000000076b600000,0x0000000773dde6f0,0x0000000789480000)
  to   space 663552K, 0% used [0x00000007e5d80000,0x00000007e5d80000,0x000000080e580000)
 ParOldGen       total 1784320K, used 1194033K [0x000000014d100000, 0x00000001b9f80000, 0x00000006a2600000)
  object space 1784320K, 66% used [0x000000014d100000,0x0000000195f0c600,0x00000001b9f80000)
 PSPermGen       total 196608K, used 63289K [0x000000010d100000, 0x0000000119100000, 0x000000014d100000)
  object space 196608K, 32% used [0x000000010d100000,0x0000000110ece7b8,0x0000000119100000)
}

Deoptimization events (10 events):
Event: 59.368 Thread 0x00007fdd3d058000 Uncommon trap: reason=unreached action=reinterpret pc=0x000000010a2cba0c method=org.openide.filesystems.MultiFileObject.getAttribute(Ljava/lang/String;Ljava/lang/String;)Ljava/lang/Object; @ 171
Event: 59.377 Thread 0x00007fdd3d064000 Uncommon trap: reason=unreached action=reinterpret pc=0x000000010a339a04 method=javax.swing.SwingUtilities.getWindowAncestor(Ljava/awt/Component;)Ljava/awt/Window; @ 6
Event: 59.534 Thread 0x00007fdd3d064000 Uncommon trap: reason=predicate action=maybe_recompile pc=0x000000010a45f930 method=java.io.FilterOutputStream.write([BII)V @ 34
Event: 59.920 Thread 0x00007fdd3d058000 Uncommon trap: reason=class_check action=maybe_recompile pc=0x000000010a3634e8 method=java.lang.Integer.equals(Ljava/lang/Object;)Z @ 1
Event: 59.921 Thread 0x00007fdd3d058000 Uncommon trap: reason=class_check action=maybe_recompile pc=0x000000010a3634e8 method=java.lang.Integer.equals(Ljava/lang/Object;)Z @ 1
Event: 59.921 Thread 0x00007fdd3d058000 Uncommon trap: reason=class_check action=maybe_recompile pc=0x000000010a3634e8 method=java.lang.Integer.equals(Ljava/lang/Object;)Z @ 1
Event: 59.925 Thread 0x00007fdd3d058000 Uncommon trap: reason=class_check action=maybe_recompile pc=0x000000010a4004b8 method=java.awt.Container.getMouseEventTargetImpl(IIZLjava/awt/Container$EventTargetFilter;ZZ)Ljava/awt/Component; @ 191
Event: 59.926 Thread 0x00007fdd3d058000 Uncommon trap: reason=class_check action=maybe_recompile pc=0x000000010a4004b8 method=java.awt.Container.getMouseEventTargetImpl(IIZLjava/awt/Container$EventTargetFilter;ZZ)Ljava/awt/Component; @ 191
Event: 59.926 Thread 0x00007fdd3d064000 Uncommon trap: reason=class_check action=maybe_recompile pc=0x000000010a2fd140 method=java.io.FilterOutputStream.write([B)V @ 5
Event: 59.929 Thread 0x00007fdd3d064000 Uncommon trap: reason=class_check action=maybe_recompile pc=0x000000010a11d71c method=java.io.ObjectInputStream$PeekInputStream.read([BII)I @ 50

Internal exceptions (10 events):
Event: 59.326 Thread 0x00007fdd3d058000 Implicit null exception at 0x000000010a464720 to 0x000000010a464bb5
Event: 59.368 Thread 0x00007fdd3d058000 Implicit null exception at 0x000000010a2c86d8 to 0x000000010a2cb9e9
Event: 59.376 Thread 0x00007fdd3d064000 Threw 0x00000006a417f1c8 at /HUDSON/workspace/7u-2-build-macosx-x86_64/jdk7u51/527/hotspot/src/share/vm/prims/jvm.cpp:1244
Event: 59.376 Thread 0x00007fdd3d064000 Threw 0x00000006a4181948 at /HUDSON/workspace/7u-2-build-macosx-x86_64/jdk7u51/527/hotspot/src/share/vm/prims/jvm.cpp:1244
Event: 59.919 Thread 0x00007fdd3d058000 Threw 0x00000006b9c8af30 at /HUDSON/workspace/7u-2-build-macosx-x86_64/jdk7u51/527/hotspot/src/share/vm/prims/jvm.cpp:1244
Event: 59.919 Thread 0x00007fdd3d058000 Threw 0x00000006b9c8d880 at /HUDSON/workspace/7u-2-build-macosx-x86_64/jdk7u51/527/hotspot/src/share/vm/prims/jvm.cpp:1244
Event: 59.923 Thread 0x00007fdd3d058000 Threw 0x00000006b9ccca00 at /HUDSON/workspace/7u-2-build-macosx-x86_64/jdk7u51/527/hotspot/src/share/vm/prims/jvm.cpp:1244
Event: 59.931 Thread 0x00007fdd3d064000 Threw 0x00000006a4208bf0 at /HUDSON/workspace/7u-2-build-macosx-x86_64/jdk7u51/527/hotspot/src/share/vm/prims/jni.cpp:717
Event: 59.931 Thread 0x00007fdd3e950800 Threw 0x00000006ba316848 at /HUDSON/workspace/7u-2-build-macosx-x86_64/jdk7u51/527/hotspot/src/share/vm/runtime/objectMonitor.cpp:1652
Event: 59.933 Thread 0x00007fdd3d064000 Threw 0x00000006a4213fd8 at /HUDSON/workspace/7u-2-build-macosx-x86_64/jdk7u51/527/hotspot/src/share/vm/prims/jni.cpp:717

Events (10 events):
Event: 59.929 Executing VM operation: ThreadDump done
Event: 59.929 Thread 0x00007fdd3d064000 Uncommon trap: trap_request=0xffffffde fr.pc=0x000000010a11d71c
Event: 59.929 Thread 0x00007fdd3d064000 DEOPT PACKING pc=0x000000010a11d71c sp=0x00000009b2c02650
Event: 59.929 Thread 0x00007fdd3d064000 DEOPT UNPACKING pc=0x000000010a040045 sp=0x00000009b2c025d8 mode 2
Event: 59.930 Thread 0x00007fdd3e950800 Thread added: 0x00007fdd3e950800
Event: 59.930 Thread 0x00007fdd41c50000 Thread added: 0x00007fdd41c50000
Event: 59.930 Executing VM operation: RevokeBias
Event: 59.930 Executing VM operation: RevokeBias done
Event: 59.933 Executing VM operation: RevokeBias
Event: 59.933 Executing VM operation: RevokeBias done


Dynamic libraries:
0x0000000006591000 	/System/Library/Frameworks/Cocoa.framework/Versions/A/Cocoa
0x0000000006591000 	/System/Library/Frameworks/Security.framework/Versions/A/Security
0x0000000006591000 	/System/Library/Frameworks/ApplicationServices.framework/Versions/A/ApplicationServices
0x0000000006591000 	/usr/lib/libz.1.dylib
0x0000000006591000 	/usr/lib/libSystem.B.dylib
0x0000000006591000 	/usr/lib/libobjc.A.dylib
0x0000000006591000 	/System/Library/Frameworks/CoreFoundation.framework/Versions/A/CoreFoundation
0x0000000006591000 	/System/Library/Frameworks/Foundation.framework/Versions/C/Foundation
0x0000000006591000 	/System/Library/Frameworks/AppKit.framework/Versions/C/AppKit
0x0000000006591000 	/System/Library/Frameworks/CoreData.framework/Versions/A/CoreData
0x0000000006591000 	/System/Library/PrivateFrameworks/RemoteViewServices.framework/Versions/A/RemoteViewServices
0x0000000006591000 	/System/Library/Frameworks/AudioToolbox.framework/Versions/A/AudioToolbox
0x0000000006591000 	/System/Library/Frameworks/AudioUnit.framework/Versions/A/AudioUnit
0x0000000006591000 	/System/Library/PrivateFrameworks/DataDetectorsCore.framework/Versions/A/DataDetectorsCore
0x0000000006591000 	/System/Library/PrivateFrameworks/DesktopServicesPriv.framework/Versions/A/DesktopServicesPriv
0x0000000006591000 	/System/Library/Frameworks/Carbon.framework/Versions/A/Frameworks/HIToolbox.framework/Versions/A/HIToolbox
0x0000000006591000 	/System/Library/Frameworks/QuartzCore.framework/Versions/A/QuartzCore
0x0000000006591000 	/System/Library/Frameworks/Carbon.framework/Versions/A/Frameworks/SpeechRecognition.framework/Versions/A/SpeechRecognition
0x0000000006591000 	/usr/lib/libauto.dylib
0x0000000006591000 	/usr/lib/libicucore.A.dylib
0x0000000006591000 	/usr/lib/libxml2.2.dylib
0x0000000006591000 	/System/Library/PrivateFrameworks/CoreUI.framework/Versions/A/CoreUI
0x0000000006591000 	/System/Library/Frameworks/CoreAudio.framework/Versions/A/CoreAudio
0x0000000006591000 	/System/Library/Frameworks/DiskArbitration.framework/Versions/A/DiskArbitration
0x0000000006591000 	/usr/lib/liblangid.dylib
0x0000000006591000 	/System/Library/PrivateFrameworks/MultitouchSupport.framework/Versions/A/MultitouchSupport
0x0000000006591000 	/System/Library/Frameworks/IOKit.framework/Versions/A/IOKit
0x0000000006591000 	/usr/lib/libDiagnosticMessagesClient.dylib
0x0000000006591000 	/System/Library/Frameworks/CoreServices.framework/Versions/A/CoreServices
0x0000000006591000 	/System/Library/PrivateFrameworks/PerformanceAnalysis.framework/Versions/A/PerformanceAnalysis
0x0000000006591000 	/System/Library/PrivateFrameworks/GenerationalStorage.framework/Versions/A/GenerationalStorage
0x0000000006591000 	/System/Library/Frameworks/OpenGL.framework/Versions/A/OpenGL
0x0000000006591000 	/System/Library/Frameworks/CoreText.framework/Versions/A/CoreText
0x0000000006591000 	/System/Library/Frameworks/ImageIO.framework/Versions/A/ImageIO
0x0000000006591000 	/System/Library/PrivateFrameworks/Backup.framework/Versions/A/Backup
0x0000000006591000 	/System/Library/Frameworks/CFNetwork.framework/Versions/A/CFNetwork
0x0000000006591000 	/System/Library/Frameworks/SystemConfiguration.framework/Versions/A/SystemConfiguration
0x0000000006591000 	/usr/lib/libCRFSuite.dylib
0x0000000006591000 	/System/Library/PrivateFrameworks/TCC.framework/Versions/A/TCC
0x0000000006591000 	/usr/lib/libc++.1.dylib
0x0000000006591000 	/usr/lib/libc++abi.dylib
0x0000000006591000 	/usr/lib/system/libcache.dylib
0x0000000006591000 	/usr/lib/system/libcommonCrypto.dylib
0x0000000006591000 	/usr/lib/system/libcompiler_rt.dylib
0x0000000006591000 	/usr/lib/system/libcopyfile.dylib
0x0000000006591000 	/usr/lib/system/libdispatch.dylib
0x0000000006591000 	/usr/lib/system/libdnsinfo.dylib
0x0000000006591000 	/usr/lib/system/libdyld.dylib
0x0000000006591000 	/usr/lib/system/libkeymgr.dylib
0x0000000006591000 	/usr/lib/system/liblaunch.dylib
0x0000000006591000 	/usr/lib/system/libmacho.dylib
0x0000000006591000 	/usr/lib/system/libquarantine.dylib
0x0000000006591000 	/usr/lib/system/libremovefile.dylib
0x0000000006591000 	/usr/lib/system/libsystem_blocks.dylib
0x0000000006591000 	/usr/lib/system/libsystem_c.dylib
0x0000000006591000 	/usr/lib/system/libsystem_dnssd.dylib
0x0000000006591000 	/usr/lib/system/libsystem_info.dylib
0x0000000006591000 	/usr/lib/system/libsystem_kernel.dylib
0x0000000006591000 	/usr/lib/system/libsystem_m.dylib
0x0000000006591000 	/usr/lib/system/libsystem_network.dylib
0x0000000006591000 	/usr/lib/system/libsystem_notify.dylib
0x0000000006591000 	/usr/lib/system/libsystem_sandbox.dylib
0x0000000006591000 	/usr/lib/system/libunc.dylib
0x0000000006591000 	/usr/lib/system/libunwind.dylib
0x0000000006591000 	/usr/lib/system/libxpc.dylib
0x0000000006591000 	/usr/lib/system/libcorecrypto.dylib
0x0000000006591000 	/usr/lib/libstdc++.6.dylib
0x0000000006591000 	/usr/lib/libbsm.0.dylib
0x0000000006591000 	/usr/lib/libsqlite3.dylib
0x0000000006591000 	/usr/lib/libxar.1.dylib
0x0000000006591000 	/usr/lib/libpam.2.dylib
0x0000000006591000 	/usr/lib/libOpenScriptingUtil.dylib
0x0000000006591000 	/usr/lib/libbz2.1.0.dylib
0x0000000006591000 	/System/Library/Frameworks/CoreServices.framework/Versions/A/Frameworks/CarbonCore.framework/Versions/A/CarbonCore
0x0000000006591000 	/System/Library/Frameworks/CoreServices.framework/Versions/A/Frameworks/Metadata.framework/Versions/A/Metadata
0x0000000006591000 	/System/Library/Frameworks/CoreServices.framework/Versions/A/Frameworks/OSServices.framework/Versions/A/OSServices
0x0000000006591000 	/System/Library/Frameworks/CoreServices.framework/Versions/A/Frameworks/SearchKit.framework/Versions/A/SearchKit
0x0000000006591000 	/System/Library/Frameworks/CoreServices.framework/Versions/A/Frameworks/AE.framework/Versions/A/AE
0x0000000006591000 	/System/Library/Frameworks/CoreServices.framework/Versions/A/Frameworks/LaunchServices.framework/Versions/A/LaunchServices
0x0000000006591000 	/System/Library/Frameworks/CoreServices.framework/Versions/A/Frameworks/DictionaryServices.framework/Versions/A/DictionaryServices
0x0000000006591000 	/System/Library/Frameworks/NetFS.framework/Versions/A/NetFS
0x0000000006591000 	/usr/lib/system/libkxld.dylib
0x0000000006591000 	/System/Library/PrivateFrameworks/NetAuth.framework/Versions/A/NetAuth
0x0000000006591000 	/System/Library/Frameworks/OpenDirectory.framework/Versions/A/Frameworks/CFOpenDirectory.framework/Versions/A/CFOpenDirectory
0x0000000006591000 	/usr/lib/libxslt.1.dylib
0x0000000006591000 	/System/Library/PrivateFrameworks/FamilyControls.framework/Versions/A/FamilyControls
0x0000000006591000 	/System/Library/Frameworks/Carbon.framework/Versions/A/Frameworks/Ink.framework/Versions/A/Ink
0x0000000006591000 	/System/Library/Frameworks/ApplicationServices.framework/Versions/A/Frameworks/CoreGraphics.framework/Versions/A/CoreGraphics
0x0000000006591000 	/System/Library/Frameworks/ApplicationServices.framework/Versions/A/Frameworks/ATS.framework/Versions/A/ATS
0x0000000006591000 	/System/Library/Frameworks/ApplicationServices.framework/Versions/A/Frameworks/ColorSync.framework/Versions/A/ColorSync
0x0000000006591000 	/System/Library/Frameworks/ApplicationServices.framework/Versions/A/Frameworks/HIServices.framework/Versions/A/HIServices
0x0000000006591000 	/System/Library/Frameworks/ApplicationServices.framework/Versions/A/Frameworks/LangAnalysis.framework/Versions/A/LangAnalysis
0x0000000006591000 	/System/Library/Frameworks/ApplicationServices.framework/Versions/A/Frameworks/PrintCore.framework/Versions/A/PrintCore
0x0000000006591000 	/System/Library/Frameworks/ApplicationServices.framework/Versions/A/Frameworks/QD.framework/Versions/A/QD
0x0000000006591000 	/System/Library/Frameworks/ApplicationServices.framework/Versions/A/Frameworks/SpeechSynthesis.framework/Versions/A/SpeechSynthesis
0x0000000006591000 	/System/Library/Frameworks/IOSurface.framework/Versions/A/IOSurface
0x0000000006591000 	/System/Library/Frameworks/Accelerate.framework/Versions/A/Accelerate
0x0000000006591000 	/System/Library/Frameworks/ApplicationServices.framework/Versions/A/Frameworks/ATS.framework/Versions/A/Resources/libFontParser.dylib
0x0000000006591000 	/System/Library/Frameworks/ApplicationServices.framework/Versions/A/Frameworks/ATS.framework/Versions/A/Resources/libFontRegistry.dylib
0x0000000006591000 	/System/Library/Frameworks/Accelerate.framework/Versions/A/Frameworks/vImage.framework/Versions/A/vImage
0x0000000006591000 	/System/Library/Frameworks/Accelerate.framework/Versions/A/Frameworks/vecLib.framework/Versions/A/vecLib
0x0000000006591000 	/System/Library/Frameworks/Accelerate.framework/Versions/A/Frameworks/vecLib.framework/Versions/A/libvDSP.dylib
0x0000000006591000 	/System/Library/Frameworks/Accelerate.framework/Versions/A/Frameworks/vecLib.framework/Versions/A/libvMisc.dylib
0x0000000006591000 	/System/Library/Frameworks/Accelerate.framework/Versions/A/Frameworks/vecLib.framework/Versions/A/libLAPACK.dylib
0x0000000006591000 	/System/Library/Frameworks/Accelerate.framework/Versions/A/Frameworks/vecLib.framework/Versions/A/libBLAS.dylib
0x0000000006591000 	/System/Library/Frameworks/ImageIO.framework/Versions/A/Resources/libJPEG.dylib
0x0000000006591000 	/System/Library/Frameworks/ImageIO.framework/Versions/A/Resources/libTIFF.dylib
0x0000000006591000 	/System/Library/Frameworks/ImageIO.framework/Versions/A/Resources/libPng.dylib
0x0000000006591000 	/System/Library/Frameworks/ImageIO.framework/Versions/A/Resources/libGIF.dylib
0x0000000006591000 	/System/Library/Frameworks/ImageIO.framework/Versions/A/Resources/libJP2.dylib
0x0000000006591000 	/System/Library/Frameworks/ImageIO.framework/Versions/A/Resources/libRadiance.dylib
0x0000000006591000 	/usr/lib/libcups.2.dylib
0x0000000006591000 	/System/Library/Frameworks/Kerberos.framework/Versions/A/Kerberos
0x0000000006591000 	/System/Library/Frameworks/GSS.framework/Versions/A/GSS
0x0000000006591000 	/usr/lib/libresolv.9.dylib
0x0000000006591000 	/usr/lib/libiconv.2.dylib
0x0000000006591000 	/System/Library/PrivateFrameworks/Heimdal.framework/Versions/A/Heimdal
0x0000000006591000 	/System/Library/PrivateFrameworks/TrustEvaluationAgent.framework/Versions/A/TrustEvaluationAgent
0x0000000006591000 	/System/Library/Frameworks/OpenDirectory.framework/Versions/A/OpenDirectory
0x0000000006591000 	/System/Library/PrivateFrameworks/CommonAuth.framework/Versions/A/CommonAuth
0x0000000006591000 	/System/Library/PrivateFrameworks/Bom.framework/Versions/A/Bom
0x0000000006591000 	/System/Library/Frameworks/CoreVideo.framework/Versions/A/CoreVideo
0x0000000006591000 	/System/Library/Frameworks/QuartzCore.framework/Versions/A/Frameworks/CoreImage.framework/Versions/A/CoreImage
0x0000000006591000 	/System/Library/Frameworks/QuartzCore.framework/Versions/A/Frameworks/ScalableUserInterface.framework/Versions/A/ScalableUserInterface
0x0000000006591000 	/System/Library/Frameworks/OpenGL.framework/Versions/A/Libraries/libGLU.dylib
0x0000000006591000 	/System/Library/Frameworks/OpenGL.framework/Versions/A/Libraries/libGFXShared.dylib
0x0000000006591000 	/System/Library/Frameworks/OpenGL.framework/Versions/A/Libraries/libGL.dylib
0x0000000006591000 	/System/Library/Frameworks/OpenGL.framework/Versions/A/Libraries/libGLImage.dylib
0x0000000006591000 	/System/Library/Frameworks/OpenGL.framework/Versions/A/Libraries/libCVMSPluginSupport.dylib
0x0000000006591000 	/System/Library/Frameworks/OpenGL.framework/Versions/A/Libraries/libCoreVMClient.dylib
0x0000000006591000 	/System/Library/PrivateFrameworks/CrashReporterSupport.framework/Versions/A/CrashReporterSupport
0x0000000006591000 	/System/Library/Frameworks/OpenCL.framework/Versions/A/OpenCL
0x0000000006591000 	/System/Library/PrivateFrameworks/FaceCoreLight.framework/Versions/A/FaceCoreLight
0x0000000006591000 	/System/Library/PrivateFrameworks/AppleFSCompression.framework/Versions/A/AppleFSCompression
0x0000000006591000 	/System/Library/PrivateFrameworks/Ubiquity.framework/Versions/A/Ubiquity
0x0000000006591000 	/System/Library/Frameworks/ServiceManagement.framework/Versions/A/ServiceManagement
0x0000000006591000 	/System/Library/PrivateFrameworks/ChunkingLibrary.framework/Versions/A/ChunkingLibrary
0x0000000006591000 	/System/Library/Frameworks/vecLib.framework/Versions/A/vecLib
0x0000000006591000 	/System/Library/Frameworks/SecurityFoundation.framework/Versions/A/SecurityFoundation
0x0000000006591000 	/System/Library/PrivateFrameworks/CommerceKit.framework/Versions/A/Frameworks/CommerceCore.framework/Versions/A/CommerceCore
0x0000000006591000 	/System/Library/PrivateFrameworks/CoreSymbolication.framework/Versions/A/CoreSymbolication
0x0000000006591000 	/System/Library/PrivateFrameworks/Symbolication.framework/Versions/A/Symbolication
0x0000000006591000 	/System/Library/PrivateFrameworks/DebugSymbols.framework/Versions/A/DebugSymbols
0x00000001093de000 	/Library/Java/JavaVirtualMachines/jdk1.7.0_51.jdk/Contents/Home/jre/lib/server/libjvm.dylib
0x0000000109f34000 	/Library/Java/JavaVirtualMachines/jdk1.7.0_51.jdk/Contents/Home/jre/lib/libverify.dylib
0x0000000109f41000 	/Library/Java/JavaVirtualMachines/jdk1.7.0_51.jdk/Contents/Home/jre/lib/libjava.dylib
0x0000000109ffe000 	/Library/Java/JavaVirtualMachines/jdk1.7.0_51.jdk/Contents/Home/jre/lib/libzip.dylib
0x000000099f7cd000 	/System/Library/Frameworks/JavaVM.framework/Frameworks/JavaRuntimeSupport.framework/JavaRuntimeSupport
0x000000099f7e5000 	/System/Library/Frameworks/JavaVM.framework/Versions/A/Frameworks/JavaNativeFoundation.framework/Versions/A/JavaNativeFoundation
0x000000010d0f2000 	/System/Library/Frameworks/JavaVM.framework/Versions/A/JavaVM
0x0000000006591000 	/System/Library/Frameworks/Carbon.framework/Versions/A/Carbon
0x000000099f7fa000 	/System/Library/PrivateFrameworks/JavaLaunching.framework/Versions/A/JavaLaunching
0x0000000006591000 	/System/Library/Frameworks/Carbon.framework/Versions/A/Frameworks/CommonPanels.framework/Versions/A/CommonPanels
0x0000000006591000 	/System/Library/Frameworks/Carbon.framework/Versions/A/Frameworks/Help.framework/Versions/A/Help
0x0000000006591000 	/System/Library/Frameworks/Carbon.framework/Versions/A/Frameworks/ImageCapture.framework/Versions/A/ImageCapture
0x0000000006591000 	/System/Library/Frameworks/Carbon.framework/Versions/A/Frameworks/OpenScripting.framework/Versions/A/OpenScripting
0x0000000006591000 	/System/Library/Frameworks/Carbon.framework/Versions/A/Frameworks/Print.framework/Versions/A/Print
0x0000000006591000 	/System/Library/Frameworks/Carbon.framework/Versions/A/Frameworks/SecurityHI.framework/Versions/A/SecurityHI
0x000000099fe74000 	/Library/Java/JavaVirtualMachines/jdk1.7.0_51.jdk/Contents/Home/jre/lib/libnio.dylib
0x000000099fe83000 	/Library/Java/JavaVirtualMachines/jdk1.7.0_51.jdk/Contents/Home/jre/lib/./libnet.dylib
0x00000009a023a000 	/Library/Java/JavaVirtualMachines/jdk1.7.0_51.jdk/Contents/Home/jre/lib/libawt.dylib
0x00000009a02e9000 	/Library/Java/JavaVirtualMachines/jdk1.7.0_51.jdk/Contents/Home/jre/lib/./libmlib_image.dylib
0x00000009a03b5000 	/Library/Java/JavaVirtualMachines/jdk1.7.0_51.jdk/Contents/Home/jre/lib/lwawt/liblwawt.dylib
0x00000009a0469000 	/Library/Java/JavaVirtualMachines/jdk1.7.0_51.jdk/Contents/Home/jre/lib/libosxapp.dylib
0x00000009a0483000 	/System/Library/Frameworks/ExceptionHandling.framework/Versions/A/ExceptionHandling
0x0000000006591000 	/System/Library/PrivateFrameworks/CoreServicesInternal.framework/Versions/A/CoreServicesInternal
0x0000000006591000 	/System/Library/PrivateFrameworks/Librarian.framework/Versions/A/Librarian
0x0000000006591000 	/System/Library/Frameworks/ApplicationServices.framework/Versions/A/Frameworks/CoreGraphics.framework/Versions/A/Resources/libCSync.A.dylib
0x0000000006591000 	/System/Library/Frameworks/ApplicationServices.framework/Versions/A/Frameworks/CoreGraphics.framework/Versions/A/Resources/libRIP.A.dylib
0x0000000006591000 	/System/Library/Frameworks/ApplicationServices.framework/Versions/A/Frameworks/CoreGraphics.framework/Versions/A/Resources/libCGXType.A.dylib
0x00000009a4346000 	/System/Library/Frameworks/OpenGL.framework/Resources/GLEngine.bundle/GLEngine
0x00000009a453b000 	/System/Library/Frameworks/OpenGL.framework/Versions/A/Libraries/libGLProgrammability.dylib
0x00000007a46e3000 	/System/Library/Extensions/GeForceGLDriver.bundle/Contents/MacOS/GeForceGLDriver
0x00000009a62c6000 	/System/Library/PrivateFrameworks/GPUSupport.framework/Versions/A/Libraries/libGPUSupport.dylib
0x0000000006591000 	/System/Library/Extensions/GeForceGLDriver.bundle/Contents/MacOS/libclh.dylib
0x00000009a62da000 	/System/Library/Frameworks/OpenGL.framework/Resources//GLRendererFloat.bundle/GLRendererFloat
0x00000009a2610000 	/System/Library/Frameworks/OpenCL.framework/Versions/A/Libraries/libcldcpuengine.dylib
0x0000000006591000 	/System/Library/PrivateFrameworks/DiskImages.framework/Versions/A/DiskImages
0x0000000006591000 	/System/Library/Frameworks/DiscRecording.framework/Versions/A/DiscRecording
0x0000000006591000 	/usr/lib/libcurl.4.dylib
0x0000000006591000 	/System/Library/PrivateFrameworks/MediaKit.framework/Versions/A/MediaKit
0x0000000006591000 	/usr/lib/libssl.0.9.8.dylib
0x0000000006591000 	/usr/lib/libcrypto.0.9.8.dylib
0x0000000006591000 	/System/Library/Frameworks/LDAP.framework/Versions/A/LDAP
0x0000000006591000 	/usr/lib/libsasl2.2.dylib
0x00000009a7069000 	/Library/Java/JavaVirtualMachines/jdk1.7.0_51.jdk/Contents/Home/jre/lib/libfontmanager.dylib
0x00000009a8de8000 	/Library/Java/JavaVirtualMachines/jdk1.7.0_51.jdk/Contents/Home/jre/lib/libjpeg.dylib
0x00000009aa20a000 	/Applications/NetBeans/NetBeans 7.4.app/Contents/Resources/NetBeans/platform/modules/lib/libjnidispatch-340.jnilib
0x000000099ff0f000 	/Library/Java/JavaVirtualMachines/jdk1.7.0_51.jdk/Contents/Home/jre/lib/libosxui.dylib
0x000000099ff49000 	/private/var/folders/jd/hvc_ck5j7n79vc6fpd9wkp845p3dj9/T/jogamp_0000/file_cache/jln4458461071204636604/jln7965493013328583724/libgluegen-rt.jnilib
0x000000099ff4d000 	/private/var/folders/jd/hvc_ck5j7n79vc6fpd9wkp845p3dj9/T/jogamp_0000/file_cache/jln4458461071204636604/jln7965493013328583724/libnativewindow_awt.jnilib
0x000000099ff50000 	/Library/Java/JavaVirtualMachines/jdk1.7.0_51.jdk/Contents/Home/jre/lib/libjawt.dylib
0x000000099ff53000 	/private/var/folders/jd/hvc_ck5j7n79vc6fpd9wkp845p3dj9/T/jogamp_0000/file_cache/jln4458461071204636604/jln7965493013328583724/libnativewindow_macosx.jnilib
0x00000009aedc1000 	/private/var/folders/jd/hvc_ck5j7n79vc6fpd9wkp845p3dj9/T/jogamp_0000/file_cache/jln4458461071204636604/jln7965493013328583724/libjogl_desktop.jnilib
0x0000000006591000 	/System/Library/CoreServices/RawCamera.bundle/Contents/MacOS/RawCamera
0x0000000006591000 	/System/Library/Frameworks/ApplicationServices.framework/Versions/A/Frameworks/ATS.framework/Versions/A/Resources/libTrueTypeScaler.dylib
0x00000009a89f5000 	/Library/Java/JavaVirtualMachines/jdk1.7.0_51.jdk/Contents/Home/jre/lib/libdcpr.dylib
0x00000009a677f000 	/Library/Java/JavaVirtualMachines/jdk1.7.0_51.jdk/Contents/Home/jre/lib/libmanagement.dylib
0x00000009a84ff000 	/Library/Java/JavaVirtualMachines/jdk1.7.0_51.jdk/Contents/Home/jre/lib/libosx.dylib

VM Arguments:
jvm_args: -Djdk.home=/Library/Java/JavaVirtualMachines/jdk1.7.0_51.jdk/Contents/Home -Dnetbeans.dirs=/Users/fosterl/gitfiles/master/janelia-workstation/ConsoleApplication/build/cluster:/Applications/NetBeans/NetBeans 7.4.app/Contents/Resources/NetBeans/platform -Dnetbeans.home=/Applications/NetBeans/NetBeans 7.4.app/Contents/Resources/NetBeans/platform -Dnetbeans.logger.console=true -ea -Dapple.awt.brushMetalLook=false -XX:PermSize=192m -XX:MaxPermSize=1024m -Xms1024m -Xmx32768m -Dnetbeans.exception.report.min.level=9999 -Dnb.forceui=de.javasoft.synthetica.netbeans.SyntheticaLFCustoms -Dplugin.manager.check.interval=EVERY_DAY -Dplugin.manager.check.new.plugins=true -XX:+HeapDumpOnOutOfMemoryError -XX:HeapDumpPath=/Users/fosterl/gitfiles/master/janelia-workstation/ConsoleApplication/ConsoleModule/../build/testuserdir/var/log/heapdump.hprof 
java_command: org.netbeans.Main --cachedir /Users/fosterl/gitfiles/master/janelia-workstation/ConsoleApplication/ConsoleModule/../build/testuserdir/var/cache --userdir /Users/fosterl/gitfiles/master/janelia-workstation/ConsoleApplication/ConsoleModule/../build/testuserdir --branding janeliaws
Launcher Type: SUN_STANDARD

Environment Variables:
PATH=/usr/bin:/bin:/usr/sbin:/sbin
LD_LIBRARY_PATH=/Library/Java/JavaVirtualMachines/jdk1.7.0_51.jdk/Contents/Home/jre/lib/amd64:/Library/Java/JavaVirtualMachines/jdk1.7.0_51.jdk/Contents/Home/jre/lib/i386:/Library/Java/JavaVirtualMachines/jdk1.7.0_51.jdk/Contents/Home/jre/lib/amd64:/Library/Java/JavaVirtualMachines/jdk1.7.0_51.jdk/Contents/Home/jre/lib/i386:
SHELL=/bin/bash
DISPLAY=/tmp/launch-hLo9Zp/org.macosforge.xquartz:0
DYLD_LIBRARY_PATH=/Applications/NetBeans/NetBeans 7.4.app/Contents/Resources/NetBeans/webcommon/bin:

Signal Handlers:
SIGSEGV: [libjvm.dylib+0x525425], sa_mask[0]=0xfffefeff, sa_flags=0x00000043
SIGBUS: [libjvm.dylib+0x525425], sa_mask[0]=0xfffefeff, sa_flags=0x00000042
SIGFPE: [libjvm.dylib+0x41892a], sa_mask[0]=0xfffefeff, sa_flags=0x00000042
SIGPIPE: [libjvm.dylib+0x41892a], sa_mask[0]=0xfffefeff, sa_flags=0x00000042
SIGXFSZ: [libjvm.dylib+0x41892a], sa_mask[0]=0xfffefeff, sa_flags=0x00000042
SIGILL: [libjvm.dylib+0x41892a], sa_mask[0]=0xfffefeff, sa_flags=0x00000042
SIGUSR1: SIG_DFL, sa_mask[0]=0x00000000, sa_flags=0x00000002
SIGUSR2: [libjvm.dylib+0x41841c], sa_mask[0]=0x00000004, sa_flags=0x00000042
SIGHUP: [libjvm.dylib+0x4166ab], sa_mask[0]=0xfffefeff, sa_flags=0x00000042
SIGINT: SIG_IGN, sa_mask[0]=0x00000000, sa_flags=0x00000000
SIGTERM: [libjvm.dylib+0x4166ab], sa_mask[0]=0xfffefeff, sa_flags=0x00000042
SIGQUIT: [libjvm.dylib+0x4166ab], sa_mask[0]=0xfffefeff, sa_flags=0x00000042


---------------  S Y S T E M  ---------------

OS:Bsduname:Darwin 12.5.0 Darwin Kernel Version 12.5.0: Sun Sep 29 13:33:47 PDT 2013; root:xnu-2050.48.12~1/RELEASE_X86_64 x86_64
rlimit: STACK 8192k, CORE 0k, NPROC 709, NOFILE 10240, AS infinity
load average:2.80 2.17 1.88

CPU:total 24 (6 cores per cpu, 2 threads per core) family 6 model 44 stepping 2, cmov, cx8, fxsr, mmx, sse, sse2, sse3, ssse3, sse4.1, sse4.2, popcnt, aes, ht, tsc, tscinvbit, tscinv

Memory: 4k page, physical 67108864k(16777216k free)

/proc/meminfo:


vm_info: Java HotSpot(TM) 64-Bit Server VM (24.51-b03) for bsd-amd64 JRE (1.7.0_51-b13), built on Dec 18 2013 18:45:56 by "java_re" with gcc 4.2.1 (Based on Apple Inc. build 5658) (LLVM build 2336.11.00)

time: Tue Sep 30 16:08:12 2014
elapsed time: 59 seconds

