#
# A fatal error has been detected by the Java Runtime Environment:
#
#  SIGSEGV (0xb) at pc=0x00007fff94311250, pid=55731, tid=49415
#
# JRE version: Java(TM) SE Runtime Environment (7.0_67-b01) (build 1.7.0_67-b01)
# Java VM: Java HotSpot(TM) 64-Bit Server VM (24.65-b04 mixed mode bsd-amd64 compressed oops)
# Problematic frame:
# C  [libobjc.A.dylib+0x6250]  objc_msgSend+0x10
#
# Failed to write core dump. Core dumps have been disabled. To enable core dumping, try "ulimit -c unlimited" before starting Java again
#
# If you would like to submit a bug report, please visit:
#   http://bugreport.sun.com/bugreport/crash.jsp
# The crash happened outside the Java Virtual Machine in native code.
# See problematic frame for where to report the bug.
#

---------------  T H R E A D  ---------------

Current thread (0x00007fb217032000):  JavaThread "Java2D Queue Flusher" daemon [_thread_in_native, id=49415, stack(0x0000000125521000,0x0000000125621000)]

siginfo:si_signo=SIGSEGV: si_errno=0, si_code=0 (SEGV0), si_addr=0x0000000000000000

Registers:
RAX=0x00007fb21207c000, RBX=0x00007fb2170321e8, RCX=0x00007fb21207c058, RDX=0x00000000a1a1a1a1
RSP=0x0000000125620840, RBP=0x0000000125620870, RSI=0x00007fff92a59082, RDI=0x00007fb212b7afc0
R8 =0x0000000000002060, R9 =0x0000000125620770, R10=0x000000010350e7cc, R11=0xf000000000000000
R12=0x00007fb21207c050, R13=0x00000005c071c480, R14=0x00007fb2169a1590, R15=0x00007fb2169affc0
RIP=0x00007fff94311250, EFLAGS=0x0000000000010246, ERR=0x0000000000000000
  TRAPNO=0x000000000000000d

Top of Stack: (sp=0x0000000125620840)
0x0000000125620840:   00007fb21207c000 00000001216de263
0x0000000125620850:   00007fb21698b6e0 0000000000000000
0x0000000125620860:   00007fb217049610 00007fb217032000
0x0000000125620870:   00000001256208f0 00000001216d3bf6
0x0000000125620880:   00000006000de848 00007fb200000010
0x0000000125620890:   0000000100000010 00000005c071c480
0x00000001256208a0:   00000001256208c0 0000000000000064
0x00000001256208b0:   00007fb219004e08 00007fb217049620
0x00000001256208c0:   00007fb200032000 00007fb2170321e8
0x00000001256208d0:   00000005c071c480 0000000000000000
0x00000001256208e0:   0000000125620998 00007fb217032000
0x00000001256208f0:   0000000125620960 000000010350e7f8
0x0000000125620900:   0000000125620960 0000000102bf6175
0x0000000125620910:   0000000100000005 00007fb217032000
0x0000000125620920:   0000000125620920 0000000000000000
0x0000000125620930:   0000000125620998 00000005c071dc68
0x0000000125620940:   0000000000000000 00000005c071c480
0x0000000125620950:   0000000000000000 0000000125620980
0x0000000125620960:   00000001256209e0 0000000103502058
0x0000000125620970:   0000000000000000 000000010350acd8
0x0000000125620980:   0000000000000020 00007fb217049600
0x0000000125620990:   00000006000de7d8 00000006000de7c0
0x00000001256209a0:   00000001256209a0 00000005c071c565
0x00000001256209b0:   00000001256209f8 00000005c071dc68
0x00000001256209c0:   0000000000000000 00000005c071c588
0x00000001256209d0:   0000000125620980 0000000125620a00
0x00000001256209e0:   0000000000000000 0000000103a254b8
0x00000001256209f0:   0000000000000020 00000006000de7c0
0x0000000125620a00:   00000006000fd8e0 00000006000fd400
0x0000000125620a10:   00000006000fd400 0000000125620a48
0x0000000125620a20:   0000000000000001 00000001034fc4e7
0x0000000125620a30:   0000000125620ab0 00000001034fc4e7 

Instructions: (pc=0x00007fff94311250)
0x00007fff94311230:   90 90 90 90 90 90 90 90 90 90 90 90 90 90 90 90
0x00007fff94311240:   48 85 ff 74 2b 40 f6 c7 01 2e 75 3b 4c 8b 1f 50
0x00007fff94311250:   4d 8b 53 10 89 f0 41 23 02 4d 8b 5c c2 10 ff c0
0x00007fff94311260:   4d 85 db 74 36 49 3b 33 75 ec 58 41 ff 63 10 90 

Register to memory mapping:

RAX=0x00007fb21207c000 is an unknown value
RBX=0x00007fb2170321e8 is an unknown value
RCX=0x00007fb21207c058 is an unknown value
RDX=0x00000000a1a1a1a1 is an unknown value
RSP=0x0000000125620840 is pointing into the stack for thread: 0x00007fb217032000
RBP=0x0000000125620870 is pointing into the stack for thread: 0x00007fb217032000
RSI=0x00007fff92a59082: NSAppKitVersionNumber+0x144a2 in /System/Library/Frameworks/AppKit.framework/Versions/C/AppKit at 0x00007fff920c8000
RDI=0x00007fb212b7afc0 is an unknown value
R8 =0x0000000000002060 is an unknown value
R9 =0x0000000125620770 is pointing into the stack for thread: 0x00007fb217032000
R10=0x000000010350e7cc is at code_begin+620 in an Interpreter codelet
method entry point (kind = native)  [0x000000010350e560, 0x000000010350eda0]  2112 bytes
R11=0xf000000000000000 is an unknown value
R12=0x00007fb21207c050 is an unknown value
R13=0x00000005c071c480 is an oop
{method} 
 - klass: {other class}
R14=0x00007fb2169a1590 is an unknown value
R15=0x00007fb2169affc0 is an unknown value


Stack: [0x0000000125521000,0x0000000125621000],  sp=0x0000000125620840,  free space=1022k
Native frames: (J=compiled Java code, j=interpreted, Vv=VM code, C=native code)
C  [libobjc.A.dylib+0x6250]  objc_msgSend+0x10
C  [liblwawt.dylib+0x7bf6]  Java_sun_java2d_opengl_OGLRenderQueue_flushBuffer+0x63a
j  sun.java2d.opengl.OGLRenderQueue.flushBuffer(JI)V+0
j  sun.java2d.opengl.OGLRenderQueue.flushBuffer()V+21
J 1825% C2 sun.java2d.opengl.OGLRenderQueue$QueueFlusher.run()V (234 bytes) @ 0x0000000103a254b8 [0x0000000103a25260+0x258]
v  ~StubRoutines::call_stub
V  [libjvm.dylib+0x2daef8]
V  [libjvm.dylib+0x2db40f]
V  [libjvm.dylib+0x2db54c]
V  [libjvm.dylib+0x32a41e]
V  [libjvm.dylib+0x4f5855]
V  [libjvm.dylib+0x4f6f5d]
V  [libjvm.dylib+0x420772]
C  [libsystem_c.dylib+0x14772]  _pthread_start+0x147
C  [libsystem_c.dylib+0x11a1]  thread_start+0xd

Java frames: (J=compiled Java code, j=interpreted, Vv=VM code)
j  sun.java2d.opengl.OGLRenderQueue.flushBuffer(JI)V+0
j  sun.java2d.opengl.OGLRenderQueue.flushBuffer()V+21
J 1825% C2 sun.java2d.opengl.OGLRenderQueue$QueueFlusher.run()V (234 bytes) @ 0x0000000103a254b8 [0x0000000103a25260+0x258]
v  ~StubRoutines::call_stub

---------------  P R O C E S S  ---------------

Java Threads: ( => current thread )
  0x00007fb20721a800 JavaThread "qtp594658085-208" [_thread_blocked, id=61959, stack(0x0000000137035000,0x0000000137135000)]
  0x00007fb20904b000 JavaThread "GC Daemon" daemon [_thread_blocked, id=61703, stack(0x000000012a4ec000,0x000000012a5ec000)]
  0x00007fb2090e0800 JavaThread "RMI RenewClean-[foster-ws.janelia.priv:1198]" daemon [_thread_blocked, id=61191, stack(0x000000012a3e9000,0x000000012a4e9000)]
  0x00007fb209003000 JavaThread "On Start/Stop" daemon [_thread_blocked, id=100879, stack(0x0000000136b74000,0x0000000136c74000)]
  0x00007fb2090e2800 JavaThread "Inactive RequestProcessor thread [Was:org.netbeans.core.network.proxy.NbProxySelector/org.netbeans.core.network.proxy.NbProxySelector$DnsTimeoutTask]" daemon [_thread_blocked, id=99339, stack(0x0000000136a71000,0x0000000136b71000)]
  0x00007fb207218800 JavaThread "sampler-awt" daemon [_thread_blocked, id=98823, stack(0x0000000135ac5000,0x0000000135bc5000)]
  0x00007fb20d000000 JavaThread "Nb Exit" daemon [_thread_blocked, id=112143, stack(0x000000013a318000,0x000000013a418000)]
  0x00007fb20d01a000 JavaThread "qtp594658085-196" [_thread_blocked, id=83335, stack(0x000000012c78e000,0x000000012c88e000)]
  0x00007fb21214f000 JavaThread "pool-6-thread-10" [_thread_blocked, id=111107, stack(0x000000013991f000,0x0000000139a1f000)]
  0x00007fb21214e000 JavaThread "pool-6-thread-9" [_thread_blocked, id=110595, stack(0x000000013981c000,0x000000013991c000)]
  0x00007fb21214d800 JavaThread "pool-6-thread-8" [_thread_blocked, id=110083, stack(0x0000000139719000,0x0000000139819000)]
  0x00007fb21214c800 JavaThread "pool-6-thread-7" [_thread_blocked, id=109571, stack(0x00000001380f6000,0x00000001381f6000)]
  0x00007fb21250d800 JavaThread "pool-6-thread-6" [_thread_blocked, id=108815, stack(0x0000000137ff3000,0x00000001380f3000)]
  0x00007fb21250c800 JavaThread "pool-6-thread-5" [_thread_blocked, id=99595, stack(0x0000000137ef0000,0x0000000137ff0000)]
  0x00007fb21250c000 JavaThread "pool-6-thread-4" [_thread_blocked, id=90899, stack(0x0000000136f32000,0x0000000137032000)]
  0x00007fb21250b000 JavaThread "pool-6-thread-3" [_thread_blocked, id=99983, stack(0x0000000136e2f000,0x0000000136f2f000)]
  0x00007fb21250a800 JavaThread "pool-6-thread-2" [_thread_blocked, id=108295, stack(0x0000000136170000,0x0000000136270000)]
  0x00007fb2124f4800 JavaThread "pool-6-thread-1" [_thread_blocked, id=27407, stack(0x00000001359c2000,0x0000000135ac2000)]
  0x00007fb21624a800 JavaThread "SyntheticaAnimation 70" daemon [_thread_blocked, id=84767, stack(0x0000000130378000,0x0000000130478000)]
  0x00007fb20708d000 JavaThread "pool-5-thread-10" [_thread_blocked, id=98307, stack(0x000000013e46a000,0x000000013e56a000)]
  0x00007fb20708c800 JavaThread "pool-5-thread-9" [_thread_blocked, id=97795, stack(0x000000013e298000,0x000000013e398000)]
  0x00007fb20708b800 JavaThread "pool-5-thread-8" [_thread_blocked, id=97283, stack(0x000000013e195000,0x000000013e295000)]
  0x00007fb20708b000 JavaThread "pool-5-thread-7" [_thread_blocked, id=96771, stack(0x000000013e092000,0x000000013e192000)]
  0x00007fb213c0f000 JavaThread "pool-5-thread-6" [_thread_blocked, id=96259, stack(0x000000013df8f000,0x000000013e08f000)]
  0x00007fb213bfb800 JavaThread "pool-5-thread-5" [_thread_blocked, id=95747, stack(0x000000013de8c000,0x000000013df8c000)]
  0x00007fb213bfb000 JavaThread "pool-5-thread-4" [_thread_blocked, id=95235, stack(0x000000013dd89000,0x000000013de89000)]
  0x00007fb213bb9000 JavaThread "pool-5-thread-3" [_thread_blocked, id=94215, stack(0x000000013dc86000,0x000000013dd86000)]
  0x00007fb213bb8800 JavaThread "pool-5-thread-2" [_thread_blocked, id=85255, stack(0x000000013d6f0000,0x000000013d7f0000)]
  0x00007fb213b96000 JavaThread "pool-5-thread-1" [_thread_blocked, id=47391, stack(0x000000013d5ed000,0x000000013d6ed000)]
  0x00007fb213bd5000 JavaThread "Timer-1" daemon [_thread_blocked, id=94471, stack(0x000000013d4ea000,0x000000013d5ea000)]
  0x00007fb213881800 JavaThread "Timer-0" [_thread_blocked, id=58895, stack(0x000000013abe9000,0x000000013ace9000)]
  0x00007fb21307d000 JavaThread "SyntheticaAnimation 30" daemon [_thread_blocked, id=64775, stack(0x0000000134143000,0x0000000134243000)]
  0x00007fb214980000 JavaThread "SyntheticaAnimation 60" daemon [_thread_blocked, id=56855, stack(0x00000001338a8000,0x00000001339a8000)]
  0x00007fb215b17000 JavaThread "SwingWorker-pool-4-thread-10" daemon [_thread_blocked, id=86039, stack(0x0000000135fea000,0x00000001360ea000)]
  0x00007fb21a5df000 JavaThread "SwingWorker-pool-4-thread-9" daemon [_thread_blocked, id=56339, stack(0x0000000127402000,0x0000000127502000)]
  0x00007fb21a008800 JavaThread "SwingWorker-pool-4-thread-8" daemon [_thread_blocked, id=56587, stack(0x00000001272ff000,0x00000001273ff000)]
  0x00007fb21853f000 JavaThread "SyntheticaAnimation 50" daemon [_thread_blocked, id=85771, stack(0x00000001332db000,0x00000001333db000)]
  0x00007fb217031000 JavaThread "DestroyJavaVM" [_thread_blocked, id=6403, stack(0x0000000103327000,0x0000000103427000)]
  0x00007fb213a81000 JavaThread "Thread-28" daemon [_thread_blocked, id=84227, stack(0x000000012fc55000,0x000000012fd55000)]
  0x00007fb212460000 JavaThread "SwingWorker-pool-4-thread-7" daemon [_thread_blocked, id=83731, stack(0x000000012fb52000,0x000000012fc52000)]
  0x00007fb21219f800 JavaThread "SwingWorker-pool-4-thread-6" daemon [_thread_blocked, id=82691, stack(0x000000012f6e7000,0x000000012f7e7000)]
  0x00007fb21b0a4800 JavaThread "SwingWorker-pool-4-thread-5" daemon [_thread_blocked, id=82179, stack(0x000000012f5e4000,0x000000012f6e4000)]
  0x00007fb21b0aa000 JavaThread "SwingWorker-pool-4-thread-4" daemon [_thread_blocked, id=81667, stack(0x000000012f4e1000,0x000000012f5e1000)]
  0x00007fb2125a1800 JavaThread "SwingWorker-pool-4-thread-3" daemon [_thread_blocked, id=79887, stack(0x000000012f19a000,0x000000012f29a000)]
  0x00007fb2121ee800 JavaThread "SwingWorker-pool-4-thread-2" daemon [_thread_blocked, id=78359, stack(0x000000012e7e2000,0x000000012e8e2000)]
  0x00007fb2190f4800 JavaThread "TimerQueue" daemon [_thread_blocked, id=77571, stack(0x000000012e6df000,0x000000012e7df000)]
  0x00007fb212126000 JavaThread "SwingWorker-pool-4-thread-1" daemon [_thread_blocked, id=75527, stack(0x000000012e2d3000,0x000000012e3d3000)]
  0x00007fb21244d800 JavaThread "qtp594658085-46 Acceptor5 SelectChannelConnector@0.0.0.0:40001" [_thread_blocked, id=75011, stack(0x000000012e1d0000,0x000000012e2d0000)]
  0x00007fb21a170000 JavaThread "RMI Scheduler(0)" daemon [_thread_blocked, id=74499, stack(0x000000012e0cd000,0x000000012e1cd000)]
  0x00007fb2183f2800 JavaThread "Thread-19" daemon [_thread_blocked, id=72963, stack(0x000000012ddc4000,0x000000012dec4000)]
  0x00007fb21a1be000 JavaThread "qtp594658085-41 Acceptor4 SelectChannelConnector@0.0.0.0:40001" [_thread_blocked, id=72451, stack(0x000000012dcc1000,0x000000012ddc1000)]
  0x00007fb21a38b000 JavaThread "qtp594658085-40 Acceptor3 SelectChannelConnector@0.0.0.0:40001" [_thread_blocked, id=71939, stack(0x000000012dbbe000,0x000000012dcbe000)]
  0x00007fb21a00f800 JavaThread "qtp594658085-39 Acceptor1 SelectChannelConnector@0.0.0.0:40001" [_thread_in_native, id=71427, stack(0x000000012dabb000,0x000000012dbbb000)]
  0x00007fb21a229000 JavaThread "qtp594658085-38 Acceptor2 SelectChannelConnector@0.0.0.0:40001" [_thread_blocked, id=70915, stack(0x000000012d9b8000,0x000000012dab8000)]
  0x00007fb21a236800 JavaThread "qtp594658085-37 Acceptor0 SelectChannelConnector@0.0.0.0:40001" [_thread_blocked, id=70403, stack(0x000000012d8b5000,0x000000012d9b5000)]
  0x00007fb21a25c000 JavaThread "qtp594658085-36 Selector4" [_thread_in_native, id=69891, stack(0x000000012d7b2000,0x000000012d8b2000)]
  0x00007fb21a2ee800 JavaThread "qtp594658085-35 Selector5" [_thread_in_native, id=69379, stack(0x000000012d6af000,0x000000012d7af000)]
  0x00007fb21a0de000 JavaThread "qtp594658085-34 Selector3" [_thread_in_native, id=68867, stack(0x000000012d5ac000,0x000000012d6ac000)]
  0x00007fb21a051000 JavaThread "qtp594658085-33 Selector1" [_thread_in_native, id=68355, stack(0x000000012d4a9000,0x000000012d5a9000)]
  0x00007fb21a25f000 JavaThread "qtp594658085-32 Selector2" [_thread_in_native, id=67843, stack(0x000000012d3a6000,0x000000012d4a6000)]
  0x00007fb21a35e800 JavaThread "qtp594658085-31 Selector0" [_thread_in_native, id=67331, stack(0x000000012d2a3000,0x000000012d3a3000)]
  0x00007fb21a0e6800 JavaThread "Thread-7" daemon [_thread_in_native, id=66819, stack(0x000000012d1a0000,0x000000012d2a0000)]
  0x00007fb21a2b1800 JavaThread "server-timer" daemon [_thread_blocked, id=66307, stack(0x000000012d09d000,0x000000012d19d000)]
  0x00007fb21a15e800 JavaThread "Thread-5" daemon [_thread_in_native, id=65287, stack(0x000000012cc0d000,0x000000012cd0d000)]
  0x00007fb21809b000 JavaThread "SyntheticaCleanerThread" daemon [_thread_blocked, id=65795, stack(0x000000012cf00000,0x000000012d000000)]
  0x00007fb219068000 JavaThread "AWT-EventQueue-0" [_thread_blocked, id=53507, stack(0x00000001267a6000,0x00000001268a6000)]
  0x00007fb217000800 JavaThread "Java2D Disposer" daemon [_thread_blocked, id=52483, stack(0x0000000126060000,0x0000000126160000)]
=>0x00007fb217032000 JavaThread "Java2D Queue Flusher" daemon [_thread_in_native, id=49415, stack(0x0000000125521000,0x0000000125621000)]
  0x00007fb21700e000 JavaThread "RequestProcessor queue manager" daemon [_thread_blocked, id=48899, stack(0x000000012541e000,0x000000012551e000)]
  0x00007fb219000000 JavaThread "AWT-Shutdown" [_thread_blocked, id=37123, stack(0x0000000122a2d000,0x0000000122b2d000)]
  0x00007fb2140a8000 JavaThread "AWT-AppKit" daemon [_thread_in_native, id=1799, stack(0x00007fff5cc66000,0x00007fff5d466000)]
  0x00007fb213067000 JavaThread "CLI Requests Server" daemon [_thread_in_native, id=31747, stack(0x000000012144c000,0x000000012154c000)]
  0x00007fb213020000 JavaThread "Active Reference Queue Daemon" daemon [_thread_blocked, id=31235, stack(0x0000000121349000,0x0000000121449000)]
  0x00007fb214023000 JavaThread "Service Thread" daemon [_thread_blocked, id=30211, stack(0x0000000120f2c000,0x000000012102c000)]
  0x00007fb214007800 JavaThread "C2 CompilerThread1" daemon [_thread_blocked, id=29699, stack(0x0000000120e29000,0x0000000120f29000)]
  0x00007fb214007000 JavaThread "C2 CompilerThread0" daemon [_thread_blocked, id=29187, stack(0x0000000120d26000,0x0000000120e26000)]
  0x00007fb21401c800 JavaThread "Signal Dispatcher" daemon [_thread_blocked, id=28675, stack(0x0000000120c23000,0x0000000120d23000)]
  0x00007fb21385a800 JavaThread "Finalizer" daemon [_thread_in_native, id=24067, stack(0x00000001209d3000,0x0000000120ad3000)]
  0x00007fb213859800 JavaThread "Reference Handler" daemon [_thread_blocked, id=23555, stack(0x00000001208d0000,0x00000001209d0000)]

Other Threads:
  0x00007fb213857000 VMThread [stack: 0x00000001207cd000,0x00000001208cd000] [id=23043]
  0x00007fb21401d800 WatcherThread [stack: 0x000000012102f000,0x000000012112f000] [id=30723]

VM state:not at safepoint (normal execution)

VM Mutex/Monitor currently owned by a thread: None

Heap
 PSYoungGen      total 1432064K, used 14126K [0x0000000755500000, 0x00000007f8080000, 0x0000000800000000)
  eden space 1312256K, 1% used [0x0000000755500000,0x00000007562cb998,0x00000007a5680000)
  from space 119808K, 0% used [0x00000007a5680000,0x00000007a5680000,0x00000007acb80000)
  to   space 676864K, 0% used [0x00000007ceb80000,0x00000007ceb80000,0x00000007f8080000)
 ParOldGen       total 3129344K, used 2754902K [0x0000000600000000, 0x00000006bf000000, 0x0000000755500000)
  object space 3129344K, 88% used [0x0000000600000000,0x00000006a8255a50,0x00000006bf000000)
 PSPermGen       total 196608K, used 61990K [0x00000005c0000000, 0x00000005cc000000, 0x0000000600000000)
  object space 196608K, 31% used [0x00000005c0000000,0x00000005c3c89850,0x00000005cc000000)

Card table byte_map: [0x00000001065bc000,0x00000001077bd000] byte_map_base: 0x00000001037bc000

Polling page: 0x0000000103466000

Code Cache  [0x00000001034fc000, 0x0000000103a4c000, 0x00000001064fc000)
 total_blobs=2661 nmethods=1660 adapters=953 free_code_cache=43854Kb largest_free_block=44792896

Compilation events (10 events):
Event: 4596.696 Thread 0x00007fb214007800 nmethod 1861 0x0000000103a1a390 code [0x0000000103a1a4c0, 0x0000000103a1a518]
Event: 4596.696 Thread 0x00007fb214007000 nmethod 1862 0x0000000103a1bd50 code [0x0000000103a1be80, 0x0000000103a1bed8]
Event: 4596.825 Thread 0x00007fb214007000 1863             java.lang.Thread::getId (5 bytes)
Event: 4596.826 Thread 0x00007fb214007000 nmethod 1863 0x0000000103a31d90 code [0x0000000103a31ec0, 0x0000000103a31f18]
Event: 4596.876 Thread 0x00007fb214007800 1864             java.lang.management.ThreadInfo::<init> (235 bytes)
Event: 4596.876 Thread 0x00007fb214007000 1865             java.lang.management.ThreadInfo::initialize (207 bytes)
Event: 4597.818 Thread 0x00007fb214007000 nmethod 1865 0x000000010397b1d0 code [0x000000010397b420, 0x000000010397c410]
Event: 4597.819 Thread 0x00007fb214007000 1866 %           java.util.ArrayList::remove @ 41 (77 bytes)
Event: 4597.825 Thread 0x00007fb214007000 nmethod 1866% 0x0000000103a33150 code [0x0000000103a332e0, 0x0000000103a33688]
Event: 4597.826 Thread 0x00007fb214007000 1867             java.util.HashMap::removeEntryForKey (159 bytes)

GC Heap History (10 events):
Event: 84.674 GC heap before
{Heap before GC invocations=19 (full 4):
 PSYoungGen      total 1772544K, used 1408066K [0x0000000755500000, 0x00000007f6800000, 0x0000000800000000)
  eden space 1116160K, 99% used [0x0000000755500000,0x00000007996d2fa0,0x0000000799700000)
  from space 656384K, 44% used [0x00000007ce700000,0x00000007e043db30,0x00000007f6800000)
  to   space 762368K, 0% used [0x0000000799700000,0x0000000799700000,0x00000007c7f80000)
 ParOldGen       total 2302464K, used 1926237K [0x0000000600000000, 0x000000068c880000, 0x0000000755500000)
  object space 2302464K, 83% used [0x0000000600000000,0x0000000675917420,0x000000068c880000)
 PSPermGen       total 196608K, used 61606K [0x00000005c0000000, 0x00000005cc000000, 0x0000000600000000)
  object space 196608K, 31% used [0x00000005c0000000,0x00000005c3c29a88,0x00000005cc000000)
Event: 85.030 GC heap after
Heap after GC invocations=19 (full 4):
 PSYoungGen      total 1878528K, used 315819K [0x0000000755500000, 0x0000000800000000, 0x0000000800000000)
  eden space 1116160K, 0% used [0x0000000755500000,0x0000000755500000,0x0000000799700000)
  from space 762368K, 41% used [0x0000000799700000,0x00000007acb6acf0,0x00000007c7f80000)
  to   space 721920K, 0% used [0x00000007d3f00000,0x00000007d3f00000,0x0000000800000000)
 ParOldGen       total 2302464K, used 2173134K [0x0000000600000000, 0x000000068c880000, 0x0000000755500000)
  object space 2302464K, 94% used [0x0000000600000000,0x0000000684a33a00,0x000000068c880000)
 PSPermGen       total 196608K, used 61606K [0x00000005c0000000, 0x00000005cc000000, 0x0000000600000000)
  object space 196608K, 31% used [0x00000005c0000000,0x00000005c3c29a88,0x00000005cc000000)
}
Event: 85.030 GC heap before
{Heap before GC invocations=20 (full 5):
 PSYoungGen      total 1878528K, used 315819K [0x0000000755500000, 0x0000000800000000, 0x0000000800000000)
  eden space 1116160K, 0% used [0x0000000755500000,0x0000000755500000,0x0000000799700000)
  from space 762368K, 41% used [0x0000000799700000,0x00000007acb6acf0,0x00000007c7f80000)
  to   space 721920K, 0% used [0x00000007d3f00000,0x00000007d3f00000,0x0000000800000000)
 ParOldGen       total 2302464K, used 2173134K [0x0000000600000000, 0x000000068c880000, 0x0000000755500000)
  object space 2302464K, 94% used [0x0000000600000000,0x0000000684a33a00,0x000000068c880000)
 PSPermGen       total 196608K, used 61606K [0x00000005c0000000, 0x00000005cc000000, 0x0000000600000000)
  object space 196608K, 31% used [0x00000005c0000000,0x00000005c3c29a88,0x00000005cc000000)
Event: 85.635 GC heap after
Heap after GC invocations=20 (full 5):
 PSYoungGen      total 1878528K, used 157578K [0x0000000755500000, 0x0000000800000000, 0x0000000800000000)
  eden space 1116160K, 0% used [0x0000000755500000,0x0000000755500000,0x0000000799700000)
  from space 762368K, 20% used [0x0000000799700000,0x00000007a30e2a20,0x00000007c7f80000)
  to   space 721920K, 0% used [0x00000007d3f00000,0x00000007d3f00000,0x0000000800000000)
 ParOldGen       total 3129344K, used 2301986K [0x0000000600000000, 0x00000006bf000000, 0x0000000755500000)
  object space 3129344K, 73% used [0x0000000600000000,0x000000068c808b88,0x00000006bf000000)
 PSPermGen       total 196608K, used 61606K [0x00000005c0000000, 0x00000005cc000000, 0x0000000600000000)
  object space 196608K, 31% used [0x00000005c0000000,0x00000005c3c29a68,0x00000005cc000000)
}
Event: 183.700 GC heap before
{Heap before GC invocations=21 (full 5):
 PSYoungGen      total 1878528K, used 1273662K [0x0000000755500000, 0x0000000800000000, 0x0000000800000000)
  eden space 1116160K, 99% used [0x0000000755500000,0x00000007996ed1c0,0x0000000799700000)
  from space 762368K, 20% used [0x0000000799700000,0x00000007a30e2a20,0x00000007c7f80000)
  to   space 721920K, 0% used [0x00000007d3f00000,0x00000007d3f00000,0x0000000800000000)
 ParOldGen       total 3129344K, used 2301986K [0x0000000600000000, 0x00000006bf000000, 0x0000000755500000)
  object space 3129344K, 73% used [0x0000000600000000,0x000000068c808b88,0x00000006bf000000)
 PSPermGen       total 196608K, used 61778K [0x00000005c0000000, 0x00000005cc000000, 0x0000000600000000)
  object space 196608K, 31% used [0x00000005c0000000,0x00000005c3c54a60,0x00000005cc000000)
Event: 183.926 GC heap after
Heap after GC invocations=21 (full 5):
 PSYoungGen      total 1916928K, used 311638K [0x0000000755500000, 0x00000007f8d80000, 0x0000000800000000)
  eden space 1312256K, 0% used [0x0000000755500000,0x0000000755500000,0x00000007a5680000)
  from space 604672K, 51% used [0x00000007d3f00000,0x00000007e6f55b50,0x00000007f8d80000)
  to   space 683520K, 0% used [0x00000007a5680000,0x00000007a5680000,0x00000007cf200000)
 ParOldGen       total 3129344K, used 2434253K [0x0000000600000000, 0x00000006bf000000, 0x0000000755500000)
  object space 3129344K, 77% used [0x0000000600000000,0x0000000694933458,0x00000006bf000000)
 PSPermGen       total 196608K, used 61778K [0x00000005c0000000, 0x00000005cc000000, 0x0000000600000000)
  object space 196608K, 31% used [0x00000005c0000000,0x00000005c3c54a60,0x00000005cc000000)
}
Event: 4596.888 GC heap before
{Heap before GC invocations=22 (full 5):
 PSYoungGen      total 1916928K, used 1333454K [0x0000000755500000, 0x00000007f8d80000, 0x0000000800000000)
  eden space 1312256K, 77% used [0x0000000755500000,0x0000000793addd28,0x00000007a5680000)
  from space 604672K, 51% used [0x00000007d3f00000,0x00000007e6f55b50,0x00000007f8d80000)
  to   space 683520K, 0% used [0x00000007a5680000,0x00000007a5680000,0x00000007cf200000)
 ParOldGen       total 3129344K, used 2434253K [0x0000000600000000, 0x00000006bf000000, 0x0000000755500000)
  object space 3129344K, 77% used [0x0000000600000000,0x0000000694933458,0x00000006bf000000)
 PSPermGen       total 196608K, used 61990K [0x00000005c0000000, 0x00000005cc000000, 0x0000000600000000)
  object space 196608K, 31% used [0x00000005c0000000,0x00000005c3c89bd8,0x00000005cc000000)
Event: 4597.235 GC heap after
Heap after GC invocations=22 (full 5):
 PSYoungGen      total 1432064K, used 119779K [0x0000000755500000, 0x00000007f8080000, 0x0000000800000000)
  eden space 1312256K, 0% used [0x0000000755500000,0x0000000755500000,0x00000007a5680000)
  from space 119808K, 99% used [0x00000007a5680000,0x00000007acb78c48,0x00000007acb80000)
  to   space 676864K, 0% used [0x00000007ceb80000,0x00000007ceb80000,0x00000007f8080000)
 ParOldGen       total 3129344K, used 2690312K [0x0000000600000000, 0x00000006bf000000, 0x0000000755500000)
  object space 3129344K, 85% used [0x0000000600000000,0x00000006a43422b8,0x00000006bf000000)
 PSPermGen       total 196608K, used 61990K [0x00000005c0000000, 0x00000005cc000000, 0x0000000600000000)
  object space 196608K, 31% used [0x00000005c0000000,0x00000005c3c89bd8,0x00000005cc000000)
}
Event: 4597.235 GC heap before
{Heap before GC invocations=23 (full 6):
 PSYoungGen      total 1432064K, used 119779K [0x0000000755500000, 0x00000007f8080000, 0x0000000800000000)
  eden space 1312256K, 0% used [0x0000000755500000,0x0000000755500000,0x00000007a5680000)
  from space 119808K, 99% used [0x00000007a5680000,0x00000007acb78c48,0x00000007acb80000)
  to   space 676864K, 0% used [0x00000007ceb80000,0x00000007ceb80000,0x00000007f8080000)
 ParOldGen       total 3129344K, used 2690312K [0x0000000600000000, 0x00000006bf000000, 0x0000000755500000)
  object space 3129344K, 85% used [0x0000000600000000,0x00000006a43422b8,0x00000006bf000000)
 PSPermGen       total 196608K, used 61990K [0x00000005c0000000, 0x00000005cc000000, 0x0000000600000000)
  object space 196608K, 31% used [0x00000005c0000000,0x00000005c3c89bd8,0x00000005cc000000)
Event: 4597.815 GC heap after
Heap after GC invocations=23 (full 6):
 PSYoungGen      total 1432064K, used 0K [0x0000000755500000, 0x00000007f8080000, 0x0000000800000000)
  eden space 1312256K, 0% used [0x0000000755500000,0x0000000755500000,0x00000007a5680000)
  from space 119808K, 0% used [0x00000007a5680000,0x00000007a5680000,0x00000007acb80000)
  to   space 676864K, 0% used [0x00000007ceb80000,0x00000007ceb80000,0x00000007f8080000)
 ParOldGen       total 3129344K, used 2754902K [0x0000000600000000, 0x00000006bf000000, 0x0000000755500000)
  object space 3129344K, 88% used [0x0000000600000000,0x00000006a8255a50,0x00000006bf000000)
 PSPermGen       total 196608K, used 61990K [0x00000005c0000000, 0x00000005cc000000, 0x0000000600000000)
  object space 196608K, 31% used [0x00000005c0000000,0x00000005c3c89850,0x00000005cc000000)
}

Deoptimization events (10 events):
Event: 4596.852 Thread 0x00007fb219068000 Uncommon trap: reason=class_check action=maybe_recompile pc=0x0000000103905b90 method=java.lang.Integer.equals(Ljava/lang/Object;)Z @ 1
Event: 4596.852 Thread 0x00007fb219068000 Uncommon trap: reason=class_check action=maybe_recompile pc=0x0000000103905b90 method=java.lang.Integer.equals(Ljava/lang/Object;)Z @ 1
Event: 4596.856 Thread 0x00007fb207218800 Uncommon trap: reason=bimorphic action=maybe_recompile pc=0x0000000103a431e0 method=java.util.AbstractSet.removeAll(Ljava/util/Collection;)Z @ 16
Event: 4596.856 Thread 0x00007fb207218800 Uncommon trap: reason=unreached action=reinterpret pc=0x0000000103a43120 method=java.util.AbstractSet.removeAll(Ljava/util/Collection;)Z @ 28
Event: 4596.857 Thread 0x00007fb219068000 Uncommon trap: reason=unloaded action=reinterpret pc=0x00000001039ee114 method=java.awt.Component.getLocationOnScreen_NoTreeLock()Ljava/awt/Point; @ 94
Event: 4596.859 Thread 0x00007fb209003000 Uncommon trap: reason=class_check action=maybe_recompile pc=0x000000010383ad08 method=java.io.FilterOutputStream.write([B)V @ 5
Event: 4596.887 Thread 0x00007fb209003000 Uncommon trap: reason=class_check action=maybe_recompile pc=0x000000010360d040 method=java.io.ObjectInputStream$PeekInputStream.read([BII)I @ 50
Event: 4596.887 Thread 0x00007fb209003000 Uncommon trap: reason=unloaded action=reinterpret pc=0x00000001038637a4 method=org.netbeans.TopSecurityManager.checkMemberAccess(Ljava/lang/Class;I)V @ 75
Event: 4597.820 Thread 0x00007fb209003000 Uncommon trap: reason=class_check action=maybe_recompile pc=0x000000010379c690 method=java.io.DataInputStream.readInt()I @ 4
Event: 4597.822 Thread 0x00007fb209003000 Uncommon trap: reason=class_check action=maybe_recompile pc=0x000000010394a454 method=java.util.Collections$SynchronizedMap.containsKey(Ljava/lang/Object;)Z @ 12

Internal exceptions (10 events):
Event: 4596.169 Thread 0x00007fb219068000 Threw 0x0000000792504fb8 at /HUDSON/workspace/7u-2-build-macosx-x86_64/jdk7u67/1368/hotspot/src/share/vm/prims/jvm.cpp:1244
Event: 4596.170 Thread 0x00007fb219068000 Threw 0x000000079283ef28 at /HUDSON/workspace/7u-2-build-macosx-x86_64/jdk7u67/1368/hotspot/src/share/vm/prims/jvm.cpp:1244
Event: 4596.170 Thread 0x00007fb219068000 Threw 0x00000007928445e8 at /HUDSON/workspace/7u-2-build-macosx-x86_64/jdk7u67/1368/hotspot/src/share/vm/prims/jvm.cpp:1244
Event: 4596.273 Thread 0x00007fb20d000000 Threw 0x000000078bdca280 at /HUDSON/workspace/7u-2-build-macosx-x86_64/jdk7u67/1368/hotspot/src/share/vm/prims/jvm.cpp:1244
Event: 4596.273 Thread 0x00007fb20d000000 Threw 0x000000078bdcc658 at /HUDSON/workspace/7u-2-build-macosx-x86_64/jdk7u67/1368/hotspot/src/share/vm/prims/jvm.cpp:1244
Event: 4596.303 Thread 0x00007fb219068000 Implicit null exception at 0x00000001038468ec to 0x0000000103849def
Event: 4596.851 Thread 0x00007fb219068000 Threw 0x00000007932b63c0 at /HUDSON/workspace/7u-2-build-macosx-x86_64/jdk7u67/1368/hotspot/src/share/vm/prims/jvm.cpp:1244
Event: 4596.851 Thread 0x00007fb219068000 Threw 0x00000007932b8828 at /HUDSON/workspace/7u-2-build-macosx-x86_64/jdk7u67/1368/hotspot/src/share/vm/prims/jvm.cpp:1244
Event: 4596.856 Thread 0x00007fb219068000 Threw 0x000000079378ea88 at /HUDSON/workspace/7u-2-build-macosx-x86_64/jdk7u67/1368/hotspot/src/share/vm/prims/jvm.cpp:1244
Event: 4597.822 Thread 0x00007fb2090e0800 Threw 0x000000075615a080 at /HUDSON/workspace/7u-2-build-macosx-x86_64/jdk7u67/1368/hotspot/src/share/vm/runtime/objectMonitor.cpp:1652

Events (10 events):
Event: 4597.822 Thread 0x00007fb209003000 DEOPT PACKING pc=0x000000010394a454 sp=0x0000000136c72a70
Event: 4597.822 Thread 0x00007fb209003000 DEOPT UNPACKING pc=0x0000000103535045 sp=0x0000000136c72a30 mode 2
Event: 4597.823 Executing VM operation: ThreadDump
Event: 4597.823 Executing VM operation: ThreadDump done
Event: 4597.824 Executing VM operation: ThreadDump
Event: 4597.825 Executing VM operation: ThreadDump done
Event: 4597.826 Executing VM operation: ThreadDump
Event: 4597.826 Executing VM operation: ThreadDump done
Event: 4597.827 Executing VM operation: ThreadDump
Event: 4597.828 Executing VM operation: ThreadDump done


Dynamic libraries:
0x0000000008c59000 	/System/Library/Frameworks/Cocoa.framework/Versions/A/Cocoa
0x0000000008c59000 	/System/Library/Frameworks/Security.framework/Versions/A/Security
0x0000000008c59000 	/System/Library/Frameworks/ApplicationServices.framework/Versions/A/ApplicationServices
0x0000000008c59000 	/usr/lib/libz.1.dylib
0x0000000008c59000 	/usr/lib/libSystem.B.dylib
0x0000000008c59000 	/usr/lib/libobjc.A.dylib
0x0000000008c59000 	/System/Library/Frameworks/CoreFoundation.framework/Versions/A/CoreFoundation
0x0000000008c59000 	/System/Library/Frameworks/Foundation.framework/Versions/C/Foundation
0x0000000008c59000 	/System/Library/Frameworks/AppKit.framework/Versions/C/AppKit
0x0000000008c59000 	/System/Library/Frameworks/CoreData.framework/Versions/A/CoreData
0x0000000008c59000 	/System/Library/PrivateFrameworks/RemoteViewServices.framework/Versions/A/RemoteViewServices
0x0000000008c59000 	/System/Library/Frameworks/AudioToolbox.framework/Versions/A/AudioToolbox
0x0000000008c59000 	/System/Library/Frameworks/AudioUnit.framework/Versions/A/AudioUnit
0x0000000008c59000 	/System/Library/PrivateFrameworks/DataDetectorsCore.framework/Versions/A/DataDetectorsCore
0x0000000008c59000 	/System/Library/PrivateFrameworks/DesktopServicesPriv.framework/Versions/A/DesktopServicesPriv
0x0000000008c59000 	/System/Library/Frameworks/Carbon.framework/Versions/A/Frameworks/HIToolbox.framework/Versions/A/HIToolbox
0x0000000008c59000 	/System/Library/Frameworks/QuartzCore.framework/Versions/A/QuartzCore
0x0000000008c59000 	/System/Library/Frameworks/Carbon.framework/Versions/A/Frameworks/SpeechRecognition.framework/Versions/A/SpeechRecognition
0x0000000008c59000 	/usr/lib/libauto.dylib
0x0000000008c59000 	/usr/lib/libicucore.A.dylib
0x0000000008c59000 	/usr/lib/libxml2.2.dylib
0x0000000008c59000 	/System/Library/PrivateFrameworks/CoreUI.framework/Versions/A/CoreUI
0x0000000008c59000 	/System/Library/Frameworks/CoreAudio.framework/Versions/A/CoreAudio
0x0000000008c59000 	/System/Library/Frameworks/DiskArbitration.framework/Versions/A/DiskArbitration
0x0000000008c59000 	/usr/lib/liblangid.dylib
0x0000000008c59000 	/System/Library/PrivateFrameworks/MultitouchSupport.framework/Versions/A/MultitouchSupport
0x0000000008c59000 	/System/Library/Frameworks/IOKit.framework/Versions/A/IOKit
0x0000000008c59000 	/usr/lib/libDiagnosticMessagesClient.dylib
0x0000000008c59000 	/System/Library/Frameworks/CoreServices.framework/Versions/A/CoreServices
0x0000000008c59000 	/System/Library/PrivateFrameworks/PerformanceAnalysis.framework/Versions/A/PerformanceAnalysis
0x0000000008c59000 	/System/Library/PrivateFrameworks/GenerationalStorage.framework/Versions/A/GenerationalStorage
0x0000000008c59000 	/System/Library/Frameworks/OpenGL.framework/Versions/A/OpenGL
0x0000000008c59000 	/System/Library/Frameworks/CoreText.framework/Versions/A/CoreText
0x0000000008c59000 	/System/Library/Frameworks/ImageIO.framework/Versions/A/ImageIO
0x0000000008c59000 	/System/Library/PrivateFrameworks/Backup.framework/Versions/A/Backup
0x0000000008c59000 	/System/Library/Frameworks/CFNetwork.framework/Versions/A/CFNetwork
0x0000000008c59000 	/System/Library/Frameworks/SystemConfiguration.framework/Versions/A/SystemConfiguration
0x0000000008c59000 	/usr/lib/libCRFSuite.dylib
0x0000000008c59000 	/System/Library/PrivateFrameworks/TCC.framework/Versions/A/TCC
0x0000000008c59000 	/usr/lib/libc++.1.dylib
0x0000000008c59000 	/usr/lib/libc++abi.dylib
0x0000000008c59000 	/usr/lib/system/libcache.dylib
0x0000000008c59000 	/usr/lib/system/libcommonCrypto.dylib
0x0000000008c59000 	/usr/lib/system/libcompiler_rt.dylib
0x0000000008c59000 	/usr/lib/system/libcopyfile.dylib
0x0000000008c59000 	/usr/lib/system/libdispatch.dylib
0x0000000008c59000 	/usr/lib/system/libdnsinfo.dylib
0x0000000008c59000 	/usr/lib/system/libdyld.dylib
0x0000000008c59000 	/usr/lib/system/libkeymgr.dylib
0x0000000008c59000 	/usr/lib/system/liblaunch.dylib
0x0000000008c59000 	/usr/lib/system/libmacho.dylib
0x0000000008c59000 	/usr/lib/system/libquarantine.dylib
0x0000000008c59000 	/usr/lib/system/libremovefile.dylib
0x0000000008c59000 	/usr/lib/system/libsystem_blocks.dylib
0x0000000008c59000 	/usr/lib/system/libsystem_c.dylib
0x0000000008c59000 	/usr/lib/system/libsystem_dnssd.dylib
0x0000000008c59000 	/usr/lib/system/libsystem_info.dylib
0x0000000008c59000 	/usr/lib/system/libsystem_kernel.dylib
0x0000000008c59000 	/usr/lib/system/libsystem_m.dylib
0x0000000008c59000 	/usr/lib/system/libsystem_network.dylib
0x0000000008c59000 	/usr/lib/system/libsystem_notify.dylib
0x0000000008c59000 	/usr/lib/system/libsystem_sandbox.dylib
0x0000000008c59000 	/usr/lib/system/libunc.dylib
0x0000000008c59000 	/usr/lib/system/libunwind.dylib
0x0000000008c59000 	/usr/lib/system/libxpc.dylib
0x0000000008c59000 	/usr/lib/system/libcorecrypto.dylib
0x0000000008c59000 	/usr/lib/libstdc++.6.dylib
0x0000000008c59000 	/usr/lib/libbsm.0.dylib
0x0000000008c59000 	/usr/lib/libsqlite3.dylib
0x0000000008c59000 	/usr/lib/libxar.1.dylib
0x0000000008c59000 	/usr/lib/libpam.2.dylib
0x0000000008c59000 	/usr/lib/libOpenScriptingUtil.dylib
0x0000000008c59000 	/usr/lib/libbz2.1.0.dylib
0x0000000008c59000 	/System/Library/Frameworks/CoreServices.framework/Versions/A/Frameworks/CarbonCore.framework/Versions/A/CarbonCore
0x0000000008c59000 	/System/Library/Frameworks/CoreServices.framework/Versions/A/Frameworks/Metadata.framework/Versions/A/Metadata
0x0000000008c59000 	/System/Library/Frameworks/CoreServices.framework/Versions/A/Frameworks/OSServices.framework/Versions/A/OSServices
0x0000000008c59000 	/System/Library/Frameworks/CoreServices.framework/Versions/A/Frameworks/SearchKit.framework/Versions/A/SearchKit
0x0000000008c59000 	/System/Library/Frameworks/CoreServices.framework/Versions/A/Frameworks/AE.framework/Versions/A/AE
0x0000000008c59000 	/System/Library/Frameworks/CoreServices.framework/Versions/A/Frameworks/LaunchServices.framework/Versions/A/LaunchServices
0x0000000008c59000 	/System/Library/Frameworks/CoreServices.framework/Versions/A/Frameworks/DictionaryServices.framework/Versions/A/DictionaryServices
0x0000000008c59000 	/System/Library/Frameworks/NetFS.framework/Versions/A/NetFS
0x0000000008c59000 	/usr/lib/system/libkxld.dylib
0x0000000008c59000 	/System/Library/PrivateFrameworks/NetAuth.framework/Versions/A/NetAuth
0x0000000008c59000 	/System/Library/Frameworks/OpenDirectory.framework/Versions/A/Frameworks/CFOpenDirectory.framework/Versions/A/CFOpenDirectory
0x0000000008c59000 	/usr/lib/libxslt.1.dylib
0x0000000008c59000 	/System/Library/PrivateFrameworks/FamilyControls.framework/Versions/A/FamilyControls
0x0000000008c59000 	/System/Library/Frameworks/Carbon.framework/Versions/A/Frameworks/Ink.framework/Versions/A/Ink
0x0000000008c59000 	/System/Library/Frameworks/ApplicationServices.framework/Versions/A/Frameworks/CoreGraphics.framework/Versions/A/CoreGraphics
0x0000000008c59000 	/System/Library/Frameworks/ApplicationServices.framework/Versions/A/Frameworks/ATS.framework/Versions/A/ATS
0x0000000008c59000 	/System/Library/Frameworks/ApplicationServices.framework/Versions/A/Frameworks/ColorSync.framework/Versions/A/ColorSync
0x0000000008c59000 	/System/Library/Frameworks/ApplicationServices.framework/Versions/A/Frameworks/HIServices.framework/Versions/A/HIServices
0x0000000008c59000 	/System/Library/Frameworks/ApplicationServices.framework/Versions/A/Frameworks/LangAnalysis.framework/Versions/A/LangAnalysis
0x0000000008c59000 	/System/Library/Frameworks/ApplicationServices.framework/Versions/A/Frameworks/PrintCore.framework/Versions/A/PrintCore
0x0000000008c59000 	/System/Library/Frameworks/ApplicationServices.framework/Versions/A/Frameworks/QD.framework/Versions/A/QD
0x0000000008c59000 	/System/Library/Frameworks/ApplicationServices.framework/Versions/A/Frameworks/SpeechSynthesis.framework/Versions/A/SpeechSynthesis
0x0000000008c59000 	/System/Library/Frameworks/IOSurface.framework/Versions/A/IOSurface
0x0000000008c59000 	/System/Library/Frameworks/Accelerate.framework/Versions/A/Accelerate
0x0000000008c59000 	/System/Library/Frameworks/ApplicationServices.framework/Versions/A/Frameworks/ATS.framework/Versions/A/Resources/libFontParser.dylib
0x0000000008c59000 	/System/Library/Frameworks/ApplicationServices.framework/Versions/A/Frameworks/ATS.framework/Versions/A/Resources/libFontRegistry.dylib
0x0000000008c59000 	/System/Library/Frameworks/Accelerate.framework/Versions/A/Frameworks/vImage.framework/Versions/A/vImage
0x0000000008c59000 	/System/Library/Frameworks/Accelerate.framework/Versions/A/Frameworks/vecLib.framework/Versions/A/vecLib
0x0000000008c59000 	/System/Library/Frameworks/Accelerate.framework/Versions/A/Frameworks/vecLib.framework/Versions/A/libvDSP.dylib
0x0000000008c59000 	/System/Library/Frameworks/Accelerate.framework/Versions/A/Frameworks/vecLib.framework/Versions/A/libvMisc.dylib
0x0000000008c59000 	/System/Library/Frameworks/Accelerate.framework/Versions/A/Frameworks/vecLib.framework/Versions/A/libLAPACK.dylib
0x0000000008c59000 	/System/Library/Frameworks/Accelerate.framework/Versions/A/Frameworks/vecLib.framework/Versions/A/libBLAS.dylib
0x0000000008c59000 	/System/Library/Frameworks/ImageIO.framework/Versions/A/Resources/libJPEG.dylib
0x0000000008c59000 	/System/Library/Frameworks/ImageIO.framework/Versions/A/Resources/libTIFF.dylib
0x0000000008c59000 	/System/Library/Frameworks/ImageIO.framework/Versions/A/Resources/libPng.dylib
0x0000000008c59000 	/System/Library/Frameworks/ImageIO.framework/Versions/A/Resources/libGIF.dylib
0x0000000008c59000 	/System/Library/Frameworks/ImageIO.framework/Versions/A/Resources/libJP2.dylib
0x0000000008c59000 	/System/Library/Frameworks/ImageIO.framework/Versions/A/Resources/libRadiance.dylib
0x0000000008c59000 	/usr/lib/libcups.2.dylib
0x0000000008c59000 	/System/Library/Frameworks/Kerberos.framework/Versions/A/Kerberos
0x0000000008c59000 	/System/Library/Frameworks/GSS.framework/Versions/A/GSS
0x0000000008c59000 	/usr/lib/libresolv.9.dylib
0x0000000008c59000 	/usr/lib/libiconv.2.dylib
0x0000000008c59000 	/System/Library/PrivateFrameworks/Heimdal.framework/Versions/A/Heimdal
0x0000000008c59000 	/System/Library/PrivateFrameworks/TrustEvaluationAgent.framework/Versions/A/TrustEvaluationAgent
0x0000000008c59000 	/System/Library/Frameworks/OpenDirectory.framework/Versions/A/OpenDirectory
0x0000000008c59000 	/System/Library/PrivateFrameworks/CommonAuth.framework/Versions/A/CommonAuth
0x0000000008c59000 	/System/Library/PrivateFrameworks/Bom.framework/Versions/A/Bom
0x0000000008c59000 	/System/Library/Frameworks/CoreVideo.framework/Versions/A/CoreVideo
0x0000000008c59000 	/System/Library/Frameworks/QuartzCore.framework/Versions/A/Frameworks/CoreImage.framework/Versions/A/CoreImage
0x0000000008c59000 	/System/Library/Frameworks/QuartzCore.framework/Versions/A/Frameworks/ScalableUserInterface.framework/Versions/A/ScalableUserInterface
0x0000000008c59000 	/System/Library/Frameworks/OpenGL.framework/Versions/A/Libraries/libGLU.dylib
0x0000000008c59000 	/System/Library/Frameworks/OpenGL.framework/Versions/A/Libraries/libGFXShared.dylib
0x0000000008c59000 	/System/Library/Frameworks/OpenGL.framework/Versions/A/Libraries/libGL.dylib
0x0000000008c59000 	/System/Library/Frameworks/OpenGL.framework/Versions/A/Libraries/libGLImage.dylib
0x0000000008c59000 	/System/Library/Frameworks/OpenGL.framework/Versions/A/Libraries/libCVMSPluginSupport.dylib
0x0000000008c59000 	/System/Library/Frameworks/OpenGL.framework/Versions/A/Libraries/libCoreVMClient.dylib
0x0000000008c59000 	/System/Library/PrivateFrameworks/CrashReporterSupport.framework/Versions/A/CrashReporterSupport
0x0000000008c59000 	/System/Library/Frameworks/OpenCL.framework/Versions/A/OpenCL
0x0000000008c59000 	/System/Library/PrivateFrameworks/FaceCoreLight.framework/Versions/A/FaceCoreLight
0x0000000008c59000 	/System/Library/PrivateFrameworks/AppleFSCompression.framework/Versions/A/AppleFSCompression
0x0000000008c59000 	/System/Library/PrivateFrameworks/Ubiquity.framework/Versions/A/Ubiquity
0x0000000008c59000 	/System/Library/Frameworks/ServiceManagement.framework/Versions/A/ServiceManagement
0x0000000008c59000 	/System/Library/PrivateFrameworks/ChunkingLibrary.framework/Versions/A/ChunkingLibrary
0x0000000008c59000 	/System/Library/Frameworks/vecLib.framework/Versions/A/vecLib
0x0000000008c59000 	/System/Library/Frameworks/SecurityFoundation.framework/Versions/A/SecurityFoundation
0x0000000008c59000 	/System/Library/PrivateFrameworks/CommerceKit.framework/Versions/A/Frameworks/CommerceCore.framework/Versions/A/CommerceCore
0x0000000008c59000 	/System/Library/PrivateFrameworks/CoreSymbolication.framework/Versions/A/CoreSymbolication
0x0000000008c59000 	/System/Library/PrivateFrameworks/Symbolication.framework/Versions/A/Symbolication
0x0000000008c59000 	/System/Library/PrivateFrameworks/DebugSymbols.framework/Versions/A/DebugSymbols
0x00000001028c7000 	/Library/Java/JavaVirtualMachines/jdk1.7.0_67.jdk/Contents/Home/jre/lib/server/libjvm.dylib
0x0000000103429000 	/Library/Java/JavaVirtualMachines/jdk1.7.0_67.jdk/Contents/Home/jre/lib/libverify.dylib
0x0000000103436000 	/Library/Java/JavaVirtualMachines/jdk1.7.0_67.jdk/Contents/Home/jre/lib/libjava.dylib
0x00000001034f3000 	/Library/Java/JavaVirtualMachines/jdk1.7.0_67.jdk/Contents/Home/jre/lib/libzip.dylib
0x0000000120ad5000 	/System/Library/Frameworks/JavaVM.framework/Frameworks/JavaRuntimeSupport.framework/JavaRuntimeSupport
0x0000000120aed000 	/System/Library/Frameworks/JavaVM.framework/Versions/A/Frameworks/JavaNativeFoundation.framework/Versions/A/JavaNativeFoundation
0x0000000120b02000 	/System/Library/Frameworks/JavaVM.framework/Versions/A/JavaVM
0x0000000008c59000 	/System/Library/Frameworks/Carbon.framework/Versions/A/Carbon
0x0000000120b0f000 	/System/Library/PrivateFrameworks/JavaLaunching.framework/Versions/A/JavaLaunching
0x0000000008c59000 	/System/Library/Frameworks/Carbon.framework/Versions/A/Frameworks/CommonPanels.framework/Versions/A/CommonPanels
0x0000000008c59000 	/System/Library/Frameworks/Carbon.framework/Versions/A/Frameworks/Help.framework/Versions/A/Help
0x0000000008c59000 	/System/Library/Frameworks/Carbon.framework/Versions/A/Frameworks/ImageCapture.framework/Versions/A/ImageCapture
0x0000000008c59000 	/System/Library/Frameworks/Carbon.framework/Versions/A/Frameworks/OpenScripting.framework/Versions/A/OpenScripting
0x0000000008c59000 	/System/Library/Frameworks/Carbon.framework/Versions/A/Frameworks/Print.framework/Versions/A/Print
0x0000000008c59000 	/System/Library/Frameworks/Carbon.framework/Versions/A/Frameworks/SecurityHI.framework/Versions/A/SecurityHI
0x000000012118a000 	/Library/Java/JavaVirtualMachines/jdk1.7.0_67.jdk/Contents/Home/jre/lib/libnio.dylib
0x0000000121199000 	/Library/Java/JavaVirtualMachines/jdk1.7.0_67.jdk/Contents/Home/jre/lib/./libnet.dylib
0x0000000121551000 	/Library/Java/JavaVirtualMachines/jdk1.7.0_67.jdk/Contents/Home/jre/lib/libawt.dylib
0x0000000121600000 	/Library/Java/JavaVirtualMachines/jdk1.7.0_67.jdk/Contents/Home/jre/lib/./libmlib_image.dylib
0x00000001216cc000 	/Library/Java/JavaVirtualMachines/jdk1.7.0_67.jdk/Contents/Home/jre/lib/lwawt/liblwawt.dylib
0x0000000121780000 	/Library/Java/JavaVirtualMachines/jdk1.7.0_67.jdk/Contents/Home/jre/lib/libosxapp.dylib
0x000000012179c000 	/System/Library/Frameworks/ExceptionHandling.framework/Versions/A/ExceptionHandling
0x0000000008c59000 	/System/Library/PrivateFrameworks/CoreServicesInternal.framework/Versions/A/CoreServicesInternal
0x0000000008c59000 	/System/Library/PrivateFrameworks/Librarian.framework/Versions/A/Librarian
0x0000000008c59000 	/System/Library/Frameworks/ApplicationServices.framework/Versions/A/Frameworks/CoreGraphics.framework/Versions/A/Resources/libCSync.A.dylib
0x0000000008c59000 	/System/Library/Frameworks/ApplicationServices.framework/Versions/A/Frameworks/CoreGraphics.framework/Versions/A/Resources/libRIP.A.dylib
0x0000000008c59000 	/System/Library/Frameworks/ApplicationServices.framework/Versions/A/Frameworks/CoreGraphics.framework/Versions/A/Resources/libCGXType.A.dylib
0x0000000125623000 	/System/Library/Frameworks/OpenGL.framework/Resources/GLEngine.bundle/GLEngine
0x0000000125818000 	/System/Library/Frameworks/OpenGL.framework/Versions/A/Libraries/libGLProgrammability.dylib
0x0000000000000000 	/System/Library/Extensions/GeForceGLDriver.bundle/Contents/MacOS/GeForceGLDriver
0x0000000122b91000 	/System/Library/PrivateFrameworks/GPUSupport.framework/Versions/A/Libraries/libGPUSupport.dylib
0x0000000008c59000 	/System/Library/Extensions/GeForceGLDriver.bundle/Contents/MacOS/libclh.dylib
0x00000001259c0000 	/System/Library/Frameworks/OpenGL.framework/Resources//GLRendererFloat.bundle/GLRendererFloat
0x0000000123927000 	/System/Library/Frameworks/OpenCL.framework/Versions/A/Libraries/libcldcpuengine.dylib
0x0000000008c59000 	/System/Library/PrivateFrameworks/DiskImages.framework/Versions/A/DiskImages
0x0000000008c59000 	/System/Library/Frameworks/DiscRecording.framework/Versions/A/DiscRecording
0x0000000008c59000 	/usr/lib/libcurl.4.dylib
0x0000000008c59000 	/System/Library/PrivateFrameworks/MediaKit.framework/Versions/A/MediaKit
0x0000000008c59000 	/usr/lib/libssl.0.9.8.dylib
0x0000000008c59000 	/usr/lib/libcrypto.0.9.8.dylib
0x0000000008c59000 	/System/Library/Frameworks/LDAP.framework/Versions/A/LDAP
0x0000000008c59000 	/usr/lib/libsasl2.2.dylib
0x000000012673e000 	/Library/Java/JavaVirtualMachines/jdk1.7.0_67.jdk/Contents/Home/jre/lib/libfontmanager.dylib
0x0000000128548000 	/Library/Java/JavaVirtualMachines/jdk1.7.0_67.jdk/Contents/Home/jre/lib/libjpeg.dylib
0x0000000121226000 	/Applications/NetBeans/NetBeans 7.4.app/Contents/Resources/NetBeans/platform/modules/lib/libjnidispatch-340.jnilib
0x000000012123c000 	/Library/Java/JavaVirtualMachines/jdk1.7.0_67.jdk/Contents/Home/jre/lib/libosxui.dylib
0x0000000120b1b000 	/private/var/folders/jd/hvc_ck5j7n79vc6fpd9wkp845p3dj9/T/jogamp_0000/file_cache/jln7947750175887801484/jln8736060055693078677/libgluegen-rt.jnilib
0x0000000120b1f000 	/private/var/folders/jd/hvc_ck5j7n79vc6fpd9wkp845p3dj9/T/jogamp_0000/file_cache/jln7947750175887801484/jln8736060055693078677/libnativewindow_awt.jnilib
0x0000000120b22000 	/Library/Java/JavaVirtualMachines/jdk1.7.0_67.jdk/Contents/Home/jre/lib/libjawt.dylib
0x0000000120b25000 	/private/var/folders/jd/hvc_ck5j7n79vc6fpd9wkp845p3dj9/T/jogamp_0000/file_cache/jln7947750175887801484/jln8736060055693078677/libnativewindow_macosx.jnilib
0x000000012cdfd000 	/private/var/folders/jd/hvc_ck5j7n79vc6fpd9wkp845p3dj9/T/jogamp_0000/file_cache/jln7947750175887801484/jln8736060055693078677/libjogl_desktop.jnilib
0x0000000008c59000 	/System/Library/CoreServices/RawCamera.bundle/Contents/MacOS/RawCamera
0x0000000008c59000 	/System/Library/Frameworks/ApplicationServices.framework/Versions/A/Frameworks/ATS.framework/Versions/A/Resources/libTrueTypeScaler.dylib
0x0000000128e7f000 	/Library/Java/JavaVirtualMachines/jdk1.7.0_67.jdk/Contents/Home/jre/lib/libdcpr.dylib
0x0000000123777000 	/Library/Java/JavaVirtualMachines/jdk1.7.0_67.jdk/Contents/Home/jre/lib/libmanagement.dylib
0x0000000127005000 	/Library/Java/JavaVirtualMachines/jdk1.7.0_67.jdk/Contents/Home/jre/lib/libosx.dylib

VM Arguments:
jvm_args: -Djdk.home=/Library/Java/JavaVirtualMachines/jdk1.7.0_67.jdk/Contents/Home -Dnetbeans.dirs=/Users/fosterl/gitfiles/SEMI_AUTO_TRACING/janelia-workstation/ConsoleApplication/build/cluster:/Applications/NetBeans/NetBeans 7.4.app/Contents/Resources/NetBeans/platform -Dnetbeans.home=/Applications/NetBeans/NetBeans 7.4.app/Contents/Resources/NetBeans/platform -Dnetbeans.logger.console=true -ea -Dapple.awt.brushMetalLook=false -XX:PermSize=192m -XX:MaxPermSize=1024m -Xms1024m -Xmx8192m -Dnetbeans.exception.report.min.level=9999 -Dnb.forceui=de.javasoft.synthetica.netbeans.SyntheticaLFCustoms -Dplugin.manager.check.interval=EVERY_DAY -Dplugin.manager.check.new.plugins=true -XX:+HeapDumpOnOutOfMemoryError -XX:HeapDumpPath=/Users/fosterl/gitfiles/SEMI_AUTO_TRACING/janelia-workstation/ConsoleApplication/ConsoleModule/../build/testuserdir/var/log/heapdump.hprof 
java_command: org.netbeans.Main --cachedir /Users/fosterl/gitfiles/SEMI_AUTO_TRACING/janelia-workstation/ConsoleApplication/ConsoleModule/../build/testuserdir/var/cache --userdir /Users/fosterl/gitfiles/SEMI_AUTO_TRACING/janelia-workstation/ConsoleApplication/ConsoleModule/../build/testuserdir --branding janeliaws
Launcher Type: SUN_STANDARD

Environment Variables:
PATH=/usr/bin:/bin:/usr/sbin:/sbin
LD_LIBRARY_PATH=/Library/Java/JavaVirtualMachines/jdk1.7.0_67.jdk/Contents/Home/jre/lib/amd64:/Library/Java/JavaVirtualMachines/jdk1.7.0_67.jdk/Contents/Home/jre/lib/i386:/Library/Java/JavaVirtualMachines/jdk1.7.0_67.jdk/Contents/Home/jre/lib/amd64:/Library/Java/JavaVirtualMachines/jdk1.7.0_67.jdk/Contents/Home/jre/lib/i386:
SHELL=/bin/bash
DISPLAY=/tmp/launch-O47STv/org.macosforge.xquartz:0
DYLD_LIBRARY_PATH=/Applications/NetBeans/NetBeans 7.4.app/Contents/Resources/NetBeans/webcommon/bin:

Signal Handlers:
SIGSEGV: [libjvm.dylib+0x52b6c9], sa_mask[0]=0xfffefeff, sa_flags=0x00000043
SIGBUS: [libjvm.dylib+0x52b6c9], sa_mask[0]=0xfffefeff, sa_flags=0x00000042
SIGFPE: [libjvm.dylib+0x41deaa], sa_mask[0]=0xfffefeff, sa_flags=0x00000042
SIGPIPE: [libjvm.dylib+0x41deaa], sa_mask[0]=0xfffefeff, sa_flags=0x00000042
SIGXFSZ: [libjvm.dylib+0x41deaa], sa_mask[0]=0xfffefeff, sa_flags=0x00000042
SIGILL: [libjvm.dylib+0x41deaa], sa_mask[0]=0xfffefeff, sa_flags=0x00000042
SIGUSR1: SIG_DFL, sa_mask[0]=0x00000000, sa_flags=0x00000002
SIGUSR2: [libjvm.dylib+0x41d99c], sa_mask[0]=0x00000004, sa_flags=0x00000042
SIGHUP: [libjvm.dylib+0x41bc2d], sa_mask[0]=0xfffefeff, sa_flags=0x00000042
SIGINT: SIG_IGN, sa_mask[0]=0x00000000, sa_flags=0x00000000
SIGTERM: [libjvm.dylib+0x41bc2d], sa_mask[0]=0xfffefeff, sa_flags=0x00000042
SIGQUIT: [libjvm.dylib+0x41bc2d], sa_mask[0]=0xfffefeff, sa_flags=0x00000042


---------------  S Y S T E M  ---------------

OS:Bsduname:Darwin 12.5.0 Darwin Kernel Version 12.5.0: Sun Sep 29 13:33:47 PDT 2013; root:xnu-2050.48.12~1/RELEASE_X86_64 x86_64
rlimit: STACK 8192k, CORE 0k, NPROC 709, NOFILE 10240, AS infinity
load average:2.99 1.68 1.43

CPU:total 24 (6 cores per cpu, 2 threads per core) family 6 model 44 stepping 2, cmov, cx8, fxsr, mmx, sse, sse2, sse3, ssse3, sse4.1, sse4.2, popcnt, aes, ht, tsc, tscinvbit, tscinv

Memory: 4k page, physical 67108864k(16777216k free)

/proc/meminfo:


vm_info: Java HotSpot(TM) 64-Bit Server VM (24.65-b04) for bsd-amd64 JRE (1.7.0_67-b01), built on Jul 25 2014 08:51:51 by "java_re" with gcc 4.2.1 (Based on Apple Inc. build 5658) (LLVM build 2336.11.00)

time: Thu Nov 20 16:08:20 2014
elapsed time: 4597 seconds

