#
# A fatal error has been detected by the Java Runtime Environment:
#
#  EXCEPTION_ACCESS_VIOLATION (0xc0000005) at pc=0x0000000026a40c80, pid=6172, tid=1184
#
# JRE version: Java(TM) SE Runtime Environment (7.0_51-b13) (build 1.7.0_51-b13)
# Java VM: Java HotSpot(TM) 64-Bit Server VM (24.51-b03 mixed mode windows-amd64 compressed oops)
# Problematic frame:
# C  [nvoglv64.DLL+0xae0c80]
#
# Failed to write core dump. Minidumps are not enabled by default on client versions of Windows
#
# If you would like to submit a bug report, please visit:
#   http://bugreport.sun.com/bugreport/crash.jsp
# The crash happened outside the Java Virtual Machine in native code.
# See problematic frame for where to report the bug.
#

---------------  T H R E A D  ---------------

Current thread (0x000000001f426800):  JavaThread "AWT-EventQueue-0" [_thread_in_native, id=1184, stack(0x0000000021310000,0x0000000021510000)]

siginfo: ExceptionCode=0xc0000005, reading address 0x0000000000000000

Registers:
RAX=0x0000000000000000, RBX=0x0000000033ad4c78, RCX=0x0000000030d718f0, RDX=0x0000000000000008
RSP=0x000000002150b428, RBP=0x0000000029b0ce00, RSI=0x0000000029043a10, RDI=0x0000000000000002
R8 =0x0000000000000024, R9 =0x0000000000000054, R10=0x0000000000000024, R11=0x0000000025f60000
R12=0x0000000000000001, R13=0x0000000029b0ce00, R14=0x000000002150b4c8, R15=0x0000000000000000
RIP=0x0000000026a40c80, EFLAGS=0x0000000000010202

Top of Stack: (sp=0x000000002150b428)
0x000000002150b428:   0000000026ae8be2 0000000000000000
0x000000002150b438:   0000000000000004 0000000033a80000
0x000000002150b448:   0000000033a80000 0000000000000000
0x000000002150b458:   0000000033ad4918 0000000000000002
0x000000002150b468:   0000000026ae91eb 0000000033ad4c78
0x000000002150b478:   0000000026a40c70 0000000000000004
0x000000002150b488:   0000000026991c11 0000000033ad4c78
0x000000002150b498:   0000000026a40c70 0000000000000002
0x000000002150b4a8:   000000002150b4c8 0000000040971ce0
0x000000002150b4b8:   000000002698d6d4 0000000000000004
0x000000002150b4c8:   0000000030d718f0 0000000040971ce0
0x000000002150b4d8:   1080000000000000 0000000029b0ce00
0x000000002150b4e8:   0000000029b0ce00 0000000000000000
0x000000002150b4f8:   0000000000000001 0000000000000000
0x000000002150b508:   0000000033a80000 0000000000000054
0x000000002150b518:   0000000000001405 00000000000000fc 

Instructions: (pc=0x0000000026a40c80)
0x0000000026a40c60:   48 8b c1 c3 cc cc cc cc cc cc cc cc cc cc cc cc
0x0000000026a40c70:   4d 63 d0 48 83 c2 08 66 0f 1f 84 00 00 00 00 00
0x0000000026a40c80:   8b 42 f8 48 83 c1 0c 89 41 f4 8b 42 fc 89 41 f8
0x0000000026a40c90:   8b 02 49 03 d2 89 41 fc 41 ff c9 75 e3 48 8b c1 


Register to memory mapping:

RAX=0x0000000000000000 is an unknown value
RBX=0x0000000033ad4c78 is an unknown value
RCX=0x0000000030d718f0 is an unknown value
RDX=0x0000000000000008 is an unknown value
RSP=0x000000002150b428 is pointing into the stack for thread: 0x000000001f426800
RBP=0x0000000029b0ce00 is an unknown value
RSI=0x0000000029043a10 is an unknown value
RDI=0x0000000000000002 is an unknown value
R8 =0x0000000000000024 is an unknown value
R9 =0x0000000000000054 is an unknown value
R10=0x0000000000000024 is an unknown value
R11=0x0000000025f60000 is pointing into the stack for thread: 0x0000000022498800
R12=0x0000000000000001 is an unknown value
R13=0x0000000029b0ce00 is an unknown value
R14=0x000000002150b4c8 is pointing into the stack for thread: 0x000000001f426800
R15=0x0000000000000000 is an unknown value


Stack: [0x0000000021310000,0x0000000021510000],  sp=0x000000002150b428,  free space=2029k
Native frames: (J=compiled Java code, j=interpreted, Vv=VM code, C=native code)
C  [nvoglv64.DLL+0xae0c80]

Java frames: (J=compiled Java code, j=interpreted, Vv=VM code)
j  jogamp.opengl.gl4.GL4bcImpl.dispatch_glDrawElements1(IIIJJ)V+0
j  jogamp.opengl.gl4.GL4bcImpl.glDrawElements(IIIJ)V+59
j  org.janelia.it.workstation.gui.viewer3d.axes.AxesActor.display(Ljavax/media/opengl/GLAutoDrawable;)V+321
j  org.janelia.it.workstation.gui.viewer3d.OcclusiveRenderer.display(Ljavax/media/opengl/GLAutoDrawable;)V+309
j  jogamp.opengl.GLDrawableHelper.displayImpl(Ljavax/media/opengl/GLAutoDrawable;)V+81
j  jogamp.opengl.GLDrawableHelper.display(Ljavax/media/opengl/GLAutoDrawable;)V+2
j  javax.media.opengl.awt.GLJPanel$Updater.display(Ljavax/media/opengl/GLAutoDrawable;)V+185
j  javax.media.opengl.awt.GLJPanel$7.run()V+11
j  jogamp.opengl.GLDrawableHelper.invokeGLImpl(Ljavax/media/opengl/GLDrawable;Ljavax/media/opengl/GLContext;Ljava/lang/Runnable;Ljava/lang/Runnable;)V+206
j  jogamp.opengl.GLDrawableHelper.invokeGL(Ljavax/media/opengl/GLDrawable;Ljavax/media/opengl/GLContext;Ljava/lang/Runnable;Ljava/lang/Runnable;)V+80
j  javax.media.opengl.awt.GLJPanel$OffscreenBackend.doPaintComponent(Ljava/awt/Graphics;)V+29
j  javax.media.opengl.awt.GLJPanel.paintComponent(Ljava/awt/Graphics;)V+198
j  javax.swing.JComponent.paint(Ljava/awt/Graphics;)V+286
J  javax.swing.JComponent.paintChildren(Ljava/awt/Graphics;)V
j  javax.swing.JComponent.paint(Ljava/awt/Graphics;)V+318
j  org.janelia.it.workstation.gui.full_skeleton_view.viewer.AnnotationSkeletonPanel.paint(Ljava/awt/Graphics;)V+6
J  javax.swing.JComponent.paintChildren(Ljava/awt/Graphics;)V
j  javax.swing.JComponent.paint(Ljava/awt/Graphics;)V+318
J  javax.swing.JComponent.paintChildren(Ljava/awt/Graphics;)V
j  javax.swing.JComponent.paint(Ljava/awt/Graphics;)V+318
J  javax.swing.JComponent.paintChildren(Ljava/awt/Graphics;)V
j  javax.swing.JComponent.paint(Ljava/awt/Graphics;)V+318
J  javax.swing.JComponent.paintChildren(Ljava/awt/Graphics;)V
j  javax.swing.JComponent.paint(Ljava/awt/Graphics;)V+318
j  org.netbeans.swing.tabcontrol.TabbedContainer.paint(Ljava/awt/Graphics;)V+53
J  javax.swing.JComponent.paintChildren(Ljava/awt/Graphics;)V
j  javax.swing.JComponent.paint(Ljava/awt/Graphics;)V+318
J  javax.swing.JComponent.paintChildren(Ljava/awt/Graphics;)V
j  javax.swing.JComponent.paint(Ljava/awt/Graphics;)V+318
J  javax.swing.JComponent.paintChildren(Ljava/awt/Graphics;)V
j  javax.swing.JComponent.paint(Ljava/awt/Graphics;)V+318
J  javax.swing.JComponent.paintChildren(Ljava/awt/Graphics;)V
j  javax.swing.JComponent.paint(Ljava/awt/Graphics;)V+318
j  javax.swing.JLayeredPane.paint(Ljava/awt/Graphics;)V+73
J  javax.swing.JComponent.paintChildren(Ljava/awt/Graphics;)V
j  javax.swing.JComponent.paint(Ljava/awt/Graphics;)V+318
j  javax.swing.JComponent.paintToOffscreen(Ljava/awt/Graphics;IIIIII)V+41
j  javax.swing.RepaintManager$PaintManager.paintDoubleBuffered(Ljavax/swing/JComponent;Ljava/awt/Image;Ljava/awt/Graphics;IIII)V+163
j  javax.swing.RepaintManager$PaintManager.paint(Ljavax/swing/JComponent;Ljavax/swing/JComponent;Ljava/awt/Graphics;IIII)Z+116
j  javax.swing.RepaintManager.paint(Ljavax/swing/JComponent;Ljavax/swing/JComponent;Ljava/awt/Graphics;IIII)V+52
j  javax.swing.JComponent._paintImmediately(IIII)V+683
j  javax.swing.JComponent.paintImmediately(IIII)V+138
j  javax.swing.RepaintManager$3.run()Ljava/lang/Void;+75
j  javax.swing.RepaintManager$3.run()Ljava/lang/Object;+1
v  ~StubRoutines::call_stub
J  java.security.AccessController.doPrivileged(Ljava/security/PrivilegedAction;Ljava/security/AccessControlContext;)Ljava/lang/Object;
j  java.security.ProtectionDomain$1.doIntersectionPrivilege(Ljava/security/PrivilegedAction;Ljava/security/AccessControlContext;Ljava/security/AccessControlContext;)Ljava/lang/Object;+28
j  javax.swing.RepaintManager.paintDirtyRegions(Ljava/util/Map;)V+154
j  javax.swing.RepaintManager.paintDirtyRegions()V+46
j  javax.swing.RepaintManager.prePaintDirtyRegions()V+73
j  javax.swing.RepaintManager.access$1100(Ljavax/swing/RepaintManager;)V+1
j  javax.swing.RepaintManager$ProcessingRunnable.run()V+37
j  java.awt.event.InvocationEvent.dispatch()V+47
j  java.awt.EventQueue.dispatchEventImpl(Ljava/awt/AWTEvent;Ljava/lang/Object;)V+21
j  java.awt.EventQueue.access$200(Ljava/awt/EventQueue;Ljava/awt/AWTEvent;Ljava/lang/Object;)V+3
j  java.awt.EventQueue$3.run()Ljava/lang/Void;+12
j  java.awt.EventQueue$3.run()Ljava/lang/Object;+1
v  ~StubRoutines::call_stub
J  java.security.AccessController.doPrivileged(Ljava/security/PrivilegedAction;Ljava/security/AccessControlContext;)Ljava/lang/Object;
j  java.security.ProtectionDomain$1.doIntersectionPrivilege(Ljava/security/PrivilegedAction;Ljava/security/AccessControlContext;Ljava/security/AccessControlContext;)Ljava/lang/Object;+28
j  java.awt.EventQueue.dispatchEvent(Ljava/awt/AWTEvent;)V+46
j  org.netbeans.core.TimableEventQueue.dispatchEvent(Ljava/awt/AWTEvent;)V+17
j  java.awt.EventDispatchThread.pumpOneEventForFilters(I)V+245
j  java.awt.EventDispatchThread.pumpEventsForFilter(ILjava/awt/Conditional;Ljava/awt/EventFilter;)V+35
j  java.awt.EventDispatchThread.pumpEventsForHierarchy(ILjava/awt/Conditional;Ljava/awt/Component;)V+11
j  java.awt.EventDispatchThread.pumpEvents(ILjava/awt/Conditional;)V+4
j  java.awt.EventDispatchThread.pumpEvents(Ljava/awt/Conditional;)V+3
j  java.awt.EventDispatchThread.run()V+9
v  ~StubRoutines::call_stub

---------------  P R O C E S S  ---------------

Java Threads: ( => current thread )
  0x0000000023972800 JavaThread "pool-7-thread-10" [_thread_in_native, id=740, stack(0x0000000033380000,0x0000000033580000)]
  0x0000000023972000 JavaThread "pool-7-thread-9" [_thread_in_native, id=9876, stack(0x0000000033180000,0x0000000033380000)]
  0x0000000023971000 JavaThread "pool-7-thread-8" [_thread_in_native, id=5524, stack(0x0000000032f80000,0x0000000033180000)]
  0x0000000023970800 JavaThread "pool-7-thread-7" [_thread_in_native, id=9740, stack(0x0000000032d80000,0x0000000032f80000)]
  0x000000002396f800 JavaThread "pool-7-thread-6" [_thread_in_native, id=8136, stack(0x0000000032b80000,0x0000000032d80000)]
  0x000000002396f000 JavaThread "pool-7-thread-5" [_thread_in_native, id=9616, stack(0x0000000032980000,0x0000000032b80000)]
  0x000000002396e000 JavaThread "pool-7-thread-4" [_thread_in_native, id=10236, stack(0x0000000032780000,0x0000000032980000)]
  0x000000002ba69800 JavaThread "pool-7-thread-3" [_thread_in_native, id=5804, stack(0x0000000032580000,0x0000000032780000)]
  0x000000002ba68800 JavaThread "pool-7-thread-2" [_thread_in_native, id=7444, stack(0x0000000032380000,0x0000000032580000)]
  0x000000002ba68000 JavaThread "pool-7-thread-1" [_thread_in_native, id=6036, stack(0x0000000032180000,0x0000000032380000)]
  0x000000002ba67000 JavaThread "pool-6-thread-10" [_thread_in_native, id=9916, stack(0x0000000031f80000,0x0000000032180000)]
  0x000000002ba66800 JavaThread "pool-6-thread-9" [_thread_in_native, id=6468, stack(0x0000000031d80000,0x0000000031f80000)]
  0x000000002ba65800 JavaThread "pool-6-thread-8" [_thread_in_native, id=8172, stack(0x0000000031b80000,0x0000000031d80000)]
  0x000000002ba65000 JavaThread "pool-6-thread-7" [_thread_in_native, id=8368, stack(0x0000000031980000,0x0000000031b80000)]
  0x000000002ba64000 JavaThread "pool-6-thread-6" [_thread_in_native, id=1252, stack(0x0000000031780000,0x0000000031980000)]
  0x000000002ba63800 JavaThread "pool-6-thread-5" [_thread_in_native, id=4496, stack(0x0000000031580000,0x0000000031780000)]
  0x000000002ba62800 JavaThread "pool-6-thread-4" [_thread_in_native, id=3436, stack(0x0000000031380000,0x0000000031580000)]
  0x000000001f486800 JavaThread "pool-6-thread-3" [_thread_in_native, id=7036, stack(0x0000000031180000,0x0000000031380000)]
  0x0000000023950800 JavaThread "pool-6-thread-2" [_thread_in_native, id=2412, stack(0x0000000030f80000,0x0000000031180000)]
  0x0000000023950000 JavaThread "pool-6-thread-1" [_thread_in_native, id=8900, stack(0x0000000030d80000,0x0000000030f80000)]
  0x000000001f9ab800 JavaThread "Timer-0" [_thread_blocked, id=5832, stack(0x000000002dc00000,0x000000002de00000)]
  0x000000001f9aa000 JavaThread "SyntheticaAnimation 30" daemon [_thread_blocked, id=9392, stack(0x0000000024960000,0x0000000024b60000)]
  0x000000001f47e000 JavaThread "Image Fetcher 3" daemon [_thread_blocked, id=9864, stack(0x0000000024f60000,0x0000000025160000)]
  0x000000002394d800 JavaThread "SyntheticaAnimation 60" daemon [_thread_blocked, id=7332, stack(0x000000002fe80000,0x0000000030080000)]
  0x000000001f488800 JavaThread "Swing-Shell" daemon [_thread_blocked, id=5948, stack(0x000000002fc80000,0x000000002fe80000)]
  0x000000001f488000 JavaThread "SwingWorker-pool-3-thread-10" daemon [_thread_blocked, id=9396, stack(0x000000002fa80000,0x000000002fc80000)]
  0x000000001f487000 JavaThread "SwingWorker-pool-3-thread-9" daemon [_thread_blocked, id=9780, stack(0x000000002f880000,0x000000002fa80000)]
  0x000000001f485800 JavaThread "qtp2131501795-62" [_thread_blocked, id=6436, stack(0x000000002f480000,0x000000002f680000)]
  0x000000001f485000 JavaThread "qtp2131501795-61" [_thread_blocked, id=3008, stack(0x000000002f280000,0x000000002f480000)]
  0x000000001f484000 JavaThread "qtp2131501795-60" [_thread_blocked, id=10100, stack(0x000000002ef80000,0x000000002f180000)]
  0x000000001f483800 JavaThread "qtp2131501795-59" [_thread_blocked, id=7716, stack(0x000000002ed80000,0x000000002ef80000)]
  0x000000001f482800 JavaThread "qtp2131501795-58 Acceptor0 SelectChannelConnector@0.0.0.0:40001" [_thread_in_native, id=9576, stack(0x000000002eb80000,0x000000002ed80000)]
  0x000000001f482000 JavaThread "qtp2131501795-57 Acceptor1 SelectChannelConnector@0.0.0.0:40001" [_thread_blocked, id=3736, stack(0x000000002e980000,0x000000002eb80000)]
  0x000000001f481000 JavaThread "qtp2131501795-56 Selector1" [_thread_in_native, id=8720, stack(0x000000002e780000,0x000000002e980000)]
  0x000000001f480800 JavaThread "qtp2131501795-55 Selector0" [_thread_in_native, id=7304, stack(0x000000002e580000,0x000000002e780000)]
  0x000000001f47f800 JavaThread "Thread-12" daemon [_thread_in_native, id=6940, stack(0x000000002e200000,0x000000002e400000)]
  0x000000001f47f000 JavaThread "server-timer" daemon [_thread_blocked, id=6108, stack(0x000000002e000000,0x000000002e200000)]
  0x000000001f47c800 JavaThread "SwingWorker-pool-3-thread-8" daemon [_thread_blocked, id=7136, stack(0x000000002de00000,0x000000002e000000)]
  0x000000001f47d000 JavaThread "SwingWorker-pool-3-thread-7" daemon [_thread_blocked, id=9632, stack(0x000000002d7f0000,0x000000002d9f0000)]
  0x000000001f47b800 JavaThread "SwingWorker-pool-3-thread-6" daemon [_thread_blocked, id=8592, stack(0x000000002d5f0000,0x000000002d7f0000)]
  0x000000001f9a9800 JavaThread "SwingWorker-pool-3-thread-5" daemon [_thread_blocked, id=8684, stack(0x0000000024b60000,0x0000000024d60000)]
  0x000000001f47a000 JavaThread "SyntheticaAnimation 50" daemon [_thread_blocked, id=9140, stack(0x00000000203a0000,0x00000000205a0000)]
  0x000000001f47b000 JavaThread "SwingWorker-pool-3-thread-4" daemon [_thread_blocked, id=9920, stack(0x000000002d3f0000,0x000000002d5f0000)]
  0x000000001f479800 JavaThread "Flushing caches" [_thread_blocked, id=5428, stack(0x000000002c220000,0x000000002c420000)]
  0x000000002249b800 JavaThread "Thread-8" daemon [_thread_blocked, id=4812, stack(0x000000002aeb0000,0x000000002b0b0000)]
  0x000000002249b000 JavaThread "SwingWorker-pool-3-thread-3" daemon [_thread_blocked, id=9840, stack(0x000000002acb0000,0x000000002aeb0000)]
  0x000000002249a000 JavaThread "SwingWorker-pool-3-thread-2" daemon [_thread_blocked, id=4076, stack(0x000000002aab0000,0x000000002acb0000)]
  0x0000000022499800 JavaThread "TimerQueue" daemon [_thread_blocked, id=9572, stack(0x000000002a2d0000,0x000000002a4d0000)]
  0x0000000022498000 JavaThread "SwingWorker-pool-3-thread-1" daemon [_thread_blocked, id=8680, stack(0x000000002a0d0000,0x000000002a2d0000)]
  0x0000000022498800 JavaThread "On Start/Stop-SharedResourceRunner" daemon [_thread_blocked, id=1628, stack(0x0000000025d60000,0x0000000025f60000)]
  0x0000000022497000 JavaThread "RMI Scheduler(0)" daemon [_thread_blocked, id=6224, stack(0x0000000025760000,0x0000000025960000)]
  0x0000000022496800 JavaThread "GC Daemon" daemon [_thread_blocked, id=2416, stack(0x0000000025560000,0x0000000025760000)]
  0x0000000022495800 JavaThread "RMI RenewClean-[foster-ws.janelia.priv:1198]" daemon [_thread_blocked, id=4676, stack(0x0000000025360000,0x0000000025560000)]
  0x0000000022495000 JavaThread "Thread-5" daemon [_thread_blocked, id=4620, stack(0x0000000025160000,0x0000000025360000)]
  0x000000001f9ab000 JavaThread "SyntheticaCleanerThread" daemon [_thread_blocked, id=6812, stack(0x0000000024d60000,0x0000000024f60000)]
  0x000000001f9a8000 JavaThread "File Watcher" daemon [_thread_blocked, id=9712, stack(0x0000000023480000,0x0000000023680000)]
  0x000000001f9a7000 JavaThread "Inactive RequestProcessor thread [Was:On Start/Stop/null]" daemon [_thread_blocked, id=808, stack(0x00000000230d0000,0x00000000232d0000)]
  0x000000001f9a6800 JavaThread "Inactive RequestProcessor thread [Was:Folder recognizer/org.openide.loaders.FolderList$ListTask]" daemon [_thread_blocked, id=3656, stack(0x0000000022ed0000,0x00000000230d0000)]
  0x000000001f9a5800 JavaThread "Inactive RequestProcessor thread [Was:SelectedNodesScheduler/org.netbeans.modules.parsing.impl.SelectedNodesScheduler$1]" daemon [_thread_blocked, id=9856, stack(0x0000000022cd0000,0x0000000022ed0000)]
  0x000000001f9a5000 JavaThread "Inactive RequestProcessor thread [Was:Folder recognizer/org.openide.loaders.FolderList$ListTask]" daemon [_thread_blocked, id=6124, stack(0x00000000020d0000,0x00000000022d0000)]
=>0x000000001f426800 JavaThread "AWT-EventQueue-0" [_thread_in_native, id=1184, stack(0x0000000021310000,0x0000000021510000)]
  0x000000001f53b800 JavaThread "AWT-Windows" daemon [_thread_in_native, id=10132, stack(0x0000000021110000,0x0000000021310000)]
  0x000000001f538000 JavaThread "AWT-Shutdown" [_thread_blocked, id=10128, stack(0x0000000020f10000,0x0000000021110000)]
  0x000000001f537000 JavaThread "Java2D Disposer" daemon [_thread_blocked, id=5916, stack(0x0000000020d10000,0x0000000020f10000)]
  0x000000001d0a5800 JavaThread "RequestProcessor queue manager" daemon [_thread_blocked, id=6448, stack(0x0000000020b10000,0x0000000020d10000)]
  0x000000001d09e000 JavaThread "Inactive RequestProcessor thread [Was:TimedSoftReference/org.openide.util.TimedSoftReference]" daemon [_thread_blocked, id=9604, stack(0x00000000201a0000,0x00000000203a0000)]
  0x000000001d09d000 JavaThread "CLI Requests Server" daemon [_thread_in_native, id=9756, stack(0x000000001ffa0000,0x00000000201a0000)]
  0x000000001d0ca800 JavaThread "Active Reference Queue Daemon" daemon [_thread_blocked, id=9812, stack(0x000000001fba0000,0x000000001fda0000)]
  0x000000001cdef800 JavaThread "Service Thread" daemon [_thread_blocked, id=7592, stack(0x000000001edb0000,0x000000001efb0000)]
  0x000000001cde5800 JavaThread "C2 CompilerThread1" daemon [_thread_blocked, id=7856, stack(0x000000001ebb0000,0x000000001edb0000)]
  0x000000001cdde800 JavaThread "C2 CompilerThread0" daemon [_thread_blocked, id=7536, stack(0x000000001e9b0000,0x000000001ebb0000)]
  0x000000001cddd000 JavaThread "Attach Listener" daemon [_thread_blocked, id=9320, stack(0x000000001e7b0000,0x000000001e9b0000)]
  0x000000001cddc000 JavaThread "Signal Dispatcher" daemon [_thread_blocked, id=7648, stack(0x000000001e5b0000,0x000000001e7b0000)]
  0x0000000008062000 JavaThread "Finalizer" daemon [_thread_blocked, id=3272, stack(0x000000001e3b0000,0x000000001e5b0000)]
  0x000000001cd96800 JavaThread "Reference Handler" daemon [_thread_blocked, id=1616, stack(0x000000001e1b0000,0x000000001e3b0000)]
  0x00000000020cd000 JavaThread "main" [_thread_blocked, id=8352, stack(0x0000000000030000,0x0000000000230000)]

Other Threads:
  0x000000001cd92800 VMThread [stack: 0x000000001dfb0000,0x000000001e1b0000] [id=4900]
  0x000000001ce00800 WatcherThread [stack: 0x000000001efb0000,0x000000001f1b0000] [id=5556]

VM state:not at safepoint (normal execution)

VM Mutex/Monitor currently owned by a thread: None

Heap
 PSYoungGen      total 2038784K, used 1005399K [0x0000000755500000, 0x00000007ec300000, 0x0000000800000000)
  eden space 1849856K, 44% used [0x0000000755500000,0x0000000787259868,0x00000007c6380000)
  from space 188928K, 99% used [0x00000007d6b80000,0x00000007e23fc458,0x00000007e2400000)
  to   space 270336K, 0% used [0x00000007c6380000,0x00000007c6380000,0x00000007d6b80000)
 ParOldGen       total 699392K, used 343115K [0x0000000600000000, 0x000000062ab00000, 0x0000000755500000)
  object space 699392K, 49% used [0x0000000600000000,0x0000000614f12fd8,0x000000062ab00000)
 PSPermGen       total 196608K, used 65527K [0x00000005c0000000, 0x00000005cc000000, 0x0000000600000000)
  object space 196608K, 33% used [0x00000005c0000000,0x00000005c3ffde38,0x00000005cc000000)

Card table byte_map: [0x0000000005730000,0x0000000006940000] byte_map_base: 0x0000000002930000

Polling page: 0x0000000000290000

Code Cache  [0x0000000002730000, 0x0000000002ba0000, 0x0000000005730000)
 total_blobs=2518 nmethods=1494 adapters=974 free_code_cache=44743Kb largest_free_block=45728512

Compilation events (10 events):
Event: 36.492 Thread 0x000000001cde5800 1760             com.sun.media.jai.opimage.BandMergeOpImage::shortLoop (427 bytes)
Event: 36.493 Thread 0x000000001cdde800 1761 %           org.janelia.it.workstation.gui.large_volume_viewer.TextureData2dGL::loadRenderedImage @ 332 (627 bytes)
Event: 36.518 Thread 0x000000001cdde800 nmethod 1761% 0x0000000002b86a50 code [0x0000000002b86c00, 0x0000000002b87fd8]
Event: 36.528 Thread 0x000000001cde5800 nmethod 1760 0x0000000002b8f690 code [0x0000000002b8f920, 0x0000000002b91c10]
Event: 37.546 Thread 0x000000001cdde800 1762             javax.swing.plaf.synth.ParsedSynthStyle::getBestPainter (114 bytes)
Event: 37.547 Thread 0x000000001cdde800 nmethod 1762 0x0000000002b7a3d0 code [0x0000000002b7a500, 0x0000000002b7a638]
Event: 37.787 Thread 0x000000001cde5800 1763             org.janelia.it.workstation.gui.large_volume_viewer.TextureData2dGL::loadRenderedImage (627 bytes)
Event: 37.827 Thread 0x000000001cde5800 nmethod 1763 0x0000000002b89390 code [0x0000000002b895e0, 0x0000000002b8ae60]
Event: 38.079 Thread 0x000000001cdde800 1764             java.util.PriorityQueue::indexOf (37 bytes)
Event: 38.080 Thread 0x000000001cdde800 nmethod 1764 0x0000000002b86610 code [0x0000000002b86760, 0x0000000002b86878]

GC Heap History (10 events):
Event: 7.462 GC heap before
{Heap before GC invocations=5 (full 1):
 PSYoungGen      total 306176K, used 262656K [0x0000000755500000, 0x000000077ab00000, 0x0000000800000000)
  eden space 262656K, 100% used [0x0000000755500000,0x0000000765580000,0x0000000765580000)
  from space 43520K, 0% used [0x0000000765580000,0x0000000765580000,0x0000000768000000)
  to   space 43520K, 0% used [0x0000000778080000,0x0000000778080000,0x000000077ab00000)
 ParOldGen       total 699392K, used 42644K [0x0000000600000000, 0x000000062ab00000, 0x0000000755500000)
  object space 699392K, 6% used [0x0000000600000000,0x00000006029a5338,0x000000062ab00000)
 PSPermGen       total 196608K, used 43330K [0x00000005c0000000, 0x00000005cc000000, 0x0000000600000000)
  object space 196608K, 22% used [0x00000005c0000000,0x00000005c2a50a18,0x00000005cc000000)
Event: 7.482 GC heap after
Heap after GC invocations=5 (full 1):
 PSYoungGen      total 568832K, used 26280K [0x0000000755500000, 0x000000077ab00000, 0x0000000800000000)
  eden space 525312K, 0% used [0x0000000755500000,0x0000000755500000,0x0000000775600000)
  from space 43520K, 60% used [0x0000000778080000,0x0000000779a2a0b8,0x000000077ab00000)
  to   space 43520K, 0% used [0x0000000775600000,0x0000000775600000,0x0000000778080000)
 ParOldGen       total 699392K, used 42652K [0x0000000600000000, 0x000000062ab00000, 0x0000000755500000)
  object space 699392K, 6% used [0x0000000600000000,0x00000006029a7338,0x000000062ab00000)
 PSPermGen       total 196608K, used 43330K [0x00000005c0000000, 0x00000005cc000000, 0x0000000600000000)
  object space 196608K, 22% used [0x00000005c0000000,0x00000005c2a50a18,0x00000005cc000000)
}
Event: 10.940 GC heap before
{Heap before GC invocations=6 (full 1):
 PSYoungGen      total 568832K, used 551592K [0x0000000755500000, 0x000000077ab00000, 0x0000000800000000)
  eden space 525312K, 100% used [0x0000000755500000,0x0000000775600000,0x0000000775600000)
  from space 43520K, 60% used [0x0000000778080000,0x0000000779a2a0b8,0x000000077ab00000)
  to   space 43520K, 0% used [0x0000000775600000,0x0000000775600000,0x0000000778080000)
 ParOldGen       total 699392K, used 42652K [0x0000000600000000, 0x000000062ab00000, 0x0000000755500000)
  object space 699392K, 6% used [0x0000000600000000,0x00000006029a7338,0x000000062ab00000)
 PSPermGen       total 196608K, used 56901K [0x00000005c0000000, 0x00000005cc000000, 0x0000000600000000)
  object space 196608K, 28% used [0x00000005c0000000,0x00000005c37914e0,0x00000005cc000000)
Event: 10.994 GC heap after
Heap after GC invocations=6 (full 1):
 PSYoungGen      total 568832K, used 43508K [0x0000000755500000, 0x000000079ac00000, 0x0000000800000000)
  eden space 525312K, 0% used [0x0000000755500000,0x0000000755500000,0x0000000775600000)
  from space 43520K, 99% used [0x0000000775600000,0x000000077807d278,0x0000000778080000)
  to   space 43520K, 0% used [0x0000000798180000,0x0000000798180000,0x000000079ac00000)
 ParOldGen       total 699392K, used 78751K [0x0000000600000000, 0x000000062ab00000, 0x0000000755500000)
  object space 699392K, 11% used [0x0000000600000000,0x0000000604ce7f98,0x000000062ab00000)
 PSPermGen       total 196608K, used 56901K [0x00000005c0000000, 0x00000005cc000000, 0x0000000600000000)
  object space 196608K, 28% used [0x00000005c0000000,0x00000005c37914e0,0x00000005cc000000)
}
Event: 11.327 GC heap before
{Heap before GC invocations=7 (full 1):
 PSYoungGen      total 568832K, used 568820K [0x0000000755500000, 0x000000079ac00000, 0x0000000800000000)
  eden space 525312K, 100% used [0x0000000755500000,0x0000000775600000,0x0000000775600000)
  from space 43520K, 99% used [0x0000000775600000,0x000000077807d278,0x0000000778080000)
  to   space 43520K, 0% used [0x0000000798180000,0x0000000798180000,0x000000079ac00000)
 ParOldGen       total 699392K, used 78751K [0x0000000600000000, 0x000000062ab00000, 0x0000000755500000)
  object space 699392K, 11% used [0x0000000600000000,0x0000000604ce7f98,0x000000062ab00000)
 PSPermGen       total 196608K, used 57208K [0x00000005c0000000, 0x00000005cc000000, 0x0000000600000000)
  object space 196608K, 29% used [0x00000005c0000000,0x00000005c37de068,0x00000005cc000000)
Event: 11.410 GC heap after
Heap after GC invocations=7 (full 1):
 PSYoungGen      total 1009152K, used 43495K [0x0000000755500000, 0x00000007a5200000, 0x0000000800000000)
  eden space 965632K, 0% used [0x0000000755500000,0x0000000755500000,0x0000000790400000)
  from space 43520K, 99% used [0x0000000798180000,0x000000079abf9ea8,0x000000079ac00000)
  to   space 128512K, 0% used [0x0000000790400000,0x0000000790400000,0x0000000798180000)
 ParOldGen       total 699392K, used 172627K [0x0000000600000000, 0x000000062ab00000, 0x0000000755500000)
  object space 699392K, 24% used [0x0000000600000000,0x000000060a894fc8,0x000000062ab00000)
 PSPermGen       total 196608K, used 57208K [0x00000005c0000000, 0x00000005cc000000, 0x0000000600000000)
  object space 196608K, 29% used [0x00000005c0000000,0x00000005c37de068,0x00000005cc000000)
}
Event: 12.035 GC heap before
{Heap before GC invocations=8 (full 1):
 PSYoungGen      total 1009152K, used 1009127K [0x0000000755500000, 0x00000007a5200000, 0x0000000800000000)
  eden space 965632K, 100% used [0x0000000755500000,0x0000000790400000,0x0000000790400000)
  from space 43520K, 99% used [0x0000000798180000,0x000000079abf9ea8,0x000000079ac00000)
  to   space 128512K, 0% used [0x0000000790400000,0x0000000790400000,0x0000000798180000)
 ParOldGen       total 699392K, used 172627K [0x0000000600000000, 0x000000062ab00000, 0x0000000755500000)
  object space 699392K, 24% used [0x0000000600000000,0x000000060a894fc8,0x000000062ab00000)
 PSPermGen       total 196608K, used 57662K [0x00000005c0000000, 0x00000005cc000000, 0x0000000600000000)
  object space 196608K, 29% used [0x00000005c0000000,0x00000005c384f900,0x00000005cc000000)
Event: 12.163 GC heap after
Heap after GC invocations=8 (full 1):
 PSYoungGen      total 1094144K, used 128506K [0x0000000755500000, 0x00000007e2400000, 0x0000000800000000)
  eden space 965632K, 0% used [0x0000000755500000,0x0000000755500000,0x0000000790400000)
  from space 128512K, 99% used [0x0000000790400000,0x000000079817e8b8,0x0000000798180000)
  to   space 188928K, 0% used [0x00000007d6b80000,0x00000007d6b80000,0x00000007e2400000)
 ParOldGen       total 699392K, used 239403K [0x0000000600000000, 0x000000062ab00000, 0x0000000755500000)
  object space 699392K, 34% used [0x0000000600000000,0x000000060e9cafd8,0x000000062ab00000)
 PSPermGen       total 196608K, used 57662K [0x00000005c0000000, 0x00000005cc000000, 0x0000000600000000)
  object space 196608K, 29% used [0x00000005c0000000,0x00000005c384f900,0x00000005cc000000)
}
Event: 12.729 GC heap before
{Heap before GC invocations=9 (full 1):
 PSYoungGen      total 1094144K, used 1094138K [0x0000000755500000, 0x00000007e2400000, 0x0000000800000000)
  eden space 965632K, 100% used [0x0000000755500000,0x0000000790400000,0x0000000790400000)
  from space 128512K, 99% used [0x0000000790400000,0x000000079817e8b8,0x0000000798180000)
  to   space 188928K, 0% used [0x00000007d6b80000,0x00000007d6b80000,0x00000007e2400000)
 ParOldGen       total 699392K, used 239403K [0x0000000600000000, 0x000000062ab00000, 0x0000000755500000)
  object space 699392K, 34% used [0x0000000600000000,0x000000060e9cafd8,0x000000062ab00000)
 PSPermGen       total 196608K, used 57663K [0x00000005c0000000, 0x00000005cc000000, 0x0000000600000000)
  object space 196608K, 29% used [0x00000005c0000000,0x00000005c384fed8,0x00000005cc000000)
Event: 12.890 GC heap after
Heap after GC invocations=9 (full 1):
 PSYoungGen      total 2038784K, used 188913K [0x0000000755500000, 0x00000007ec300000, 0x0000000800000000)
  eden space 1849856K, 0% used [0x0000000755500000,0x0000000755500000,0x00000007c6380000)
  from space 188928K, 99% used [0x00000007d6b80000,0x00000007e23fc458,0x00000007e2400000)
  to   space 270336K, 0% used [0x00000007c6380000,0x00000007c6380000,0x00000007d6b80000)
 ParOldGen       total 699392K, used 343115K [0x0000000600000000, 0x000000062ab00000, 0x0000000755500000)
  object space 699392K, 49% used [0x0000000600000000,0x0000000614f12fd8,0x000000062ab00000)
 PSPermGen       total 196608K, used 57663K [0x00000005c0000000, 0x00000005cc000000, 0x0000000600000000)
  object space 196608K, 29% used [0x00000005c0000000,0x00000005c384fed8,0x00000005cc000000)
}

Deoptimization events (10 events):
Event: 25.297 Thread 0x000000001f426800 Uncommon trap: reason=unreached action=reinterpret pc=0x0000000002aad198 method=sun.swing.plaf.synth.DefaultSynthStyle$StateInfo.getColor(Ljavax/swing/plaf/synth/ColorType;)Ljava/awt/Color; @ 4
Event: 27.077 Thread 0x000000001f479800 Uncommon trap: reason=bimorphic action=maybe_recompile pc=0x0000000002b47428 method=java.util.regex.Pattern$Start.match(Ljava/util/regex/Matcher;ILjava/lang/CharSequence;)Z @ 44
Event: 27.077 Thread 0x000000001f479800 Uncommon trap: reason=bimorphic action=maybe_recompile pc=0x0000000002b47428 method=java.util.regex.Pattern$Start.match(Ljava/util/regex/Matcher;ILjava/lang/CharSequence;)Z @ 44
Event: 27.077 Thread 0x000000001f479800 Uncommon trap: reason=bimorphic action=maybe_recompile pc=0x0000000002b47428 method=java.util.regex.Pattern$Start.match(Ljava/util/regex/Matcher;ILjava/lang/CharSequence;)Z @ 44
Event: 27.077 Thread 0x000000001f479800 Uncommon trap: reason=bimorphic action=maybe_recompile pc=0x0000000002b47428 method=java.util.regex.Pattern$Start.match(Ljava/util/regex/Matcher;ILjava/lang/CharSequence;)Z @ 44
Event: 29.730 Thread 0x000000001f426800 Uncommon trap: reason=unreached action=reinterpret pc=0x0000000002af75b8 method=java.util.Objects.equals(Ljava/lang/Object;Ljava/lang/Object;)Z @ 2
Event: 32.195 Thread 0x000000001f9a8800 Uncommon trap: reason=null_check action=make_not_entrant pc=0x0000000002b2c4fc method=java.lang.StringCoding.encode(Ljava/lang/String;[CII)[B @ 6
Event: 37.550 Thread 0x000000001f426800 Uncommon trap: reason=class_check action=maybe_recompile pc=0x0000000002ad4704 method=java.lang.StringCoding$StringEncoder.encode([CII)[B @ 30
Event: 37.550 Thread 0x000000001f426800 Uncommon trap: reason=class_check action=maybe_recompile pc=0x0000000002a1db0c method=java.io.FilterOutputStream.write([B)V @ 5
Event: 37.550 Thread 0x000000001f426800 Uncommon trap: reason=class_check action=maybe_recompile pc=0x0000000002ad4704 method=java.lang.StringCoding$StringEncoder.encode([CII)[B @ 30

Internal exceptions (10 events):
Event: 34.367 Thread 0x000000002ba63800 Threw 0x000000077a5470c0 at C:\re\jdk7u51\527\hotspot\src\share\vm\prims\jvm.cpp:1244
Event: 34.694 Thread 0x000000002ba63800 Threw 0x000000077c621768 at C:\re\jdk7u51\527\hotspot\src\share\vm\prims\jvm.cpp:1244
Event: 34.694 Thread 0x000000002ba63800 Threw 0x000000077c623648 at C:\re\jdk7u51\527\hotspot\src\share\vm\prims\jvm.cpp:1244
Event: 34.703 Thread 0x000000002ba63800 Threw 0x000000077c6f1a38 at C:\re\jdk7u51\527\hotspot\src\share\vm\prims\jvm.cpp:1244
Event: 34.703 Thread 0x000000002ba63800 Threw 0x000000077c6f3918 at C:\re\jdk7u51\527\hotspot\src\share\vm\prims\jvm.cpp:1244
Event: 35.015 Thread 0x000000002ba63800 Threw 0x000000077f055940 at C:\re\jdk7u51\527\hotspot\src\share\vm\prims\jvm.cpp:1244
Event: 35.015 Thread 0x000000002ba63800 Threw 0x000000077f057dd0 at C:\re\jdk7u51\527\hotspot\src\share\vm\prims\jvm.cpp:1244
Event: 35.026 Thread 0x000000002ba63800 Threw 0x000000077f194c88 at C:\re\jdk7u51\527\hotspot\src\share\vm\prims\jvm.cpp:1244
Event: 35.026 Thread 0x000000002ba63800 Threw 0x000000077f196890 at C:\re\jdk7u51\527\hotspot\src\share\vm\prims\jvm.cpp:1244
Event: 37.590 Thread 0x000000001f47e000 Threw 0x0000000759d4af00 at C:\re\jdk7u51\527\hotspot\src\share\vm\prims\jvm.cpp:2917

Events (10 events):
Event: 35.117 loading class 0x000000001d0313d0 done
Event: 37.550 Thread 0x000000001f426800 Uncommon trap: trap_request=0xffffffde fr.pc=0x0000000002ad4704
Event: 37.550 Thread 0x000000001f426800 DEOPT PACKING pc=0x0000000002ad4704 sp=0x000000002150a910
Event: 37.550 Thread 0x000000001f426800 DEOPT UNPACKING pc=0x00000000027675a4 sp=0x000000002150a848 mode 2
Event: 37.550 Thread 0x000000001f426800 Uncommon trap: trap_request=0xffffffde fr.pc=0x0000000002a1db0c
Event: 37.550 Thread 0x000000001f426800 DEOPT PACKING pc=0x0000000002a1db0c sp=0x000000002150aa40
Event: 37.550 Thread 0x000000001f426800 DEOPT UNPACKING pc=0x00000000027675a4 sp=0x000000002150a9d0 mode 2
Event: 37.550 Thread 0x000000001f426800 Uncommon trap: trap_request=0xffffffde fr.pc=0x0000000002ad4704
Event: 37.550 Thread 0x000000001f426800 DEOPT PACKING pc=0x0000000002ad4704 sp=0x000000002150a8b0
Event: 37.550 Thread 0x000000001f426800 DEOPT UNPACKING pc=0x00000000027675a4 sp=0x000000002150a7e8 mode 2


Dynamic libraries:
0x0000000000400000 - 0x000000000043a000 	C:\tools\NetBeans 7.4\platform\lib\nbexec64.exe
0x0000000077960000 - 0x0000000077b09000 	C:\Windows\SYSTEM32\ntdll.dll
0x0000000077740000 - 0x000000007785f000 	C:\Windows\system32\kernel32.dll
0x000007fefda20000 - 0x000007fefda8c000 	C:\Windows\system32\KERNELBASE.dll
0x000007fefdf80000 - 0x000007fefe05b000 	C:\Windows\system32\ADVAPI32.dll
0x000007fefec70000 - 0x000007fefed0f000 	C:\Windows\system32\msvcrt.dll
0x000007fefe340000 - 0x000007fefe35f000 	C:\Windows\SYSTEM32\sechost.dll
0x000007fefe910000 - 0x000007fefea3d000 	C:\Windows\system32\RPCRT4.dll
0x0000000077860000 - 0x000000007795a000 	C:\Windows\system32\USER32.dll
0x000007fefdec0000 - 0x000007fefdf27000 	C:\Windows\system32\GDI32.dll
0x000007fefee80000 - 0x000007fefee8e000 	C:\Windows\system32\LPK.dll
0x000007fefedb0000 - 0x000007fefee79000 	C:\Windows\system32\USP10.dll
0x000007fefdf30000 - 0x000007fefdf5e000 	C:\Windows\system32\IMM32.DLL
0x000007fefe230000 - 0x000007fefe339000 	C:\Windows\system32\MSCTF.dll
0x0000000063c80000 - 0x0000000063dd3000 	C:\tools\NetBeans 7.4\platform\lib\nbexec64.dll
0x000000006e1a0000 - 0x000000006e969000 	C:\tools\jdk1.7.0_51\jre\bin\server\jvm.dll
0x000007fef8430000 - 0x000007fef8439000 	C:\Windows\system32\WSOCK32.dll
0x000007fefee90000 - 0x000007fefeedd000 	C:\Windows\system32\WS2_32.dll
0x000007fefe140000 - 0x000007fefe148000 	C:\Windows\system32\NSI.dll
0x000007fefb810000 - 0x000007fefb84b000 	C:\Windows\system32\WINMM.dll
0x0000000077b20000 - 0x0000000077b27000 	C:\Windows\system32\PSAPI.DLL
0x00000000515f0000 - 0x00000000516c2000 	C:\tools\jdk1.7.0_51\jre\bin\MSVCR100.dll
0x0000000068e80000 - 0x0000000068ebf000 	C:\tools\jdk1.7.0_51\jre\bin\splashscreen.dll
0x000007fefbb00000 - 0x000007fefbb56000 	C:\Windows\system32\uxtheme.dll
0x000000006c780000 - 0x000000006c78f000 	C:\tools\jdk1.7.0_51\jre\bin\verify.dll
0x0000000060460000 - 0x0000000060488000 	C:\tools\jdk1.7.0_51\jre\bin\java.dll
0x0000000067e20000 - 0x0000000067e35000 	C:\tools\jdk1.7.0_51\jre\bin\zip.dll
0x000007fefdcb0000 - 0x000007fefdeb3000 	C:\Windows\system32\ole32.dll
0x000007fefd570000 - 0x000007fefd57f000 	C:\Windows\system32\CRYPTBASE.dll
0x0000000060440000 - 0x0000000060459000 	C:\tools\jdk1.7.0_51\jre\bin\net.dll
0x000007fefceb0000 - 0x000007fefcf05000 	C:\Windows\system32\mswsock.dll
0x000007fefcea0000 - 0x000007fefcea7000 	C:\Windows\System32\wship6.dll
0x0000000060420000 - 0x0000000060431000 	C:\tools\jdk1.7.0_51\jre\bin\nio.dll
0x000007fefb3d0000 - 0x000007fefb3f7000 	C:\Windows\system32\IPHLPAPI.DLL
0x000007fefb3c0000 - 0x000007fefb3cb000 	C:\Windows\system32\WINNSI.DLL
0x000007fefaee0000 - 0x000007fefaef1000 	C:\Windows\system32\dhcpcsvc6.DLL
0x000007fefb380000 - 0x000007fefb398000 	C:\Windows\system32\dhcpcsvc.DLL
0x000000006c520000 - 0x000000006c6b5000 	C:\tools\jdk1.7.0_51\jre\bin\awt.dll
0x000007fefe150000 - 0x000007fefe227000 	C:\Windows\system32\OLEAUT32.dll
0x000007fefcf10000 - 0x000007fefcf28000 	C:\Windows\system32\CRYPTSP.dll
0x000007fefcc10000 - 0x000007fefcc57000 	C:\Windows\system32\rsaenh.dll
0x000007fefda90000 - 0x000007fefdaae000 	C:\Windows\system32\USERENV.dll
0x000007fefd720000 - 0x000007fefd72f000 	C:\Windows\system32\profapi.dll
0x000007fefbdd0000 - 0x000007fefbde5000 	C:\Windows\system32\NLAapi.dll
0x000007feef3e0000 - 0x000007feef3f5000 	C:\Windows\system32\napinsp.dll
0x000007fef3380000 - 0x000007fef3399000 	C:\Windows\system32\pnrpnsp.dll
0x000007fefcd30000 - 0x000007fefcd8b000 	C:\Windows\system32\DNSAPI.dll
0x000007fefa810000 - 0x000007fefa81b000 	C:\Windows\System32\winrnr.dll
0x000007fef8ac0000 - 0x000007fef8aee000 	C:\Program Files\Common Files\Microsoft Shared\Windows Live\WLIDNSP.DLL
0x000007fefe630000 - 0x000007fefe6a1000 	C:\Windows\system32\SHLWAPI.dll
0x0000000073000000 - 0x0000000073026000 	C:\Program Files\Bonjour\mdnsNSP.dll
0x000007fefc860000 - 0x000007fefc867000 	C:\Windows\System32\wshtcpip.dll
0x000007fef8aa0000 - 0x000007fef8aa8000 	C:\Windows\system32\rasadhlp.dll
0x000007fefae80000 - 0x000007fefaed3000 	C:\Windows\System32\fwpuclnt.dll
0x000007fefb550000 - 0x000007fefb568000 	C:\Windows\system32\DWMAPI.DLL
0x000007fefbea0000 - 0x000007fefc094000 	C:\Windows\WinSxS\amd64_microsoft.windows.common-controls_6595b64144ccf1df_6.0.7601.18837_none_fa3b1e3d17594757\COMCTL32.dll
0x0000000052d10000 - 0x0000000052d57000 	C:\tools\jdk1.7.0_51\jre\bin\fontmanager.dll
0x00000000515a0000 - 0x00000000515e1000 	C:\tools\jdk1.7.0_51\jre\bin\t2k.dll
0x0000000180000000 - 0x0000000180038000 	C:\tools\NetBeans 7.4\platform\modules\lib\amd64\jnidispatch-340.dll
0x000007fefeee0000 - 0x000007feffc69000 	C:\Windows\system32\SHELL32.dll
0x00000000637c0000 - 0x00000000637cd000 	C:\Users\Leslie L Foster\AppData\Local\Temp\jogamp_0000\file_cache\jln1610494589451133071\jln5731560566385018002\gluegen-rt.dll
0x0000000050ea0000 - 0x0000000050ea7000 	C:\tools\jdk1.7.0_51\jre\bin\jawt.dll
0x000000006a440000 - 0x000000006a44d000 	C:\Users\Leslie L Foster\AppData\Local\Temp\jogamp_0000\file_cache\jln1610494589451133071\jln5731560566385018002\nativewindow_awt.dll
0x000000006c100000 - 0x000000006c10f000 	C:\Users\Leslie L Foster\AppData\Local\Temp\jogamp_0000\file_cache\jln1610494589451133071\jln5731560566385018002\nativewindow_win32.dll
0x000007fef3250000 - 0x000007fef336d000 	C:\Windows\system32\OpenGL32.dll
0x000007fef6590000 - 0x000007fef65bd000 	C:\Windows\system32\GLU32.dll
0x000007fef3150000 - 0x000007fef3241000 	C:\Windows\system32\DDRAW.dll
0x000007fef6580000 - 0x000007fef6588000 	C:\Windows\system32\DCIMAN32.dll
0x000007fefdad0000 - 0x000007fefdca7000 	C:\Windows\system32\SETUPAPI.dll
0x000007fefd9e0000 - 0x000007fefda16000 	C:\Windows\system32\CFGMGR32.dll
0x000007fefd730000 - 0x000007fefd74a000 	C:\Windows\system32\DEVOBJ.dll
0x0000000064500000 - 0x00000000645a0000 	C:\Users\Leslie L Foster\AppData\Local\Temp\jogamp_0000\file_cache\jln1610494589451133071\jln5731560566385018002\jogl_desktop.dll
0x0000000025f60000 - 0x0000000027ca1000 	C:\Windows\system32\nvoglv64.DLL
0x000007fefc920000 - 0x000007fefc931000 	C:\Windows\system32\WTSAPI32.dll
0x000007fefc760000 - 0x000007fefc76c000 	C:\Windows\system32\VERSION.dll
0x000007fefd750000 - 0x000007fefd78b000 	C:\Windows\system32\WINTRUST.dll
0x000007fefd870000 - 0x000007fefd9dd000 	C:\Windows\system32\CRYPT32.dll
0x000007fefd710000 - 0x000007fefd71f000 	C:\Windows\system32\MSASN1.dll
0x000007fefc550000 - 0x000007fefc57d000 	C:\Windows\system32\ntmarta.dll
0x000007fefe060000 - 0x000007fefe0b2000 	C:\Windows\system32\WLDAP32.dll
0x000007fefd620000 - 0x000007fefd65d000 	C:\Windows\system32\WINSTA.dll
0x000007fefebd0000 - 0x000007fefec69000 	C:\Windows\system32\CLBCatQ.DLL
0x000007fefb210000 - 0x000007fefb371000 	C:\Windows\system32\WindowsCodecs.dll
0x000007fefd510000 - 0x000007fefd567000 	C:\Windows\system32\apphelp.dll
0x000007fef5e30000 - 0x000007fef5e61000 	C:\Program Files (x86)\Dropbox\Client\DropboxExt64.26.dll
0x000000006ffa0000 - 0x000000006ffb6000 	C:\Program Files\Common Files\TortoiseOverlays\TortoiseOverlays.dll
0x000000006ff90000 - 0x000000006ffa0000 	C:\Program Files\TortoiseSVN\bin\TortoiseStub.dll
0x000000006ff10000 - 0x000000006ff8b000 	C:\Program Files\TortoiseSVN\bin\TortoiseSVN.dll
0x000007fefe6b0000 - 0x000007fefe90a000 	C:\Windows\system32\WININET.dll
0x000007fefdab0000 - 0x000007fefdab4000 	C:\Windows\system32\api-ms-win-downlevel-user32-l1-1-0.dll
0x000007fefdac0000 - 0x000007fefdac4000 	C:\Windows\system32\api-ms-win-downlevel-shlwapi-l1-1-0.dll
0x000007fefd7c0000 - 0x000007fefd7c4000 	C:\Windows\system32\api-ms-win-downlevel-version-l1-1-0.dll
0x000007fefd7a0000 - 0x000007fefd7a3000 	C:\Windows\system32\api-ms-win-downlevel-normaliz-l1-1-0.dll
0x0000000077b30000 - 0x0000000077b33000 	C:\Windows\system32\normaliz.DLL
0x000007fefe360000 - 0x000007fefe627000 	C:\Windows\system32\iertutil.dll
0x000007fefd790000 - 0x000007fefd795000 	C:\Windows\system32\api-ms-win-downlevel-advapi32-l1-1-0.dll
0x000007fef5a30000 - 0x000007fef5dfc000 	C:\Program Files\TortoiseSVN\bin\libsvn_tsvn.dll
0x000000006fee0000 - 0x000000006ff0b000 	C:\Program Files\TortoiseSVN\bin\libapr_tsvn.dll
0x000000006fe90000 - 0x000000006fed1000 	C:\Program Files\TortoiseSVN\bin\libaprutil_tsvn.dll
0x000007fef8b10000 - 0x000007fef8b20000 	C:\Program Files\TortoiseSVN\bin\intl3_tsvn.dll
0x000007fef5830000 - 0x000007fef584a000 	C:\Program Files\TortoiseSVN\bin\libsasl.dll
0x000007fefd330000 - 0x000007fefd33b000 	C:\Windows\system32\Secur32.dll
0x000007fefd4e0000 - 0x000007fefd505000 	C:\Windows\system32\SSPICLI.DLL
0x0000000073110000 - 0x00000000731a8000 	C:\Windows\system32\MSVCP100.dll
0x000007fee98f0000 - 0x000007fee9925000 	C:\Windows\system32\EhStorShell.dll
0x000007fefbc90000 - 0x000007fefbdbc000 	C:\Windows\system32\PROPSYS.dll
0x000000006ed60000 - 0x000000006eff7000 	C:\Program Files (x86)\Norton Security with Backup\Engine64\22.2.0.31\buShell.dll
0x000007fefb850000 - 0x000007fefba66000 	C:\Windows\WinSxS\amd64_microsoft.windows.gdiplus_6595b64144ccf1df_1.1.7601.18834_none_2b26557a71eb7442\gdiplus.dll
0x000007fee9ae0000 - 0x000007fee9b87000 	C:\Program Files (x86)\Norton Security with Backup\Engine64\22.2.0.31\MSVCP110.dll
0x000007fee9a00000 - 0x000007fee9ad4000 	C:\Program Files (x86)\Norton Security with Backup\Engine64\22.2.0.31\MSVCR110.dll
0x000000006adc0000 - 0x000000006aebd000 	C:\Program Files (x86)\Norton Security with Backup\Engine64\22.2.0.31\ccLib.dll
0x000007feea200000 - 0x000007feea221000 	C:\Program Files (x86)\Norton Security with Backup\Engine64\22.2.0.31\EFACli64.dll
0x000007fef34b0000 - 0x000007fef3530000 	C:\Windows\system32\ntshrui.dll
0x000007fefd120000 - 0x000007fefd143000 	C:\Windows\system32\srvcli.dll
0x000007fef8b20000 - 0x000007fef8b2f000 	C:\Windows\system32\cscapi.dll
0x000007fefba70000 - 0x000007fefba7b000 	C:\Windows\system32\slc.dll
0x000007fef5760000 - 0x000007fef5768000 	C:\Windows\system32\IconCodecService.dll
0x000007fef70b0000 - 0x000007fef7121000 	C:\Windows\system32\winhttp.dll
0x000007fef5f90000 - 0x000007fef5ff4000 	C:\Windows\system32\webio.dll
0x0000000052cd0000 - 0x0000000052cfa000 	C:\tools\jdk1.7.0_51\jre\bin\dcpr.dll
0x000000002c080000 - 0x000000002c122000 	C:\tools\jdk1.7.0_51\jre\bin\mlib_image.dll
0x0000000068e00000 - 0x0000000068e0b000 	C:\tools\jdk1.7.0_51\jre\bin\management.dll
0x000007fef9a90000 - 0x000007fef9b30000 	C:\Windows\WinSxS\amd64_microsoft.windows.common-controls_6595b64144ccf1df_5.82.7601.18837_none_a4d981ff711297b6\comctl32.dll
0x000007fef2fb0000 - 0x000007fef314c000 	C:\Windows\system32\NetworkExplorer.dll
0x000007fef67a0000 - 0x000007fef67d4000 	C:\Windows\System32\shdocvw.dll
0x000007fef8af0000 - 0x000007fef8b08000 	C:\Windows\system32\MPR.dll
0x000007fef6150000 - 0x000007fef615a000 	C:\Windows\System32\drprov.dll
0x000007fef2db0000 - 0x000007fef2dd2000 	C:\Windows\System32\ntlanman.dll

VM Arguments:
jvm_args: -Dnetbeans.logger.console=true -ea -Dapple.awt.brushMetalLook=false -XX:PermSize=192m -XX:MaxPermSize=1024m -Xms1024m -Xmx8192m -Dnb.forceui=de.javasoft.synthetica.netbeans.SyntheticaLFCustoms -Dplugin.manager.check.interval=EVERY_DAY -Dplugin.manager.check.new.plugins=true -Dsun.java2d.noddraw=true -Djdk.home=C:\tools\jdk1.7.0_51 -splash:C:\current_projects\gitfiles\master\janelia-workstation\ConsoleApplication\build\testuserdir\var\cache\splash.png -Dnetbeans.home=C:\tools\NetBeans 7.4\platform -Dnetbeans.user=C:\current_projects\gitfiles\master\janelia-workstation\ConsoleApplication\build\testuserdir -Dnetbeans.default_userdir_root= -XX:+HeapDumpOnOutOfMemoryError -XX:HeapDumpPath=C:\current_projects\gitfiles\master\janelia-workstation\ConsoleApplication\build\testuserdir\var\log\heapdump.hprof -Dsun.awt.keepWorkingSetOnMinimize=true -Dnetbeans.dirs=C:\current_projects\gitfiles\master\janelia-workstation\ConsoleApplication\build\cluster;C:\tools\NetBeans 7.4\extide;C:\tools\NetBeans 7.4\harness;C:\tools\NetBeans 7.4\ide;C:\tools\NetBeans 7.4\java;C:\tools\NetBeans 7.4\platform exit 
java_command: <unknown>
Launcher Type: generic

Environment Variables:
JAVA_HOME=C:\tools\JDK1.8.0_05
PATH=C:\ProgramData\Oracle\Java\javapath;C:\tools\Perl64\site\bin;C:\tools\Perl64\bin;C:\Program Files\Common Files\Microsoft Shared\Windows Live;C:\Program Files (x86)\Common Files\Microsoft Shared\Windows Live;C:\Windows\system32;C:\Windows;C:\Windows\System32\Wbem;C:\Windows\System32\WindowsPowerShell\v1.0\;C:\Program Files\Dell\DW WLAN Card\Driver;c:\Program Files (x86)\ATI Technologies\ATI.ACE\Core-Static;C:\Program Files (x86)\Windows Live\Shared;C:\Program Files (x86)\Common Files\Roxio Shared\DLLShared\;C:\Program Files (x86)\Common Files\Roxio Shared\OEM\DLLShared\;C:\Program Files (x86)\Common Files\Roxio Shared\OEM\DLLShared\;C:\Program Files (x86)\Common Files\Roxio Shared\OEM\12.0\DLLShared\;C:\Program Files (x86)\Roxio\OEM\AudioCore\;C:\Program Files (x86)\Ulead Systems\Ulead DVD MovieFactory 3.5 Suite Deluxe;C:\Program Files (x86)\Common Files\Ulead Systems\MPEG;C:\Program Files (x86)\Common Files\Ulead Systems\DVD;\tools\Perl64\bin;C:\tools\cvsnt;C:\Program Files\TortoiseSVN\bin;C:\Users\Leslie L Foster\AppData\Local\Smartbar\Application\;C:\Users\Leslie L Foster\AppData\Local\Smartbar\Application\;C:\tools\Git\cmd;C:\tools\Git\bin;C:\Program Files (x86)\QuickTime\QTSystem\;C:\Program Files (x86)\NVIDIA Corporation\PhysX\Common;C:\tools\cygwin\bin;c:\tools\jdk1.7.0_01\bin;C:\tools\graphviz\release\bin;c:\tools\apache-maven-3.2.5\bin
USERNAME=Leslie L Foster
OS=Windows_NT
PROCESSOR_IDENTIFIER=Intel64 Family 6 Model 42 Stepping 7, GenuineIntel



---------------  S Y S T E M  ---------------

OS: Windows 7 , 64 bit Build 7601 Service Pack 1

CPU:total 8 (4 cores per cpu, 2 threads per core) family 6 model 42 stepping 7, cmov, cx8, fxsr, mmx, sse, sse2, sse3, ssse3, sse4.1, sse4.2, popcnt, avx, aes, ht, tsc, tscinvbit

Memory: 4k page, physical 16759240k(9966592k free), swap 33516644k(24258408k free)

vm_info: Java HotSpot(TM) 64-Bit Server VM (24.51-b03) for windows-amd64 JRE (1.7.0_51-b13), built on Dec 18 2013 18:40:56 by "java_re" with unknown MS VC++:1600

time: Sun Jun 14 15:50:34 2015
elapsed time: 38 seconds

