#
# A fatal error has been detected by the Java Runtime Environment:
#
#  SIGSEGV (0xb) at pc=0x00007fff86ec4a70, pid=71071, tid=47635
#
# JRE version: Java(TM) SE Runtime Environment (7.0_67-b01) (build 1.7.0_67-b01)
# Java VM: Java HotSpot(TM) 64-Bit Server VM (24.65-b04 mixed mode bsd-amd64 compressed oops)
# Problematic frame:
# C  [libsystem_c.dylib+0x1a70]  memmove$VARIANT$sse42+0x88
#
# Failed to write core dump. Core dumps have been disabled. To enable core dumping, try "ulimit -c unlimited" before starting Java again
#
# If you would like to submit a bug report, please visit:
#   http://bugreport.sun.com/bugreport/crash.jsp
# The crash happened outside the Java Virtual Machine in native code.
# See problematic frame for where to report the bug.
#

---------------  T H R E A D  ---------------

Current thread (0x00007fe41797b800):  JavaThread "AWT-EventQueue-0" [_thread_in_native, id=47635, stack(0x000000013d094000,0x000000013d194000)]

siginfo:si_signo=SIGSEGV: si_errno=0, si_code=1 (SEGV_MAPERR), si_addr=0x0000000151982000

Registers:
RAX=0x00000005590fe010, RBX=0x000000013d1926a0, RCX=0xfffffffffffff400, RDX=0x0000000000000000
RSP=0x000000013d1925c0, RBP=0x000000013d1925c0, RSI=0x0000000151982c00, RDI=0x00000006aaa80c10
R8 =0x00000003fc09d688, R9 =0x00007fe41410c178, R10=0x000000010a42166d, R11=0x00000006aaa80010
R12=0x00000006aaa80010, R13=0x0000000151982000, R14=0x000000013d1926a8, R15=0x00007fe41797b9e8
RIP=0x00007fff86ec4a70, EFLAGS=0x0000000000010246, ERR=0x0000000000000004
  TRAPNO=0x000000000000000e

Top of Stack: (sp=0x000000013d1925c0)
0x000000013d1925c0:   000000013d192600 000000013ea2d5bb
0x000000013d1925d0:   00000c0000000000 00000003fc09d068
0x000000013d1925e0:   0000000000000000 00000003fc09d068
0x000000013d1925f0:   000000013d1926a8 00007fe41797b800
0x000000013d192600:   000000013d192670 000000010a421699
0x000000013d192610:   000000013d192670 000000010a42129a
0x000000013d192620:   000000013d192690 000000010a421266
0x000000013d192630:   000000013d192630 00000003fc09d068
0x000000013d192640:   000000013d1926a8 00000003fc0c60b0
0x000000013d192650:   0000000000000000 00000003fc09d068
0x000000013d192660:   0000000000000000 000000013d192690
0x000000013d192670:   000000013d1926f0 000000010a40f2b3
0x000000013d192680:   0000000000000000 000000010a41bf3b
0x000000013d192690:   0000000000000c00 0000000000000000
0x000000013d1926a0:   00000006aaa80000 00000006bab20060
0x000000013d1926b0:   000000013d1926b0 00000003fbffd663
0x000000013d1926c0:   000000013d192748 00000003fbffe450
0x000000013d1926d0:   00000003fc1c4508 00000003fbffd718
0x000000013d1926e0:   000000013d192690 000000013d192728
0x000000013d1926f0:   000000013d192790 000000010a40f786
0x000000013d192700:   0000000000000000 0000000000000000
0x000000013d192710:   00000006aaa80000 0000000000300000
0x000000013d192720:   0000000000000c00 0000000000000400
0x000000013d192730:   0000000000000400 0000000000000c00
0x000000013d192740:   00000006bab20060 00000006bab20038
0x000000013d192750:   000000013d192750 00000003fbe877fd
0x000000013d192760:   000000013d1927d0 00000003fbe87b70
0x000000013d192770:   0000000000000000 00000003fbe87868
0x000000013d192780:   000000013d192728 000000013d1927c0
0x000000013d192790:   000000013d192818 000000010a40f0d8
0x000000013d1927a0:   0000000000000c00 00000006bab20060
0x000000013d1927b0:   0000000000000400 0000000000000400 

Instructions: (pc=0x00007fff86ec4a70)
0x00007fff86ec4a50:   83 e2 3f 48 83 e1 c0 48 01 ce 48 01 cf 48 f7 d9
0x00007fff86ec4a60:   f7 c6 0f 00 00 00 75 48 eb 06 66 0f 1f 44 00 00
0x00007fff86ec4a70:   66 0f 6f 04 0e 66 0f 6f 4c 0e 10 66 0f 6f 54 0e
0x00007fff86ec4a80:   20 66 0f 6f 5c 0e 30 66 0f 7f 04 0f 66 0f 7f 4c 

Register to memory mapping:

RAX=0x00000005590fe010 is an unallocated location in the heap
RBX=0x000000013d1926a0 is pointing into the stack for thread: 0x00007fe41797b800
RCX=0xfffffffffffff400 is an unknown value
RDX=0x0000000000000000 is an unknown value
RSP=0x000000013d1925c0 is pointing into the stack for thread: 0x00007fe41797b800
RBP=0x000000013d1925c0 is pointing into the stack for thread: 0x00007fe41797b800
RSI=0x0000000151982c00 is an unknown value
RDI=0x00000006aaa80c10 is an unknown value
R8 =0x00000003fc09d688 is an oop
{instance class} 
 - klass: {other class}
R9 =0x00007fe41410c178 is a weak global jni handle
R10=0x000000010a42166d is at code_begin+1197 in an Interpreter codelet
method entry point (kind = native)  [0x000000010a4211c0, 0x000000010a421fa0]  3552 bytes
R11=0x00000006aaa80010 is an unknown value
R12=0x00000006aaa80010 is an unknown value
R13=0x0000000151982000 is an unknown value
R14=0x000000013d1926a8 is pointing into the stack for thread: 0x00007fe41797b800
R15=0x00007fe41797b9e8 is an unknown value


Stack: [0x000000013d094000,0x000000013d194000],  sp=0x000000013d1925c0,  free space=1017k
Native frames: (J=compiled Java code, j=interpreted, Vv=VM code, C=native code)
C  [libsystem_c.dylib+0x1a70]  memmove$VARIANT$sse42+0x88
C  [libjniavutil.dylib+0x385bb]  Java_org_bytedeco_javacpp_BytePointer_get___3BII+0xab
j  org.bytedeco.javacpp.BytePointer.get([BII)Lorg/bytedeco/javacpp/BytePointer;+0
j  org.janelia.it.jacs.shared.img_3d_loader.ByteGatherAcceptor.accept(Lorg/bytedeco/javacpp/BytePointer;III)V+59
j  org.janelia.it.jacs.shared.ffmpeg.H5JLoader.saveFrame(ILorg/janelia/it/jacs/shared/img_3d_loader/FFMPGByteAcceptor;)V+45
j  org.janelia.it.jacs.shared.img_3d_loader.H265FileLoader.populateAcceptor(Lorg/janelia/it/jacs/shared/ffmpeg/H5JLoader;)Lorg/janelia/it/jacs/shared/img_3d_loader/ByteGatherAcceptor;+137
j  org.janelia.it.jacs.shared.img_3d_loader.H265FileLoader.loadVolumeFile(Ljava/lang/String;)V+16
j  org.janelia.it.workstation.gui.viewer3d.VolumeLoader.loadVolume(Ljava/lang/String;)Z+414
j  org.janelia.it.workstation.gui.viewer3d.VolumeBrickActorBuilder.buildVolumeBrickActor(Lorg/janelia/it/workstation/gui/viewer3d/VolumeModel;Lorg/janelia/it/workstation/gui/viewer3d/VolumeBrickFactory;Lorg/janelia/it/workstation/gui/viewer3d/resolver/FileResolver;Ljava/lang/String;)Lorg/janelia/it/workstation/gui/opengl/GLActor;+17
j  org.janelia.it.workstation.gui.viewer3d.TestMip3d$1.run()V+162
j  java.awt.event.InvocationEvent.dispatch()V+47
j  java.awt.EventQueue.dispatchEventImpl(Ljava/awt/AWTEvent;Ljava/lang/Object;)V+21
j  java.awt.EventQueue.access$200(Ljava/awt/EventQueue;Ljava/awt/AWTEvent;Ljava/lang/Object;)V+3
j  java.awt.EventQueue$3.run()Ljava/lang/Void;+12
j  java.awt.EventQueue$3.run()Ljava/lang/Object;+1
v  ~StubRoutines::call_stub
V  [libjvm.dylib+0x2daef8]
V  [libjvm.dylib+0x2dacc8]
V  [libjvm.dylib+0x32e498]
j  java.security.AccessController.doPrivileged(Ljava/security/PrivilegedAction;Ljava/security/AccessControlContext;)Ljava/lang/Object;+0
j  java.security.ProtectionDomain$1.doIntersectionPrivilege(Ljava/security/PrivilegedAction;Ljava/security/AccessControlContext;Ljava/security/AccessControlContext;)Ljava/lang/Object;+28
j  java.awt.EventQueue.dispatchEvent(Ljava/awt/AWTEvent;)V+46
j  java.awt.EventDispatchThread.pumpOneEventForFilters(I)V+245
j  java.awt.EventDispatchThread.pumpEventsForFilter(ILjava/awt/Conditional;Ljava/awt/EventFilter;)V+35
j  java.awt.EventDispatchThread.pumpEventsForHierarchy(ILjava/awt/Conditional;Ljava/awt/Component;)V+11
j  java.awt.EventDispatchThread.pumpEvents(ILjava/awt/Conditional;)V+4
j  java.awt.EventDispatchThread.pumpEvents(Ljava/awt/Conditional;)V+3
j  java.awt.EventDispatchThread.run()V+9
v  ~StubRoutines::call_stub
V  [libjvm.dylib+0x2daef8]
V  [libjvm.dylib+0x2db40f]
V  [libjvm.dylib+0x2db54c]
V  [libjvm.dylib+0x32a41e]
V  [libjvm.dylib+0x4f5855]
V  [libjvm.dylib+0x4f6f5d]
V  [libjvm.dylib+0x420772]
C  [libsystem_c.dylib+0x14772]  _pthread_start+0x147
C  [libsystem_c.dylib+0x11a1]  thread_start+0xd

Java frames: (J=compiled Java code, j=interpreted, Vv=VM code)
j  org.bytedeco.javacpp.BytePointer.get([BII)Lorg/bytedeco/javacpp/BytePointer;+0
j  org.janelia.it.jacs.shared.img_3d_loader.ByteGatherAcceptor.accept(Lorg/bytedeco/javacpp/BytePointer;III)V+59
j  org.janelia.it.jacs.shared.ffmpeg.H5JLoader.saveFrame(ILorg/janelia/it/jacs/shared/img_3d_loader/FFMPGByteAcceptor;)V+45
j  org.janelia.it.jacs.shared.img_3d_loader.H265FileLoader.populateAcceptor(Lorg/janelia/it/jacs/shared/ffmpeg/H5JLoader;)Lorg/janelia/it/jacs/shared/img_3d_loader/ByteGatherAcceptor;+137
j  org.janelia.it.jacs.shared.img_3d_loader.H265FileLoader.loadVolumeFile(Ljava/lang/String;)V+16
j  org.janelia.it.workstation.gui.viewer3d.VolumeLoader.loadVolume(Ljava/lang/String;)Z+414
j  org.janelia.it.workstation.gui.viewer3d.VolumeBrickActorBuilder.buildVolumeBrickActor(Lorg/janelia/it/workstation/gui/viewer3d/VolumeModel;Lorg/janelia/it/workstation/gui/viewer3d/VolumeBrickFactory;Lorg/janelia/it/workstation/gui/viewer3d/resolver/FileResolver;Ljava/lang/String;)Lorg/janelia/it/workstation/gui/opengl/GLActor;+17
j  org.janelia.it.workstation.gui.viewer3d.TestMip3d$1.run()V+162
j  java.awt.event.InvocationEvent.dispatch()V+47
j  java.awt.EventQueue.dispatchEventImpl(Ljava/awt/AWTEvent;Ljava/lang/Object;)V+21
j  java.awt.EventQueue.access$200(Ljava/awt/EventQueue;Ljava/awt/AWTEvent;Ljava/lang/Object;)V+3
j  java.awt.EventQueue$3.run()Ljava/lang/Void;+12
j  java.awt.EventQueue$3.run()Ljava/lang/Object;+1
v  ~StubRoutines::call_stub
j  java.security.AccessController.doPrivileged(Ljava/security/PrivilegedAction;Ljava/security/AccessControlContext;)Ljava/lang/Object;+0
j  java.security.ProtectionDomain$1.doIntersectionPrivilege(Ljava/security/PrivilegedAction;Ljava/security/AccessControlContext;Ljava/security/AccessControlContext;)Ljava/lang/Object;+28
j  java.awt.EventQueue.dispatchEvent(Ljava/awt/AWTEvent;)V+46
j  java.awt.EventDispatchThread.pumpOneEventForFilters(I)V+245
j  java.awt.EventDispatchThread.pumpEventsForFilter(ILjava/awt/Conditional;Ljava/awt/EventFilter;)V+35
j  java.awt.EventDispatchThread.pumpEventsForHierarchy(ILjava/awt/Conditional;Ljava/awt/Component;)V+11
j  java.awt.EventDispatchThread.pumpEvents(ILjava/awt/Conditional;)V+4
j  java.awt.EventDispatchThread.pumpEvents(Ljava/awt/Conditional;)V+3
j  java.awt.EventDispatchThread.run()V+9
v  ~StubRoutines::call_stub

---------------  P R O C E S S  ---------------

Java Threads: ( => current thread )
  0x00007fe4171b0000 JavaThread "Java2D Disposer" daemon [_thread_blocked, id=53763, stack(0x000000013ddd2000,0x000000013ded2000)]
  0x00007fe4171a1000 JavaThread "Java2D Queue Flusher" daemon [_thread_blocked, id=50439, stack(0x000000013d29a000,0x000000013d39a000)]
  0x00007fe417192800 JavaThread "org.netbeans.modules.debugger.jpda.visual AWT Access Loop" daemon [_thread_blocked, id=49931, stack(0x000000013d197000,0x000000013d297000)]
  0x00007fe41797c800 JavaThread "DestroyJavaVM" [_thread_blocked, id=6403, stack(0x000000010a1f3000,0x000000010a2f3000)]
=>0x00007fe41797b800 JavaThread "AWT-EventQueue-0" [_thread_in_native, id=47635, stack(0x000000013d094000,0x000000013d194000)]
  0x00007fe4159ff000 JavaThread "AWT-Shutdown" [_thread_blocked, id=37635, stack(0x000000013a7e3000,0x000000013a8e3000)]
  0x00007fe417189800 JavaThread "AWT-AppKit" daemon [_thread_in_native, id=3847, stack(0x00007fff55d9a000,0x00007fff5659a000)]
  0x00007fe41782e000 JavaThread "Service Thread" daemon [_thread_blocked, id=31747, stack(0x000000013898c000,0x0000000138a8c000)]
  0x00007fe417804000 JavaThread "C2 CompilerThread1" daemon [_thread_blocked, id=31235, stack(0x0000000138889000,0x0000000138989000)]
  0x00007fe417823000 JavaThread "C2 CompilerThread0" daemon [_thread_blocked, id=30723, stack(0x0000000138786000,0x0000000138886000)]
  0x00007fe418000000 JavaThread "JDWP Command Reader" daemon [_thread_in_native, id=30211, stack(0x0000000138683000,0x0000000138783000)]
  0x00007fe417002000 JavaThread "JDWP Event Helper Thread" daemon [_thread_blocked, id=29699, stack(0x0000000138580000,0x0000000138680000)]
  0x00007fe417001000 JavaThread "JDWP Transport Listener: dt_socket" daemon [_thread_blocked, id=29187, stack(0x000000013847d000,0x000000013857d000)]
  0x00007fe417817000 JavaThread "Signal Dispatcher" daemon [_thread_blocked, id=28675, stack(0x0000000138374000,0x0000000138474000)]
  0x00007fe416058800 JavaThread "Finalizer" daemon [_thread_blocked, id=24067, stack(0x0000000138124000,0x0000000138224000)]
  0x00007fe416057800 JavaThread "Reference Handler" daemon [_thread_blocked, id=23555, stack(0x0000000138021000,0x0000000138121000)]

Other Threads:
  0x00007fe416055000 VMThread [stack: 0x0000000137f1e000,0x000000013801e000] [id=23043]
  0x00007fe41783f000 WatcherThread [stack: 0x0000000138a8f000,0x0000000138b8f000] [id=32259]

VM state:not at safepoint (normal execution)

VM Mutex/Monitor currently owned by a thread: None

Heap
 PSYoungGen      total 306176K, used 51923K [0x00000006aaa80000, 0x00000006c0000000, 0x0000000800000000)
  eden space 262656K, 3% used [0x00000006aaa80000,0x00000006ab2bbc20,0x00000006bab00000)
  from space 43520K, 99% used [0x00000006bab00000,0x00000006bd579028,0x00000006bd580000)
  to   space 43520K, 0% used [0x00000006bd580000,0x00000006bd580000,0x00000006c0000000)
 ParOldGen       total 698880K, used 44518K [0x0000000400000000, 0x000000042aa80000, 0x00000006aaa80000)
  object space 698880K, 6% used [0x0000000400000000,0x0000000402b79968,0x000000042aa80000)
 PSPermGen       total 21504K, used 20242K [0x00000003fae00000, 0x00000003fc300000, 0x0000000400000000)
  object space 21504K, 94% used [0x00000003fae00000,0x00000003fc1c49c0,0x00000003fc300000)

Card table byte_map: [0x000000010d4c9000,0x000000010f4f3000] byte_map_base: 0x000000010b4f2000

Polling page: 0x000000010a332000

Code Cache  [0x000000010a409000, 0x000000010a679000, 0x000000010d409000)
 total_blobs=924 nmethods=163 adapters=723 free_code_cache=48104Kb largest_free_block=49230080

Compilation events (10 events):
Event: 4.003 Thread 0x00007fe417804000  159             java.util.HashMap::addEntry (69 bytes)
Event: 4.008 Thread 0x00007fe417804000 nmethod 159 0x000000010a46f150 code [0x000000010a46f300, 0x000000010a46f7e8]
Event: 11.844 Thread 0x00007fe417823000  160             org.bytedeco.javacpp.BytePointer::position (9 bytes)
Event: 11.844 Thread 0x00007fe417804000  161             org.bytedeco.javacpp.Pointer::position (7 bytes)
Event: 11.844 Thread 0x00007fe417804000 nmethod 161 0x000000010a50e8d0 code [0x000000010a50ea00, 0x000000010a50ea58]
Event: 11.844 Thread 0x00007fe417823000 nmethod 160 0x000000010a4fb6d0 code [0x000000010a4fb800, 0x000000010a4fb858]
Event: 12.056 Thread 0x00007fe417823000  163             org.janelia.it.jacs.shared.img_3d_loader.ByteGatherAcceptor::accept (95 bytes)
Event: 12.067 Thread 0x00007fe417823000 nmethod 163 0x000000010a4fa3d0 code [0x000000010a4fa580, 0x000000010a4faf10]
Event: 94.964 Thread 0x00007fe417804000  164             java.util.concurrent.locks.AbstractQueuedSynchronizer::getState (5 bytes)
Event: 94.964 Thread 0x00007fe417804000 nmethod 164 0x000000010a50c410 code [0x000000010a50c540, 0x000000010a50c598]

GC Heap History (2 events):
Event: 66.043 GC heap before
{Heap before GC invocations=1 (full 0):
 PSYoungGen      total 306176K, used 260871K [0x00000006aaa80000, 0x00000006c0000000, 0x0000000800000000)
  eden space 262656K, 99% used [0x00000006aaa80000,0x00000006ba941c28,0x00000006bab00000)
  from space 43520K, 0% used [0x00000006bd580000,0x00000006bd580000,0x00000006c0000000)
  to   space 43520K, 0% used [0x00000006bab00000,0x00000006bab00000,0x00000006bd580000)
 ParOldGen       total 698880K, used 0K [0x0000000400000000, 0x000000042aa80000, 0x00000006aaa80000)
  object space 698880K, 0% used [0x0000000400000000,0x0000000400000000,0x000000042aa80000)
 PSPermGen       total 21504K, used 20241K [0x00000003fae00000, 0x00000003fc300000, 0x0000000400000000)
  object space 21504K, 94% used [0x00000003fae00000,0x00000003fc1c4738,0x00000003fc300000)
Event: 66.105 GC heap after
Heap after GC invocations=1 (full 0):
 PSYoungGen      total 306176K, used 43492K [0x00000006aaa80000, 0x00000006c0000000, 0x0000000800000000)
  eden space 262656K, 0% used [0x00000006aaa80000,0x00000006aaa80000,0x00000006bab00000)
  from space 43520K, 99% used [0x00000006bab00000,0x00000006bd579028,0x00000006bd580000)
  to   space 43520K, 0% used [0x00000006bd580000,0x00000006bd580000,0x00000006c0000000)
 ParOldGen       total 698880K, used 44518K [0x0000000400000000, 0x000000042aa80000, 0x00000006aaa80000)
  object space 698880K, 6% used [0x0000000400000000,0x0000000402b79968,0x000000042aa80000)
 PSPermGen       total 21504K, used 20241K [0x00000003fae00000, 0x00000003fc300000, 0x0000000400000000)
  object space 21504K, 94% used [0x00000003fae00000,0x00000003fc1c4738,0x00000003fc300000)
}

Deoptimization events (7 events):
Event: 0.459 Thread 0x00007fe416000000 Uncommon trap: reason=unloaded action=reinterpret pc=0x000000010a46f678 method=java.io.BufferedReader.readLine(Z)Ljava/lang/String; @ 268
Event: 1.209 Thread 0x00007fe417189800 Uncommon trap: reason=null_check action=make_not_entrant pc=0x000000010a46c604 method=java.lang.String.equals(Ljava/lang/Object;)Z @ 8
Event: 1.542 Thread 0x00007fe41797b800 Uncommon trap: reason=null_check action=make_not_entrant pc=0x000000010a4990a8 method=java.util.jar.Attributes.putValue(Ljava/lang/String;Ljava/lang/String;)Ljava/lang/String; @ 13
Event: 2.778 Thread 0x00007fe41797b800 Uncommon trap: reason=unreached action=reinterpret pc=0x000000010a4a74ac method=java.util.HashMap.get(Ljava/lang/Object;)Ljava/lang/Object; @ 1
Event: 3.107 Thread 0x00007fe41797b800 Uncommon trap: reason=unreached action=reinterpret pc=0x000000010a4a1ca8 method=java.util.Properties$LineReader.readLine()I @ 97
Event: 3.124 Thread 0x00007fe41797b800 Uncommon trap: reason=class_check action=maybe_recompile pc=0x000000010a4869f0 method=java.lang.String.equals(Ljava/lang/Object;)Z @ 8
Event: 3.133 Thread 0x00007fe41797b800 Uncommon trap: reason=predicate action=maybe_recompile pc=0x000000010a470770 method=java.util.LinkedList.indexOf(Ljava/lang/Object;)I @ 47

Internal exceptions (10 events):
Event: 3.883 Thread 0x00007fe41797b800 Threw 0x00000006b5c77018 at /HUDSON/workspace/7u-2-build-macosx-x86_64/jdk7u67/1368/hotspot/src/share/vm/prims/jvm.cpp:1244
Event: 3.895 Thread 0x00007fe41797b800 Threw 0x00000006b5d37ab0 at /HUDSON/workspace/7u-2-build-macosx-x86_64/jdk7u67/1368/hotspot/src/share/vm/prims/jvm.cpp:1244
Event: 3.896 Thread 0x00007fe41797b800 Threw 0x00000006b5d442c8 at /HUDSON/workspace/7u-2-build-macosx-x86_64/jdk7u67/1368/hotspot/src/share/vm/prims/jvm.cpp:1244
Event: 3.896 Thread 0x00007fe41797b800 Threw 0x00000006b5d50440 at /HUDSON/workspace/7u-2-build-macosx-x86_64/jdk7u67/1368/hotspot/src/share/vm/prims/jvm.cpp:1244
Event: 3.897 Thread 0x00007fe41797b800 Threw 0x00000006b5d5f468 at /HUDSON/workspace/7u-2-build-macosx-x86_64/jdk7u67/1368/hotspot/src/share/vm/prims/jvm.cpp:1244
Event: 3.960 Thread 0x00007fe41797b800 Threw 0x00000006b5d6c778 at /HUDSON/workspace/7u-2-build-macosx-x86_64/jdk7u67/1368/hotspot/src/share/vm/prims/jvm.cpp:1244
Event: 3.960 Thread 0x00007fe41797b800 Threw 0x00000006b5d79a08 at /HUDSON/workspace/7u-2-build-macosx-x86_64/jdk7u67/1368/hotspot/src/share/vm/prims/jvm.cpp:1244
Event: 3.961 Thread 0x00007fe41797b800 Threw 0x00000006b5d87938 at /HUDSON/workspace/7u-2-build-macosx-x86_64/jdk7u67/1368/hotspot/src/share/vm/prims/jvm.cpp:1244
Event: 4.043 Thread 0x00007fe41797b800 Threw 0x00000006b5da18b8 at /HUDSON/workspace/7u-2-build-macosx-x86_64/jdk7u67/1368/hotspot/src/share/vm/prims/jvm.cpp:1244
Event: 4.176 Thread 0x00007fe41797b800 Threw 0x00000006b5daf738 at /HUDSON/workspace/7u-2-build-macosx-x86_64/jdk7u67/1368/hotspot/src/share/vm/prims/jvm.cpp:1244

Events (10 events):
Event: 156.820 Executing VM operation: GetCurrentLocation
Event: 156.820 Executing VM operation: GetCurrentLocation done
Event: 156.820 Executing VM operation: ChangeSingleStep
Event: 156.820 Executing VM operation: ChangeSingleStep done
Event: 156.821 Executing VM operation: ChangeSingleStep
Event: 156.821 Executing VM operation: ChangeSingleStep done
Event: 156.821 Executing VM operation: GetCurrentLocation
Event: 156.821 Executing VM operation: GetCurrentLocation done
Event: 156.821 Executing VM operation: ChangeSingleStep
Event: 156.821 Executing VM operation: ChangeSingleStep done


Dynamic libraries:
0x0000000002937000 	/System/Library/Frameworks/Cocoa.framework/Versions/A/Cocoa
0x0000000002937000 	/System/Library/Frameworks/Security.framework/Versions/A/Security
0x0000000002937000 	/System/Library/Frameworks/ApplicationServices.framework/Versions/A/ApplicationServices
0x0000000002937000 	/usr/lib/libz.1.dylib
0x0000000002937000 	/usr/lib/libSystem.B.dylib
0x0000000002937000 	/usr/lib/libobjc.A.dylib
0x0000000002937000 	/System/Library/Frameworks/CoreFoundation.framework/Versions/A/CoreFoundation
0x0000000002937000 	/System/Library/Frameworks/Foundation.framework/Versions/C/Foundation
0x0000000002937000 	/System/Library/Frameworks/AppKit.framework/Versions/C/AppKit
0x0000000002937000 	/System/Library/Frameworks/CoreData.framework/Versions/A/CoreData
0x0000000002937000 	/System/Library/PrivateFrameworks/RemoteViewServices.framework/Versions/A/RemoteViewServices
0x0000000002937000 	/System/Library/Frameworks/AudioToolbox.framework/Versions/A/AudioToolbox
0x0000000002937000 	/System/Library/Frameworks/AudioUnit.framework/Versions/A/AudioUnit
0x0000000002937000 	/System/Library/PrivateFrameworks/DataDetectorsCore.framework/Versions/A/DataDetectorsCore
0x0000000002937000 	/System/Library/PrivateFrameworks/DesktopServicesPriv.framework/Versions/A/DesktopServicesPriv
0x0000000002937000 	/System/Library/Frameworks/Carbon.framework/Versions/A/Frameworks/HIToolbox.framework/Versions/A/HIToolbox
0x0000000002937000 	/System/Library/Frameworks/QuartzCore.framework/Versions/A/QuartzCore
0x0000000002937000 	/System/Library/Frameworks/Carbon.framework/Versions/A/Frameworks/SpeechRecognition.framework/Versions/A/SpeechRecognition
0x0000000002937000 	/usr/lib/libauto.dylib
0x0000000002937000 	/usr/lib/libicucore.A.dylib
0x0000000002937000 	/usr/lib/libxml2.2.dylib
0x0000000002937000 	/System/Library/PrivateFrameworks/CoreUI.framework/Versions/A/CoreUI
0x0000000002937000 	/System/Library/Frameworks/CoreAudio.framework/Versions/A/CoreAudio
0x0000000002937000 	/System/Library/Frameworks/DiskArbitration.framework/Versions/A/DiskArbitration
0x0000000002937000 	/usr/lib/liblangid.dylib
0x0000000002937000 	/System/Library/PrivateFrameworks/MultitouchSupport.framework/Versions/A/MultitouchSupport
0x0000000002937000 	/System/Library/Frameworks/IOKit.framework/Versions/A/IOKit
0x0000000002937000 	/usr/lib/libDiagnosticMessagesClient.dylib
0x0000000002937000 	/System/Library/Frameworks/CoreServices.framework/Versions/A/CoreServices
0x0000000002937000 	/System/Library/PrivateFrameworks/PerformanceAnalysis.framework/Versions/A/PerformanceAnalysis
0x0000000002937000 	/System/Library/PrivateFrameworks/GenerationalStorage.framework/Versions/A/GenerationalStorage
0x0000000002937000 	/System/Library/Frameworks/OpenGL.framework/Versions/A/OpenGL
0x0000000002937000 	/System/Library/Frameworks/CoreText.framework/Versions/A/CoreText
0x0000000002937000 	/System/Library/Frameworks/ImageIO.framework/Versions/A/ImageIO
0x0000000002937000 	/System/Library/PrivateFrameworks/Backup.framework/Versions/A/Backup
0x0000000002937000 	/System/Library/Frameworks/CFNetwork.framework/Versions/A/CFNetwork
0x0000000002937000 	/System/Library/Frameworks/SystemConfiguration.framework/Versions/A/SystemConfiguration
0x0000000002937000 	/usr/lib/libCRFSuite.dylib
0x0000000002937000 	/System/Library/PrivateFrameworks/TCC.framework/Versions/A/TCC
0x0000000002937000 	/usr/lib/libc++.1.dylib
0x0000000002937000 	/usr/lib/libc++abi.dylib
0x0000000002937000 	/usr/lib/system/libcache.dylib
0x0000000002937000 	/usr/lib/system/libcommonCrypto.dylib
0x0000000002937000 	/usr/lib/system/libcompiler_rt.dylib
0x0000000002937000 	/usr/lib/system/libcopyfile.dylib
0x0000000002937000 	/usr/lib/system/libdispatch.dylib
0x0000000002937000 	/usr/lib/system/libdnsinfo.dylib
0x0000000002937000 	/usr/lib/system/libdyld.dylib
0x0000000002937000 	/usr/lib/system/libkeymgr.dylib
0x0000000002937000 	/usr/lib/system/liblaunch.dylib
0x0000000002937000 	/usr/lib/system/libmacho.dylib
0x0000000002937000 	/usr/lib/system/libquarantine.dylib
0x0000000002937000 	/usr/lib/system/libremovefile.dylib
0x0000000002937000 	/usr/lib/system/libsystem_blocks.dylib
0x0000000002937000 	/usr/lib/system/libsystem_c.dylib
0x0000000002937000 	/usr/lib/system/libsystem_dnssd.dylib
0x0000000002937000 	/usr/lib/system/libsystem_info.dylib
0x0000000002937000 	/usr/lib/system/libsystem_kernel.dylib
0x0000000002937000 	/usr/lib/system/libsystem_m.dylib
0x0000000002937000 	/usr/lib/system/libsystem_network.dylib
0x0000000002937000 	/usr/lib/system/libsystem_notify.dylib
0x0000000002937000 	/usr/lib/system/libsystem_sandbox.dylib
0x0000000002937000 	/usr/lib/system/libunc.dylib
0x0000000002937000 	/usr/lib/system/libunwind.dylib
0x0000000002937000 	/usr/lib/system/libxpc.dylib
0x0000000002937000 	/usr/lib/system/libcorecrypto.dylib
0x0000000002937000 	/usr/lib/libstdc++.6.dylib
0x0000000002937000 	/usr/lib/libbsm.0.dylib
0x0000000002937000 	/usr/lib/libsqlite3.dylib
0x0000000002937000 	/usr/lib/libxar.1.dylib
0x0000000002937000 	/usr/lib/libpam.2.dylib
0x0000000002937000 	/usr/lib/libOpenScriptingUtil.dylib
0x0000000002937000 	/usr/lib/libbz2.1.0.dylib
0x0000000002937000 	/System/Library/Frameworks/CoreServices.framework/Versions/A/Frameworks/CarbonCore.framework/Versions/A/CarbonCore
0x0000000002937000 	/System/Library/Frameworks/CoreServices.framework/Versions/A/Frameworks/Metadata.framework/Versions/A/Metadata
0x0000000002937000 	/System/Library/Frameworks/CoreServices.framework/Versions/A/Frameworks/OSServices.framework/Versions/A/OSServices
0x0000000002937000 	/System/Library/Frameworks/CoreServices.framework/Versions/A/Frameworks/SearchKit.framework/Versions/A/SearchKit
0x0000000002937000 	/System/Library/Frameworks/CoreServices.framework/Versions/A/Frameworks/AE.framework/Versions/A/AE
0x0000000002937000 	/System/Library/Frameworks/CoreServices.framework/Versions/A/Frameworks/LaunchServices.framework/Versions/A/LaunchServices
0x0000000002937000 	/System/Library/Frameworks/CoreServices.framework/Versions/A/Frameworks/DictionaryServices.framework/Versions/A/DictionaryServices
0x0000000002937000 	/System/Library/Frameworks/NetFS.framework/Versions/A/NetFS
0x0000000002937000 	/usr/lib/system/libkxld.dylib
0x0000000002937000 	/System/Library/PrivateFrameworks/NetAuth.framework/Versions/A/NetAuth
0x0000000002937000 	/System/Library/Frameworks/OpenDirectory.framework/Versions/A/Frameworks/CFOpenDirectory.framework/Versions/A/CFOpenDirectory
0x0000000002937000 	/usr/lib/libxslt.1.dylib
0x0000000002937000 	/System/Library/PrivateFrameworks/FamilyControls.framework/Versions/A/FamilyControls
0x0000000002937000 	/System/Library/Frameworks/Carbon.framework/Versions/A/Frameworks/Ink.framework/Versions/A/Ink
0x0000000002937000 	/System/Library/Frameworks/ApplicationServices.framework/Versions/A/Frameworks/CoreGraphics.framework/Versions/A/CoreGraphics
0x0000000002937000 	/System/Library/Frameworks/ApplicationServices.framework/Versions/A/Frameworks/ATS.framework/Versions/A/ATS
0x0000000002937000 	/System/Library/Frameworks/ApplicationServices.framework/Versions/A/Frameworks/ColorSync.framework/Versions/A/ColorSync
0x0000000002937000 	/System/Library/Frameworks/ApplicationServices.framework/Versions/A/Frameworks/HIServices.framework/Versions/A/HIServices
0x0000000002937000 	/System/Library/Frameworks/ApplicationServices.framework/Versions/A/Frameworks/LangAnalysis.framework/Versions/A/LangAnalysis
0x0000000002937000 	/System/Library/Frameworks/ApplicationServices.framework/Versions/A/Frameworks/PrintCore.framework/Versions/A/PrintCore
0x0000000002937000 	/System/Library/Frameworks/ApplicationServices.framework/Versions/A/Frameworks/QD.framework/Versions/A/QD
0x0000000002937000 	/System/Library/Frameworks/ApplicationServices.framework/Versions/A/Frameworks/SpeechSynthesis.framework/Versions/A/SpeechSynthesis
0x0000000002937000 	/System/Library/Frameworks/IOSurface.framework/Versions/A/IOSurface
0x0000000002937000 	/System/Library/Frameworks/Accelerate.framework/Versions/A/Accelerate
0x0000000002937000 	/System/Library/Frameworks/ApplicationServices.framework/Versions/A/Frameworks/ATS.framework/Versions/A/Resources/libFontParser.dylib
0x0000000002937000 	/System/Library/Frameworks/ApplicationServices.framework/Versions/A/Frameworks/ATS.framework/Versions/A/Resources/libFontRegistry.dylib
0x0000000002937000 	/System/Library/Frameworks/Accelerate.framework/Versions/A/Frameworks/vImage.framework/Versions/A/vImage
0x0000000002937000 	/System/Library/Frameworks/Accelerate.framework/Versions/A/Frameworks/vecLib.framework/Versions/A/vecLib
0x0000000002937000 	/System/Library/Frameworks/Accelerate.framework/Versions/A/Frameworks/vecLib.framework/Versions/A/libvDSP.dylib
0x0000000002937000 	/System/Library/Frameworks/Accelerate.framework/Versions/A/Frameworks/vecLib.framework/Versions/A/libvMisc.dylib
0x0000000002937000 	/System/Library/Frameworks/Accelerate.framework/Versions/A/Frameworks/vecLib.framework/Versions/A/libLAPACK.dylib
0x0000000002937000 	/System/Library/Frameworks/Accelerate.framework/Versions/A/Frameworks/vecLib.framework/Versions/A/libBLAS.dylib
0x0000000002937000 	/System/Library/Frameworks/ImageIO.framework/Versions/A/Resources/libJPEG.dylib
0x0000000002937000 	/System/Library/Frameworks/ImageIO.framework/Versions/A/Resources/libTIFF.dylib
0x0000000002937000 	/System/Library/Frameworks/ImageIO.framework/Versions/A/Resources/libPng.dylib
0x0000000002937000 	/System/Library/Frameworks/ImageIO.framework/Versions/A/Resources/libGIF.dylib
0x0000000002937000 	/System/Library/Frameworks/ImageIO.framework/Versions/A/Resources/libJP2.dylib
0x0000000002937000 	/System/Library/Frameworks/ImageIO.framework/Versions/A/Resources/libRadiance.dylib
0x0000000002937000 	/usr/lib/libcups.2.dylib
0x0000000002937000 	/System/Library/Frameworks/Kerberos.framework/Versions/A/Kerberos
0x0000000002937000 	/System/Library/Frameworks/GSS.framework/Versions/A/GSS
0x0000000002937000 	/usr/lib/libresolv.9.dylib
0x0000000002937000 	/usr/lib/libiconv.2.dylib
0x0000000002937000 	/System/Library/PrivateFrameworks/Heimdal.framework/Versions/A/Heimdal
0x0000000002937000 	/System/Library/PrivateFrameworks/TrustEvaluationAgent.framework/Versions/A/TrustEvaluationAgent
0x0000000002937000 	/System/Library/Frameworks/OpenDirectory.framework/Versions/A/OpenDirectory
0x0000000002937000 	/System/Library/PrivateFrameworks/CommonAuth.framework/Versions/A/CommonAuth
0x0000000002937000 	/System/Library/PrivateFrameworks/Bom.framework/Versions/A/Bom
0x0000000002937000 	/System/Library/Frameworks/CoreVideo.framework/Versions/A/CoreVideo
0x0000000002937000 	/System/Library/Frameworks/QuartzCore.framework/Versions/A/Frameworks/CoreImage.framework/Versions/A/CoreImage
0x0000000002937000 	/System/Library/Frameworks/QuartzCore.framework/Versions/A/Frameworks/ScalableUserInterface.framework/Versions/A/ScalableUserInterface
0x0000000002937000 	/System/Library/Frameworks/OpenGL.framework/Versions/A/Libraries/libGLU.dylib
0x0000000002937000 	/System/Library/Frameworks/OpenGL.framework/Versions/A/Libraries/libGFXShared.dylib
0x0000000002937000 	/System/Library/Frameworks/OpenGL.framework/Versions/A/Libraries/libGL.dylib
0x0000000002937000 	/System/Library/Frameworks/OpenGL.framework/Versions/A/Libraries/libGLImage.dylib
0x0000000002937000 	/System/Library/Frameworks/OpenGL.framework/Versions/A/Libraries/libCVMSPluginSupport.dylib
0x0000000002937000 	/System/Library/Frameworks/OpenGL.framework/Versions/A/Libraries/libCoreVMClient.dylib
0x0000000002937000 	/System/Library/PrivateFrameworks/CrashReporterSupport.framework/Versions/A/CrashReporterSupport
0x0000000002937000 	/System/Library/Frameworks/OpenCL.framework/Versions/A/OpenCL
0x0000000002937000 	/System/Library/PrivateFrameworks/FaceCoreLight.framework/Versions/A/FaceCoreLight
0x0000000002937000 	/System/Library/PrivateFrameworks/AppleFSCompression.framework/Versions/A/AppleFSCompression
0x0000000002937000 	/System/Library/PrivateFrameworks/Ubiquity.framework/Versions/A/Ubiquity
0x0000000002937000 	/System/Library/Frameworks/ServiceManagement.framework/Versions/A/ServiceManagement
0x0000000002937000 	/System/Library/PrivateFrameworks/ChunkingLibrary.framework/Versions/A/ChunkingLibrary
0x0000000002937000 	/System/Library/Frameworks/vecLib.framework/Versions/A/vecLib
0x0000000002937000 	/System/Library/Frameworks/SecurityFoundation.framework/Versions/A/SecurityFoundation
0x0000000002937000 	/System/Library/PrivateFrameworks/CommerceKit.framework/Versions/A/Frameworks/CommerceCore.framework/Versions/A/CommerceCore
0x0000000002937000 	/System/Library/PrivateFrameworks/CoreSymbolication.framework/Versions/A/CoreSymbolication
0x0000000002937000 	/System/Library/PrivateFrameworks/Symbolication.framework/Versions/A/Symbolication
0x0000000002937000 	/System/Library/PrivateFrameworks/DebugSymbols.framework/Versions/A/DebugSymbols
0x0000000109793000 	/Library/Java/JavaVirtualMachines/jdk1.7.0_67.jdk/Contents/Home/jre/lib/server/libjvm.dylib
0x000000010a2f5000 	/Library/Java/JavaVirtualMachines/jdk1.7.0_67.jdk/Contents/Home/jre/lib/libverify.dylib
0x000000010a302000 	/Library/Java/JavaVirtualMachines/jdk1.7.0_67.jdk/Contents/Home/jre/lib/libjava.dylib
0x000000010a333000 	/Library/Java/JavaVirtualMachines/jdk1.7.0_67.jdk/Contents/Home/jre/lib/libjdwp.dylib
0x000000010a370000 	/Library/Java/JavaVirtualMachines/jdk1.7.0_67.jdk/Contents/Home/jre/lib/libnpt.dylib
0x000000010a400000 	/Library/Java/JavaVirtualMachines/jdk1.7.0_67.jdk/Contents/Home/jre/lib/libzip.dylib
0x0000000138226000 	/System/Library/Frameworks/JavaVM.framework/Frameworks/JavaRuntimeSupport.framework/JavaRuntimeSupport
0x000000013823e000 	/System/Library/Frameworks/JavaVM.framework/Versions/A/Frameworks/JavaNativeFoundation.framework/Versions/A/JavaNativeFoundation
0x0000000138253000 	/System/Library/Frameworks/JavaVM.framework/Versions/A/JavaVM
0x0000000002937000 	/System/Library/Frameworks/Carbon.framework/Versions/A/Carbon
0x0000000138260000 	/System/Library/PrivateFrameworks/JavaLaunching.framework/Versions/A/JavaLaunching
0x0000000002937000 	/System/Library/Frameworks/Carbon.framework/Versions/A/Frameworks/CommonPanels.framework/Versions/A/CommonPanels
0x0000000002937000 	/System/Library/Frameworks/Carbon.framework/Versions/A/Frameworks/Help.framework/Versions/A/Help
0x0000000002937000 	/System/Library/Frameworks/Carbon.framework/Versions/A/Frameworks/ImageCapture.framework/Versions/A/ImageCapture
0x0000000002937000 	/System/Library/Frameworks/Carbon.framework/Versions/A/Frameworks/OpenScripting.framework/Versions/A/OpenScripting
0x0000000002937000 	/System/Library/Frameworks/Carbon.framework/Versions/A/Frameworks/Print.framework/Versions/A/Print
0x0000000002937000 	/System/Library/Frameworks/Carbon.framework/Versions/A/Frameworks/SecurityHI.framework/Versions/A/SecurityHI
0x0000000138476000 	/Library/Java/JavaVirtualMachines/jdk1.7.0_67.jdk/Contents/Home/jre/lib/libdt_socket.dylib
0x0000000139307000 	/Library/Java/JavaVirtualMachines/jdk1.7.0_67.jdk/Contents/Home/jre/lib/libawt.dylib
0x00000001393b6000 	/Library/Java/JavaVirtualMachines/jdk1.7.0_67.jdk/Contents/Home/jre/lib/./libmlib_image.dylib
0x0000000139482000 	/Library/Java/JavaVirtualMachines/jdk1.7.0_67.jdk/Contents/Home/jre/lib/lwawt/liblwawt.dylib
0x0000000139536000 	/Library/Java/JavaVirtualMachines/jdk1.7.0_67.jdk/Contents/Home/jre/lib/libosxapp.dylib
0x0000000139552000 	/System/Library/Frameworks/ExceptionHandling.framework/Versions/A/ExceptionHandling
0x0000000002937000 	/System/Library/PrivateFrameworks/CoreServicesInternal.framework/Versions/A/CoreServicesInternal
0x0000000002937000 	/System/Library/PrivateFrameworks/Librarian.framework/Versions/A/Librarian
0x0000000002937000 	/System/Library/Frameworks/ApplicationServices.framework/Versions/A/Frameworks/CoreGraphics.framework/Versions/A/Resources/libCSync.A.dylib
0x0000000002937000 	/System/Library/Frameworks/ApplicationServices.framework/Versions/A/Frameworks/CoreGraphics.framework/Versions/A/Resources/libRIP.A.dylib
0x0000000002937000 	/System/Library/Frameworks/ApplicationServices.framework/Versions/A/Frameworks/CoreGraphics.framework/Versions/A/Resources/libCGXType.A.dylib
0x000000013b671000 	/Library/Java/JavaVirtualMachines/jdk1.7.0_67.jdk/Contents/Home/jre/lib/libfontmanager.dylib
0x000000013d39c000 	/System/Library/Frameworks/OpenGL.framework/Resources/GLEngine.bundle/GLEngine
0x000000013d591000 	/System/Library/Frameworks/OpenGL.framework/Versions/A/Libraries/libGLProgrammability.dylib
0x0000000000000000 	/System/Library/Extensions/GeForceGLDriver.bundle/Contents/MacOS/GeForceGLDriver
0x000000013a916000 	/System/Library/PrivateFrameworks/GPUSupport.framework/Versions/A/Libraries/libGPUSupport.dylib
0x0000000002937000 	/System/Library/Extensions/GeForceGLDriver.bundle/Contents/MacOS/libclh.dylib
0x000000013a92b000 	/System/Library/Frameworks/OpenGL.framework/Resources//GLRendererFloat.bundle/GLRendererFloat
0x000000013b6d8000 	/System/Library/Frameworks/OpenCL.framework/Versions/A/Libraries/libcldcpuengine.dylib
0x0000000002937000 	/System/Library/PrivateFrameworks/DiskImages.framework/Versions/A/DiskImages
0x0000000002937000 	/System/Library/Frameworks/DiscRecording.framework/Versions/A/DiscRecording
0x0000000002937000 	/usr/lib/libcurl.4.dylib
0x0000000002937000 	/System/Library/PrivateFrameworks/MediaKit.framework/Versions/A/MediaKit
0x0000000002937000 	/usr/lib/libssl.0.9.8.dylib
0x0000000002937000 	/usr/lib/libcrypto.0.9.8.dylib
0x0000000002937000 	/System/Library/Frameworks/LDAP.framework/Versions/A/LDAP
0x0000000002937000 	/usr/lib/libsasl2.2.dylib
0x000000013ded4000 	/Library/Java/JavaVirtualMachines/jdk1.7.0_67.jdk/Contents/Home/jre/lib/libosxui.dylib
0x000000013e577000 	/Library/Java/JavaVirtualMachines/jdk1.7.0_67.jdk/Contents/Home/jre/lib/libnet.dylib
0x000000013e97f000 	/Library/Java/JavaVirtualMachines/jdk1.7.0_67.jdk/Contents/Home/jre/lib/libnio.dylib
0x000000013e993000 	/private/var/folders/jd/hvc_ck5j7n79vc6fpd9wkp845p3dj9/T/jogamp_0000/file_cache/jln2233516043232230088/jln4070118419270826096/libgluegen-rt.jnilib
0x000000013ea9a000 	/private/var/folders/jd/hvc_ck5j7n79vc6fpd9wkp845p3dj9/T/jogamp_0000/file_cache/jln2233516043232230088/jln4070118419270826096/libnativewindow_awt.jnilib
0x000000013ea9d000 	/Library/Java/JavaVirtualMachines/jdk1.7.0_67.jdk/Contents/Home/jre/lib/libjawt.dylib
0x000000013eaa0000 	/private/var/folders/jd/hvc_ck5j7n79vc6fpd9wkp845p3dj9/T/jogamp_0000/file_cache/jln2233516043232230088/jln4070118419270826096/libnativewindow_macosx.jnilib
0x000000013eaa9000 	/private/var/folders/jd/hvc_ck5j7n79vc6fpd9wkp845p3dj9/T/jogamp_0000/file_cache/jln2233516043232230088/jln4070118419270826096/libjogl_desktop.jnilib
0x000000013eb6e000 	/private/var/folders/jd/hvc_ck5j7n79vc6fpd9wkp845p3dj9/T/jhdf53224291005288147578.so
0x000000013e997000 	/private/var/folders/jd/hvc_ck5j7n79vc6fpd9wkp845p3dj9/T/javacpp1424281978909725000/libavutil.54.dylib
0x000000013e9ef000 	/System/Library/Frameworks/VideoDecodeAcceleration.framework/Versions/A/VideoDecodeAcceleration
0x0000000002937000 	/System/Library/Frameworks/CoreMedia.framework/Versions/A/CoreMedia
0x0000000002937000 	/System/Library/Frameworks/VideoToolbox.framework/Versions/A/VideoToolbox
0x0000000002937000 	/System/Library/PrivateFrameworks/AppleVA.framework/Versions/A/AppleVA
0x000000013e9f5000 	/private/var/folders/jd/hvc_ck5j7n79vc6fpd9wkp845p3dj9/T/javacpp1424281978909725000/libjniavutil.dylib
0x000000013f191000 	/private/var/folders/jd/hvc_ck5j7n79vc6fpd9wkp845p3dj9/T/javacpp1424281978909725000/libswresample.1.dylib
0x000000013ea81000 	/private/var/folders/jd/hvc_ck5j7n79vc6fpd9wkp845p3dj9/T/javacpp1424281978909725000/libjniswresample.dylib
0x000000013f1ad000 	/private/var/folders/jd/hvc_ck5j7n79vc6fpd9wkp845p3dj9/T/javacpp1424281978909725000/libavcodec.56.dylib
0x000000014030c000 	/private/var/folders/jd/hvc_ck5j7n79vc6fpd9wkp845p3dj9/T/javacpp1424281978909725000/libjniavcodec.dylib
0x00000001403ad000 	/private/var/folders/jd/hvc_ck5j7n79vc6fpd9wkp845p3dj9/T/javacpp1424281978909725000/libavformat.56.dylib
0x00000001406f1000 	/private/var/folders/jd/hvc_ck5j7n79vc6fpd9wkp845p3dj9/T/javacpp1424281978909725000/libjniavformat.dylib
0x0000000140778000 	/private/var/folders/jd/hvc_ck5j7n79vc6fpd9wkp845p3dj9/T/javacpp1424281978909725000/libpostproc.53.dylib
0x0000000140799000 	/private/var/folders/jd/hvc_ck5j7n79vc6fpd9wkp845p3dj9/T/javacpp1424281978909725000/libjnipostproc.dylib
0x00000001407a5000 	/private/var/folders/jd/hvc_ck5j7n79vc6fpd9wkp845p3dj9/T/javacpp1424281978909725000/libswscale.3.dylib
0x000000014082a000 	/private/var/folders/jd/hvc_ck5j7n79vc6fpd9wkp845p3dj9/T/javacpp1424281978909725000/libjniswscale.dylib
0x000000014083e000 	/private/var/folders/jd/hvc_ck5j7n79vc6fpd9wkp845p3dj9/T/javacpp1424281978909725000/libavfilter.5.dylib
0x000000014094f000 	/private/var/folders/jd/hvc_ck5j7n79vc6fpd9wkp845p3dj9/T/javacpp1424281978909725000/libjniavfilter.dylib
0x000000013ea8f000 	/private/var/folders/jd/hvc_ck5j7n79vc6fpd9wkp845p3dj9/T/javacpp1424281978909725000/libavdevice.56.dylib
0x000000014099f000 	/private/var/folders/jd/hvc_ck5j7n79vc6fpd9wkp845p3dj9/T/javacpp1424281978909725000/libjniavdevice.dylib

VM Arguments:
jvm_args: -Xdebug -Xrunjdwp:transport=dt_socket,address=localhost:59186 -ea -Dbranding.token=janeliaws -Dcluster.path.final=/Applications/NetBeans/NetBeans 7.4.app/Contents/Resources/NetBeans/platform:/Users/fosterl/gitfiles/master/janelia-workstation/ConsoleApplication/ConsoleModule/../build/cluster -Dnbjunit.hard.timeout=600000 -Dnbjunit.workdir=/Users/fosterl/gitfiles/master/janelia-workstation/ConsoleApplication/ConsoleModule/build/test/unit/work 
java_command: org.janelia.it.workstation.gui.viewer3d.TestMip3d
Launcher Type: SUN_STANDARD

Environment Variables:
PATH=/usr/bin:/bin:/usr/sbin:/sbin
LD_LIBRARY_PATH=/Library/Java/JavaVirtualMachines/jdk1.7.0_67.jdk/Contents/Home/jre/lib/amd64:/Library/Java/JavaVirtualMachines/jdk1.7.0_67.jdk/Contents/Home/jre/lib/i386:
SHELL=/bin/bash
DISPLAY=/tmp/launch-cI2xQl/org.macosforge.xquartz:0
DYLD_LIBRARY_PATH=/Applications/NetBeans/NetBeans 7.4.app/Contents/Resources/NetBeans/webcommon/bin:

Signal Handlers:
SIGSEGV: [libjvm.dylib+0x52b6c9], sa_mask[0]=0xfffefeff, sa_flags=0x00000043
SIGBUS: [libjvm.dylib+0x52b6c9], sa_mask[0]=0xfffefeff, sa_flags=0x00000042
SIGFPE: [libjvm.dylib+0x41deaa], sa_mask[0]=0xfffefeff, sa_flags=0x00000042
SIGPIPE: [libjvm.dylib+0x41deaa], sa_mask[0]=0xfffefeff, sa_flags=0x00000042
SIGXFSZ: [libjvm.dylib+0x41deaa], sa_mask[0]=0xfffefeff, sa_flags=0x00000042
SIGILL: [libjvm.dylib+0x41deaa], sa_mask[0]=0xfffefeff, sa_flags=0x00000042
SIGUSR1: SIG_DFL, sa_mask[0]=0x00000000, sa_flags=0x00000002
SIGUSR2: [libjvm.dylib+0x41d99c], sa_mask[0]=0x00000004, sa_flags=0x00000042
SIGHUP: [libjvm.dylib+0x41bc2d], sa_mask[0]=0xfffefeff, sa_flags=0x00000042
SIGINT: SIG_IGN, sa_mask[0]=0x00000000, sa_flags=0x00000000
SIGTERM: [libjvm.dylib+0x41bc2d], sa_mask[0]=0xfffefeff, sa_flags=0x00000042
SIGQUIT: [libjvm.dylib+0x41bc2d], sa_mask[0]=0xfffefeff, sa_flags=0x00000042


---------------  S Y S T E M  ---------------

OS:Bsduname:Darwin 12.5.0 Darwin Kernel Version 12.5.0: Sun Sep 29 13:33:47 PDT 2013; root:xnu-2050.48.12~1/RELEASE_X86_64 x86_64
rlimit: STACK 8192k, CORE 0k, NPROC 709, NOFILE 10240, AS infinity
load average:1.58 1.81 1.93

CPU:total 24 (6 cores per cpu, 2 threads per core) family 6 model 44 stepping 2, cmov, cx8, fxsr, mmx, sse, sse2, sse3, ssse3, sse4.1, sse4.2, popcnt, aes, ht, tsc, tscinvbit, tscinv

Memory: 4k page, physical 67108864k(16777216k free)

/proc/meminfo:


vm_info: Java HotSpot(TM) 64-Bit Server VM (24.65-b04) for bsd-amd64 JRE (1.7.0_67-b01), built on Jul 25 2014 08:51:51 by "java_re" with gcc 4.2.1 (Based on Apple Inc. build 5658) (LLVM build 2336.11.00)

time: Wed Feb 18 12:55:32 2015
elapsed time: 156 seconds

