#
# A fatal error has been detected by the Java Runtime Environment:
#
#  SIGBUS (0xa) at pc=0x000000010ec6c0b7, pid=5415, tid=49159
#
# JRE version: Java(TM) SE Runtime Environment (7.0_51-b13) (build 1.7.0_51-b13)
# Java VM: Java HotSpot(TM) 64-Bit Server VM (24.51-b03 mixed mode bsd-amd64 compressed oops)
# Problematic frame:
# C  [libzip.dylib+0x30b7]  newEntry+0x154
#
# Failed to write core dump. Core dumps have been disabled. To enable core dumping, try "ulimit -c unlimited" before starting Java again
#
# If you would like to submit a bug report, please visit:
#   http://bugreport.sun.com/bugreport/crash.jsp
# The crash happened outside the Java Virtual Machine in native code.
# See problematic frame for where to report the bug.
#

---------------  T H R E A D  ---------------

Current thread (0x00007f856b856000):  JavaThread "main" [_thread_in_native, id=49159, stack(0x0000000141566000,0x0000000141666000)]

siginfo:si_signo=SIGBUS: si_errno=0, si_code=2 (BUS_ADRERR), si_addr=0x00000001454fb854

Registers:
RAX=0x00007f856986a390, RBX=0x00000001454fb848, RCX=0x0000000000000e01, RDX=0x0000000000001000
RSP=0x00000001416642a0, RBP=0x0000000141664300, RSI=0x00007f8568c00000, RDI=0x000000010def7a00
R8 =0x0000000000000004, R9 =0x000000000000000c, R10=0x00007f8568ce1560, R11=0x0000000000000004
R12=0x0000000000000220, R13=0x00007f856a0f9a00, R14=0x00007f856986a390, R15=0x00007f856986c580
RIP=0x000000010ec6c0b7, EFLAGS=0x0000000000010206, ERR=0x0000000000000004
  TRAPNO=0x000000000000000e

Top of Stack: (sp=0x00000001416642a0)
0x00000001416642a0:   00000001416642c0 000000000e32b745
0x00000001416642b0:   000000014166432e 00000000764b5654
0x00000001416642c0:   00000001416642e0 00007f856986a390
0x00000001416642d0:   00007f8568ce4e70 00000000764b5654
0x00000001416642e0:   0000000000000220 00007f856a0f9a00
0x00000001416642f0:   00007f856986a390 00007f856986c580
0x0000000141664300:   0000000141664350 000000010ec6c725
0x0000000141664310:   0000000000000037 000000376b856000
0x0000000141664320:   000000014166436e 0000000141664838
0x0000000141664330:   0000000000000037 000000014166436e
0x0000000141664340:   00007f856986a390 00007f856b8561e8
0x0000000141664350:   00000001416647a0 000000010ec6b570
0x0000000141664360:   00000001416643c8 454d000600000001
0x0000000141664370:   6e2f464e492d4154 7672657364656d61
0x0000000141664380:   646f4d2f73656369 6174532f73656c75
0x0000000141664390:   2e6176616a2f7472 6e75522e676e616c
0x00000001416643a0:   000000656c62616e 0000000000000000
0x00000001416643b0:   00000003fae30338 0000000000000000
0x00000001416643c0:   00000001416643e8 0000000141664430
0x00000001416643d0:   000000010ec780d8 0000000000000000
0x00000001416643e0:   00000006aaa85578 00000006b712dc50
0x00000001416643f0:   00000001416643f0 00000003fae3054b
0x0000000141664400:   0000000141664448 00000003faea8188
0x0000000141664410:   0000000000000000 00000003fae30560
0x0000000141664420:   0000000000000000 0000000141664440
0x0000000141664430:   0000000141664498 000000010ec780d8
0x0000000141664440:   00000006b712dc18 00000006b712dc50
0x0000000141664450:   00000006b712dc50 0000000141664458
0x0000000141664460:   00000003fae30625 00000001416644a8
0x0000000141664470:   00000003faea8188 0000000000000000
0x0000000141664480:   00000003fae30630 0000000000000000
0x0000000141664490:   00000001416644a8 0000000141664510 

Instructions: (pc=0x000000010ec6c0b7)
0x000000010ec6c097:   49 8b 7f 38 e8 9c 1a 00 00 4d 89 77 38 49 89 5f
0x000000010ec6c0a7:   40 4c 89 f0 48 85 c0 0f 84 16 05 00 00 48 89 c3
0x000000010ec6c0b7:   0f b6 43 0c 0f b6 4b 0d 48 c1 e1 08 48 01 c1 0f
0x000000010ec6c0c7:   b6 43 0e 0f b6 53 0f 48 c1 e2 08 48 01 c2 48 c1 

Register to memory mapping:

RAX=0x00007f856986a390 is an unknown value
RBX=0x00000001454fb848 is an unknown value
RCX=0x0000000000000e01 is an unknown value
RDX=0x0000000000001000 is an unknown value
RSP=0x00000001416642a0 is pointing into the stack for thread: 0x00007f856b856000
RBP=0x0000000141664300 is pointing into the stack for thread: 0x00007f856b856000
RSI=0x00007f8568c00000 is an unknown value
RDI=0x000000010def7a00 is an unknown value
R8 =0x0000000000000004 is an unknown value
R9 =0x000000000000000c is an unknown value
R10=0x00007f8568ce1560 is an unknown value
R11=0x0000000000000004 is an unknown value
R12=0x0000000000000220 is an unknown value
R13=0x00007f856a0f9a00 is an unknown value
R14=0x00007f856986a390 is an unknown value
R15=0x00007f856986c580 is an unknown value


Stack: [0x0000000141566000,0x0000000141666000],  sp=0x00000001416642a0,  free space=1016k
Native frames: (J=compiled Java code, j=interpreted, Vv=VM code, C=native code)
C  [libzip.dylib+0x30b7]  newEntry+0x154
C  [libzip.dylib+0x3725]  ZIP_GetEntry+0xa2
C  [libzip.dylib+0x2570]  Java_java_util_zip_ZipFile_getEntry+0xdd
j  java.util.zip.ZipFile.getEntry(J[BZ)J+0
j  java.util.zip.ZipFile.getEntry(Ljava/lang/String;)Ljava/util/zip/ZipEntry;+38
j  java.util.jar.JarFile.getEntry(Ljava/lang/String;)Ljava/util/zip/ZipEntry;+2
j  org.netbeans.JarClassLoader$JarSource.resource(Ljava/lang/String;)[B+85
j  org.netbeans.Archive.getData(Lorg/netbeans/ArchiveResources;Ljava/lang/String;)[B+210
j  org.netbeans.JarClassLoader$JarSource.doGetResource(Ljava/lang/String;)Ljava/net/URL;+5
j  org.netbeans.JarClassLoader$Source.getResource(Ljava/lang/String;)Ljava/net/URL;+2
j  org.netbeans.JarClassLoader.findResources(Ljava/lang/String;)Ljava/util/Enumeration;+27
j  org.netbeans.ProxyClassLoader.getResourcesImpl(Ljava/lang/String;)Ljava/util/Enumeration;+269
j  org.netbeans.ModuleManager$SystemClassLoader.getResourcesImpl(Ljava/lang/String;)Ljava/util/Enumeration;+2
j  org.netbeans.ProxyClassLoader.getResources(Ljava/lang/String;)Ljava/util/Enumeration;+2
j  org.openide.util.lookup.MetaInfServicesLookup.search(Ljava/lang/Class;Ljava/util/Collection;)V+75
j  org.openide.util.lookup.MetaInfServicesLookup.beforeLookup(Lorg/openide/util/Lookup$Template;)V+107
j  org.openide.util.lookup.MetaInfServicesLookup.beforeLookupResult(Lorg/openide/util/Lookup$Template;)V+2
j  org.openide.util.lookup.AbstractLookup.lookup(Lorg/openide/util/Lookup$Template;)Lorg/openide/util/Lookup$Result;+2
j  org.openide.util.lookup.ProxyLookup$R.initResults()[Lorg/openide/util/Lookup$Result;+81
j  org.openide.util.lookup.ProxyLookup$R.addLookupListener(Lorg/openide/util/LookupListener;)V+47
j  org.netbeans.core.startup.NbStartStop.onStart()Lorg/openide/util/Lookup$Result;+43
j  org.netbeans.core.startup.NbStartStop.initialize()V+1
j  org.netbeans.core.startup.NbInstaller.loadImpl(Ljava/util/List;)V+50
j  org.netbeans.core.startup.NbInstaller.access$000(Lorg/netbeans/core/startup/NbInstaller;Ljava/util/List;)V+2
j  org.netbeans.core.startup.NbInstaller$1.run()V+8
j  org.openide.filesystems.FileUtil$2.run()V+4
j  org.openide.filesystems.EventControl.runAtomicAction(Lorg/openide/filesystems/FileSystem$AtomicAction;)V+7
j  org.openide.filesystems.FileSystem.runAtomicAction(Lorg/openide/filesystems/FileSystem$AtomicAction;)V+5
j  org.openide.filesystems.FileUtil.runAtomicAction(Lorg/openide/filesystems/FileSystem$AtomicAction;)V+7
j  org.openide.filesystems.FileUtil.runAtomicAction(Ljava/lang/Runnable;)V+10
j  org.netbeans.core.startup.NbInstaller.load(Ljava/util/List;)V+9
j  org.netbeans.ModuleManager.enable(Ljava/util/Set;Z)V+1599
j  org.netbeans.ModuleManager.enable(Ljava/util/Set;)V+3
j  org.netbeans.core.startup.ModuleList.installNew(Ljava/util/Set;)V+366
j  org.netbeans.core.startup.ModuleList.trigger(Ljava/util/Set;)V+190
j  org.netbeans.core.startup.ModuleSystem.restore()V+45
j  org.netbeans.core.startup.Main.getModuleSystem(Z)Lorg/netbeans/core/startup/ModuleSystem;+116
j  org.netbeans.core.startup.Main.getModuleSystem()Lorg/netbeans/core/startup/ModuleSystem;+1
j  org.netbeans.core.startup.Main.start([Ljava/lang/String;)V+357
j  org.netbeans.core.startup.TopThreadGroup.run()V+4
j  java.lang.Thread.run()V+11
v  ~StubRoutines::call_stub
V  [libjvm.dylib+0x2d6bb0]
V  [libjvm.dylib+0x2d70c7]
V  [libjvm.dylib+0x2d7204]
V  [libjvm.dylib+0x3261ea]
V  [libjvm.dylib+0x4efb57]
V  [libjvm.dylib+0x4f125f]
V  [libjvm.dylib+0x41b1d6]
C  [libsystem_c.dylib+0x14772]  _pthread_start+0x147
C  [libsystem_c.dylib+0x11a1]  thread_start+0xd

Java frames: (J=compiled Java code, j=interpreted, Vv=VM code)
j  java.util.zip.ZipFile.getEntry(J[BZ)J+0
j  java.util.zip.ZipFile.getEntry(Ljava/lang/String;)Ljava/util/zip/ZipEntry;+38
j  java.util.jar.JarFile.getEntry(Ljava/lang/String;)Ljava/util/zip/ZipEntry;+2
j  org.netbeans.JarClassLoader$JarSource.resource(Ljava/lang/String;)[B+85
j  org.netbeans.Archive.getData(Lorg/netbeans/ArchiveResources;Ljava/lang/String;)[B+210
j  org.netbeans.JarClassLoader$JarSource.doGetResource(Ljava/lang/String;)Ljava/net/URL;+5
j  org.netbeans.JarClassLoader$Source.getResource(Ljava/lang/String;)Ljava/net/URL;+2
j  org.netbeans.JarClassLoader.findResources(Ljava/lang/String;)Ljava/util/Enumeration;+27
j  org.netbeans.ProxyClassLoader.getResourcesImpl(Ljava/lang/String;)Ljava/util/Enumeration;+269
j  org.netbeans.ModuleManager$SystemClassLoader.getResourcesImpl(Ljava/lang/String;)Ljava/util/Enumeration;+2
j  org.netbeans.ProxyClassLoader.getResources(Ljava/lang/String;)Ljava/util/Enumeration;+2
j  org.openide.util.lookup.MetaInfServicesLookup.search(Ljava/lang/Class;Ljava/util/Collection;)V+75
j  org.openide.util.lookup.MetaInfServicesLookup.beforeLookup(Lorg/openide/util/Lookup$Template;)V+107
j  org.openide.util.lookup.MetaInfServicesLookup.beforeLookupResult(Lorg/openide/util/Lookup$Template;)V+2
j  org.openide.util.lookup.AbstractLookup.lookup(Lorg/openide/util/Lookup$Template;)Lorg/openide/util/Lookup$Result;+2
j  org.openide.util.lookup.ProxyLookup$R.initResults()[Lorg/openide/util/Lookup$Result;+81
j  org.openide.util.lookup.ProxyLookup$R.addLookupListener(Lorg/openide/util/LookupListener;)V+47
j  org.netbeans.core.startup.NbStartStop.onStart()Lorg/openide/util/Lookup$Result;+43
j  org.netbeans.core.startup.NbStartStop.initialize()V+1
j  org.netbeans.core.startup.NbInstaller.loadImpl(Ljava/util/List;)V+50
j  org.netbeans.core.startup.NbInstaller.access$000(Lorg/netbeans/core/startup/NbInstaller;Ljava/util/List;)V+2
j  org.netbeans.core.startup.NbInstaller$1.run()V+8
j  org.openide.filesystems.FileUtil$2.run()V+4
j  org.openide.filesystems.EventControl.runAtomicAction(Lorg/openide/filesystems/FileSystem$AtomicAction;)V+7
j  org.openide.filesystems.FileSystem.runAtomicAction(Lorg/openide/filesystems/FileSystem$AtomicAction;)V+5
j  org.openide.filesystems.FileUtil.runAtomicAction(Lorg/openide/filesystems/FileSystem$AtomicAction;)V+7
j  org.openide.filesystems.FileUtil.runAtomicAction(Ljava/lang/Runnable;)V+10
j  org.netbeans.core.startup.NbInstaller.load(Ljava/util/List;)V+9
j  org.netbeans.ModuleManager.enable(Ljava/util/Set;Z)V+1599
j  org.netbeans.ModuleManager.enable(Ljava/util/Set;)V+3
j  org.netbeans.core.startup.ModuleList.installNew(Ljava/util/Set;)V+366
j  org.netbeans.core.startup.ModuleList.trigger(Ljava/util/Set;)V+190
j  org.netbeans.core.startup.ModuleSystem.restore()V+45
j  org.netbeans.core.startup.Main.getModuleSystem(Z)Lorg/netbeans/core/startup/ModuleSystem;+116
j  org.netbeans.core.startup.Main.getModuleSystem()Lorg/netbeans/core/startup/ModuleSystem;+1
j  org.netbeans.core.startup.Main.start([Ljava/lang/String;)V+357
j  org.netbeans.core.startup.TopThreadGroup.run()V+4
j  java.lang.Thread.run()V+11
v  ~StubRoutines::call_stub

---------------  P R O C E S S  ---------------

Java Threads: ( => current thread )
  0x00007f856f809000 JavaThread "org.netbeans.modules.debugger.jpda.visual AWT Access Loop" daemon [_thread_blocked, id=56835, stack(0x0000000142fdd000,0x00000001430dd000)]
  0x00007f856d0a3800 JavaThread "AWT-EventQueue-0" [_thread_in_native, id=56331, stack(0x0000000142a42000,0x0000000142b42000)]
  0x00007f856b0ea800 JavaThread "Java2D Disposer" daemon [_thread_blocked, id=54787, stack(0x00000001422fd000,0x00000001423fd000)]
  0x00007f8570024800 JavaThread "Java2D Queue Flusher" daemon [_thread_blocked, id=51719, stack(0x00000001417ff000,0x00000001418ff000)]
  0x00007f8570020800 JavaThread "RequestProcessor queue manager" daemon [_thread_blocked, id=50439, stack(0x00000001416fc000,0x00000001417fc000)]
=>0x00007f856b856000 JavaThread "main" [_thread_in_native, id=49159, stack(0x0000000141566000,0x0000000141666000)]
  0x00007f856b840800 JavaThread "Inactive RequestProcessor thread [Was:Logging Flush/org.netbeans.core.startup.logging.DispatchingHandler]" daemon [_thread_blocked, id=48407, stack(0x0000000141463000,0x0000000141563000)]
  0x00007f856d070000 JavaThread "AWT-Shutdown" [_thread_blocked, id=38659, stack(0x000000013ed06000,0x000000013ee06000)]
  0x00007f856908a800 JavaThread "AppKit Thread" daemon [_thread_in_native, id=1799, stack(0x00007fff51525000,0x00007fff51d25000)]
  0x00007f856b83d800 JavaThread "CLI Requests Server" daemon [_thread_in_native, id=33283, stack(0x000000013d717000,0x000000013d817000)]
  0x00007f856b82c800 JavaThread "Active Reference Queue Daemon" daemon [_thread_blocked, id=32771, stack(0x000000013d614000,0x000000013d714000)]
  0x00007f856a835800 JavaThread "Service Thread" daemon [_thread_blocked, id=31747, stack(0x000000013d1f4000,0x000000013d2f4000)]
  0x00007f856a835000 JavaThread "C2 CompilerThread1" daemon [_thread_blocked, id=31235, stack(0x000000013d0f1000,0x000000013d1f1000)]
  0x00007f856a833800 JavaThread "C2 CompilerThread0" daemon [_thread_blocked, id=30723, stack(0x000000013cfee000,0x000000013d0ee000)]
  0x00007f856a002800 JavaThread "JDWP Command Reader" daemon [_thread_in_native, id=30211, stack(0x000000013ceeb000,0x000000013cfeb000)]
  0x00007f8569073800 JavaThread "JDWP Event Helper Thread" daemon [_thread_blocked, id=29699, stack(0x000000013cde8000,0x000000013cee8000)]
  0x00007f8569072000 JavaThread "JDWP Transport Listener: dt_socket" daemon [_thread_blocked, id=29187, stack(0x000000013cce5000,0x000000013cde5000)]
  0x00007f856a82a800 JavaThread "Signal Dispatcher" daemon [_thread_blocked, id=28675, stack(0x000000013cbdc000,0x000000013ccdc000)]
  0x00007f8569070800 JavaThread "Finalizer" daemon [_thread_blocked, id=24067, stack(0x000000013c98c000,0x000000013ca8c000)]
  0x00007f856906e000 JavaThread "Reference Handler" daemon [_thread_blocked, id=23555, stack(0x000000013c889000,0x000000013c989000)]
  0x00007f8569019000 JavaThread "main" [_thread_blocked, id=6403, stack(0x000000010ea5c000,0x000000010eb5c000)]

Other Threads:
  0x00007f856906d800 VMThread [stack: 0x000000013c786000,0x000000013c886000] [id=23043]
  0x00007f856a83e800 WatcherThread [stack: 0x000000013d2f7000,0x000000013d3f7000] [id=32259]

VM state:not at safepoint (normal execution)

VM Mutex/Monitor currently owned by a thread: None

Heap
 PSYoungGen      total 306176K, used 205416K [0x00000006aaa80000, 0x00000006c0000000, 0x0000000800000000)
  eden space 262656K, 78% used [0x00000006aaa80000,0x00000006b731a398,0x00000006bab00000)
  from space 43520K, 0% used [0x00000006bd580000,0x00000006bd580000,0x00000006c0000000)
  to   space 43520K, 0% used [0x00000006bab00000,0x00000006bab00000,0x00000006bd580000)
 ParOldGen       total 698880K, used 0K [0x0000000400000000, 0x000000042aa80000, 0x00000006aaa80000)
  object space 698880K, 0% used [0x0000000400000000,0x0000000400000000,0x000000042aa80000)
 PSPermGen       total 21504K, used 14382K [0x00000003fae00000, 0x00000003fc300000, 0x0000000400000000)
  object space 21504K, 66% used [0x00000003fae00000,0x00000003fbc0b818,0x00000003fc300000)

Card table byte_map: [0x0000000111d32000,0x0000000113d5c000] byte_map_base: 0x000000010fd5b000

Polling page: 0x000000010eb9b000

Code Cache  [0x000000010ec72000, 0x000000010eee2000, 0x0000000111c72000)
 total_blobs=702 nmethods=292 adapters=372 free_code_cache=47892Kb largest_free_block=49005824

Compilation events (10 events):
Event: 3.588 Thread 0x00007f856a833800 nmethod 288 0x000000010edadd10 code [0x000000010edade80, 0x000000010edae1d8]
Event: 3.589 Thread 0x00007f856a833800  289             java.util.AbstractList::<init> (10 bytes)
Event: 3.590 Thread 0x00007f856a833800 nmethod 289 0x000000010eda7c90 code [0x000000010eda7dc0, 0x000000010eda7e18]
Event: 3.604 Thread 0x00007f856a835000 nmethod 284 0x000000010edb2d50 code [0x000000010edb2fc0, 0x000000010edb4508]
Event: 3.609 Thread 0x00007f856a833800  290             java.util.HashMap::<init> (8 bytes)
Event: 3.611 Thread 0x00007f856a833800 nmethod 290 0x000000010edad810 code [0x000000010edad960, 0x000000010edadb58]
Event: 3.615 Thread 0x00007f856a835000  292  s          org.openide.filesystems.PathElements::get (53 bytes)
Event: 3.619 Thread 0x00007f856a835000 nmethod 292 0x000000010eda8c10 code [0x000000010eda8da0, 0x000000010eda92e8]
Event: 3.621 Thread 0x00007f856a833800  293             java.util.Arrays$ArrayList::size (6 bytes)
Event: 3.621 Thread 0x00007f856a833800 nmethod 293 0x000000010edad590 code [0x000000010edad6e0, 0x000000010edad778]

GC Heap History (0 events):
No events

Deoptimization events (10 events):
Event: 2.575 Thread 0x00007f856b856000 Uncommon trap: reason=array_check action=maybe_recompile pc=0x000000010ed3a004 method=java.util.Arrays.fill([Ljava/lang/Object;Ljava/lang/Object;)V @ 13
Event: 2.676 Thread 0x00007f856b856000 Uncommon trap: reason=class_check action=maybe_recompile pc=0x000000010ed2800c method=java.util.regex.Pattern$Curly.match0(Ljava/util/regex/Matcher;IILjava/lang/CharSequence;)Z @ 170
Event: 2.676 Thread 0x00007f856b856000 Uncommon trap: reason=class_check action=maybe_recompile pc=0x000000010ed2800c method=java.util.regex.Pattern$Curly.match0(Ljava/util/regex/Matcher;IILjava/lang/CharSequence;)Z @ 170
Event: 2.678 Thread 0x00007f856b856000 Uncommon trap: reason=bimorphic action=maybe_recompile pc=0x000000010ed3fe80 method=java.util.regex.Pattern$BmpCharProperty.match(Ljava/util/regex/Matcher;ILjava/lang/CharSequence;)Z @ 16
Event: 2.678 Thread 0x00007f856b856000 Uncommon trap: reason=bimorphic action=maybe_recompile pc=0x000000010ed3fe80 method=java.util.regex.Pattern$BmpCharProperty.match(Ljava/util/regex/Matcher;ILjava/lang/CharSequence;)Z @ 16
Event: 2.678 Thread 0x00007f856b856000 Uncommon trap: reason=bimorphic action=maybe_recompile pc=0x000000010ed3fe80 method=java.util.regex.Pattern$BmpCharProperty.match(Ljava/util/regex/Matcher;ILjava/lang/CharSequence;)Z @ 16
Event: 2.678 Thread 0x00007f856b856000 Uncommon trap: reason=bimorphic action=maybe_recompile pc=0x000000010ed3fe80 method=java.util.regex.Pattern$BmpCharProperty.match(Ljava/util/regex/Matcher;ILjava/lang/CharSequence;)Z @ 16
Event: 3.211 Thread 0x00007f856b856000 Uncommon trap: reason=class_check action=maybe_recompile pc=0x000000010ed06ed8 method=java.util.Properties$LineReader.readLine()I @ 402
Event: 3.226 Thread 0x00007f856b856000 Uncommon trap: reason=unreached action=reinterpret pc=0x000000010ed39134 method=java.util.HashMap.getEntry(Ljava/lang/Object;)Ljava/util/HashMap$Entry; @ 10
Event: 3.232 Thread 0x00007f856b856000 Uncommon trap: reason=unreached action=reinterpret pc=0x000000010ecfeebc method=java.lang.AbstractStringBuilder.append(Ljava/lang/String;)Ljava/lang/AbstractStringBuilder; @ 1

Internal exceptions (10 events):
Event: 3.239 Thread 0x00007f856b856000 Threw 0x00000006b6528ce0 at /HUDSON/workspace/7u-2-build-macosx-x86_64/jdk7u51/527/hotspot/src/share/vm/prims/jvm.cpp:1244
Event: 3.239 Thread 0x00007f856b856000 Threw 0x00000006b652b640 at /HUDSON/workspace/7u-2-build-macosx-x86_64/jdk7u51/527/hotspot/src/share/vm/prims/jvm.cpp:1244
Event: 3.241 Thread 0x00007f856b856000 Threw 0x00000006b65379e8 at /HUDSON/workspace/7u-2-build-macosx-x86_64/jdk7u51/527/hotspot/src/share/vm/prims/jvm.cpp:1244
Event: 3.241 Thread 0x00007f856b856000 Threw 0x00000006b653a0c0 at /HUDSON/workspace/7u-2-build-macosx-x86_64/jdk7u51/527/hotspot/src/share/vm/prims/jvm.cpp:1244
Event: 3.244 Thread 0x00007f856b856000 Threw 0x00000006b655c1f8 at /HUDSON/workspace/7u-2-build-macosx-x86_64/jdk7u51/527/hotspot/src/share/vm/prims/jvm.cpp:1244
Event: 3.374 Thread 0x00007f856b856000 Threw 0x00000006b68212f0 at /HUDSON/workspace/7u-2-build-macosx-x86_64/jdk7u51/527/hotspot/src/share/vm/prims/jvm.cpp:1244
Event: 3.374 Thread 0x00007f856b856000 Threw 0x00000006b6823810 at /HUDSON/workspace/7u-2-build-macosx-x86_64/jdk7u51/527/hotspot/src/share/vm/prims/jvm.cpp:1244
Event: 3.620 Thread 0x00007f856b856000 Threw 0x00000006b711b858 at /HUDSON/workspace/7u-2-build-macosx-x86_64/jdk7u51/527/hotspot/src/share/vm/prims/jvm.cpp:1244
Event: 3.620 Thread 0x00007f856b856000 Threw 0x00000006b711d4f8 at /HUDSON/workspace/7u-2-build-macosx-x86_64/jdk7u51/527/hotspot/src/share/vm/prims/jvm.cpp:1244
Event: 3.622 Thread 0x00007f856b856000 Threw 0x00000006b7126c50 at /HUDSON/workspace/7u-2-build-macosx-x86_64/jdk7u51/527/hotspot/src/share/vm/prims/jvm.cpp:1244

Events (10 events):
Event: 3.439 loading class 0x0000000138965820 done
Event: 3.444 loading class 0x0000000138935fe0
Event: 3.444 loading class 0x0000000138935fe0 done
Event: 3.448 Thread 0x00007f856a835000 flushing nmethod 0x000000010ecd13d0
Event: 3.475 loading class 0x0000000138936520
Event: 3.475 loading class 0x0000000138936520 done
Event: 3.620 loading class 0x00007f8568cdf090
Event: 3.620 loading class 0x00007f8568cdf090 done
Event: 3.622 loading class 0x00007f856d92af30
Event: 3.622 loading class 0x00007f856d92af30 done


Dynamic libraries:
0x000000000b508000 	/System/Library/Frameworks/Cocoa.framework/Versions/A/Cocoa
0x000000000b508000 	/System/Library/Frameworks/Security.framework/Versions/A/Security
0x000000000b508000 	/System/Library/Frameworks/ApplicationServices.framework/Versions/A/ApplicationServices
0x000000000b508000 	/usr/lib/libz.1.dylib
0x000000000b508000 	/usr/lib/libSystem.B.dylib
0x000000000b508000 	/usr/lib/libobjc.A.dylib
0x000000000b508000 	/System/Library/Frameworks/CoreFoundation.framework/Versions/A/CoreFoundation
0x000000000b508000 	/System/Library/Frameworks/Foundation.framework/Versions/C/Foundation
0x000000000b508000 	/System/Library/Frameworks/AppKit.framework/Versions/C/AppKit
0x000000000b508000 	/System/Library/Frameworks/CoreData.framework/Versions/A/CoreData
0x000000000b508000 	/System/Library/PrivateFrameworks/RemoteViewServices.framework/Versions/A/RemoteViewServices
0x000000000b508000 	/System/Library/Frameworks/AudioToolbox.framework/Versions/A/AudioToolbox
0x000000000b508000 	/System/Library/Frameworks/AudioUnit.framework/Versions/A/AudioUnit
0x000000000b508000 	/System/Library/PrivateFrameworks/DataDetectorsCore.framework/Versions/A/DataDetectorsCore
0x000000000b508000 	/System/Library/PrivateFrameworks/DesktopServicesPriv.framework/Versions/A/DesktopServicesPriv
0x000000000b508000 	/System/Library/Frameworks/Carbon.framework/Versions/A/Frameworks/HIToolbox.framework/Versions/A/HIToolbox
0x000000000b508000 	/System/Library/Frameworks/QuartzCore.framework/Versions/A/QuartzCore
0x000000000b508000 	/System/Library/Frameworks/Carbon.framework/Versions/A/Frameworks/SpeechRecognition.framework/Versions/A/SpeechRecognition
0x000000000b508000 	/usr/lib/libauto.dylib
0x000000000b508000 	/usr/lib/libicucore.A.dylib
0x000000000b508000 	/usr/lib/libxml2.2.dylib
0x000000000b508000 	/System/Library/PrivateFrameworks/CoreUI.framework/Versions/A/CoreUI
0x000000000b508000 	/System/Library/Frameworks/CoreAudio.framework/Versions/A/CoreAudio
0x000000000b508000 	/System/Library/Frameworks/DiskArbitration.framework/Versions/A/DiskArbitration
0x000000000b508000 	/usr/lib/liblangid.dylib
0x000000000b508000 	/System/Library/PrivateFrameworks/MultitouchSupport.framework/Versions/A/MultitouchSupport
0x000000000b508000 	/System/Library/Frameworks/IOKit.framework/Versions/A/IOKit
0x000000000b508000 	/usr/lib/libDiagnosticMessagesClient.dylib
0x000000000b508000 	/System/Library/Frameworks/CoreServices.framework/Versions/A/CoreServices
0x000000000b508000 	/System/Library/PrivateFrameworks/PerformanceAnalysis.framework/Versions/A/PerformanceAnalysis
0x000000000b508000 	/System/Library/PrivateFrameworks/GenerationalStorage.framework/Versions/A/GenerationalStorage
0x000000000b508000 	/System/Library/Frameworks/OpenGL.framework/Versions/A/OpenGL
0x000000000b508000 	/System/Library/Frameworks/CoreText.framework/Versions/A/CoreText
0x000000000b508000 	/System/Library/Frameworks/ImageIO.framework/Versions/A/ImageIO
0x000000000b508000 	/System/Library/PrivateFrameworks/Backup.framework/Versions/A/Backup
0x000000000b508000 	/System/Library/Frameworks/CFNetwork.framework/Versions/A/CFNetwork
0x000000000b508000 	/System/Library/Frameworks/SystemConfiguration.framework/Versions/A/SystemConfiguration
0x000000000b508000 	/usr/lib/libCRFSuite.dylib
0x000000000b508000 	/System/Library/PrivateFrameworks/TCC.framework/Versions/A/TCC
0x000000000b508000 	/usr/lib/libc++.1.dylib
0x000000000b508000 	/usr/lib/libc++abi.dylib
0x000000000b508000 	/usr/lib/system/libcache.dylib
0x000000000b508000 	/usr/lib/system/libcommonCrypto.dylib
0x000000000b508000 	/usr/lib/system/libcompiler_rt.dylib
0x000000000b508000 	/usr/lib/system/libcopyfile.dylib
0x000000000b508000 	/usr/lib/system/libdispatch.dylib
0x000000000b508000 	/usr/lib/system/libdnsinfo.dylib
0x000000000b508000 	/usr/lib/system/libdyld.dylib
0x000000000b508000 	/usr/lib/system/libkeymgr.dylib
0x000000000b508000 	/usr/lib/system/liblaunch.dylib
0x000000000b508000 	/usr/lib/system/libmacho.dylib
0x000000000b508000 	/usr/lib/system/libquarantine.dylib
0x000000000b508000 	/usr/lib/system/libremovefile.dylib
0x000000000b508000 	/usr/lib/system/libsystem_blocks.dylib
0x000000000b508000 	/usr/lib/system/libsystem_c.dylib
0x000000000b508000 	/usr/lib/system/libsystem_dnssd.dylib
0x000000000b508000 	/usr/lib/system/libsystem_info.dylib
0x000000000b508000 	/usr/lib/system/libsystem_kernel.dylib
0x000000000b508000 	/usr/lib/system/libsystem_m.dylib
0x000000000b508000 	/usr/lib/system/libsystem_network.dylib
0x000000000b508000 	/usr/lib/system/libsystem_notify.dylib
0x000000000b508000 	/usr/lib/system/libsystem_sandbox.dylib
0x000000000b508000 	/usr/lib/system/libunc.dylib
0x000000000b508000 	/usr/lib/system/libunwind.dylib
0x000000000b508000 	/usr/lib/system/libxpc.dylib
0x000000000b508000 	/usr/lib/system/libcorecrypto.dylib
0x000000000b508000 	/usr/lib/libstdc++.6.dylib
0x000000000b508000 	/usr/lib/libbsm.0.dylib
0x000000000b508000 	/usr/lib/libsqlite3.dylib
0x000000000b508000 	/usr/lib/libxar.1.dylib
0x000000000b508000 	/usr/lib/libpam.2.dylib
0x000000000b508000 	/usr/lib/libOpenScriptingUtil.dylib
0x000000000b508000 	/usr/lib/libbz2.1.0.dylib
0x000000000b508000 	/System/Library/Frameworks/CoreServices.framework/Versions/A/Frameworks/CarbonCore.framework/Versions/A/CarbonCore
0x000000000b508000 	/System/Library/Frameworks/CoreServices.framework/Versions/A/Frameworks/Metadata.framework/Versions/A/Metadata
0x000000000b508000 	/System/Library/Frameworks/CoreServices.framework/Versions/A/Frameworks/OSServices.framework/Versions/A/OSServices
0x000000000b508000 	/System/Library/Frameworks/CoreServices.framework/Versions/A/Frameworks/SearchKit.framework/Versions/A/SearchKit
0x000000000b508000 	/System/Library/Frameworks/CoreServices.framework/Versions/A/Frameworks/AE.framework/Versions/A/AE
0x000000000b508000 	/System/Library/Frameworks/CoreServices.framework/Versions/A/Frameworks/LaunchServices.framework/Versions/A/LaunchServices
0x000000000b508000 	/System/Library/Frameworks/CoreServices.framework/Versions/A/Frameworks/DictionaryServices.framework/Versions/A/DictionaryServices
0x000000000b508000 	/System/Library/Frameworks/NetFS.framework/Versions/A/NetFS
0x000000000b508000 	/usr/lib/system/libkxld.dylib
0x000000000b508000 	/System/Library/PrivateFrameworks/NetAuth.framework/Versions/A/NetAuth
0x000000000b508000 	/System/Library/Frameworks/OpenDirectory.framework/Versions/A/Frameworks/CFOpenDirectory.framework/Versions/A/CFOpenDirectory
0x000000000b508000 	/usr/lib/libxslt.1.dylib
0x000000000b508000 	/System/Library/PrivateFrameworks/FamilyControls.framework/Versions/A/FamilyControls
0x000000000b508000 	/System/Library/Frameworks/Carbon.framework/Versions/A/Frameworks/Ink.framework/Versions/A/Ink
0x000000000b508000 	/System/Library/Frameworks/ApplicationServices.framework/Versions/A/Frameworks/CoreGraphics.framework/Versions/A/CoreGraphics
0x000000000b508000 	/System/Library/Frameworks/ApplicationServices.framework/Versions/A/Frameworks/ATS.framework/Versions/A/ATS
0x000000000b508000 	/System/Library/Frameworks/ApplicationServices.framework/Versions/A/Frameworks/ColorSync.framework/Versions/A/ColorSync
0x000000000b508000 	/System/Library/Frameworks/ApplicationServices.framework/Versions/A/Frameworks/HIServices.framework/Versions/A/HIServices
0x000000000b508000 	/System/Library/Frameworks/ApplicationServices.framework/Versions/A/Frameworks/LangAnalysis.framework/Versions/A/LangAnalysis
0x000000000b508000 	/System/Library/Frameworks/ApplicationServices.framework/Versions/A/Frameworks/PrintCore.framework/Versions/A/PrintCore
0x000000000b508000 	/System/Library/Frameworks/ApplicationServices.framework/Versions/A/Frameworks/QD.framework/Versions/A/QD
0x000000000b508000 	/System/Library/Frameworks/ApplicationServices.framework/Versions/A/Frameworks/SpeechSynthesis.framework/Versions/A/SpeechSynthesis
0x000000000b508000 	/System/Library/Frameworks/IOSurface.framework/Versions/A/IOSurface
0x000000000b508000 	/System/Library/Frameworks/Accelerate.framework/Versions/A/Accelerate
0x000000000b508000 	/System/Library/Frameworks/ApplicationServices.framework/Versions/A/Frameworks/ATS.framework/Versions/A/Resources/libFontParser.dylib
0x000000000b508000 	/System/Library/Frameworks/ApplicationServices.framework/Versions/A/Frameworks/ATS.framework/Versions/A/Resources/libFontRegistry.dylib
0x000000000b508000 	/System/Library/Frameworks/Accelerate.framework/Versions/A/Frameworks/vImage.framework/Versions/A/vImage
0x000000000b508000 	/System/Library/Frameworks/Accelerate.framework/Versions/A/Frameworks/vecLib.framework/Versions/A/vecLib
0x000000000b508000 	/System/Library/Frameworks/Accelerate.framework/Versions/A/Frameworks/vecLib.framework/Versions/A/libvDSP.dylib
0x000000000b508000 	/System/Library/Frameworks/Accelerate.framework/Versions/A/Frameworks/vecLib.framework/Versions/A/libvMisc.dylib
0x000000000b508000 	/System/Library/Frameworks/Accelerate.framework/Versions/A/Frameworks/vecLib.framework/Versions/A/libLAPACK.dylib
0x000000000b508000 	/System/Library/Frameworks/Accelerate.framework/Versions/A/Frameworks/vecLib.framework/Versions/A/libBLAS.dylib
0x000000000b508000 	/System/Library/Frameworks/ImageIO.framework/Versions/A/Resources/libJPEG.dylib
0x000000000b508000 	/System/Library/Frameworks/ImageIO.framework/Versions/A/Resources/libTIFF.dylib
0x000000000b508000 	/System/Library/Frameworks/ImageIO.framework/Versions/A/Resources/libPng.dylib
0x000000000b508000 	/System/Library/Frameworks/ImageIO.framework/Versions/A/Resources/libGIF.dylib
0x000000000b508000 	/System/Library/Frameworks/ImageIO.framework/Versions/A/Resources/libJP2.dylib
0x000000000b508000 	/System/Library/Frameworks/ImageIO.framework/Versions/A/Resources/libRadiance.dylib
0x000000000b508000 	/usr/lib/libcups.2.dylib
0x000000000b508000 	/System/Library/Frameworks/Kerberos.framework/Versions/A/Kerberos
0x000000000b508000 	/System/Library/Frameworks/GSS.framework/Versions/A/GSS
0x000000000b508000 	/usr/lib/libresolv.9.dylib
0x000000000b508000 	/usr/lib/libiconv.2.dylib
0x000000000b508000 	/System/Library/PrivateFrameworks/Heimdal.framework/Versions/A/Heimdal
0x000000000b508000 	/System/Library/PrivateFrameworks/TrustEvaluationAgent.framework/Versions/A/TrustEvaluationAgent
0x000000000b508000 	/System/Library/Frameworks/OpenDirectory.framework/Versions/A/OpenDirectory
0x000000000b508000 	/System/Library/PrivateFrameworks/CommonAuth.framework/Versions/A/CommonAuth
0x000000000b508000 	/System/Library/PrivateFrameworks/Bom.framework/Versions/A/Bom
0x000000000b508000 	/System/Library/Frameworks/CoreVideo.framework/Versions/A/CoreVideo
0x000000000b508000 	/System/Library/Frameworks/QuartzCore.framework/Versions/A/Frameworks/CoreImage.framework/Versions/A/CoreImage
0x000000000b508000 	/System/Library/Frameworks/QuartzCore.framework/Versions/A/Frameworks/ScalableUserInterface.framework/Versions/A/ScalableUserInterface
0x000000000b508000 	/System/Library/Frameworks/OpenGL.framework/Versions/A/Libraries/libGLU.dylib
0x000000000b508000 	/System/Library/Frameworks/OpenGL.framework/Versions/A/Libraries/libGFXShared.dylib
0x000000000b508000 	/System/Library/Frameworks/OpenGL.framework/Versions/A/Libraries/libGL.dylib
0x000000000b508000 	/System/Library/Frameworks/OpenGL.framework/Versions/A/Libraries/libGLImage.dylib
0x000000000b508000 	/System/Library/Frameworks/OpenGL.framework/Versions/A/Libraries/libCVMSPluginSupport.dylib
0x000000000b508000 	/System/Library/Frameworks/OpenGL.framework/Versions/A/Libraries/libCoreVMClient.dylib
0x000000000b508000 	/System/Library/PrivateFrameworks/CrashReporterSupport.framework/Versions/A/CrashReporterSupport
0x000000000b508000 	/System/Library/Frameworks/OpenCL.framework/Versions/A/OpenCL
0x000000000b508000 	/System/Library/PrivateFrameworks/FaceCoreLight.framework/Versions/A/FaceCoreLight
0x000000000b508000 	/System/Library/PrivateFrameworks/AppleFSCompression.framework/Versions/A/AppleFSCompression
0x000000000b508000 	/System/Library/PrivateFrameworks/Ubiquity.framework/Versions/A/Ubiquity
0x000000000b508000 	/System/Library/Frameworks/ServiceManagement.framework/Versions/A/ServiceManagement
0x000000000b508000 	/System/Library/PrivateFrameworks/ChunkingLibrary.framework/Versions/A/ChunkingLibrary
0x000000000b508000 	/System/Library/Frameworks/vecLib.framework/Versions/A/vecLib
0x000000000b508000 	/System/Library/Frameworks/SecurityFoundation.framework/Versions/A/SecurityFoundation
0x000000000b508000 	/System/Library/PrivateFrameworks/CommerceKit.framework/Versions/A/Frameworks/CommerceCore.framework/Versions/A/CommerceCore
0x000000000b508000 	/System/Library/PrivateFrameworks/CoreSymbolication.framework/Versions/A/CoreSymbolication
0x000000000b508000 	/System/Library/PrivateFrameworks/Symbolication.framework/Versions/A/Symbolication
0x000000000b508000 	/System/Library/PrivateFrameworks/DebugSymbols.framework/Versions/A/DebugSymbols
0x000000010e008000 	/Library/Java/JavaVirtualMachines/jdk1.7.0_51.jdk/Contents/Home/jre/lib/server/libjvm.dylib
0x000000010eb5e000 	/Library/Java/JavaVirtualMachines/jdk1.7.0_51.jdk/Contents/Home/jre/lib/libverify.dylib
0x000000010eb6b000 	/Library/Java/JavaVirtualMachines/jdk1.7.0_51.jdk/Contents/Home/jre/lib/libjava.dylib
0x000000010eb9c000 	/Library/Java/JavaVirtualMachines/jdk1.7.0_51.jdk/Contents/Home/jre/lib/libjdwp.dylib
0x000000010ebd9000 	/Library/Java/JavaVirtualMachines/jdk1.7.0_51.jdk/Contents/Home/jre/lib/libnpt.dylib
0x000000010ec69000 	/Library/Java/JavaVirtualMachines/jdk1.7.0_51.jdk/Contents/Home/jre/lib/libzip.dylib
0x000000013ca8e000 	/System/Library/Frameworks/JavaVM.framework/Frameworks/JavaRuntimeSupport.framework/JavaRuntimeSupport
0x000000013caa6000 	/System/Library/Frameworks/JavaVM.framework/Versions/A/Frameworks/JavaNativeFoundation.framework/Versions/A/JavaNativeFoundation
0x000000013cabb000 	/System/Library/Frameworks/JavaVM.framework/Versions/A/JavaVM
0x000000000b508000 	/System/Library/Frameworks/Carbon.framework/Versions/A/Carbon
0x000000013cac8000 	/System/Library/PrivateFrameworks/JavaLaunching.framework/Versions/A/JavaLaunching
0x000000000b508000 	/System/Library/Frameworks/Carbon.framework/Versions/A/Frameworks/CommonPanels.framework/Versions/A/CommonPanels
0x000000000b508000 	/System/Library/Frameworks/Carbon.framework/Versions/A/Frameworks/Help.framework/Versions/A/Help
0x000000000b508000 	/System/Library/Frameworks/Carbon.framework/Versions/A/Frameworks/ImageCapture.framework/Versions/A/ImageCapture
0x000000000b508000 	/System/Library/Frameworks/Carbon.framework/Versions/A/Frameworks/OpenScripting.framework/Versions/A/OpenScripting
0x000000000b508000 	/System/Library/Frameworks/Carbon.framework/Versions/A/Frameworks/Print.framework/Versions/A/Print
0x000000000b508000 	/System/Library/Frameworks/Carbon.framework/Versions/A/Frameworks/SecurityHI.framework/Versions/A/SecurityHI
0x000000013ccde000 	/Library/Java/JavaVirtualMachines/jdk1.7.0_51.jdk/Contents/Home/jre/lib/libdt_socket.dylib
0x000000013d407000 	/Library/Java/JavaVirtualMachines/jdk1.7.0_51.jdk/Contents/Home/jre/lib/libnio.dylib
0x000000013d416000 	/Library/Java/JavaVirtualMachines/jdk1.7.0_51.jdk/Contents/Home/jre/lib/./libnet.dylib
0x000000013d81c000 	/Library/Java/JavaVirtualMachines/jdk1.7.0_51.jdk/Contents/Home/jre/lib/libawt.dylib
0x000000013d8cb000 	/Library/Java/JavaVirtualMachines/jdk1.7.0_51.jdk/Contents/Home/jre/lib/./libmlib_image.dylib
0x000000013d997000 	/Library/Java/JavaVirtualMachines/jdk1.7.0_51.jdk/Contents/Home/jre/lib/lwawt/liblwawt.dylib
0x000000013da4b000 	/Library/Java/JavaVirtualMachines/jdk1.7.0_51.jdk/Contents/Home/jre/lib/libosxapp.dylib
0x000000013da65000 	/System/Library/Frameworks/ExceptionHandling.framework/Versions/A/ExceptionHandling
0x000000000b508000 	/System/Library/PrivateFrameworks/CoreServicesInternal.framework/Versions/A/CoreServicesInternal
0x000000000b508000 	/System/Library/PrivateFrameworks/Librarian.framework/Versions/A/Librarian
0x000000000b508000 	/System/Library/Frameworks/ApplicationServices.framework/Versions/A/Frameworks/CoreGraphics.framework/Versions/A/Resources/libCSync.A.dylib
0x000000000b508000 	/System/Library/Frameworks/ApplicationServices.framework/Versions/A/Frameworks/CoreGraphics.framework/Versions/A/Resources/libRIP.A.dylib
0x000000000b508000 	/System/Library/Frameworks/ApplicationServices.framework/Versions/A/Frameworks/CoreGraphics.framework/Versions/A/Resources/libCGXType.A.dylib
0x0000000141901000 	/System/Library/Frameworks/OpenGL.framework/Resources/GLEngine.bundle/GLEngine
0x0000000141af6000 	/System/Library/Frameworks/OpenGL.framework/Versions/A/Libraries/libGLProgrammability.dylib
0x0000000000000000 	/System/Library/Extensions/GeForceGLDriver.bundle/Contents/MacOS/GeForceGLDriver
0x000000013ee42000 	/System/Library/PrivateFrameworks/GPUSupport.framework/Versions/A/Libraries/libGPUSupport.dylib
0x000000000b508000 	/System/Library/Extensions/GeForceGLDriver.bundle/Contents/MacOS/libclh.dylib
0x0000000141c9e000 	/System/Library/Frameworks/OpenGL.framework/Resources//GLRendererFloat.bundle/GLRendererFloat
0x0000000141cd2000 	/System/Library/Frameworks/OpenCL.framework/Versions/A/Libraries/libcldcpuengine.dylib
0x000000000b508000 	/System/Library/PrivateFrameworks/DiskImages.framework/Versions/A/DiskImages
0x000000000b508000 	/System/Library/Frameworks/DiscRecording.framework/Versions/A/DiscRecording
0x000000000b508000 	/usr/lib/libcurl.4.dylib
0x000000000b508000 	/System/Library/PrivateFrameworks/MediaKit.framework/Versions/A/MediaKit
0x000000000b508000 	/usr/lib/libssl.0.9.8.dylib
0x000000000b508000 	/usr/lib/libcrypto.0.9.8.dylib
0x000000000b508000 	/System/Library/Frameworks/LDAP.framework/Versions/A/LDAP
0x000000000b508000 	/usr/lib/libsasl2.2.dylib
0x00000001429da000 	/Library/Java/JavaVirtualMachines/jdk1.7.0_51.jdk/Contents/Home/jre/lib/libfontmanager.dylib

VM Arguments:
jvm_args: -Djdk.home=/Library/Java/JavaVirtualMachines/jdk1.7.0_51.jdk/Contents/Home -Dnetbeans.dirs=/Users/fosterl/NetBeansProjects/master/janelia-workstation/ConsoleApplication/build/cluster:/Applications/NetBeans/NetBeans 7.4.app/Contents/Resources/NetBeans/platform -Dnetbeans.home=/Applications/NetBeans/NetBeans 7.4.app/Contents/Resources/NetBeans/platform -Dnetbeans.logger.console=true -ea -Xdebug -Xrunjdwp:transport=dt_socket,suspend=y,server=n,address=localhost:63883 -XX:+HeapDumpOnOutOfMemoryError -XX:HeapDumpPath=/Users/fosterl/NetBeansProjects/master/janelia-workstation/ConsoleApplication/ConsoleModule/../build/testuserdir/var/log/heapdump.hprof 
java_command: org.netbeans.Main --cachedir /Users/fosterl/NetBeansProjects/master/janelia-workstation/ConsoleApplication/ConsoleModule/../build/testuserdir/var/cache --userdir /Users/fosterl/NetBeansProjects/master/janelia-workstation/ConsoleApplication/ConsoleModule/../build/testuserdir --branding consoleapplication
Launcher Type: SUN_STANDARD

Environment Variables:
PATH=/usr/bin:/bin:/usr/sbin:/sbin
LD_LIBRARY_PATH=/Library/Java/JavaVirtualMachines/jdk1.7.0_51.jdk/Contents/Home/jre/lib/amd64:/Library/Java/JavaVirtualMachines/jdk1.7.0_51.jdk/Contents/Home/jre/lib/i386:/Library/Java/JavaVirtualMachines/jdk1.7.0_51.jdk/Contents/Home/jre/lib/amd64:/Library/Java/JavaVirtualMachines/jdk1.7.0_51.jdk/Contents/Home/jre/lib/i386:
SHELL=/bin/bash
DISPLAY=/tmp/launch-M6zrI4/org.macosforge.xquartz:0
DYLD_LIBRARY_PATH=/Applications/NetBeans/NetBeans 7.4.app/Contents/Resources/NetBeans/webcommon/bin:

Signal Handlers:
SIGSEGV: [libjvm.dylib+0x525425], sa_mask[0]=0xfffefeff, sa_flags=0x00000043
SIGBUS: [libjvm.dylib+0x525425], sa_mask[0]=0xfffefeff, sa_flags=0x00000042
SIGFPE: [libjvm.dylib+0x41892a], sa_mask[0]=0xfffefeff, sa_flags=0x00000042
SIGPIPE: [libjvm.dylib+0x41892a], sa_mask[0]=0xfffefeff, sa_flags=0x00000042
SIGXFSZ: [libjvm.dylib+0x41892a], sa_mask[0]=0xfffefeff, sa_flags=0x00000042
SIGILL: [libjvm.dylib+0x41892a], sa_mask[0]=0xfffefeff, sa_flags=0x00000042
SIGUSR1: SIG_DFL, sa_mask[0]=0x00000000, sa_flags=0x00000002
SIGUSR2: [libjvm.dylib+0x41841c], sa_mask[0]=0x00000004, sa_flags=0x00000042
SIGHUP: [libjvm.dylib+0x4166ab], sa_mask[0]=0xfffefeff, sa_flags=0x00000042
SIGINT: SIG_IGN, sa_mask[0]=0x00000000, sa_flags=0x00000000
SIGTERM: [libjvm.dylib+0x4166ab], sa_mask[0]=0xfffefeff, sa_flags=0x00000042
SIGQUIT: [libjvm.dylib+0x4166ab], sa_mask[0]=0xfffefeff, sa_flags=0x00000042


---------------  S Y S T E M  ---------------

OS:Bsduname:Darwin 12.5.0 Darwin Kernel Version 12.5.0: Sun Sep 29 13:33:47 PDT 2013; root:xnu-2050.48.12~1/RELEASE_X86_64 x86_64
rlimit: STACK 8192k, CORE 0k, NPROC 709, NOFILE 10240, AS infinity
load average:3.31 1.89 1.61

CPU:total 24 (6 cores per cpu, 2 threads per core) family 6 model 44 stepping 2, cmov, cx8, fxsr, mmx, sse, sse2, sse3, ssse3, sse4.1, sse4.2, popcnt, aes, ht, tsc, tscinvbit, tscinv

Memory: 4k page, physical 67108864k(16777216k free)

/proc/meminfo:


vm_info: Java HotSpot(TM) 64-Bit Server VM (24.51-b03) for bsd-amd64 JRE (1.7.0_51-b13), built on Dec 18 2013 18:45:56 by "java_re" with gcc 4.2.1 (Based on Apple Inc. build 5658) (LLVM build 2336.11.00)

time: Thu Feb 27 09:44:38 2014
elapsed time: 3 seconds

