#
# A fatal error has been detected by the Java Runtime Environment:
#
#  SIGSEGV (0xb) at pc=0x00007fff86ec4a3f, pid=71068, tid=47891
#
# JRE version: Java(TM) SE Runtime Environment (7.0_67-b01) (build 1.7.0_67-b01)
# Java VM: Java HotSpot(TM) 64-Bit Server VM (24.65-b04 mixed mode bsd-amd64 compressed oops)
# Problematic frame:
# C  [libsystem_c.dylib+0x1a3f]  memmove$VARIANT$sse42+0x57
#
# Failed to write core dump. Core dumps have been disabled. To enable core dumping, try "ulimit -c unlimited" before starting Java again
#
# If you would like to submit a bug report, please visit:
#   http://bugreport.sun.com/bugreport/crash.jsp
# The crash happened outside the Java Virtual Machine in native code.
# See problematic frame for where to report the bug.
#

---------------  T H R E A D  ---------------

Current thread (0x00007faee280a000):  JavaThread "AWT-EventQueue-0" [_thread_in_native, id=47891, stack(0x000000013b7fa000,0x000000013b8fa000)]

siginfo:si_signo=SIGSEGV: si_errno=0, si_code=1 (SEGV_MAPERR), si_addr=0x00000001503ea000

Registers:
RAX=0x000000055ac33f68, RBX=0x000000013b8f8638, RCX=0x0000000000000008, RDX=0x0000000000000bf8
RSP=0x000000013b8f85e0, RBP=0x000000013b8f85e0, RSI=0x00000001503ea000, RDI=0x00000006ab01df68
R8 =0x00000003fc09d688, R9 =0x0000000000000400, R10=0x0000000108d5af4c, R11=0x00000006ab01df68
R12=0x00000006ab01df68, R13=0x00000001503ea000, R14=0x000000013b8f8630, R15=0x00007faee280a1e8
RIP=0x00007fff86ec4a3f, EFLAGS=0x0000000000010212, ERR=0x0000000000000004
  TRAPNO=0x000000000000000e

Top of Stack: (sp=0x000000013b8f85e0)
0x000000013b8f85e0:   000000013b8f8620 000000013d1745bb
0x000000013b8f85f0:   00000c0000000000 0000000000300000
0x000000013b8f8600:   0000000000000000 00000006ab01df58
0x000000013b8f8610:   0000000000000000 00007faee280a000
0x000000013b8f8620:   000000013b8f8670 0000000108d5afc2
0x000000013b8f8630:   00000006ab01df30 00000006ab01df58
0x000000013b8f8640:   00007faee280a000 00007faee280a000
0x000000013b8f8650:   0000000000300000 000000013b8f8670
0x000000013b8f8660:   00000006bab18038 0000000108cb2ec7
0x000000013b8f8670:   0000000000300000 0000000108d61ce4
0x000000013b8f8680:   00000006bab18038 00000006ab01df30
0x000000013b8f8690:   0000040000000c00 00000c0000000400
0x000000013b8f86a0:   0000000000300000 00000006ab01df58
0x000000013b8f86b0:   0000000000000000 00007faee140f940
0x000000013b8f86c0:   00007faede901550 00007faede9015a8
0x000000013b8f86d0:   00007faede901938 00000000000003d8
0x000000013b8f86e0:   000000013b8f8728 000000013b8f87d0
0x000000013b8f86f0:   000000013b8f8710 00000001084592f6
0x000000013b8f8700:   000000000000002c 000000000000002c
0x000000013b8f8710:   000000013b8f8790 0000000108c5c786
0x000000013b8f8720:   0000000108c5c786 0000000000000400
0x000000013b8f8730:   0000000000000400 0000000000000c00
0x000000013b8f8740:   00000006ab01df30 00000006bab18038
0x000000013b8f8750:   000000013b8f8750 00000003fbe877fd
0x000000013b8f8760:   000000013b8f87d0 00000003fbe87b70
0x000000013b8f8770:   0000000000000000 00000003fbe87868
0x000000013b8f8780:   000000013b8f8728 000000013b8f87c0
0x000000013b8f8790:   000000013b8f8818 0000000108c5c0d8
0x000000013b8f87a0:   0000000000000c00 00000006ab01df30
0x000000013b8f87b0:   0000000000000400 0000000000000400
0x000000013b8f87c0:   00000006bab18038 000000000000001a
0x000000013b8f87d0:   00000006bab18098 000000013b8f87d8 

Instructions: (pc=0x00007fff86ec4a3f)
0x00007fff86ec4a1f:   ff c6 88 07 48 ff c7 ff ca 75 f2 4c 89 d8 5d c3
0x00007fff86ec4a2f:   e9 b5 00 00 00 89 f9 f7 d9 83 e1 0f 74 10 29 ca
0x00007fff86ec4a3f:   8a 06 48 ff c6 88 07 48 ff c7 ff c9 75 f2 48 89
0x00007fff86ec4a4f:   d1 83 e2 3f 48 83 e1 c0 48 01 ce 48 01 cf 48 f7 

Register to memory mapping:

RAX=0x000000055ac33f68 is an unallocated location in the heap
RBX=0x000000013b8f8638 is pointing into the stack for thread: 0x00007faee280a000
RCX=0x0000000000000008 is an unknown value
RDX=0x0000000000000bf8 is an unknown value
RSP=0x000000013b8f85e0 is pointing into the stack for thread: 0x00007faee280a000
RBP=0x000000013b8f85e0 is pointing into the stack for thread: 0x00007faee280a000
RSI=0x00000001503ea000 is an unknown value
RDI=0x00000006ab01df68 is an unknown value
R8 =0x00000003fc09d688 is an oop
{instance class} 
 - klass: {other class}
R9 =0x0000000000000400 is an unknown value
R10=0x0000000108d5af4c is at entry_point+76 in (nmethod*)0x0000000108d5ad90
R11=0x00000006ab01df68 is an unknown value
R12=0x00000006ab01df68 is an unknown value
R13=0x00000001503ea000 is an unknown value
R14=0x000000013b8f8630 is pointing into the stack for thread: 0x00007faee280a000
R15=0x00007faee280a1e8 is an unknown value


Stack: [0x000000013b7fa000,0x000000013b8fa000],  sp=0x000000013b8f85e0,  free space=1017k
Native frames: (J=compiled Java code, j=interpreted, Vv=VM code, C=native code)
C  [libsystem_c.dylib+0x1a3f]  memmove$VARIANT$sse42+0x57
C  [libjniavutil.dylib+0x385bb]  Java_org_bytedeco_javacpp_BytePointer_get___3BII+0xab
J 162  org.bytedeco.javacpp.BytePointer.get([BII)Lorg/bytedeco/javacpp/BytePointer; (0 bytes) @ 0x0000000108d5afc2 [0x0000000108d5af00+0xc2]

Java frames: (J=compiled Java code, j=interpreted, Vv=VM code)
J 162  org.bytedeco.javacpp.BytePointer.get([BII)Lorg/bytedeco/javacpp/BytePointer; (0 bytes) @ 0x0000000108d5af4c [0x0000000108d5af00+0x4c]
J 163 C2 org.janelia.it.jacs.shared.img_3d_loader.ByteGatherAcceptor.accept(Lorg/bytedeco/javacpp/BytePointer;III)V (95 bytes) @ 0x0000000108d61ce4 [0x0000000108d61b80+0x164]
j  org.janelia.it.jacs.shared.ffmpeg.H5JLoader.saveFrame(ILorg/janelia/it/jacs/shared/img_3d_loader/FFMPGByteAcceptor;)V+45
j  org.janelia.it.jacs.shared.img_3d_loader.H265FileLoader.populateAcceptor(Lorg/janelia/it/jacs/shared/ffmpeg/H5JLoader;)Lorg/janelia/it/jacs/shared/img_3d_loader/ByteGatherAcceptor;+137
j  org.janelia.it.jacs.shared.img_3d_loader.H265FileLoader.loadVolumeFile(Ljava/lang/String;)V+16
j  org.janelia.it.workstation.gui.viewer3d.VolumeLoader.loadVolume(Ljava/lang/String;)Z+414
j  org.janelia.it.workstation.gui.viewer3d.VolumeBrickActorBuilder.buildVolumeBrickActor(Lorg/janelia/it/workstation/gui/viewer3d/VolumeModel;Lorg/janelia/it/workstation/gui/viewer3d/VolumeBrickFactory;Lorg/janelia/it/workstation/gui/viewer3d/resolver/FileResolver;Ljava/lang/String;)Lorg/janelia/it/workstation/gui/opengl/GLActor;+17
j  org.janelia.it.workstation.gui.viewer3d.TestMip3d$1.run()V+162
j  java.awt.event.InvocationEvent.dispatch()V+47
j  java.awt.EventQueue.dispatchEventImpl(Ljava/awt/AWTEvent;Ljava/lang/Object;)V+21
j  java.awt.EventQueue.access$200(Ljava/awt/EventQueue;Ljava/awt/AWTEvent;Ljava/lang/Object;)V+3
j  java.awt.EventQueue$3.run()Ljava/lang/Void;+12
j  java.awt.EventQueue$3.run()Ljava/lang/Object;+1
v  ~StubRoutines::call_stub
j  java.security.AccessController.doPrivileged(Ljava/security/PrivilegedAction;Ljava/security/AccessControlContext;)Ljava/lang/Object;+0
j  java.security.ProtectionDomain$1.doIntersectionPrivilege(Ljava/security/PrivilegedAction;Ljava/security/AccessControlContext;Ljava/security/AccessControlContext;)Ljava/lang/Object;+28
j  java.awt.EventQueue.dispatchEvent(Ljava/awt/AWTEvent;)V+46
j  java.awt.EventDispatchThread.pumpOneEventForFilters(I)V+245
j  java.awt.EventDispatchThread.pumpEventsForFilter(ILjava/awt/Conditional;Ljava/awt/EventFilter;)V+35
j  java.awt.EventDispatchThread.pumpEventsForHierarchy(ILjava/awt/Conditional;Ljava/awt/Component;)V+11
j  java.awt.EventDispatchThread.pumpEvents(ILjava/awt/Conditional;)V+4
j  java.awt.EventDispatchThread.pumpEvents(Ljava/awt/Conditional;)V+3
j  java.awt.EventDispatchThread.run()V+9
v  ~StubRoutines::call_stub

---------------  P R O C E S S  ---------------

Java Threads: ( => current thread )
  0x00007faedc1ea800 JavaThread "Java2D Disposer" daemon [_thread_blocked, id=52995, stack(0x000000013c51a000,0x000000013c61a000)]
  0x00007faedf0ba800 JavaThread "Java2D Queue Flusher" daemon [_thread_blocked, id=49927, stack(0x000000013ba00000,0x000000013bb00000)]
  0x00007faee280b800 JavaThread "org.netbeans.modules.debugger.jpda.visual AWT Access Loop" daemon [_thread_blocked, id=49419, stack(0x000000013b8fd000,0x000000013b9fd000)]
  0x00007faee280a800 JavaThread "DestroyJavaVM" [_thread_blocked, id=6403, stack(0x0000000108a40000,0x0000000108b40000)]
=>0x00007faee280a000 JavaThread "AWT-EventQueue-0" [_thread_in_native, id=47891, stack(0x000000013b7fa000,0x000000013b8fa000)]
  0x00007faee1800000 JavaThread "AWT-Shutdown" [_thread_blocked, id=37635, stack(0x0000000139030000,0x0000000139130000)]
  0x00007faedf035800 JavaThread "AWT-AppKit" daemon [_thread_in_native, id=3847, stack(0x00007fff5754d000,0x00007fff57d4d000)]
  0x00007faedd029000 JavaThread "Service Thread" daemon [_thread_blocked, id=31747, stack(0x00000001371d9000,0x00000001372d9000)]
  0x00007faedd026800 JavaThread "C2 CompilerThread1" daemon [_thread_blocked, id=31235, stack(0x00000001370d6000,0x00000001371d6000)]
  0x00007faedd027800 JavaThread "C2 CompilerThread0" daemon [_thread_blocked, id=30723, stack(0x0000000136fd3000,0x00000001370d3000)]
  0x00007faede000000 JavaThread "JDWP Command Reader" daemon [_thread_in_native, id=30211, stack(0x0000000136ed0000,0x0000000136fd0000)]
  0x00007faedf002000 JavaThread "JDWP Event Helper Thread" daemon [_thread_blocked, id=29699, stack(0x0000000136dcd000,0x0000000136ecd000)]
  0x00007faedf001000 JavaThread "JDWP Transport Listener: dt_socket" daemon [_thread_blocked, id=29187, stack(0x0000000136cca000,0x0000000136dca000)]
  0x00007faedd01a800 JavaThread "Signal Dispatcher" daemon [_thread_blocked, id=28675, stack(0x0000000136bc1000,0x0000000136cc1000)]
  0x00007faedb882000 JavaThread "Finalizer" daemon [_thread_in_native, id=24067, stack(0x0000000136971000,0x0000000136a71000)]
  0x00007faedb881000 JavaThread "Reference Handler" daemon [_thread_blocked, id=23555, stack(0x000000013686e000,0x000000013696e000)]

Other Threads:
  0x00007faedb87e800 VMThread [stack: 0x000000013676b000,0x000000013686b000] [id=23043]
  0x00007faedd03a000 WatcherThread [stack: 0x00000001372dc000,0x00000001373dc000] [id=32259]

VM state:not at safepoint (normal execution)

VM Mutex/Monitor currently owned by a thread: None

Heap
 PSYoungGen      total 306176K, used 52981K [0x00000006aaa80000, 0x00000006c0000000, 0x0000000800000000)
  eden space 262656K, 3% used [0x00000006aaa80000,0x00000006ab3c4390,0x00000006bab00000)
  from space 43520K, 99% used [0x00000006bab00000,0x00000006bd5791d0,0x00000006bd580000)
  to   space 43520K, 0% used [0x00000006bd580000,0x00000006bd580000,0x00000006c0000000)
 ParOldGen       total 698880K, used 44605K [0x0000000400000000, 0x000000042aa80000, 0x00000006aaa80000)
  object space 698880K, 6% used [0x0000000400000000,0x0000000402b8f660,0x000000042aa80000)
 PSPermGen       total 21504K, used 20241K [0x00000003fae00000, 0x00000003fc300000, 0x0000000400000000)
  object space 21504K, 94% used [0x00000003fae00000,0x00000003fc1c4738,0x00000003fc300000)

Card table byte_map: [0x000000010bd16000,0x000000010dd40000] byte_map_base: 0x0000000109d3f000

Polling page: 0x0000000108b7f000

Code Cache  [0x0000000108c56000, 0x0000000108ec6000, 0x000000010bc56000)
 total_blobs=923 nmethods=162 adapters=723 free_code_cache=48105Kb largest_free_block=49230784

Compilation events (10 events):
Event: 3.934 Thread 0x00007faedd027800 nmethod 157 0x0000000108d59d50 code [0x0000000108d59e80, 0x0000000108d59f18]
Event: 3.967 Thread 0x00007faedd026800 nmethod 156 0x0000000108d5efd0 code [0x0000000108d5f260, 0x0000000108d60bc0]
Event: 4.071 Thread 0x00007faedd027800  159             java.util.HashMap::addEntry (69 bytes)
Event: 4.076 Thread 0x00007faedd027800 nmethod 159 0x0000000108d5b110 code [0x0000000108d5b2c0, 0x0000000108d5b7a8]
Event: 12.226 Thread 0x00007faedd026800  160             org.bytedeco.javacpp.BytePointer::position (9 bytes)
Event: 12.226 Thread 0x00007faedd027800  161             org.bytedeco.javacpp.Pointer::position (7 bytes)
Event: 12.227 Thread 0x00007faedd027800 nmethod 161 0x0000000108d55a10 code [0x0000000108d55b40, 0x0000000108d55b98]
Event: 12.227 Thread 0x00007faedd026800 nmethod 160 0x0000000108d557d0 code [0x0000000108d55900, 0x0000000108d55958]
Event: 12.443 Thread 0x00007faedd027800  163             org.janelia.it.jacs.shared.img_3d_loader.ByteGatherAcceptor::accept (95 bytes)
Event: 12.453 Thread 0x00007faedd027800 nmethod 163 0x0000000108d619d0 code [0x0000000108d61b80, 0x0000000108d624f0]

GC Heap History (2 events):
Event: 16.867 GC heap before
{Heap before GC invocations=1 (full 0):
 PSYoungGen      total 306176K, used 260870K [0x00000006aaa80000, 0x00000006c0000000, 0x0000000800000000)
  eden space 262656K, 99% used [0x00000006aaa80000,0x00000006ba941ac8,0x00000006bab00000)
  from space 43520K, 0% used [0x00000006bd580000,0x00000006bd580000,0x00000006c0000000)
  to   space 43520K, 0% used [0x00000006bab00000,0x00000006bab00000,0x00000006bd580000)
 ParOldGen       total 698880K, used 0K [0x0000000400000000, 0x000000042aa80000, 0x00000006aaa80000)
  object space 698880K, 0% used [0x0000000400000000,0x0000000400000000,0x000000042aa80000)
 PSPermGen       total 21504K, used 20241K [0x00000003fae00000, 0x00000003fc300000, 0x0000000400000000)
  object space 21504K, 94% used [0x00000003fae00000,0x00000003fc1c4738,0x00000003fc300000)
Event: 16.930 GC heap after
Heap after GC invocations=1 (full 0):
 PSYoungGen      total 306176K, used 43492K [0x00000006aaa80000, 0x00000006c0000000, 0x0000000800000000)
  eden space 262656K, 0% used [0x00000006aaa80000,0x00000006aaa80000,0x00000006bab00000)
  from space 43520K, 99% used [0x00000006bab00000,0x00000006bd5791d0,0x00000006bd580000)
  to   space 43520K, 0% used [0x00000006bd580000,0x00000006bd580000,0x00000006c0000000)
 ParOldGen       total 698880K, used 44605K [0x0000000400000000, 0x000000042aa80000, 0x00000006aaa80000)
  object space 698880K, 6% used [0x0000000400000000,0x0000000402b8f660,0x000000042aa80000)
 PSPermGen       total 21504K, used 20241K [0x00000003fae00000, 0x00000003fc300000, 0x0000000400000000)
  object space 21504K, 94% used [0x00000003fae00000,0x00000003fc1c4738,0x00000003fc300000)
}

Deoptimization events (7 events):
Event: 0.463 Thread 0x00007faedb801000 Uncommon trap: reason=unloaded action=reinterpret pc=0x0000000108cbcaf8 method=java.io.BufferedReader.readLine(Z)Ljava/lang/String; @ 268
Event: 1.204 Thread 0x00007faedf035800 Uncommon trap: reason=null_check action=make_not_entrant pc=0x0000000108cc2884 method=java.lang.String.equals(Ljava/lang/Object;)Z @ 8
Event: 1.537 Thread 0x00007faee280a000 Uncommon trap: reason=null_check action=make_not_entrant pc=0x0000000108ce6228 method=java.util.jar.Attributes.putValue(Ljava/lang/String;Ljava/lang/String;)Ljava/lang/String; @ 13
Event: 2.823 Thread 0x00007faee280a000 Uncommon trap: reason=unreached action=reinterpret pc=0x0000000108cf512c method=java.util.HashMap.get(Ljava/lang/Object;)Ljava/lang/Object; @ 1
Event: 3.152 Thread 0x00007faee280a000 Uncommon trap: reason=unreached action=reinterpret pc=0x0000000108cebb68 method=java.util.Properties$LineReader.readLine()I @ 97
Event: 3.171 Thread 0x00007faee280a000 Uncommon trap: reason=class_check action=maybe_recompile pc=0x0000000108cd3b70 method=java.lang.String.equals(Ljava/lang/Object;)Z @ 8
Event: 3.179 Thread 0x00007faee280a000 Uncommon trap: reason=predicate action=maybe_recompile pc=0x0000000108cbbe30 method=java.util.LinkedList.indexOf(Ljava/lang/Object;)I @ 47

Internal exceptions (10 events):
Event: 3.951 Thread 0x00007faee280a000 Threw 0x00000006b5c771a0 at /HUDSON/workspace/7u-2-build-macosx-x86_64/jdk7u67/1368/hotspot/src/share/vm/prims/jvm.cpp:1244
Event: 3.963 Thread 0x00007faee280a000 Threw 0x00000006b5d37ba8 at /HUDSON/workspace/7u-2-build-macosx-x86_64/jdk7u67/1368/hotspot/src/share/vm/prims/jvm.cpp:1244
Event: 3.963 Thread 0x00007faee280a000 Threw 0x00000006b5d443c0 at /HUDSON/workspace/7u-2-build-macosx-x86_64/jdk7u67/1368/hotspot/src/share/vm/prims/jvm.cpp:1244
Event: 3.964 Thread 0x00007faee280a000 Threw 0x00000006b5d50538 at /HUDSON/workspace/7u-2-build-macosx-x86_64/jdk7u67/1368/hotspot/src/share/vm/prims/jvm.cpp:1244
Event: 3.964 Thread 0x00007faee280a000 Threw 0x00000006b5d5f560 at /HUDSON/workspace/7u-2-build-macosx-x86_64/jdk7u67/1368/hotspot/src/share/vm/prims/jvm.cpp:1244
Event: 4.027 Thread 0x00007faee280a000 Threw 0x00000006b5d6c870 at /HUDSON/workspace/7u-2-build-macosx-x86_64/jdk7u67/1368/hotspot/src/share/vm/prims/jvm.cpp:1244
Event: 4.028 Thread 0x00007faee280a000 Threw 0x00000006b5d79b00 at /HUDSON/workspace/7u-2-build-macosx-x86_64/jdk7u67/1368/hotspot/src/share/vm/prims/jvm.cpp:1244
Event: 4.029 Thread 0x00007faee280a000 Threw 0x00000006b5d87a30 at /HUDSON/workspace/7u-2-build-macosx-x86_64/jdk7u67/1368/hotspot/src/share/vm/prims/jvm.cpp:1244
Event: 4.112 Thread 0x00007faee280a000 Threw 0x00000006b5da19b0 at /HUDSON/workspace/7u-2-build-macosx-x86_64/jdk7u67/1368/hotspot/src/share/vm/prims/jvm.cpp:1244
Event: 4.247 Thread 0x00007faee280a000 Threw 0x00000006b5daf830 at /HUDSON/workspace/7u-2-build-macosx-x86_64/jdk7u67/1368/hotspot/src/share/vm/prims/jvm.cpp:1244

Events (10 events):
Event: 4.028 loading class 0x00007faedea106e0
Event: 4.028 loading class 0x00007faedea106e0 done
Event: 4.112 loading class 0x00007faedea12030
Event: 4.112 loading class 0x00007faedea12030 done
Event: 4.247 loading class 0x00007faedea12170
Event: 4.247 loading class 0x00007faedea12170 done
Event: 4.323 Executing VM operation: EnableBiasedLocking
Event: 4.323 Executing VM operation: EnableBiasedLocking done
Event: 16.867 Executing VM operation: ParallelGCFailedAllocation
Event: 16.930 Executing VM operation: ParallelGCFailedAllocation done


Dynamic libraries:
0x0000000002937000 	/System/Library/Frameworks/Cocoa.framework/Versions/A/Cocoa
0x0000000002937000 	/System/Library/Frameworks/Security.framework/Versions/A/Security
0x0000000002937000 	/System/Library/Frameworks/ApplicationServices.framework/Versions/A/ApplicationServices
0x0000000002937000 	/usr/lib/libz.1.dylib
0x0000000002937000 	/usr/lib/libSystem.B.dylib
0x0000000002937000 	/usr/lib/libobjc.A.dylib
0x0000000002937000 	/System/Library/Frameworks/CoreFoundation.framework/Versions/A/CoreFoundation
0x0000000002937000 	/System/Library/Frameworks/Foundation.framework/Versions/C/Foundation
0x0000000002937000 	/System/Library/Frameworks/AppKit.framework/Versions/C/AppKit
0x0000000002937000 	/System/Library/Frameworks/CoreData.framework/Versions/A/CoreData
0x0000000002937000 	/System/Library/PrivateFrameworks/RemoteViewServices.framework/Versions/A/RemoteViewServices
0x0000000002937000 	/System/Library/Frameworks/AudioToolbox.framework/Versions/A/AudioToolbox
0x0000000002937000 	/System/Library/Frameworks/AudioUnit.framework/Versions/A/AudioUnit
0x0000000002937000 	/System/Library/PrivateFrameworks/DataDetectorsCore.framework/Versions/A/DataDetectorsCore
0x0000000002937000 	/System/Library/PrivateFrameworks/DesktopServicesPriv.framework/Versions/A/DesktopServicesPriv
0x0000000002937000 	/System/Library/Frameworks/Carbon.framework/Versions/A/Frameworks/HIToolbox.framework/Versions/A/HIToolbox
0x0000000002937000 	/System/Library/Frameworks/QuartzCore.framework/Versions/A/QuartzCore
0x0000000002937000 	/System/Library/Frameworks/Carbon.framework/Versions/A/Frameworks/SpeechRecognition.framework/Versions/A/SpeechRecognition
0x0000000002937000 	/usr/lib/libauto.dylib
0x0000000002937000 	/usr/lib/libicucore.A.dylib
0x0000000002937000 	/usr/lib/libxml2.2.dylib
0x0000000002937000 	/System/Library/PrivateFrameworks/CoreUI.framework/Versions/A/CoreUI
0x0000000002937000 	/System/Library/Frameworks/CoreAudio.framework/Versions/A/CoreAudio
0x0000000002937000 	/System/Library/Frameworks/DiskArbitration.framework/Versions/A/DiskArbitration
0x0000000002937000 	/usr/lib/liblangid.dylib
0x0000000002937000 	/System/Library/PrivateFrameworks/MultitouchSupport.framework/Versions/A/MultitouchSupport
0x0000000002937000 	/System/Library/Frameworks/IOKit.framework/Versions/A/IOKit
0x0000000002937000 	/usr/lib/libDiagnosticMessagesClient.dylib
0x0000000002937000 	/System/Library/Frameworks/CoreServices.framework/Versions/A/CoreServices
0x0000000002937000 	/System/Library/PrivateFrameworks/PerformanceAnalysis.framework/Versions/A/PerformanceAnalysis
0x0000000002937000 	/System/Library/PrivateFrameworks/GenerationalStorage.framework/Versions/A/GenerationalStorage
0x0000000002937000 	/System/Library/Frameworks/OpenGL.framework/Versions/A/OpenGL
0x0000000002937000 	/System/Library/Frameworks/CoreText.framework/Versions/A/CoreText
0x0000000002937000 	/System/Library/Frameworks/ImageIO.framework/Versions/A/ImageIO
0x0000000002937000 	/System/Library/PrivateFrameworks/Backup.framework/Versions/A/Backup
0x0000000002937000 	/System/Library/Frameworks/CFNetwork.framework/Versions/A/CFNetwork
0x0000000002937000 	/System/Library/Frameworks/SystemConfiguration.framework/Versions/A/SystemConfiguration
0x0000000002937000 	/usr/lib/libCRFSuite.dylib
0x0000000002937000 	/System/Library/PrivateFrameworks/TCC.framework/Versions/A/TCC
0x0000000002937000 	/usr/lib/libc++.1.dylib
0x0000000002937000 	/usr/lib/libc++abi.dylib
0x0000000002937000 	/usr/lib/system/libcache.dylib
0x0000000002937000 	/usr/lib/system/libcommonCrypto.dylib
0x0000000002937000 	/usr/lib/system/libcompiler_rt.dylib
0x0000000002937000 	/usr/lib/system/libcopyfile.dylib
0x0000000002937000 	/usr/lib/system/libdispatch.dylib
0x0000000002937000 	/usr/lib/system/libdnsinfo.dylib
0x0000000002937000 	/usr/lib/system/libdyld.dylib
0x0000000002937000 	/usr/lib/system/libkeymgr.dylib
0x0000000002937000 	/usr/lib/system/liblaunch.dylib
0x0000000002937000 	/usr/lib/system/libmacho.dylib
0x0000000002937000 	/usr/lib/system/libquarantine.dylib
0x0000000002937000 	/usr/lib/system/libremovefile.dylib
0x0000000002937000 	/usr/lib/system/libsystem_blocks.dylib
0x0000000002937000 	/usr/lib/system/libsystem_c.dylib
0x0000000002937000 	/usr/lib/system/libsystem_dnssd.dylib
0x0000000002937000 	/usr/lib/system/libsystem_info.dylib
0x0000000002937000 	/usr/lib/system/libsystem_kernel.dylib
0x0000000002937000 	/usr/lib/system/libsystem_m.dylib
0x0000000002937000 	/usr/lib/system/libsystem_network.dylib
0x0000000002937000 	/usr/lib/system/libsystem_notify.dylib
0x0000000002937000 	/usr/lib/system/libsystem_sandbox.dylib
0x0000000002937000 	/usr/lib/system/libunc.dylib
0x0000000002937000 	/usr/lib/system/libunwind.dylib
0x0000000002937000 	/usr/lib/system/libxpc.dylib
0x0000000002937000 	/usr/lib/system/libcorecrypto.dylib
0x0000000002937000 	/usr/lib/libstdc++.6.dylib
0x0000000002937000 	/usr/lib/libbsm.0.dylib
0x0000000002937000 	/usr/lib/libsqlite3.dylib
0x0000000002937000 	/usr/lib/libxar.1.dylib
0x0000000002937000 	/usr/lib/libpam.2.dylib
0x0000000002937000 	/usr/lib/libOpenScriptingUtil.dylib
0x0000000002937000 	/usr/lib/libbz2.1.0.dylib
0x0000000002937000 	/System/Library/Frameworks/CoreServices.framework/Versions/A/Frameworks/CarbonCore.framework/Versions/A/CarbonCore
0x0000000002937000 	/System/Library/Frameworks/CoreServices.framework/Versions/A/Frameworks/Metadata.framework/Versions/A/Metadata
0x0000000002937000 	/System/Library/Frameworks/CoreServices.framework/Versions/A/Frameworks/OSServices.framework/Versions/A/OSServices
0x0000000002937000 	/System/Library/Frameworks/CoreServices.framework/Versions/A/Frameworks/SearchKit.framework/Versions/A/SearchKit
0x0000000002937000 	/System/Library/Frameworks/CoreServices.framework/Versions/A/Frameworks/AE.framework/Versions/A/AE
0x0000000002937000 	/System/Library/Frameworks/CoreServices.framework/Versions/A/Frameworks/LaunchServices.framework/Versions/A/LaunchServices
0x0000000002937000 	/System/Library/Frameworks/CoreServices.framework/Versions/A/Frameworks/DictionaryServices.framework/Versions/A/DictionaryServices
0x0000000002937000 	/System/Library/Frameworks/NetFS.framework/Versions/A/NetFS
0x0000000002937000 	/usr/lib/system/libkxld.dylib
0x0000000002937000 	/System/Library/PrivateFrameworks/NetAuth.framework/Versions/A/NetAuth
0x0000000002937000 	/System/Library/Frameworks/OpenDirectory.framework/Versions/A/Frameworks/CFOpenDirectory.framework/Versions/A/CFOpenDirectory
0x0000000002937000 	/usr/lib/libxslt.1.dylib
0x0000000002937000 	/System/Library/PrivateFrameworks/FamilyControls.framework/Versions/A/FamilyControls
0x0000000002937000 	/System/Library/Frameworks/Carbon.framework/Versions/A/Frameworks/Ink.framework/Versions/A/Ink
0x0000000002937000 	/System/Library/Frameworks/ApplicationServices.framework/Versions/A/Frameworks/CoreGraphics.framework/Versions/A/CoreGraphics
0x0000000002937000 	/System/Library/Frameworks/ApplicationServices.framework/Versions/A/Frameworks/ATS.framework/Versions/A/ATS
0x0000000002937000 	/System/Library/Frameworks/ApplicationServices.framework/Versions/A/Frameworks/ColorSync.framework/Versions/A/ColorSync
0x0000000002937000 	/System/Library/Frameworks/ApplicationServices.framework/Versions/A/Frameworks/HIServices.framework/Versions/A/HIServices
0x0000000002937000 	/System/Library/Frameworks/ApplicationServices.framework/Versions/A/Frameworks/LangAnalysis.framework/Versions/A/LangAnalysis
0x0000000002937000 	/System/Library/Frameworks/ApplicationServices.framework/Versions/A/Frameworks/PrintCore.framework/Versions/A/PrintCore
0x0000000002937000 	/System/Library/Frameworks/ApplicationServices.framework/Versions/A/Frameworks/QD.framework/Versions/A/QD
0x0000000002937000 	/System/Library/Frameworks/ApplicationServices.framework/Versions/A/Frameworks/SpeechSynthesis.framework/Versions/A/SpeechSynthesis
0x0000000002937000 	/System/Library/Frameworks/IOSurface.framework/Versions/A/IOSurface
0x0000000002937000 	/System/Library/Frameworks/Accelerate.framework/Versions/A/Accelerate
0x0000000002937000 	/System/Library/Frameworks/ApplicationServices.framework/Versions/A/Frameworks/ATS.framework/Versions/A/Resources/libFontParser.dylib
0x0000000002937000 	/System/Library/Frameworks/ApplicationServices.framework/Versions/A/Frameworks/ATS.framework/Versions/A/Resources/libFontRegistry.dylib
0x0000000002937000 	/System/Library/Frameworks/Accelerate.framework/Versions/A/Frameworks/vImage.framework/Versions/A/vImage
0x0000000002937000 	/System/Library/Frameworks/Accelerate.framework/Versions/A/Frameworks/vecLib.framework/Versions/A/vecLib
0x0000000002937000 	/System/Library/Frameworks/Accelerate.framework/Versions/A/Frameworks/vecLib.framework/Versions/A/libvDSP.dylib
0x0000000002937000 	/System/Library/Frameworks/Accelerate.framework/Versions/A/Frameworks/vecLib.framework/Versions/A/libvMisc.dylib
0x0000000002937000 	/System/Library/Frameworks/Accelerate.framework/Versions/A/Frameworks/vecLib.framework/Versions/A/libLAPACK.dylib
0x0000000002937000 	/System/Library/Frameworks/Accelerate.framework/Versions/A/Frameworks/vecLib.framework/Versions/A/libBLAS.dylib
0x0000000002937000 	/System/Library/Frameworks/ImageIO.framework/Versions/A/Resources/libJPEG.dylib
0x0000000002937000 	/System/Library/Frameworks/ImageIO.framework/Versions/A/Resources/libTIFF.dylib
0x0000000002937000 	/System/Library/Frameworks/ImageIO.framework/Versions/A/Resources/libPng.dylib
0x0000000002937000 	/System/Library/Frameworks/ImageIO.framework/Versions/A/Resources/libGIF.dylib
0x0000000002937000 	/System/Library/Frameworks/ImageIO.framework/Versions/A/Resources/libJP2.dylib
0x0000000002937000 	/System/Library/Frameworks/ImageIO.framework/Versions/A/Resources/libRadiance.dylib
0x0000000002937000 	/usr/lib/libcups.2.dylib
0x0000000002937000 	/System/Library/Frameworks/Kerberos.framework/Versions/A/Kerberos
0x0000000002937000 	/System/Library/Frameworks/GSS.framework/Versions/A/GSS
0x0000000002937000 	/usr/lib/libresolv.9.dylib
0x0000000002937000 	/usr/lib/libiconv.2.dylib
0x0000000002937000 	/System/Library/PrivateFrameworks/Heimdal.framework/Versions/A/Heimdal
0x0000000002937000 	/System/Library/PrivateFrameworks/TrustEvaluationAgent.framework/Versions/A/TrustEvaluationAgent
0x0000000002937000 	/System/Library/Frameworks/OpenDirectory.framework/Versions/A/OpenDirectory
0x0000000002937000 	/System/Library/PrivateFrameworks/CommonAuth.framework/Versions/A/CommonAuth
0x0000000002937000 	/System/Library/PrivateFrameworks/Bom.framework/Versions/A/Bom
0x0000000002937000 	/System/Library/Frameworks/CoreVideo.framework/Versions/A/CoreVideo
0x0000000002937000 	/System/Library/Frameworks/QuartzCore.framework/Versions/A/Frameworks/CoreImage.framework/Versions/A/CoreImage
0x0000000002937000 	/System/Library/Frameworks/QuartzCore.framework/Versions/A/Frameworks/ScalableUserInterface.framework/Versions/A/ScalableUserInterface
0x0000000002937000 	/System/Library/Frameworks/OpenGL.framework/Versions/A/Libraries/libGLU.dylib
0x0000000002937000 	/System/Library/Frameworks/OpenGL.framework/Versions/A/Libraries/libGFXShared.dylib
0x0000000002937000 	/System/Library/Frameworks/OpenGL.framework/Versions/A/Libraries/libGL.dylib
0x0000000002937000 	/System/Library/Frameworks/OpenGL.framework/Versions/A/Libraries/libGLImage.dylib
0x0000000002937000 	/System/Library/Frameworks/OpenGL.framework/Versions/A/Libraries/libCVMSPluginSupport.dylib
0x0000000002937000 	/System/Library/Frameworks/OpenGL.framework/Versions/A/Libraries/libCoreVMClient.dylib
0x0000000002937000 	/System/Library/PrivateFrameworks/CrashReporterSupport.framework/Versions/A/CrashReporterSupport
0x0000000002937000 	/System/Library/Frameworks/OpenCL.framework/Versions/A/OpenCL
0x0000000002937000 	/System/Library/PrivateFrameworks/FaceCoreLight.framework/Versions/A/FaceCoreLight
0x0000000002937000 	/System/Library/PrivateFrameworks/AppleFSCompression.framework/Versions/A/AppleFSCompression
0x0000000002937000 	/System/Library/PrivateFrameworks/Ubiquity.framework/Versions/A/Ubiquity
0x0000000002937000 	/System/Library/Frameworks/ServiceManagement.framework/Versions/A/ServiceManagement
0x0000000002937000 	/System/Library/PrivateFrameworks/ChunkingLibrary.framework/Versions/A/ChunkingLibrary
0x0000000002937000 	/System/Library/Frameworks/vecLib.framework/Versions/A/vecLib
0x0000000002937000 	/System/Library/Frameworks/SecurityFoundation.framework/Versions/A/SecurityFoundation
0x0000000002937000 	/System/Library/PrivateFrameworks/CommerceKit.framework/Versions/A/Frameworks/CommerceCore.framework/Versions/A/CommerceCore
0x0000000002937000 	/System/Library/PrivateFrameworks/CoreSymbolication.framework/Versions/A/CoreSymbolication
0x0000000002937000 	/System/Library/PrivateFrameworks/Symbolication.framework/Versions/A/Symbolication
0x0000000002937000 	/System/Library/PrivateFrameworks/DebugSymbols.framework/Versions/A/DebugSymbols
0x0000000107fe0000 	/Library/Java/JavaVirtualMachines/jdk1.7.0_67.jdk/Contents/Home/jre/lib/server/libjvm.dylib
0x0000000108b42000 	/Library/Java/JavaVirtualMachines/jdk1.7.0_67.jdk/Contents/Home/jre/lib/libverify.dylib
0x0000000108b4f000 	/Library/Java/JavaVirtualMachines/jdk1.7.0_67.jdk/Contents/Home/jre/lib/libjava.dylib
0x0000000108b80000 	/Library/Java/JavaVirtualMachines/jdk1.7.0_67.jdk/Contents/Home/jre/lib/libjdwp.dylib
0x0000000108bbd000 	/Library/Java/JavaVirtualMachines/jdk1.7.0_67.jdk/Contents/Home/jre/lib/libnpt.dylib
0x0000000108c4d000 	/Library/Java/JavaVirtualMachines/jdk1.7.0_67.jdk/Contents/Home/jre/lib/libzip.dylib
0x0000000136a73000 	/System/Library/Frameworks/JavaVM.framework/Frameworks/JavaRuntimeSupport.framework/JavaRuntimeSupport
0x0000000136a8b000 	/System/Library/Frameworks/JavaVM.framework/Versions/A/Frameworks/JavaNativeFoundation.framework/Versions/A/JavaNativeFoundation
0x0000000136aa0000 	/System/Library/Frameworks/JavaVM.framework/Versions/A/JavaVM
0x0000000002937000 	/System/Library/Frameworks/Carbon.framework/Versions/A/Carbon
0x0000000136aad000 	/System/Library/PrivateFrameworks/JavaLaunching.framework/Versions/A/JavaLaunching
0x0000000002937000 	/System/Library/Frameworks/Carbon.framework/Versions/A/Frameworks/CommonPanels.framework/Versions/A/CommonPanels
0x0000000002937000 	/System/Library/Frameworks/Carbon.framework/Versions/A/Frameworks/Help.framework/Versions/A/Help
0x0000000002937000 	/System/Library/Frameworks/Carbon.framework/Versions/A/Frameworks/ImageCapture.framework/Versions/A/ImageCapture
0x0000000002937000 	/System/Library/Frameworks/Carbon.framework/Versions/A/Frameworks/OpenScripting.framework/Versions/A/OpenScripting
0x0000000002937000 	/System/Library/Frameworks/Carbon.framework/Versions/A/Frameworks/Print.framework/Versions/A/Print
0x0000000002937000 	/System/Library/Frameworks/Carbon.framework/Versions/A/Frameworks/SecurityHI.framework/Versions/A/SecurityHI
0x0000000136cc3000 	/Library/Java/JavaVirtualMachines/jdk1.7.0_67.jdk/Contents/Home/jre/lib/libdt_socket.dylib
0x0000000137b54000 	/Library/Java/JavaVirtualMachines/jdk1.7.0_67.jdk/Contents/Home/jre/lib/libawt.dylib
0x0000000137c03000 	/Library/Java/JavaVirtualMachines/jdk1.7.0_67.jdk/Contents/Home/jre/lib/./libmlib_image.dylib
0x0000000137ccf000 	/Library/Java/JavaVirtualMachines/jdk1.7.0_67.jdk/Contents/Home/jre/lib/lwawt/liblwawt.dylib
0x0000000137d83000 	/Library/Java/JavaVirtualMachines/jdk1.7.0_67.jdk/Contents/Home/jre/lib/libosxapp.dylib
0x0000000137d9f000 	/System/Library/Frameworks/ExceptionHandling.framework/Versions/A/ExceptionHandling
0x0000000002937000 	/System/Library/PrivateFrameworks/CoreServicesInternal.framework/Versions/A/CoreServicesInternal
0x0000000002937000 	/System/Library/PrivateFrameworks/Librarian.framework/Versions/A/Librarian
0x0000000002937000 	/System/Library/Frameworks/ApplicationServices.framework/Versions/A/Frameworks/CoreGraphics.framework/Versions/A/Resources/libCSync.A.dylib
0x0000000002937000 	/System/Library/Frameworks/ApplicationServices.framework/Versions/A/Frameworks/CoreGraphics.framework/Versions/A/Resources/libRIP.A.dylib
0x0000000002937000 	/System/Library/Frameworks/ApplicationServices.framework/Versions/A/Frameworks/CoreGraphics.framework/Versions/A/Resources/libCGXType.A.dylib
0x000000013b792000 	/Library/Java/JavaVirtualMachines/jdk1.7.0_67.jdk/Contents/Home/jre/lib/libfontmanager.dylib
0x000000013bb02000 	/System/Library/Frameworks/OpenGL.framework/Resources/GLEngine.bundle/GLEngine
0x000000013bcf7000 	/System/Library/Frameworks/OpenGL.framework/Versions/A/Libraries/libGLProgrammability.dylib
0x0000000000000000 	/System/Library/Extensions/GeForceGLDriver.bundle/Contents/MacOS/GeForceGLDriver
0x0000000139163000 	/System/Library/PrivateFrameworks/GPUSupport.framework/Versions/A/Libraries/libGPUSupport.dylib
0x0000000002937000 	/System/Library/Extensions/GeForceGLDriver.bundle/Contents/MacOS/libclh.dylib
0x0000000139178000 	/System/Library/Frameworks/OpenGL.framework/Resources//GLRendererFloat.bundle/GLRendererFloat
0x0000000139f06000 	/System/Library/Frameworks/OpenCL.framework/Versions/A/Libraries/libcldcpuengine.dylib
0x0000000002937000 	/System/Library/PrivateFrameworks/DiskImages.framework/Versions/A/DiskImages
0x0000000002937000 	/System/Library/Frameworks/DiscRecording.framework/Versions/A/DiscRecording
0x0000000002937000 	/usr/lib/libcurl.4.dylib
0x0000000002937000 	/System/Library/PrivateFrameworks/MediaKit.framework/Versions/A/MediaKit
0x0000000002937000 	/usr/lib/libssl.0.9.8.dylib
0x0000000002937000 	/usr/lib/libcrypto.0.9.8.dylib
0x0000000002937000 	/System/Library/Frameworks/LDAP.framework/Versions/A/LDAP
0x0000000002937000 	/usr/lib/libsasl2.2.dylib
0x000000013c61c000 	/Library/Java/JavaVirtualMachines/jdk1.7.0_67.jdk/Contents/Home/jre/lib/libosxui.dylib
0x000000013ccbe000 	/Library/Java/JavaVirtualMachines/jdk1.7.0_67.jdk/Contents/Home/jre/lib/libnet.dylib
0x000000013d0c6000 	/Library/Java/JavaVirtualMachines/jdk1.7.0_67.jdk/Contents/Home/jre/lib/libnio.dylib
0x000000013d0da000 	/private/var/folders/jd/hvc_ck5j7n79vc6fpd9wkp845p3dj9/T/jogamp_0000/file_cache/jln415028626239844517/jln7216919718813670997/libgluegen-rt.jnilib
0x000000013d1e1000 	/private/var/folders/jd/hvc_ck5j7n79vc6fpd9wkp845p3dj9/T/jogamp_0000/file_cache/jln415028626239844517/jln7216919718813670997/libnativewindow_awt.jnilib
0x000000013d1e4000 	/Library/Java/JavaVirtualMachines/jdk1.7.0_67.jdk/Contents/Home/jre/lib/libjawt.dylib
0x000000013d1e7000 	/private/var/folders/jd/hvc_ck5j7n79vc6fpd9wkp845p3dj9/T/jogamp_0000/file_cache/jln415028626239844517/jln7216919718813670997/libnativewindow_macosx.jnilib
0x000000013d1f0000 	/private/var/folders/jd/hvc_ck5j7n79vc6fpd9wkp845p3dj9/T/jogamp_0000/file_cache/jln415028626239844517/jln7216919718813670997/libjogl_desktop.jnilib
0x000000013d2b5000 	/private/var/folders/jd/hvc_ck5j7n79vc6fpd9wkp845p3dj9/T/jhdf55713286961232559564.so
0x000000013d0de000 	/private/var/folders/jd/hvc_ck5j7n79vc6fpd9wkp845p3dj9/T/javacpp1424281943084365000/libavutil.54.dylib
0x000000013d136000 	/System/Library/Frameworks/VideoDecodeAcceleration.framework/Versions/A/VideoDecodeAcceleration
0x0000000002937000 	/System/Library/Frameworks/CoreMedia.framework/Versions/A/CoreMedia
0x0000000002937000 	/System/Library/Frameworks/VideoToolbox.framework/Versions/A/VideoToolbox
0x0000000002937000 	/System/Library/PrivateFrameworks/AppleVA.framework/Versions/A/AppleVA
0x000000013d13c000 	/private/var/folders/jd/hvc_ck5j7n79vc6fpd9wkp845p3dj9/T/javacpp1424281943084365000/libjniavutil.dylib
0x000000013d8d8000 	/private/var/folders/jd/hvc_ck5j7n79vc6fpd9wkp845p3dj9/T/javacpp1424281943084365000/libswresample.1.dylib
0x000000013d1c8000 	/private/var/folders/jd/hvc_ck5j7n79vc6fpd9wkp845p3dj9/T/javacpp1424281943084365000/libjniswresample.dylib
0x000000013d8f4000 	/private/var/folders/jd/hvc_ck5j7n79vc6fpd9wkp845p3dj9/T/javacpp1424281943084365000/libavcodec.56.dylib
0x000000013ea53000 	/private/var/folders/jd/hvc_ck5j7n79vc6fpd9wkp845p3dj9/T/javacpp1424281943084365000/libjniavcodec.dylib
0x000000013eaf4000 	/private/var/folders/jd/hvc_ck5j7n79vc6fpd9wkp845p3dj9/T/javacpp1424281943084365000/libavformat.56.dylib
0x000000013ee38000 	/private/var/folders/jd/hvc_ck5j7n79vc6fpd9wkp845p3dj9/T/javacpp1424281943084365000/libjniavformat.dylib
0x000000013eebf000 	/private/var/folders/jd/hvc_ck5j7n79vc6fpd9wkp845p3dj9/T/javacpp1424281943084365000/libpostproc.53.dylib
0x000000013eee0000 	/private/var/folders/jd/hvc_ck5j7n79vc6fpd9wkp845p3dj9/T/javacpp1424281943084365000/libjnipostproc.dylib
0x000000013eeec000 	/private/var/folders/jd/hvc_ck5j7n79vc6fpd9wkp845p3dj9/T/javacpp1424281943084365000/libswscale.3.dylib
0x000000013ef71000 	/private/var/folders/jd/hvc_ck5j7n79vc6fpd9wkp845p3dj9/T/javacpp1424281943084365000/libjniswscale.dylib
0x000000013ef85000 	/private/var/folders/jd/hvc_ck5j7n79vc6fpd9wkp845p3dj9/T/javacpp1424281943084365000/libavfilter.5.dylib
0x000000013f096000 	/private/var/folders/jd/hvc_ck5j7n79vc6fpd9wkp845p3dj9/T/javacpp1424281943084365000/libjniavfilter.dylib
0x000000013d1d6000 	/private/var/folders/jd/hvc_ck5j7n79vc6fpd9wkp845p3dj9/T/javacpp1424281943084365000/libavdevice.56.dylib
0x000000013f0e6000 	/private/var/folders/jd/hvc_ck5j7n79vc6fpd9wkp845p3dj9/T/javacpp1424281943084365000/libjniavdevice.dylib

VM Arguments:
jvm_args: -Xdebug -Xrunjdwp:transport=dt_socket,address=localhost:59184 -ea -Dbranding.token=janeliaws -Dcluster.path.final=/Applications/NetBeans/NetBeans 7.4.app/Contents/Resources/NetBeans/platform:/Users/fosterl/gitfiles/master/janelia-workstation/ConsoleApplication/ConsoleModule/../build/cluster -Dnbjunit.hard.timeout=600000 -Dnbjunit.workdir=/Users/fosterl/gitfiles/master/janelia-workstation/ConsoleApplication/ConsoleModule/build/test/unit/work 
java_command: org.janelia.it.workstation.gui.viewer3d.TestMip3d
Launcher Type: SUN_STANDARD

Environment Variables:
PATH=/usr/bin:/bin:/usr/sbin:/sbin
LD_LIBRARY_PATH=/Library/Java/JavaVirtualMachines/jdk1.7.0_67.jdk/Contents/Home/jre/lib/amd64:/Library/Java/JavaVirtualMachines/jdk1.7.0_67.jdk/Contents/Home/jre/lib/i386:
SHELL=/bin/bash
DISPLAY=/tmp/launch-cI2xQl/org.macosforge.xquartz:0
DYLD_LIBRARY_PATH=/Applications/NetBeans/NetBeans 7.4.app/Contents/Resources/NetBeans/webcommon/bin:

Signal Handlers:
SIGSEGV: [libjvm.dylib+0x52b6c9], sa_mask[0]=0xfffefeff, sa_flags=0x00000043
SIGBUS: [libjvm.dylib+0x52b6c9], sa_mask[0]=0xfffefeff, sa_flags=0x00000042
SIGFPE: [libjvm.dylib+0x41deaa], sa_mask[0]=0xfffefeff, sa_flags=0x00000042
SIGPIPE: [libjvm.dylib+0x41deaa], sa_mask[0]=0xfffefeff, sa_flags=0x00000042
SIGXFSZ: [libjvm.dylib+0x41deaa], sa_mask[0]=0xfffefeff, sa_flags=0x00000042
SIGILL: [libjvm.dylib+0x41deaa], sa_mask[0]=0xfffefeff, sa_flags=0x00000042
SIGUSR1: SIG_DFL, sa_mask[0]=0x00000000, sa_flags=0x00000002
SIGUSR2: [libjvm.dylib+0x41d99c], sa_mask[0]=0x00000004, sa_flags=0x00000042
SIGHUP: [libjvm.dylib+0x41bc2d], sa_mask[0]=0xfffefeff, sa_flags=0x00000042
SIGINT: SIG_IGN, sa_mask[0]=0x00000000, sa_flags=0x00000000
SIGTERM: [libjvm.dylib+0x41bc2d], sa_mask[0]=0xfffefeff, sa_flags=0x00000042
SIGQUIT: [libjvm.dylib+0x41bc2d], sa_mask[0]=0xfffefeff, sa_flags=0x00000042


---------------  S Y S T E M  ---------------

OS:Bsduname:Darwin 12.5.0 Darwin Kernel Version 12.5.0: Sun Sep 29 13:33:47 PDT 2013; root:xnu-2050.48.12~1/RELEASE_X86_64 x86_64
rlimit: STACK 8192k, CORE 0k, NPROC 709, NOFILE 10240, AS infinity
load average:2.58 1.89 1.97

CPU:total 24 (6 cores per cpu, 2 threads per core) family 6 model 44 stepping 2, cmov, cx8, fxsr, mmx, sse, sse2, sse3, ssse3, sse4.1, sse4.2, popcnt, aes, ht, tsc, tscinvbit, tscinv

Memory: 4k page, physical 67108864k(16777216k free)

/proc/meminfo:


vm_info: Java HotSpot(TM) 64-Bit Server VM (24.65-b04) for bsd-amd64 JRE (1.7.0_67-b01), built on Jul 25 2014 08:51:51 by "java_re" with gcc 4.2.1 (Based on Apple Inc. build 5658) (LLVM build 2336.11.00)

time: Wed Feb 18 12:52:36 2015
elapsed time: 17 seconds

