#
# A fatal error has been detected by the Java Runtime Environment:
#
#  SIGSEGV (0xb) at pc=0x00007fff86ec4ac1, pid=70891, tid=47891
#
# JRE version: Java(TM) SE Runtime Environment (7.0_67-b01) (build 1.7.0_67-b01)
# Java VM: Java HotSpot(TM) 64-Bit Server VM (24.65-b04 mixed mode bsd-amd64 compressed oops)
# Problematic frame:
# C  [libsystem_c.dylib+0x1ac1]  memmove$VARIANT$sse42+0xd9
#
# Failed to write core dump. Core dumps have been disabled. To enable core dumping, try "ulimit -c unlimited" before starting Java again
#
# If you would like to submit a bug report, please visit:
#   http://bugreport.sun.com/bugreport/crash.jsp
# The crash happened outside the Java Virtual Machine in native code.
# See problematic frame for where to report the bug.
#

---------------  T H R E A D  ---------------

Current thread (0x00007fe2270d9000):  JavaThread "AWT-EventQueue-0" [_thread_in_native, id=47891, stack(0x000000013b534000,0x000000013b634000)]

siginfo:si_signo=SIGSEGV: si_errno=0, si_code=1 (SEGV_MAPERR), si_addr=0x00000001504f1000

Registers:
RAX=0x000000055b9e3100, RBX=0x000000013b632638, RCX=0xfffffffffffffc00, RDX=0x0000000000000038
RSP=0x000000013b6325e0, RBP=0x000000013b6325e0, RSI=0x00000001504f13c8, RDI=0x00000006abed45c0
R8 =0x00000003fc09d638, R9 =0x00000006abfdd1f8, R10=0x000000010890824c, R11=0x00000006abed39f8
R12=0x00000006abcdd1f8, R13=0x00000001504f0800, R14=0x000000013b632630, R15=0x00007fe2270d91e8
RIP=0x00007fff86ec4ac1, EFLAGS=0x0000000000010286, ERR=0x0000000000000004
  TRAPNO=0x000000000000000e

Top of Stack: (sp=0x000000013b6325e0)
0x000000013b6325e0:   000000013b632620 00000001367025bb
0x000000013b6325f0:   00000c00001f6800 0000000000300000
0x000000013b632600:   0000000000000000 00000006abcdd1e8
0x000000013b632610:   000000000000029e 00007fe2270d9000
0x000000013b632620:   000000013b632670 00000001089082c2
0x000000013b632630:   00000006ab31dde8 00000006abcdd1e8
0x000000013b632640:   00007fe2270d9000 00007fe2270d9000
0x000000013b632650:   0000000000300000 000000013b632670
0x000000013b632660:   00000006bab28038 0000000108865ec7
0x000000013b632670:   0000000000300000 000000010890daa4
0x000000013b632680:   00000006bab28038 00000006ab31dde8
0x000000013b632690:   0000040000000c00 00000c0000000400
0x000000013b6326a0:   0000000000300000 00000006abcdd1e8
0x000000013b6326b0:   001f68000000029e 000000013b6326e0
0x000000013b6326c0:   000000013b632730 000000010880f254
0x000000013b6326d0:   0000000000000000 000000010881bf36
0x000000013b6326e0:   0000000000000000 0000000000000c00
0x000000013b6326f0:   000000013b6326f0 00000003fc1c243f
0x000000013b632700:   000000013b632748 00000003fc1c2a30
0x000000013b632710:   000000013b632790 000000010880f786
0x000000013b632720:   000000010880f786 0000000000000400
0x000000013b632730:   0000000000000400 0000000000000c00
0x000000013b632740:   00000006ab31dde8 00000006bab28038
0x000000013b632750:   000000013b632750 00000003fbe877ad
0x000000013b632760:   000000013b6327d0 00000003fbe87b20
0x000000013b632770:   0000000000000000 00000003fbe87818
0x000000013b632780:   000000013b632728 000000013b6327c0
0x000000013b632790:   000000013b632818 000000010880f0d8
0x000000013b6327a0:   0000000000000c00 00000006ab31dde8
0x000000013b6327b0:   0000000000000400 0000000000000400
0x000000013b6327c0:   00000006bab28038 000000000000001c
0x000000013b6327d0:   00000006bab28098 000000013b6327d8 

Instructions: (pc=0x00007fff86ec4ac1)
0x00007fff86ec4aa1:   40 75 cc e9 57 ff ff ff 0f 1f 80 00 00 00 00 f3
0x00007fff86ec4ab1:   0f 6f 04 0e f3 0f 6f 4c 0e 10 f3 0f 6f 54 0e 20
0x00007fff86ec4ac1:   f3 0f 6f 5c 0e 30 66 0f 7f 04 0f 66 0f 7f 4c 0f
0x00007fff86ec4ad1:   10 66 0f 7f 54 0f 20 66 0f 7f 5c 0f 30 48 83 c1 

Register to memory mapping:

RAX=0x000000055b9e3100 is an unallocated location in the heap
RBX=0x000000013b632638 is pointing into the stack for thread: 0x00007fe2270d9000
RCX=0xfffffffffffffc00 is an unknown value
RDX=0x0000000000000038 is an unknown value
RSP=0x000000013b6325e0 is pointing into the stack for thread: 0x00007fe2270d9000
RBP=0x000000013b6325e0 is pointing into the stack for thread: 0x00007fe2270d9000
RSI=0x00000001504f13c8 is an unknown value
RDI=0x00000006abed45c0 is an unknown value
R8 =0x00000003fc09d638 is an oop
{instance class} 
 - klass: {other class}
R9 =0x00000006abfdd1f8 is an unknown value
R10=0x000000010890824c is at entry_point+76 in (nmethod*)0x0000000108908090
R11=0x00000006abed39f8 is an unknown value
R12=0x00000006abcdd1f8 is an unknown value
R13=0x00000001504f0800 is an unknown value
R14=0x000000013b632630 is pointing into the stack for thread: 0x00007fe2270d9000
R15=0x00007fe2270d91e8 is an unknown value


Stack: [0x000000013b534000,0x000000013b634000],  sp=0x000000013b6325e0,  free space=1017k
Native frames: (J=compiled Java code, j=interpreted, Vv=VM code, C=native code)
C  [libsystem_c.dylib+0x1ac1]  memmove$VARIANT$sse42+0xd9
C  [libjniavutil.dylib+0x385bb]  Java_org_bytedeco_javacpp_BytePointer_get___3BII+0xab
J 162  org.bytedeco.javacpp.BytePointer.get([BII)Lorg/bytedeco/javacpp/BytePointer; (0 bytes) @ 0x00000001089082c2 [0x0000000108908200+0xc2]

Java frames: (J=compiled Java code, j=interpreted, Vv=VM code)
J 162  org.bytedeco.javacpp.BytePointer.get([BII)Lorg/bytedeco/javacpp/BytePointer; (0 bytes) @ 0x000000010890824c [0x0000000108908200+0x4c]
J 163 C2 org.janelia.it.jacs.shared.img_3d_loader.ByteGatherAcceptor.accept(Lorg/bytedeco/javacpp/BytePointer;III)V (95 bytes) @ 0x000000010890daa4 [0x000000010890d940+0x164]
j  org.janelia.it.jacs.shared.ffmpeg.H5JLoader.saveFrame(ILorg/janelia/it/jacs/shared/img_3d_loader/FFMPGByteAcceptor;)V+45
j  org.janelia.it.jacs.shared.img_3d_loader.H265FileLoader.populateAcceptor(Lorg/janelia/it/jacs/shared/ffmpeg/H5JLoader;)Lorg/janelia/it/jacs/shared/img_3d_loader/ByteGatherAcceptor;+111
j  org.janelia.it.jacs.shared.img_3d_loader.H265FileLoader.loadVolumeFile(Ljava/lang/String;)V+16
j  org.janelia.it.workstation.gui.viewer3d.VolumeLoader.loadVolume(Ljava/lang/String;)Z+414
j  org.janelia.it.workstation.gui.viewer3d.VolumeBrickActorBuilder.buildVolumeBrickActor(Lorg/janelia/it/workstation/gui/viewer3d/VolumeModel;Lorg/janelia/it/workstation/gui/viewer3d/VolumeBrickFactory;Lorg/janelia/it/workstation/gui/viewer3d/resolver/FileResolver;Ljava/lang/String;)Lorg/janelia/it/workstation/gui/opengl/GLActor;+17
j  org.janelia.it.workstation.gui.viewer3d.TestMip3d$1.run()V+162
j  java.awt.event.InvocationEvent.dispatch()V+47
j  java.awt.EventQueue.dispatchEventImpl(Ljava/awt/AWTEvent;Ljava/lang/Object;)V+21
j  java.awt.EventQueue.access$200(Ljava/awt/EventQueue;Ljava/awt/AWTEvent;Ljava/lang/Object;)V+3
j  java.awt.EventQueue$3.run()Ljava/lang/Void;+12
j  java.awt.EventQueue$3.run()Ljava/lang/Object;+1
v  ~StubRoutines::call_stub
j  java.security.AccessController.doPrivileged(Ljava/security/PrivilegedAction;Ljava/security/AccessControlContext;)Ljava/lang/Object;+0
j  java.security.ProtectionDomain$1.doIntersectionPrivilege(Ljava/security/PrivilegedAction;Ljava/security/AccessControlContext;Ljava/security/AccessControlContext;)Ljava/lang/Object;+28
j  java.awt.EventQueue.dispatchEvent(Ljava/awt/AWTEvent;)V+46
j  java.awt.EventDispatchThread.pumpOneEventForFilters(I)V+245
j  java.awt.EventDispatchThread.pumpEventsForFilter(ILjava/awt/Conditional;Ljava/awt/EventFilter;)V+35
j  java.awt.EventDispatchThread.pumpEventsForHierarchy(ILjava/awt/Conditional;Ljava/awt/Component;)V+11
j  java.awt.EventDispatchThread.pumpEvents(ILjava/awt/Conditional;)V+4
j  java.awt.EventDispatchThread.pumpEvents(Ljava/awt/Conditional;)V+3
j  java.awt.EventDispatchThread.run()V+9
v  ~StubRoutines::call_stub

---------------  P R O C E S S  ---------------

Java Threads: ( => current thread )
  0x00007fe223003800 JavaThread "Java2D Disposer" daemon [_thread_blocked, id=53251, stack(0x000000013c225000,0x000000013c325000)]
  0x00007fe223817000 JavaThread "Java2D Queue Flusher" daemon [_thread_blocked, id=50183, stack(0x000000013b73a000,0x000000013b83a000)]
  0x00007fe223807000 JavaThread "org.netbeans.modules.debugger.jpda.visual AWT Access Loop" daemon [_thread_blocked, id=49675, stack(0x000000013b637000,0x000000013b737000)]
  0x00007fe22187e000 JavaThread "DestroyJavaVM" [_thread_blocked, id=6403, stack(0x00000001085f3000,0x00000001086f3000)]
=>0x00007fe2270d9000 JavaThread "AWT-EventQueue-0" [_thread_in_native, id=47891, stack(0x000000013b534000,0x000000013b634000)]
  0x00007fe2221de000 JavaThread "AWT-Shutdown" [_thread_blocked, id=37635, stack(0x0000000138ce7000,0x0000000138de7000)]
  0x00007fe2221dd800 JavaThread "AWT-AppKit" daemon [_thread_in_native, id=3847, stack(0x00007fff5799a000,0x00007fff5819a000)]
  0x00007fe226802000 JavaThread "Service Thread" daemon [_thread_blocked, id=31747, stack(0x0000000136d8c000,0x0000000136e8c000)]
  0x00007fe226801000 JavaThread "C2 CompilerThread1" daemon [_thread_blocked, id=31235, stack(0x0000000136c89000,0x0000000136d89000)]
  0x00007fe22184a800 JavaThread "C2 CompilerThread0" daemon [_thread_blocked, id=30723, stack(0x0000000136b86000,0x0000000136c86000)]
  0x00007fe220821800 JavaThread "JDWP Command Reader" daemon [_thread_in_native, id=30211, stack(0x0000000136a83000,0x0000000136b83000)]
  0x00007fe22280b800 JavaThread "JDWP Event Helper Thread" daemon [_thread_blocked, id=29699, stack(0x0000000136980000,0x0000000136a80000)]
  0x00007fe22280b000 JavaThread "JDWP Transport Listener: dt_socket" daemon [_thread_blocked, id=29187, stack(0x000000013687d000,0x000000013697d000)]
  0x00007fe22183d800 JavaThread "Signal Dispatcher" daemon [_thread_blocked, id=28675, stack(0x0000000136774000,0x0000000136874000)]
  0x00007fe222059800 JavaThread "Finalizer" daemon [_thread_in_native, id=24067, stack(0x0000000136524000,0x0000000136624000)]
  0x00007fe222058800 JavaThread "Reference Handler" daemon [_thread_blocked, id=23555, stack(0x0000000136421000,0x0000000136521000)]

Other Threads:
  0x00007fe222056000 VMThread [stack: 0x000000013631e000,0x000000013641e000] [id=23043]
  0x00007fe22680a800 WatcherThread [stack: 0x0000000136e8f000,0x0000000136f8f000] [id=32259]

VM state:not at safepoint (normal execution)

VM Mutex/Monitor currently owned by a thread: None

Heap
 PSYoungGen      total 306176K, used 65383K [0x00000006aaa80000, 0x00000006c0000000, 0x0000000800000000)
  eden space 262656K, 8% used [0x00000006aaa80000,0x00000006abfdd1f8,0x00000006bab00000)
  from space 43520K, 99% used [0x00000006bab00000,0x00000006bd57cab0,0x00000006bd580000)
  to   space 43520K, 0% used [0x00000006bd580000,0x00000006bd580000,0x00000006c0000000)
 ParOldGen       total 698880K, used 38098K [0x0000000400000000, 0x000000042aa80000, 0x00000006aaa80000)
  object space 698880K, 5% used [0x0000000400000000,0x0000000402534b40,0x000000042aa80000)
 PSPermGen       total 21504K, used 20242K [0x00000003fae00000, 0x00000003fc300000, 0x0000000400000000)
  object space 21504K, 94% used [0x00000003fae00000,0x00000003fc1c4880,0x00000003fc300000)

Card table byte_map: [0x000000010b8c9000,0x000000010d8f3000] byte_map_base: 0x00000001098f2000

Polling page: 0x0000000108732000

Code Cache  [0x0000000108809000, 0x0000000108a79000, 0x000000010b809000)
 total_blobs=922 nmethods=161 adapters=723 free_code_cache=48094Kb largest_free_block=49214464

Compilation events (10 events):
Event: 21.313 Thread 0x00007fe22184a800  157             java.util.HashMap$Entry::<init> (26 bytes)
Event: 21.313 Thread 0x00007fe226801000  158             sun.reflect.annotation.AnnotationInvocationHandler::invoke (194 bytes)
Event: 21.314 Thread 0x00007fe22184a800 nmethod 157 0x000000010890f290 code [0x000000010890f3c0, 0x000000010890f458]
Event: 21.347 Thread 0x00007fe226801000 nmethod 158 0x0000000108917210 code [0x00000001089174a0, 0x0000000108918e00]
Event: 26.762 Thread 0x00007fe22184a800  160             org.bytedeco.javacpp.BytePointer::position (9 bytes)
Event: 26.762 Thread 0x00007fe226801000  161             org.bytedeco.javacpp.Pointer::position (7 bytes)
Event: 26.762 Thread 0x00007fe226801000 nmethod 161 0x000000010890d310 code [0x000000010890d440, 0x000000010890d498]
Event: 26.762 Thread 0x00007fe22184a800 nmethod 160 0x000000010890d110 code [0x000000010890d240, 0x000000010890d298]
Event: 26.762 Thread 0x00007fe22184a800  163             org.janelia.it.jacs.shared.img_3d_loader.ByteGatherAcceptor::accept (95 bytes)
Event: 26.773 Thread 0x00007fe22184a800 nmethod 163 0x000000010890d790 code [0x000000010890d940, 0x000000010890e2d0]

GC Heap History (2 events):
Event: 26.800 GC heap before
{Heap before GC invocations=1 (full 0):
 PSYoungGen      total 306176K, used 262153K [0x00000006aaa80000, 0x00000006c0000000, 0x0000000800000000)
  eden space 262656K, 99% used [0x00000006aaa80000,0x00000006baa82640,0x00000006bab00000)
  from space 43520K, 0% used [0x00000006bd580000,0x00000006bd580000,0x00000006c0000000)
  to   space 43520K, 0% used [0x00000006bab00000,0x00000006bab00000,0x00000006bd580000)
 ParOldGen       total 698880K, used 0K [0x0000000400000000, 0x000000042aa80000, 0x00000006aaa80000)
  object space 698880K, 0% used [0x0000000400000000,0x0000000400000000,0x000000042aa80000)
 PSPermGen       total 21504K, used 20242K [0x00000003fae00000, 0x00000003fc300000, 0x0000000400000000)
  object space 21504K, 94% used [0x00000003fae00000,0x00000003fc1c4880,0x00000003fc300000)
Event: 26.862 GC heap after
Heap after GC invocations=1 (full 0):
 PSYoungGen      total 306176K, used 43506K [0x00000006aaa80000, 0x00000006c0000000, 0x0000000800000000)
  eden space 262656K, 0% used [0x00000006aaa80000,0x00000006aaa80000,0x00000006bab00000)
  from space 43520K, 99% used [0x00000006bab00000,0x00000006bd57cab0,0x00000006bd580000)
  to   space 43520K, 0% used [0x00000006bd580000,0x00000006bd580000,0x00000006c0000000)
 ParOldGen       total 698880K, used 38098K [0x0000000400000000, 0x000000042aa80000, 0x00000006aaa80000)
  object space 698880K, 5% used [0x0000000400000000,0x0000000402534b40,0x000000042aa80000)
 PSPermGen       total 21504K, used 20242K [0x00000003fae00000, 0x00000003fc300000, 0x0000000400000000)
  object space 21504K, 94% used [0x00000003fae00000,0x00000003fc1c4880,0x00000003fc300000)
}

Deoptimization events (7 events):
Event: 0.447 Thread 0x00007fe222001000 Uncommon trap: reason=unloaded action=reinterpret pc=0x000000010886f9b8 method=java.io.BufferedReader.readLine(Z)Ljava/lang/String; @ 268
Event: 1.191 Thread 0x00007fe2221dd800 Uncommon trap: reason=null_check action=make_not_entrant pc=0x000000010886e1c4 method=java.lang.String.equals(Ljava/lang/Object;)Z @ 8
Event: 1.524 Thread 0x00007fe2270d9000 Uncommon trap: reason=null_check action=make_not_entrant pc=0x000000010889cf28 method=java.util.jar.Attributes.putValue(Ljava/lang/String;Ljava/lang/String;)Ljava/lang/String; @ 13
Event: 2.789 Thread 0x00007fe2270d9000 Uncommon trap: reason=unreached action=reinterpret pc=0x00000001088a73ec method=java.util.HashMap.get(Ljava/lang/Object;)Ljava/lang/Object; @ 1
Event: 20.553 Thread 0x00007fe2270d9000 Uncommon trap: reason=unreached action=reinterpret pc=0x00000001088a17e8 method=java.util.Properties$LineReader.readLine()I @ 97
Event: 20.571 Thread 0x00007fe2270d9000 Uncommon trap: reason=class_check action=maybe_recompile pc=0x000000010888aa70 method=java.lang.String.equals(Ljava/lang/Object;)Z @ 8
Event: 20.579 Thread 0x00007fe2270d9000 Uncommon trap: reason=predicate action=maybe_recompile pc=0x000000010886aeb0 method=java.util.LinkedList.indexOf(Ljava/lang/Object;)I @ 47

Internal exceptions (10 events):
Event: 21.332 Thread 0x00007fe2270d9000 Threw 0x00000006b6319880 at /HUDSON/workspace/7u-2-build-macosx-x86_64/jdk7u67/1368/hotspot/src/share/vm/prims/jvm.cpp:1244
Event: 21.344 Thread 0x00007fe2270d9000 Threw 0x00000006b63d9fc0 at /HUDSON/workspace/7u-2-build-macosx-x86_64/jdk7u67/1368/hotspot/src/share/vm/prims/jvm.cpp:1244
Event: 21.344 Thread 0x00007fe2270d9000 Threw 0x00000006b63e67d8 at /HUDSON/workspace/7u-2-build-macosx-x86_64/jdk7u67/1368/hotspot/src/share/vm/prims/jvm.cpp:1244
Event: 21.345 Thread 0x00007fe2270d9000 Threw 0x00000006b63f2950 at /HUDSON/workspace/7u-2-build-macosx-x86_64/jdk7u67/1368/hotspot/src/share/vm/prims/jvm.cpp:1244
Event: 21.345 Thread 0x00007fe2270d9000 Threw 0x00000006b6401978 at /HUDSON/workspace/7u-2-build-macosx-x86_64/jdk7u67/1368/hotspot/src/share/vm/prims/jvm.cpp:1244
Event: 21.406 Thread 0x00007fe2270d9000 Threw 0x00000006b640ec88 at /HUDSON/workspace/7u-2-build-macosx-x86_64/jdk7u67/1368/hotspot/src/share/vm/prims/jvm.cpp:1244
Event: 21.406 Thread 0x00007fe2270d9000 Threw 0x00000006b641bf18 at /HUDSON/workspace/7u-2-build-macosx-x86_64/jdk7u67/1368/hotspot/src/share/vm/prims/jvm.cpp:1244
Event: 21.407 Thread 0x00007fe2270d9000 Threw 0x00000006b6429e48 at /HUDSON/workspace/7u-2-build-macosx-x86_64/jdk7u67/1368/hotspot/src/share/vm/prims/jvm.cpp:1244
Event: 21.489 Thread 0x00007fe2270d9000 Threw 0x00000006b6443dc8 at /HUDSON/workspace/7u-2-build-macosx-x86_64/jdk7u67/1368/hotspot/src/share/vm/prims/jvm.cpp:1244
Event: 21.620 Thread 0x00007fe2270d9000 Threw 0x00000006b6451c48 at /HUDSON/workspace/7u-2-build-macosx-x86_64/jdk7u67/1368/hotspot/src/share/vm/prims/jvm.cpp:1244

Events (10 events):
Event: 26.868 Executing VM operation: RevokeBias
Event: 26.869 Executing VM operation: RevokeBias done
Event: 26.869 Executing VM operation: RevokeBias
Event: 26.869 Executing VM operation: RevokeBias done
Event: 26.869 Executing VM operation: RevokeBias
Event: 26.869 Executing VM operation: RevokeBias done
Event: 26.869 Executing VM operation: RevokeBias
Event: 26.869 Executing VM operation: RevokeBias done
Event: 26.869 Executing VM operation: BulkRevokeBias
Event: 26.869 Executing VM operation: BulkRevokeBias done


Dynamic libraries:
0x0000000002937000 	/System/Library/Frameworks/Cocoa.framework/Versions/A/Cocoa
0x0000000002937000 	/System/Library/Frameworks/Security.framework/Versions/A/Security
0x0000000002937000 	/System/Library/Frameworks/ApplicationServices.framework/Versions/A/ApplicationServices
0x0000000002937000 	/usr/lib/libz.1.dylib
0x0000000002937000 	/usr/lib/libSystem.B.dylib
0x0000000002937000 	/usr/lib/libobjc.A.dylib
0x0000000002937000 	/System/Library/Frameworks/CoreFoundation.framework/Versions/A/CoreFoundation
0x0000000002937000 	/System/Library/Frameworks/Foundation.framework/Versions/C/Foundation
0x0000000002937000 	/System/Library/Frameworks/AppKit.framework/Versions/C/AppKit
0x0000000002937000 	/System/Library/Frameworks/CoreData.framework/Versions/A/CoreData
0x0000000002937000 	/System/Library/PrivateFrameworks/RemoteViewServices.framework/Versions/A/RemoteViewServices
0x0000000002937000 	/System/Library/Frameworks/AudioToolbox.framework/Versions/A/AudioToolbox
0x0000000002937000 	/System/Library/Frameworks/AudioUnit.framework/Versions/A/AudioUnit
0x0000000002937000 	/System/Library/PrivateFrameworks/DataDetectorsCore.framework/Versions/A/DataDetectorsCore
0x0000000002937000 	/System/Library/PrivateFrameworks/DesktopServicesPriv.framework/Versions/A/DesktopServicesPriv
0x0000000002937000 	/System/Library/Frameworks/Carbon.framework/Versions/A/Frameworks/HIToolbox.framework/Versions/A/HIToolbox
0x0000000002937000 	/System/Library/Frameworks/QuartzCore.framework/Versions/A/QuartzCore
0x0000000002937000 	/System/Library/Frameworks/Carbon.framework/Versions/A/Frameworks/SpeechRecognition.framework/Versions/A/SpeechRecognition
0x0000000002937000 	/usr/lib/libauto.dylib
0x0000000002937000 	/usr/lib/libicucore.A.dylib
0x0000000002937000 	/usr/lib/libxml2.2.dylib
0x0000000002937000 	/System/Library/PrivateFrameworks/CoreUI.framework/Versions/A/CoreUI
0x0000000002937000 	/System/Library/Frameworks/CoreAudio.framework/Versions/A/CoreAudio
0x0000000002937000 	/System/Library/Frameworks/DiskArbitration.framework/Versions/A/DiskArbitration
0x0000000002937000 	/usr/lib/liblangid.dylib
0x0000000002937000 	/System/Library/PrivateFrameworks/MultitouchSupport.framework/Versions/A/MultitouchSupport
0x0000000002937000 	/System/Library/Frameworks/IOKit.framework/Versions/A/IOKit
0x0000000002937000 	/usr/lib/libDiagnosticMessagesClient.dylib
0x0000000002937000 	/System/Library/Frameworks/CoreServices.framework/Versions/A/CoreServices
0x0000000002937000 	/System/Library/PrivateFrameworks/PerformanceAnalysis.framework/Versions/A/PerformanceAnalysis
0x0000000002937000 	/System/Library/PrivateFrameworks/GenerationalStorage.framework/Versions/A/GenerationalStorage
0x0000000002937000 	/System/Library/Frameworks/OpenGL.framework/Versions/A/OpenGL
0x0000000002937000 	/System/Library/Frameworks/CoreText.framework/Versions/A/CoreText
0x0000000002937000 	/System/Library/Frameworks/ImageIO.framework/Versions/A/ImageIO
0x0000000002937000 	/System/Library/PrivateFrameworks/Backup.framework/Versions/A/Backup
0x0000000002937000 	/System/Library/Frameworks/CFNetwork.framework/Versions/A/CFNetwork
0x0000000002937000 	/System/Library/Frameworks/SystemConfiguration.framework/Versions/A/SystemConfiguration
0x0000000002937000 	/usr/lib/libCRFSuite.dylib
0x0000000002937000 	/System/Library/PrivateFrameworks/TCC.framework/Versions/A/TCC
0x0000000002937000 	/usr/lib/libc++.1.dylib
0x0000000002937000 	/usr/lib/libc++abi.dylib
0x0000000002937000 	/usr/lib/system/libcache.dylib
0x0000000002937000 	/usr/lib/system/libcommonCrypto.dylib
0x0000000002937000 	/usr/lib/system/libcompiler_rt.dylib
0x0000000002937000 	/usr/lib/system/libcopyfile.dylib
0x0000000002937000 	/usr/lib/system/libdispatch.dylib
0x0000000002937000 	/usr/lib/system/libdnsinfo.dylib
0x0000000002937000 	/usr/lib/system/libdyld.dylib
0x0000000002937000 	/usr/lib/system/libkeymgr.dylib
0x0000000002937000 	/usr/lib/system/liblaunch.dylib
0x0000000002937000 	/usr/lib/system/libmacho.dylib
0x0000000002937000 	/usr/lib/system/libquarantine.dylib
0x0000000002937000 	/usr/lib/system/libremovefile.dylib
0x0000000002937000 	/usr/lib/system/libsystem_blocks.dylib
0x0000000002937000 	/usr/lib/system/libsystem_c.dylib
0x0000000002937000 	/usr/lib/system/libsystem_dnssd.dylib
0x0000000002937000 	/usr/lib/system/libsystem_info.dylib
0x0000000002937000 	/usr/lib/system/libsystem_kernel.dylib
0x0000000002937000 	/usr/lib/system/libsystem_m.dylib
0x0000000002937000 	/usr/lib/system/libsystem_network.dylib
0x0000000002937000 	/usr/lib/system/libsystem_notify.dylib
0x0000000002937000 	/usr/lib/system/libsystem_sandbox.dylib
0x0000000002937000 	/usr/lib/system/libunc.dylib
0x0000000002937000 	/usr/lib/system/libunwind.dylib
0x0000000002937000 	/usr/lib/system/libxpc.dylib
0x0000000002937000 	/usr/lib/system/libcorecrypto.dylib
0x0000000002937000 	/usr/lib/libstdc++.6.dylib
0x0000000002937000 	/usr/lib/libbsm.0.dylib
0x0000000002937000 	/usr/lib/libsqlite3.dylib
0x0000000002937000 	/usr/lib/libxar.1.dylib
0x0000000002937000 	/usr/lib/libpam.2.dylib
0x0000000002937000 	/usr/lib/libOpenScriptingUtil.dylib
0x0000000002937000 	/usr/lib/libbz2.1.0.dylib
0x0000000002937000 	/System/Library/Frameworks/CoreServices.framework/Versions/A/Frameworks/CarbonCore.framework/Versions/A/CarbonCore
0x0000000002937000 	/System/Library/Frameworks/CoreServices.framework/Versions/A/Frameworks/Metadata.framework/Versions/A/Metadata
0x0000000002937000 	/System/Library/Frameworks/CoreServices.framework/Versions/A/Frameworks/OSServices.framework/Versions/A/OSServices
0x0000000002937000 	/System/Library/Frameworks/CoreServices.framework/Versions/A/Frameworks/SearchKit.framework/Versions/A/SearchKit
0x0000000002937000 	/System/Library/Frameworks/CoreServices.framework/Versions/A/Frameworks/AE.framework/Versions/A/AE
0x0000000002937000 	/System/Library/Frameworks/CoreServices.framework/Versions/A/Frameworks/LaunchServices.framework/Versions/A/LaunchServices
0x0000000002937000 	/System/Library/Frameworks/CoreServices.framework/Versions/A/Frameworks/DictionaryServices.framework/Versions/A/DictionaryServices
0x0000000002937000 	/System/Library/Frameworks/NetFS.framework/Versions/A/NetFS
0x0000000002937000 	/usr/lib/system/libkxld.dylib
0x0000000002937000 	/System/Library/PrivateFrameworks/NetAuth.framework/Versions/A/NetAuth
0x0000000002937000 	/System/Library/Frameworks/OpenDirectory.framework/Versions/A/Frameworks/CFOpenDirectory.framework/Versions/A/CFOpenDirectory
0x0000000002937000 	/usr/lib/libxslt.1.dylib
0x0000000002937000 	/System/Library/PrivateFrameworks/FamilyControls.framework/Versions/A/FamilyControls
0x0000000002937000 	/System/Library/Frameworks/Carbon.framework/Versions/A/Frameworks/Ink.framework/Versions/A/Ink
0x0000000002937000 	/System/Library/Frameworks/ApplicationServices.framework/Versions/A/Frameworks/CoreGraphics.framework/Versions/A/CoreGraphics
0x0000000002937000 	/System/Library/Frameworks/ApplicationServices.framework/Versions/A/Frameworks/ATS.framework/Versions/A/ATS
0x0000000002937000 	/System/Library/Frameworks/ApplicationServices.framework/Versions/A/Frameworks/ColorSync.framework/Versions/A/ColorSync
0x0000000002937000 	/System/Library/Frameworks/ApplicationServices.framework/Versions/A/Frameworks/HIServices.framework/Versions/A/HIServices
0x0000000002937000 	/System/Library/Frameworks/ApplicationServices.framework/Versions/A/Frameworks/LangAnalysis.framework/Versions/A/LangAnalysis
0x0000000002937000 	/System/Library/Frameworks/ApplicationServices.framework/Versions/A/Frameworks/PrintCore.framework/Versions/A/PrintCore
0x0000000002937000 	/System/Library/Frameworks/ApplicationServices.framework/Versions/A/Frameworks/QD.framework/Versions/A/QD
0x0000000002937000 	/System/Library/Frameworks/ApplicationServices.framework/Versions/A/Frameworks/SpeechSynthesis.framework/Versions/A/SpeechSynthesis
0x0000000002937000 	/System/Library/Frameworks/IOSurface.framework/Versions/A/IOSurface
0x0000000002937000 	/System/Library/Frameworks/Accelerate.framework/Versions/A/Accelerate
0x0000000002937000 	/System/Library/Frameworks/ApplicationServices.framework/Versions/A/Frameworks/ATS.framework/Versions/A/Resources/libFontParser.dylib
0x0000000002937000 	/System/Library/Frameworks/ApplicationServices.framework/Versions/A/Frameworks/ATS.framework/Versions/A/Resources/libFontRegistry.dylib
0x0000000002937000 	/System/Library/Frameworks/Accelerate.framework/Versions/A/Frameworks/vImage.framework/Versions/A/vImage
0x0000000002937000 	/System/Library/Frameworks/Accelerate.framework/Versions/A/Frameworks/vecLib.framework/Versions/A/vecLib
0x0000000002937000 	/System/Library/Frameworks/Accelerate.framework/Versions/A/Frameworks/vecLib.framework/Versions/A/libvDSP.dylib
0x0000000002937000 	/System/Library/Frameworks/Accelerate.framework/Versions/A/Frameworks/vecLib.framework/Versions/A/libvMisc.dylib
0x0000000002937000 	/System/Library/Frameworks/Accelerate.framework/Versions/A/Frameworks/vecLib.framework/Versions/A/libLAPACK.dylib
0x0000000002937000 	/System/Library/Frameworks/Accelerate.framework/Versions/A/Frameworks/vecLib.framework/Versions/A/libBLAS.dylib
0x0000000002937000 	/System/Library/Frameworks/ImageIO.framework/Versions/A/Resources/libJPEG.dylib
0x0000000002937000 	/System/Library/Frameworks/ImageIO.framework/Versions/A/Resources/libTIFF.dylib
0x0000000002937000 	/System/Library/Frameworks/ImageIO.framework/Versions/A/Resources/libPng.dylib
0x0000000002937000 	/System/Library/Frameworks/ImageIO.framework/Versions/A/Resources/libGIF.dylib
0x0000000002937000 	/System/Library/Frameworks/ImageIO.framework/Versions/A/Resources/libJP2.dylib
0x0000000002937000 	/System/Library/Frameworks/ImageIO.framework/Versions/A/Resources/libRadiance.dylib
0x0000000002937000 	/usr/lib/libcups.2.dylib
0x0000000002937000 	/System/Library/Frameworks/Kerberos.framework/Versions/A/Kerberos
0x0000000002937000 	/System/Library/Frameworks/GSS.framework/Versions/A/GSS
0x0000000002937000 	/usr/lib/libresolv.9.dylib
0x0000000002937000 	/usr/lib/libiconv.2.dylib
0x0000000002937000 	/System/Library/PrivateFrameworks/Heimdal.framework/Versions/A/Heimdal
0x0000000002937000 	/System/Library/PrivateFrameworks/TrustEvaluationAgent.framework/Versions/A/TrustEvaluationAgent
0x0000000002937000 	/System/Library/Frameworks/OpenDirectory.framework/Versions/A/OpenDirectory
0x0000000002937000 	/System/Library/PrivateFrameworks/CommonAuth.framework/Versions/A/CommonAuth
0x0000000002937000 	/System/Library/PrivateFrameworks/Bom.framework/Versions/A/Bom
0x0000000002937000 	/System/Library/Frameworks/CoreVideo.framework/Versions/A/CoreVideo
0x0000000002937000 	/System/Library/Frameworks/QuartzCore.framework/Versions/A/Frameworks/CoreImage.framework/Versions/A/CoreImage
0x0000000002937000 	/System/Library/Frameworks/QuartzCore.framework/Versions/A/Frameworks/ScalableUserInterface.framework/Versions/A/ScalableUserInterface
0x0000000002937000 	/System/Library/Frameworks/OpenGL.framework/Versions/A/Libraries/libGLU.dylib
0x0000000002937000 	/System/Library/Frameworks/OpenGL.framework/Versions/A/Libraries/libGFXShared.dylib
0x0000000002937000 	/System/Library/Frameworks/OpenGL.framework/Versions/A/Libraries/libGL.dylib
0x0000000002937000 	/System/Library/Frameworks/OpenGL.framework/Versions/A/Libraries/libGLImage.dylib
0x0000000002937000 	/System/Library/Frameworks/OpenGL.framework/Versions/A/Libraries/libCVMSPluginSupport.dylib
0x0000000002937000 	/System/Library/Frameworks/OpenGL.framework/Versions/A/Libraries/libCoreVMClient.dylib
0x0000000002937000 	/System/Library/PrivateFrameworks/CrashReporterSupport.framework/Versions/A/CrashReporterSupport
0x0000000002937000 	/System/Library/Frameworks/OpenCL.framework/Versions/A/OpenCL
0x0000000002937000 	/System/Library/PrivateFrameworks/FaceCoreLight.framework/Versions/A/FaceCoreLight
0x0000000002937000 	/System/Library/PrivateFrameworks/AppleFSCompression.framework/Versions/A/AppleFSCompression
0x0000000002937000 	/System/Library/PrivateFrameworks/Ubiquity.framework/Versions/A/Ubiquity
0x0000000002937000 	/System/Library/Frameworks/ServiceManagement.framework/Versions/A/ServiceManagement
0x0000000002937000 	/System/Library/PrivateFrameworks/ChunkingLibrary.framework/Versions/A/ChunkingLibrary
0x0000000002937000 	/System/Library/Frameworks/vecLib.framework/Versions/A/vecLib
0x0000000002937000 	/System/Library/Frameworks/SecurityFoundation.framework/Versions/A/SecurityFoundation
0x0000000002937000 	/System/Library/PrivateFrameworks/CommerceKit.framework/Versions/A/Frameworks/CommerceCore.framework/Versions/A/CommerceCore
0x0000000002937000 	/System/Library/PrivateFrameworks/CoreSymbolication.framework/Versions/A/CoreSymbolication
0x0000000002937000 	/System/Library/PrivateFrameworks/Symbolication.framework/Versions/A/Symbolication
0x0000000002937000 	/System/Library/PrivateFrameworks/DebugSymbols.framework/Versions/A/DebugSymbols
0x0000000107b93000 	/Library/Java/JavaVirtualMachines/jdk1.7.0_67.jdk/Contents/Home/jre/lib/server/libjvm.dylib
0x00000001086f5000 	/Library/Java/JavaVirtualMachines/jdk1.7.0_67.jdk/Contents/Home/jre/lib/libverify.dylib
0x0000000108702000 	/Library/Java/JavaVirtualMachines/jdk1.7.0_67.jdk/Contents/Home/jre/lib/libjava.dylib
0x0000000108733000 	/Library/Java/JavaVirtualMachines/jdk1.7.0_67.jdk/Contents/Home/jre/lib/libjdwp.dylib
0x0000000108770000 	/Library/Java/JavaVirtualMachines/jdk1.7.0_67.jdk/Contents/Home/jre/lib/libnpt.dylib
0x0000000108800000 	/Library/Java/JavaVirtualMachines/jdk1.7.0_67.jdk/Contents/Home/jre/lib/libzip.dylib
0x0000000136626000 	/System/Library/Frameworks/JavaVM.framework/Frameworks/JavaRuntimeSupport.framework/JavaRuntimeSupport
0x000000013663e000 	/System/Library/Frameworks/JavaVM.framework/Versions/A/Frameworks/JavaNativeFoundation.framework/Versions/A/JavaNativeFoundation
0x0000000136653000 	/System/Library/Frameworks/JavaVM.framework/Versions/A/JavaVM
0x0000000002937000 	/System/Library/Frameworks/Carbon.framework/Versions/A/Carbon
0x0000000136660000 	/System/Library/PrivateFrameworks/JavaLaunching.framework/Versions/A/JavaLaunching
0x0000000002937000 	/System/Library/Frameworks/Carbon.framework/Versions/A/Frameworks/CommonPanels.framework/Versions/A/CommonPanels
0x0000000002937000 	/System/Library/Frameworks/Carbon.framework/Versions/A/Frameworks/Help.framework/Versions/A/Help
0x0000000002937000 	/System/Library/Frameworks/Carbon.framework/Versions/A/Frameworks/ImageCapture.framework/Versions/A/ImageCapture
0x0000000002937000 	/System/Library/Frameworks/Carbon.framework/Versions/A/Frameworks/OpenScripting.framework/Versions/A/OpenScripting
0x0000000002937000 	/System/Library/Frameworks/Carbon.framework/Versions/A/Frameworks/Print.framework/Versions/A/Print
0x0000000002937000 	/System/Library/Frameworks/Carbon.framework/Versions/A/Frameworks/SecurityHI.framework/Versions/A/SecurityHI
0x0000000136876000 	/Library/Java/JavaVirtualMachines/jdk1.7.0_67.jdk/Contents/Home/jre/lib/libdt_socket.dylib
0x000000013780b000 	/Library/Java/JavaVirtualMachines/jdk1.7.0_67.jdk/Contents/Home/jre/lib/libawt.dylib
0x00000001378ba000 	/Library/Java/JavaVirtualMachines/jdk1.7.0_67.jdk/Contents/Home/jre/lib/./libmlib_image.dylib
0x0000000137986000 	/Library/Java/JavaVirtualMachines/jdk1.7.0_67.jdk/Contents/Home/jre/lib/lwawt/liblwawt.dylib
0x0000000137a3a000 	/Library/Java/JavaVirtualMachines/jdk1.7.0_67.jdk/Contents/Home/jre/lib/libosxapp.dylib
0x0000000137a56000 	/System/Library/Frameworks/ExceptionHandling.framework/Versions/A/ExceptionHandling
0x0000000002937000 	/System/Library/PrivateFrameworks/CoreServicesInternal.framework/Versions/A/CoreServicesInternal
0x0000000002937000 	/System/Library/PrivateFrameworks/Librarian.framework/Versions/A/Librarian
0x0000000002937000 	/System/Library/Frameworks/ApplicationServices.framework/Versions/A/Frameworks/CoreGraphics.framework/Versions/A/Resources/libCSync.A.dylib
0x0000000002937000 	/System/Library/Frameworks/ApplicationServices.framework/Versions/A/Frameworks/CoreGraphics.framework/Versions/A/Resources/libRIP.A.dylib
0x0000000002937000 	/System/Library/Frameworks/ApplicationServices.framework/Versions/A/Frameworks/CoreGraphics.framework/Versions/A/Resources/libCGXType.A.dylib
0x000000013b4cc000 	/Library/Java/JavaVirtualMachines/jdk1.7.0_67.jdk/Contents/Home/jre/lib/libfontmanager.dylib
0x000000013b83c000 	/System/Library/Frameworks/OpenGL.framework/Resources/GLEngine.bundle/GLEngine
0x000000013ba31000 	/System/Library/Frameworks/OpenGL.framework/Versions/A/Libraries/libGLProgrammability.dylib
0x0000000000000000 	/System/Library/Extensions/GeForceGLDriver.bundle/Contents/MacOS/GeForceGLDriver
0x0000000138e1a000 	/System/Library/PrivateFrameworks/GPUSupport.framework/Versions/A/Libraries/libGPUSupport.dylib
0x0000000002937000 	/System/Library/Extensions/GeForceGLDriver.bundle/Contents/MacOS/libclh.dylib
0x0000000138e2f000 	/System/Library/Frameworks/OpenGL.framework/Resources//GLRendererFloat.bundle/GLRendererFloat
0x0000000139bbd000 	/System/Library/Frameworks/OpenCL.framework/Versions/A/Libraries/libcldcpuengine.dylib
0x0000000002937000 	/System/Library/PrivateFrameworks/DiskImages.framework/Versions/A/DiskImages
0x0000000002937000 	/System/Library/Frameworks/DiscRecording.framework/Versions/A/DiscRecording
0x0000000002937000 	/usr/lib/libcurl.4.dylib
0x0000000002937000 	/System/Library/PrivateFrameworks/MediaKit.framework/Versions/A/MediaKit
0x0000000002937000 	/usr/lib/libssl.0.9.8.dylib
0x0000000002937000 	/usr/lib/libcrypto.0.9.8.dylib
0x0000000002937000 	/System/Library/Frameworks/LDAP.framework/Versions/A/LDAP
0x0000000002937000 	/usr/lib/libsasl2.2.dylib
0x000000013c327000 	/Library/Java/JavaVirtualMachines/jdk1.7.0_67.jdk/Contents/Home/jre/lib/libosxui.dylib
0x000000013c9c9000 	/Library/Java/JavaVirtualMachines/jdk1.7.0_67.jdk/Contents/Home/jre/lib/libnet.dylib
0x000000013722b000 	/Library/Java/JavaVirtualMachines/jdk1.7.0_67.jdk/Contents/Home/jre/lib/libnio.dylib
0x000000013723f000 	/private/var/folders/jd/hvc_ck5j7n79vc6fpd9wkp845p3dj9/T/jogamp_0000/file_cache/jln4665212916005539460/jln422407671675746184/libgluegen-rt.jnilib
0x0000000137243000 	/private/var/folders/jd/hvc_ck5j7n79vc6fpd9wkp845p3dj9/T/jogamp_0000/file_cache/jln4665212916005539460/jln422407671675746184/libnativewindow_awt.jnilib
0x0000000137246000 	/Library/Java/JavaVirtualMachines/jdk1.7.0_67.jdk/Contents/Home/jre/lib/libjawt.dylib
0x0000000137249000 	/private/var/folders/jd/hvc_ck5j7n79vc6fpd9wkp845p3dj9/T/jogamp_0000/file_cache/jln4665212916005539460/jln422407671675746184/libnativewindow_macosx.jnilib
0x000000013ced4000 	/private/var/folders/jd/hvc_ck5j7n79vc6fpd9wkp845p3dj9/T/jogamp_0000/file_cache/jln4665212916005539460/jln422407671675746184/libjogl_desktop.jnilib
0x000000013cf99000 	/private/var/folders/jd/hvc_ck5j7n79vc6fpd9wkp845p3dj9/T/jhdf56563973252148922101.so
0x000000013666c000 	/private/var/folders/jd/hvc_ck5j7n79vc6fpd9wkp845p3dj9/T/javacpp1424280689294793000/libavutil.54.dylib
0x00000001366c4000 	/System/Library/Frameworks/VideoDecodeAcceleration.framework/Versions/A/VideoDecodeAcceleration
0x0000000002937000 	/System/Library/Frameworks/CoreMedia.framework/Versions/A/CoreMedia
0x0000000002937000 	/System/Library/Frameworks/VideoToolbox.framework/Versions/A/VideoToolbox
0x0000000002937000 	/System/Library/PrivateFrameworks/AppleVA.framework/Versions/A/AppleVA
0x00000001366ca000 	/private/var/folders/jd/hvc_ck5j7n79vc6fpd9wkp845p3dj9/T/javacpp1424280689294793000/libjniavutil.dylib
0x0000000136756000 	/private/var/folders/jd/hvc_ck5j7n79vc6fpd9wkp845p3dj9/T/javacpp1424280689294793000/libswresample.1.dylib
0x0000000137252000 	/private/var/folders/jd/hvc_ck5j7n79vc6fpd9wkp845p3dj9/T/javacpp1424280689294793000/libjniswresample.dylib
0x000000013d5bc000 	/private/var/folders/jd/hvc_ck5j7n79vc6fpd9wkp845p3dj9/T/javacpp1424280689294793000/libavcodec.56.dylib
0x0000000139e20000 	/private/var/folders/jd/hvc_ck5j7n79vc6fpd9wkp845p3dj9/T/javacpp1424280689294793000/libjniavcodec.dylib
0x000000013e71b000 	/private/var/folders/jd/hvc_ck5j7n79vc6fpd9wkp845p3dj9/T/javacpp1424280689294793000/libavformat.56.dylib
0x000000013cdd1000 	/private/var/folders/jd/hvc_ck5j7n79vc6fpd9wkp845p3dj9/T/javacpp1424280689294793000/libjniavformat.dylib
0x00000001372a4000 	/private/var/folders/jd/hvc_ck5j7n79vc6fpd9wkp845p3dj9/T/javacpp1424280689294793000/libpostproc.53.dylib
0x00000001372c5000 	/private/var/folders/jd/hvc_ck5j7n79vc6fpd9wkp845p3dj9/T/javacpp1424280689294793000/libjnipostproc.dylib
0x000000013ea5f000 	/private/var/folders/jd/hvc_ck5j7n79vc6fpd9wkp845p3dj9/T/javacpp1424280689294793000/libswscale.3.dylib
0x0000000139bf2000 	/private/var/folders/jd/hvc_ck5j7n79vc6fpd9wkp845p3dj9/T/javacpp1424280689294793000/libjniswscale.dylib
0x000000013eae4000 	/private/var/folders/jd/hvc_ck5j7n79vc6fpd9wkp845p3dj9/T/javacpp1424280689294793000/libavfilter.5.dylib
0x0000000139c06000 	/private/var/folders/jd/hvc_ck5j7n79vc6fpd9wkp845p3dj9/T/javacpp1424280689294793000/libjniavfilter.dylib
0x00000001372d1000 	/private/var/folders/jd/hvc_ck5j7n79vc6fpd9wkp845p3dj9/T/javacpp1424280689294793000/libavdevice.56.dylib
0x0000000139c56000 	/private/var/folders/jd/hvc_ck5j7n79vc6fpd9wkp845p3dj9/T/javacpp1424280689294793000/libjniavdevice.dylib

VM Arguments:
jvm_args: -Xdebug -Xrunjdwp:transport=dt_socket,address=localhost:59050 -ea -Dbranding.token=janeliaws -Dcluster.path.final=/Applications/NetBeans/NetBeans 7.4.app/Contents/Resources/NetBeans/platform:/Users/fosterl/gitfiles/master/janelia-workstation/ConsoleApplication/ConsoleModule/../build/cluster -Dnbjunit.hard.timeout=600000 -Dnbjunit.workdir=/Users/fosterl/gitfiles/master/janelia-workstation/ConsoleApplication/ConsoleModule/build/test/unit/work 
java_command: org.janelia.it.workstation.gui.viewer3d.TestMip3d
Launcher Type: SUN_STANDARD

Environment Variables:
PATH=/usr/bin:/bin:/usr/sbin:/sbin
LD_LIBRARY_PATH=/Library/Java/JavaVirtualMachines/jdk1.7.0_67.jdk/Contents/Home/jre/lib/amd64:/Library/Java/JavaVirtualMachines/jdk1.7.0_67.jdk/Contents/Home/jre/lib/i386:
SHELL=/bin/bash
DISPLAY=/tmp/launch-cI2xQl/org.macosforge.xquartz:0
DYLD_LIBRARY_PATH=/Applications/NetBeans/NetBeans 7.4.app/Contents/Resources/NetBeans/webcommon/bin:

Signal Handlers:
SIGSEGV: [libjvm.dylib+0x52b6c9], sa_mask[0]=0xfffefeff, sa_flags=0x00000043
SIGBUS: [libjvm.dylib+0x52b6c9], sa_mask[0]=0xfffefeff, sa_flags=0x00000042
SIGFPE: [libjvm.dylib+0x41deaa], sa_mask[0]=0xfffefeff, sa_flags=0x00000042
SIGPIPE: [libjvm.dylib+0x41deaa], sa_mask[0]=0xfffefeff, sa_flags=0x00000042
SIGXFSZ: [libjvm.dylib+0x41deaa], sa_mask[0]=0xfffefeff, sa_flags=0x00000042
SIGILL: [libjvm.dylib+0x41deaa], sa_mask[0]=0xfffefeff, sa_flags=0x00000042
SIGUSR1: SIG_DFL, sa_mask[0]=0x00000000, sa_flags=0x00000002
SIGUSR2: [libjvm.dylib+0x41d99c], sa_mask[0]=0x00000004, sa_flags=0x00000042
SIGHUP: [libjvm.dylib+0x41bc2d], sa_mask[0]=0xfffefeff, sa_flags=0x00000042
SIGINT: SIG_IGN, sa_mask[0]=0x00000000, sa_flags=0x00000000
SIGTERM: [libjvm.dylib+0x41bc2d], sa_mask[0]=0xfffefeff, sa_flags=0x00000042
SIGQUIT: [libjvm.dylib+0x41bc2d], sa_mask[0]=0xfffefeff, sa_flags=0x00000042


---------------  S Y S T E M  ---------------

OS:Bsduname:Darwin 12.5.0 Darwin Kernel Version 12.5.0: Sun Sep 29 13:33:47 PDT 2013; root:xnu-2050.48.12~1/RELEASE_X86_64 x86_64
rlimit: STACK 8192k, CORE 0k, NPROC 709, NOFILE 10240, AS infinity
load average:2.33 2.36 2.29

CPU:total 24 (6 cores per cpu, 2 threads per core) family 6 model 44 stepping 2, cmov, cx8, fxsr, mmx, sse, sse2, sse3, ssse3, sse4.1, sse4.2, popcnt, aes, ht, tsc, tscinvbit, tscinv

Memory: 4k page, physical 67108864k(16777216k free)

/proc/meminfo:


vm_info: Java HotSpot(TM) 64-Bit Server VM (24.65-b04) for bsd-amd64 JRE (1.7.0_67-b01), built on Jul 25 2014 08:51:51 by "java_re" with gcc 4.2.1 (Based on Apple Inc. build 5658) (LLVM build 2336.11.00)

time: Wed Feb 18 12:31:35 2015
elapsed time: 26 seconds

