#
# A fatal error has been detected by the Java Runtime Environment:
#
#  EXCEPTION_ACCESS_VIOLATION (0xc0000005) at pc=0x00000000268b0c80, pid=11736, tid=11676
#
# JRE version: Java(TM) SE Runtime Environment (7.0_51-b13) (build 1.7.0_51-b13)
# Java VM: Java HotSpot(TM) 64-Bit Server VM (24.51-b03 mixed mode windows-amd64 compressed oops)
# Problematic frame:
# C  [nvoglv64.DLL+0xae0c80]
#
# Failed to write core dump. Minidumps are not enabled by default on client versions of Windows
#
# If you would like to submit a bug report, please visit:
#   http://bugreport.sun.com/bugreport/crash.jsp
# The crash happened outside the Java Virtual Machine in native code.
# See problematic frame for where to report the bug.
#

---------------  T H R E A D  ---------------

Current thread (0x000000001efb6000):  JavaThread "AWT-EventQueue-0" [_thread_in_native, id=11676, stack(0x0000000021140000,0x0000000021340000)]

siginfo: ExceptionCode=0xc0000005, reading address 0x0000000000000000

Registers:
RAX=0x0000000000000000, RBX=0x0000000034614c78, RCX=0x0000000035fc8014, RDX=0x0000000000000008
RSP=0x000000002133c598, RBP=0x0000000029a7ca80, RSI=0x0000000034b54f28, RDI=0x0000000000000002
R8 =0x0000000000000030, R9 =0x0000000000000054, R10=0x0000000000000030, R11=0x0000000025dd0000
R12=0x0000000000000001, R13=0x0000000029a7ca80, R14=0x000000002133c638, R15=0x0000000000000001
RIP=0x00000000268b0c80, EFLAGS=0x0000000000010202

Top of Stack: (sp=0x000000002133c598)
0x000000002133c598:   0000000026958be2 0000000000000000
0x000000002133c5a8:   000000000000000c 00000000345c0000
0x000000002133c5b8:   00000000345c0000 0000000000000001
0x000000002133c5c8:   0000000034614918 0000000000000002
0x000000002133c5d8:   00000000269591eb 0000000034614c78
0x000000002133c5e8:   00000000268b0c70 0000000000000004
0x000000002133c5f8:   0000000026801c11 0000000034614c78
0x000000002133c608:   00000000268b0c70 0000000000000002
0x000000002133c618:   000000002133c638 00000000509387f4
0x000000002133c628:   00000000267fd6d4 000000000000000c
0x000000002133c638:   0000000035fc8014 00000000509387f4
0x000000002133c648:   1080000000000000 0000000029a7ca80
0x000000002133c658:   0000000029a7ca80 0000000000000000
0x000000002133c668:   0000000000000001 0000000000000000
0x000000002133c678:   00000000345c0000 0000000000000054
0x000000002133c688:   0000000000001405 00000000000000fc 

Instructions: (pc=0x00000000268b0c80)
0x00000000268b0c60:   48 8b c1 c3 cc cc cc cc cc cc cc cc cc cc cc cc
0x00000000268b0c70:   4d 63 d0 48 83 c2 08 66 0f 1f 84 00 00 00 00 00
0x00000000268b0c80:   8b 42 f8 48 83 c1 0c 89 41 f4 8b 42 fc 89 41 f8
0x00000000268b0c90:   8b 02 49 03 d2 89 41 fc 41 ff c9 75 e3 48 8b c1 


Register to memory mapping:

RAX=0x0000000000000000 is an unknown value
RBX=0x0000000034614c78 is an unknown value
RCX=0x0000000035fc8014 is an unknown value
RDX=0x0000000000000008 is an unknown value
RSP=0x000000002133c598 is pointing into the stack for thread: 0x000000001efb6000
RBP=0x0000000029a7ca80 is an unknown value
RSI=0x0000000034b54f28 is an unknown value
RDI=0x0000000000000002 is an unknown value
R8 =0x0000000000000030 is an unknown value
R9 =0x0000000000000054 is an unknown value
R10=0x0000000000000030 is an unknown value
R11=0x0000000025dd0000 is pointing into the stack for thread: 0x0000000022532800
R12=0x0000000000000001 is an unknown value
R13=0x0000000029a7ca80 is an unknown value
R14=0x000000002133c638 is pointing into the stack for thread: 0x000000001efb6000
R15=0x0000000000000001 is an unknown value


Stack: [0x0000000021140000,0x0000000021340000],  sp=0x000000002133c598,  free space=2033k
Native frames: (J=compiled Java code, j=interpreted, Vv=VM code, C=native code)
C  [nvoglv64.DLL+0xae0c80]

Java frames: (J=compiled Java code, j=interpreted, Vv=VM code)
j  jogamp.opengl.gl4.GL4bcImpl.dispatch_glDrawElements1(IIIJJ)V+0
j  jogamp.opengl.gl4.GL4bcImpl.glDrawElements(IIIJ)V+59
j  org.janelia.it.workstation.gui.viewer3d.axes.AxesActor.display(Ljavax/media/opengl/GLAutoDrawable;)V+321
j  org.janelia.it.workstation.gui.viewer3d.OcclusiveRenderer.display(Ljavax/media/opengl/GLAutoDrawable;)V+322
j  jogamp.opengl.GLDrawableHelper.displayImpl(Ljavax/media/opengl/GLAutoDrawable;)V+81
j  jogamp.opengl.GLDrawableHelper.display(Ljavax/media/opengl/GLAutoDrawable;)V+2
j  javax.media.opengl.awt.GLJPanel$Updater.display(Ljavax/media/opengl/GLAutoDrawable;)V+185
j  javax.media.opengl.awt.GLJPanel$7.run()V+11
j  jogamp.opengl.GLDrawableHelper.invokeGLImpl(Ljavax/media/opengl/GLDrawable;Ljavax/media/opengl/GLContext;Ljava/lang/Runnable;Ljava/lang/Runnable;)V+206
j  jogamp.opengl.GLDrawableHelper.invokeGL(Ljavax/media/opengl/GLDrawable;Ljavax/media/opengl/GLContext;Ljava/lang/Runnable;Ljava/lang/Runnable;)V+80
j  javax.media.opengl.awt.GLJPanel$OffscreenBackend.doPaintComponent(Ljava/awt/Graphics;)V+29
j  javax.media.opengl.awt.GLJPanel.paintComponent(Ljava/awt/Graphics;)V+198
J  javax.swing.JComponent.paint(Ljava/awt/Graphics;)V
J  javax.swing.JComponent.paintChildren(Ljava/awt/Graphics;)V
J  javax.swing.JComponent.paint(Ljava/awt/Graphics;)V
j  org.janelia.it.workstation.gui.full_skeleton_view.viewer.AnnotationSkeletonPanel.paint(Ljava/awt/Graphics;)V+6
J  javax.swing.JComponent.paintChildren(Ljava/awt/Graphics;)V
J  javax.swing.JComponent.paint(Ljava/awt/Graphics;)V
J  javax.swing.JComponent.paintChildren(Ljava/awt/Graphics;)V
J  javax.swing.JComponent.paint(Ljava/awt/Graphics;)V
J  javax.swing.JComponent.paintChildren(Ljava/awt/Graphics;)V
J  javax.swing.JComponent.paint(Ljava/awt/Graphics;)V
J  javax.swing.JComponent.paintChildren(Ljava/awt/Graphics;)V
J  javax.swing.JComponent.paint(Ljava/awt/Graphics;)V
j  org.netbeans.swing.tabcontrol.TabbedContainer.paint(Ljava/awt/Graphics;)V+53
J  javax.swing.JComponent.paintChildren(Ljava/awt/Graphics;)V
J  javax.swing.JComponent.paint(Ljava/awt/Graphics;)V
J  javax.swing.RepaintManager$PaintManager.paintDoubleBuffered(Ljavax/swing/JComponent;Ljava/awt/Image;Ljava/awt/Graphics;IIII)V
J  javax.swing.RepaintManager$PaintManager.paint(Ljavax/swing/JComponent;Ljavax/swing/JComponent;Ljava/awt/Graphics;IIII)Z
J  javax.swing.JComponent._paintImmediately(IIII)V
j  javax.swing.JComponent.paintImmediately(IIII)V+138
j  javax.swing.JComponent.paintImmediately(IIII)V+65
j  javax.swing.RepaintManager$3.run()Ljava/lang/Void;+75
j  javax.swing.RepaintManager$3.run()Ljava/lang/Object;+1
v  ~StubRoutines::call_stub
J  java.security.AccessController.doPrivileged(Ljava/security/PrivilegedAction;Ljava/security/AccessControlContext;)Ljava/lang/Object;
J  javax.swing.RepaintManager.paintDirtyRegions(Ljava/util/Map;)V
j  javax.swing.RepaintManager.paintDirtyRegions()V+46
j  javax.swing.RepaintManager.prePaintDirtyRegions()V+73
j  javax.swing.RepaintManager.access$1100(Ljavax/swing/RepaintManager;)V+1
j  javax.swing.RepaintManager$ProcessingRunnable.run()V+37
j  java.awt.event.InvocationEvent.dispatch()V+47
j  java.awt.EventQueue.dispatchEventImpl(Ljava/awt/AWTEvent;Ljava/lang/Object;)V+21
J  java.awt.EventQueue$3.run()Ljava/lang/Object;
v  ~StubRoutines::call_stub
J  java.security.AccessController.doPrivileged(Ljava/security/PrivilegedAction;Ljava/security/AccessControlContext;)Ljava/lang/Object;
J  java.security.ProtectionDomain$1.doIntersectionPrivilege(Ljava/security/PrivilegedAction;Ljava/security/AccessControlContext;Ljava/security/AccessControlContext;)Ljava/lang/Object;
J  org.netbeans.core.TimableEventQueue.dispatchEvent(Ljava/awt/AWTEvent;)V
J  java.awt.EventDispatchThread.pumpOneEventForFilters(I)V
J  java.awt.EventDispatchThread.pumpEventsForFilter(ILjava/awt/Conditional;Ljava/awt/EventFilter;)V
j  java.awt.EventDispatchThread.pumpEventsForHierarchy(ILjava/awt/Conditional;Ljava/awt/Component;)V+11
j  java.awt.EventDispatchThread.pumpEvents(ILjava/awt/Conditional;)V+4
j  java.awt.EventDispatchThread.pumpEvents(Ljava/awt/Conditional;)V+3
j  java.awt.EventDispatchThread.run()V+9
v  ~StubRoutines::call_stub

---------------  P R O C E S S  ---------------

Java Threads: ( => current thread )
  0x00000000220b1000 JavaThread "sampler-awt" daemon [_thread_in_Java, id=4276, stack(0x0000000034310000,0x0000000034510000)]
  0x00000000220b1800 JavaThread "Image Fetcher 3" daemon [_thread_blocked, id=11728, stack(0x0000000022d00000,0x0000000022f00000)]
  0x0000000022530800 JavaThread "GC Daemon" daemon [_thread_blocked, id=9996, stack(0x00000000250d0000,0x00000000252d0000)]
  0x000000002252f800 JavaThread "RMI RenewClean-[foster-ws.janelia.priv:1198]" daemon [_thread_blocked, id=8564, stack(0x0000000023100000,0x0000000023300000)]
  0x000000001f147000 JavaThread "SyntheticaAnimation 70" daemon [_thread_blocked, id=11312, stack(0x000000002b060000,0x000000002b260000)]
  0x000000001f146800 JavaThread "pool-7-thread-10" [_thread_in_native, id=12192, stack(0x0000000034110000,0x0000000034310000)]
  0x000000001f145800 JavaThread "pool-7-thread-9" [_thread_in_native, id=12156, stack(0x0000000033f10000,0x0000000034110000)]
  0x0000000021f48000 JavaThread "pool-7-thread-8" [_thread_in_native, id=11536, stack(0x0000000033d10000,0x0000000033f10000)]
  0x0000000021f47000 JavaThread "pool-7-thread-7" [_thread_in_native, id=11856, stack(0x0000000033b10000,0x0000000033d10000)]
  0x0000000021f46800 JavaThread "pool-7-thread-6" [_thread_in_native, id=10004, stack(0x0000000033910000,0x0000000033b10000)]
  0x0000000021f45800 JavaThread "pool-7-thread-5" [_thread_in_native, id=9592, stack(0x0000000033710000,0x0000000033910000)]
  0x0000000021f45000 JavaThread "pool-7-thread-4" [_thread_in_native, id=4212, stack(0x0000000033510000,0x0000000033710000)]
  0x0000000021f44000 JavaThread "pool-7-thread-3" [_thread_in_native, id=10128, stack(0x0000000033310000,0x0000000033510000)]
  0x0000000021f43800 JavaThread "pool-7-thread-2" [_thread_in_native, id=11744, stack(0x0000000033110000,0x0000000033310000)]
  0x0000000021f42800 JavaThread "pool-7-thread-1" [_thread_in_native, id=3696, stack(0x0000000032f10000,0x0000000033110000)]
  0x0000000021f41800 JavaThread "pool-6-thread-10" [_thread_blocked, id=8912, stack(0x0000000032d10000,0x0000000032f10000)]
  0x0000000021f41000 JavaThread "pool-6-thread-9" [_thread_blocked, id=9780, stack(0x0000000032b10000,0x0000000032d10000)]
  0x000000002c1a5000 JavaThread "pool-6-thread-8" [_thread_blocked, id=11800, stack(0x0000000032910000,0x0000000032b10000)]
  0x00000000245a3000 JavaThread "pool-6-thread-7" [_thread_blocked, id=5484, stack(0x0000000032710000,0x0000000032910000)]
  0x0000000024675000 JavaThread "pool-6-thread-6" [_thread_blocked, id=10928, stack(0x0000000032510000,0x0000000032710000)]
  0x0000000024674000 JavaThread "pool-6-thread-5" [_thread_blocked, id=11472, stack(0x0000000032310000,0x0000000032510000)]
  0x0000000024673800 JavaThread "pool-6-thread-4" [_thread_blocked, id=6176, stack(0x0000000032110000,0x0000000032310000)]
  0x0000000024672800 JavaThread "pool-6-thread-3" [_thread_blocked, id=11464, stack(0x000000002f490000,0x000000002f690000)]
  0x00000000220b7000 JavaThread "pool-6-thread-2" [_thread_blocked, id=11480, stack(0x000000002cbc0000,0x000000002cdc0000)]
  0x00000000220b4000 JavaThread "pool-6-thread-1" [_thread_blocked, id=11468, stack(0x0000000023500000,0x0000000023700000)]
  0x00000000220b4800 JavaThread "Timer-0" [_thread_blocked, id=12016, stack(0x00000000246d0000,0x00000000248d0000)]
  0x000000002466e000 JavaThread "SyntheticaAnimation 30" daemon [_thread_blocked, id=5936, stack(0x0000000030d20000,0x0000000030f20000)]
  0x0000000024671000 JavaThread "SyntheticaAnimation 60" daemon [_thread_blocked, id=10688, stack(0x0000000030240000,0x0000000030440000)]
  0x0000000024672000 JavaThread "pool-1-thread-2" [_thread_blocked, id=9860, stack(0x0000000030b20000,0x0000000030d20000)]
  0x0000000024670800 JavaThread "MultiThreadedHttpConnectionManager cleanup" daemon [_thread_blocked, id=12076, stack(0x0000000030040000,0x0000000030240000)]
  0x000000002466f800 JavaThread "Swing-Shell" daemon [_thread_blocked, id=12088, stack(0x000000002fe40000,0x0000000030040000)]
  0x000000002466f000 JavaThread "pool-1-thread-1" [_thread_blocked, id=12072, stack(0x000000002fa90000,0x000000002fc90000)]
  0x00000000245a4800 JavaThread "SwingWorker-pool-3-thread-10" daemon [_thread_blocked, id=12092, stack(0x000000002f890000,0x000000002fa90000)]
  0x00000000245a4000 JavaThread "SwingWorker-pool-3-thread-9" daemon [_thread_blocked, id=12080, stack(0x000000002f690000,0x000000002f890000)]
  0x00000000245a2800 JavaThread "qtp709351955-62" [_thread_blocked, id=12120, stack(0x000000002f290000,0x000000002f490000)]
  0x00000000245a1800 JavaThread "qtp709351955-61" [_thread_blocked, id=1240, stack(0x000000002f090000,0x000000002f290000)]
  0x00000000245a1000 JavaThread "qtp709351955-60" [_thread_blocked, id=12096, stack(0x000000002ee90000,0x000000002f090000)]
  0x00000000245a0000 JavaThread "qtp709351955-59 Acceptor1 SelectChannelConnector@0.0.0.0:40001" [_thread_blocked, id=8976, stack(0x000000002eb90000,0x000000002ed90000)]
  0x000000002459f800 JavaThread "qtp709351955-58 Acceptor0 SelectChannelConnector@0.0.0.0:40001" [_thread_in_native, id=11980, stack(0x000000002e990000,0x000000002eb90000)]
  0x000000002459e800 JavaThread "qtp709351955-57" [_thread_blocked, id=11768, stack(0x000000002e790000,0x000000002e990000)]
  0x000000002459e000 JavaThread "qtp709351955-56 Selector1" [_thread_in_native, id=11624, stack(0x000000002e590000,0x000000002e790000)]
  0x000000002c1a7000 JavaThread "qtp709351955-55 Selector0" [_thread_in_native, id=11972, stack(0x000000002e390000,0x000000002e590000)]
  0x000000002c1a6800 JavaThread "Thread-12" daemon [_thread_in_native, id=5512, stack(0x000000002e190000,0x000000002e390000)]
  0x000000002c1a4000 JavaThread "server-timer" daemon [_thread_blocked, id=10284, stack(0x000000002df90000,0x000000002e190000)]
  0x000000002c1a5800 JavaThread "SwingWorker-pool-3-thread-8" daemon [_thread_blocked, id=10496, stack(0x000000002cdc0000,0x000000002cfc0000)]
  0x000000002c1a3800 JavaThread "SwingWorker-pool-3-thread-7" daemon [_thread_blocked, id=11984, stack(0x000000002b790000,0x000000002b990000)]
  0x000000002c1a2800 JavaThread "SwingWorker-pool-3-thread-6" daemon [_thread_blocked, id=10912, stack(0x000000002b590000,0x000000002b790000)]
  0x00000000220b5800 JavaThread "SwingWorker-pool-3-thread-5" daemon [_thread_blocked, id=10192, stack(0x00000000248d0000,0x0000000024ad0000)]
  0x000000002c1a2000 JavaThread "SyntheticaAnimation 50" daemon [_thread_blocked, id=6140, stack(0x000000001fe80000,0x0000000020080000)]
  0x000000002c1a1000 JavaThread "SwingWorker-pool-3-thread-4" daemon [_thread_blocked, id=1292, stack(0x000000002b390000,0x000000002b590000)]
  0x0000000022535800 JavaThread "Thread-8" daemon [_thread_blocked, id=9240, stack(0x000000002acc0000,0x000000002aec0000)]
  0x0000000022535000 JavaThread "SwingWorker-pool-3-thread-3" daemon [_thread_blocked, id=12052, stack(0x000000002aac0000,0x000000002acc0000)]
  0x0000000022534000 JavaThread "SwingWorker-pool-3-thread-2" daemon [_thread_blocked, id=10876, stack(0x000000002a8c0000,0x000000002aac0000)]
  0x0000000022533800 JavaThread "TimerQueue" daemon [_thread_blocked, id=10048, stack(0x000000002a240000,0x000000002a440000)]
  0x0000000022532000 JavaThread "SwingWorker-pool-3-thread-1" daemon [_thread_blocked, id=11024, stack(0x000000002a040000,0x000000002a240000)]
  0x0000000022532800 JavaThread "On Start/Stop-SharedResourceRunner" daemon [_thread_blocked, id=10420, stack(0x0000000025bd0000,0x0000000025dd0000)]
  0x0000000022531000 JavaThread "RMI Scheduler(0)" daemon [_thread_blocked, id=5736, stack(0x00000000255d0000,0x00000000257d0000)]
  0x000000002252f000 JavaThread "Thread-5" daemon [_thread_blocked, id=10544, stack(0x0000000024ed0000,0x00000000250d0000)]
  0x00000000220b6800 JavaThread "SyntheticaCleanerThread" daemon [_thread_blocked, id=9728, stack(0x0000000024ad0000,0x0000000024cd0000)]
  0x00000000220b3000 JavaThread "File Watcher" daemon [_thread_blocked, id=3120, stack(0x0000000023300000,0x0000000023500000)]
  0x00000000220b0000 JavaThread "Inactive RequestProcessor thread [Was:Timeable Event Queue Watch Dog/org.netbeans.core.TimableEventQueue]" daemon [_thread_blocked, id=6132, stack(0x0000000022b00000,0x0000000022d00000)]
=>0x000000001efb6000 JavaThread "AWT-EventQueue-0" [_thread_in_native, id=11676, stack(0x0000000021140000,0x0000000021340000)]
  0x000000001efcf800 JavaThread "AWT-Windows" daemon [_thread_in_native, id=11668, stack(0x0000000020d50000,0x0000000020f50000)]
  0x000000001efca800 JavaThread "AWT-Shutdown" [_thread_blocked, id=11664, stack(0x0000000020b50000,0x0000000020d50000)]
  0x000000001efcc800 JavaThread "Java2D Disposer" daemon [_thread_blocked, id=7144, stack(0x0000000020950000,0x0000000020b50000)]
  0x000000001ef23800 JavaThread "RequestProcessor queue manager" daemon [_thread_blocked, id=11284, stack(0x0000000020750000,0x0000000020950000)]
  0x000000001cbb3800 JavaThread "CLI Requests Server" daemon [_thread_in_native, id=12260, stack(0x000000001fa80000,0x000000001fc80000)]
  0x000000001cb26800 JavaThread "Active Reference Queue Daemon" daemon [_thread_blocked, id=11964, stack(0x000000001f680000,0x000000001f880000)]
  0x000000001c8b8000 JavaThread "Service Thread" daemon [_thread_blocked, id=11372, stack(0x000000001e5c0000,0x000000001e7c0000)]
  0x000000001b70d800 JavaThread "C2 CompilerThread1" daemon [_thread_blocked, id=6024, stack(0x000000001e3c0000,0x000000001e5c0000)]
  0x000000001b706800 JavaThread "C2 CompilerThread0" daemon [_thread_blocked, id=8124, stack(0x000000001e1c0000,0x000000001e3c0000)]
  0x000000001b705000 JavaThread "Attach Listener" daemon [_thread_blocked, id=12280, stack(0x000000001dfc0000,0x000000001e1c0000)]
  0x000000001b703000 JavaThread "Signal Dispatcher" daemon [_thread_blocked, id=12264, stack(0x000000001ddc0000,0x000000001dfc0000)]
  0x000000001b6f1000 JavaThread "Finalizer" daemon [_thread_blocked, id=12268, stack(0x000000001dbc0000,0x000000001ddc0000)]
  0x000000001b6f0800 JavaThread "Reference Handler" daemon [_thread_blocked, id=2936, stack(0x000000001d9c0000,0x000000001dbc0000)]
  0x0000000001f08000 JavaThread "main" [_thread_blocked, id=12248, stack(0x0000000000030000,0x0000000000230000)]

Other Threads:
  0x000000001b6ec800 VMThread [stack: 0x000000001d7c0000,0x000000001d9c0000] [id=12252]
  0x000000001c8cd000 WatcherThread [stack: 0x000000001e7c0000,0x000000001e9c0000] [id=12180]

VM state:not at safepoint (normal execution)

VM Mutex/Monitor currently owned by a thread: None

Heap
 PSYoungGen      total 2119680K, used 725419K [0x0000000755500000, 0x0000000800000000, 0x0000000800000000)
  eden space 1857024K, 39% used [0x0000000755500000,0x000000078196ac60,0x00000007c6a80000)
  from space 262656K, 0% used [0x00000007c6a80000,0x00000007c6a80000,0x00000007d6b00000)
  to   space 401920K, 0% used [0x00000007e7780000,0x00000007e7780000,0x0000000800000000)
 ParOldGen       total 804352K, used 317407K [0x0000000600000000, 0x0000000631180000, 0x0000000755500000)
  object space 804352K, 39% used [0x0000000600000000,0x00000006135f7f00,0x0000000631180000)
 PSPermGen       total 196608K, used 67657K [0x00000005c0000000, 0x00000005cc000000, 0x0000000600000000)
  object space 196608K, 34% used [0x00000005c0000000,0x00000005c42127b8,0x00000005cc000000)

Card table byte_map: [0x0000000005390000,0x00000000065a0000] byte_map_base: 0x0000000002590000

Polling page: 0x0000000000540000

Code Cache  [0x0000000002390000, 0x0000000002990000, 0x0000000005390000)
 total_blobs=3012 nmethods=1987 adapters=974 free_code_cache=43165Kb largest_free_block=44047232

Compilation events (10 events):
Event: 156.915 Thread 0x000000001b706800 2280             java.util.HashMap$EntrySet::<init> (6 bytes)
Event: 156.915 Thread 0x000000001b706800 nmethod 2280 0x0000000002978fd0 code [0x0000000002979100, 0x0000000002979178]
Event: 157.784 Thread 0x000000001b70d800 2281             de.javasoft.plaf.synthetica.painter.SyntheticaPainter::getInstance (20 bytes)
Event: 157.785 Thread 0x000000001b70d800 nmethod 2281 0x0000000002983d10 code [0x0000000002983e40, 0x0000000002983eb8]
Event: 158.298 Thread 0x000000001b706800 2282   !         javax.swing.BoxLayout::layoutContainer (418 bytes)
Event: 158.314 Thread 0x000000001b70d800 2283             sun.awt.windows.WObjectPeer::getPeerForTarget (10 bytes)
Event: 158.315 Thread 0x000000001b70d800 nmethod 2283 0x0000000002985e50 code [0x0000000002985fa0, 0x0000000002986048]
Event: 158.315 Thread 0x000000001b706800 nmethod 2282 0x000000000298b650 code [0x000000000298b8a0, 0x000000000298d010]
Event: 160.009 Thread 0x000000001b70d800 2284             sun.reflect.UnsafeBooleanFieldAccessorImpl::setBoolean (30 bytes)
Event: 160.011 Thread 0x000000001b70d800 nmethod 2284 0x00000000028fe190 code [0x00000000028fe2e0, 0x00000000028fe458]

GC Heap History (10 events):
Event: 14.503 GC heap before
{Heap before GC invocations=7 (full 1):
 PSYoungGen      total 568832K, used 568824K [0x0000000755500000, 0x000000079ac00000, 0x0000000800000000)
  eden space 525312K, 100% used [0x0000000755500000,0x0000000775600000,0x0000000775600000)
  from space 43520K, 99% used [0x0000000775600000,0x000000077807e350,0x0000000778080000)
  to   space 43520K, 0% used [0x0000000798180000,0x0000000798180000,0x000000079ac00000)
 ParOldGen       total 699392K, used 92629K [0x0000000600000000, 0x000000062ab00000, 0x0000000755500000)
  object space 699392K, 13% used [0x0000000600000000,0x0000000605a75708,0x000000062ab00000)
 PSPermGen       total 196608K, used 59339K [0x00000005c0000000, 0x00000005cc000000, 0x0000000600000000)
  object space 196608K, 30% used [0x00000005c0000000,0x00000005c39f2c80,0x00000005cc000000)
Event: 14.589 GC heap after
Heap after GC invocations=7 (full 1):
 PSYoungGen      total 1010176K, used 43493K [0x0000000755500000, 0x00000007a5000000, 0x0000000800000000)
  eden space 966656K, 0% used [0x0000000755500000,0x0000000755500000,0x0000000790500000)
  from space 43520K, 99% used [0x0000000798180000,0x000000079abf9530,0x000000079ac00000)
  to   space 127488K, 0% used [0x0000000790500000,0x0000000790500000,0x0000000798180000)
 ParOldGen       total 699392K, used 172730K [0x0000000600000000, 0x000000062ab00000, 0x0000000755500000)
  object space 699392K, 24% used [0x0000000600000000,0x000000060a8aeb30,0x000000062ab00000)
 PSPermGen       total 196608K, used 59339K [0x00000005c0000000, 0x00000005cc000000, 0x0000000600000000)
  object space 196608K, 30% used [0x00000005c0000000,0x00000005c39f2c80,0x00000005cc000000)
}
Event: 21.562 GC heap before
{Heap before GC invocations=8 (full 1):
 PSYoungGen      total 1010176K, used 1010149K [0x0000000755500000, 0x00000007a5000000, 0x0000000800000000)
  eden space 966656K, 100% used [0x0000000755500000,0x0000000790500000,0x0000000790500000)
  from space 43520K, 99% used [0x0000000798180000,0x000000079abf9530,0x000000079ac00000)
  to   space 127488K, 0% used [0x0000000790500000,0x0000000790500000,0x0000000798180000)
 ParOldGen       total 699392K, used 172730K [0x0000000600000000, 0x000000062ab00000, 0x0000000755500000)
  object space 699392K, 24% used [0x0000000600000000,0x000000060a8aeb30,0x000000062ab00000)
 PSPermGen       total 196608K, used 62662K [0x00000005c0000000, 0x00000005cc000000, 0x0000000600000000)
  object space 196608K, 31% used [0x00000005c0000000,0x00000005c3d31818,0x00000005cc000000)
Event: 21.699 GC heap after
Heap after GC invocations=8 (full 1):
 PSYoungGen      total 1094144K, used 127475K [0x0000000755500000, 0x00000007e2100000, 0x0000000800000000)
  eden space 966656K, 0% used [0x0000000755500000,0x0000000755500000,0x0000000790500000)
  from space 127488K, 99% used [0x0000000790500000,0x000000079817cca0,0x0000000798180000)
  to   space 186368K, 0% used [0x00000007d6b00000,0x00000007d6b00000,0x00000007e2100000)
 ParOldGen       total 699392K, used 237047K [0x0000000600000000, 0x000000062ab00000, 0x0000000755500000)
  object space 699392K, 33% used [0x0000000600000000,0x000000060e77dd88,0x000000062ab00000)
 PSPermGen       total 196608K, used 62662K [0x00000005c0000000, 0x00000005cc000000, 0x0000000600000000)
  object space 196608K, 31% used [0x00000005c0000000,0x00000005c3d31818,0x00000005cc000000)
}
Event: 29.802 GC heap before
{Heap before GC invocations=9 (full 1):
 PSYoungGen      total 1094144K, used 1094131K [0x0000000755500000, 0x00000007e2100000, 0x0000000800000000)
  eden space 966656K, 100% used [0x0000000755500000,0x0000000790500000,0x0000000790500000)
  from space 127488K, 99% used [0x0000000790500000,0x000000079817cca0,0x0000000798180000)
  to   space 186368K, 0% used [0x00000007d6b00000,0x00000007d6b00000,0x00000007e2100000)
 ParOldGen       total 699392K, used 237047K [0x0000000600000000, 0x000000062ab00000, 0x0000000755500000)
  object space 699392K, 33% used [0x0000000600000000,0x000000060e77dd88,0x000000062ab00000)
 PSPermGen       total 196608K, used 63073K [0x00000005c0000000, 0x00000005cc000000, 0x0000000600000000)
  object space 196608K, 32% used [0x00000005c0000000,0x00000005c3d987d0,0x00000005cc000000)
Event: 29.971 GC heap after
Heap after GC invocations=9 (full 1):
 PSYoungGen      total 2043392K, used 186336K [0x0000000755500000, 0x00000007eb600000, 0x0000000800000000)
  eden space 1857024K, 0% used [0x0000000755500000,0x0000000755500000,0x00000007c6a80000)
  from space 186368K, 99% used [0x00000007d6b00000,0x00000007e20f8348,0x00000007e2100000)
  to   space 262656K, 0% used [0x00000007c6a80000,0x00000007c6a80000,0x00000007d6b00000)
 ParOldGen       total 699392K, used 330960K [0x0000000600000000, 0x000000062ab00000, 0x0000000755500000)
  object space 699392K, 47% used [0x0000000600000000,0x0000000614334300,0x000000062ab00000)
 PSPermGen       total 196608K, used 63073K [0x00000005c0000000, 0x00000005cc000000, 0x0000000600000000)
  object space 196608K, 32% used [0x00000005c0000000,0x00000005c3d987d0,0x00000005cc000000)
}
Event: 87.041 GC heap before
{Heap before GC invocations=10 (full 1):
 PSYoungGen      total 2043392K, used 2042936K [0x0000000755500000, 0x00000007eb600000, 0x0000000800000000)
  eden space 1857024K, 99% used [0x0000000755500000,0x00000007c6a15cf0,0x00000007c6a80000)
  from space 186368K, 99% used [0x00000007d6b00000,0x00000007e20f8348,0x00000007e2100000)
  to   space 262656K, 0% used [0x00000007c6a80000,0x00000007c6a80000,0x00000007d6b00000)
 ParOldGen       total 699392K, used 333706K [0x0000000600000000, 0x000000062ab00000, 0x0000000755500000)
  object space 699392K, 47% used [0x0000000600000000,0x00000006145e2800,0x000000062ab00000)
 PSPermGen       total 196608K, used 67112K [0x00000005c0000000, 0x00000005cc000000, 0x0000000600000000)
  object space 196608K, 34% used [0x00000005c0000000,0x00000005c418a1d0,0x00000005cc000000)
Event: 87.244 GC heap after
Heap after GC invocations=10 (full 1):
 PSYoungGen      total 2119680K, used 262644K [0x0000000755500000, 0x0000000800000000, 0x0000000800000000)
  eden space 1857024K, 0% used [0x0000000755500000,0x0000000755500000,0x00000007c6a80000)
  from space 262656K, 99% used [0x00000007c6a80000,0x00000007d6afd300,0x00000007d6b00000)
  to   space 401920K, 0% used [0x00000007e7780000,0x00000007e7780000,0x0000000800000000)
 ParOldGen       total 699392K, used 558887K [0x0000000600000000, 0x000000062ab00000, 0x0000000755500000)
  object space 699392K, 79% used [0x0000000600000000,0x00000006221c9c38,0x000000062ab00000)
 PSPermGen       total 196608K, used 67112K [0x00000005c0000000, 0x00000005cc000000, 0x0000000600000000)
  object space 196608K, 34% used [0x00000005c0000000,0x00000005c418a1d0,0x00000005cc000000)
}
Event: 87.244 GC heap before
{Heap before GC invocations=11 (full 2):
 PSYoungGen      total 2119680K, used 262644K [0x0000000755500000, 0x0000000800000000, 0x0000000800000000)
  eden space 1857024K, 0% used [0x0000000755500000,0x0000000755500000,0x00000007c6a80000)
  from space 262656K, 99% used [0x00000007c6a80000,0x00000007d6afd300,0x00000007d6b00000)
  to   space 401920K, 0% used [0x00000007e7780000,0x00000007e7780000,0x0000000800000000)
 ParOldGen       total 699392K, used 558887K [0x0000000600000000, 0x000000062ab00000, 0x0000000755500000)
  object space 699392K, 79% used [0x0000000600000000,0x00000006221c9c38,0x000000062ab00000)
 PSPermGen       total 196608K, used 67112K [0x00000005c0000000, 0x00000005cc000000, 0x0000000600000000)
  object space 196608K, 34% used [0x00000005c0000000,0x00000005c418a1d0,0x00000005cc000000)
Event: 87.509 GC heap after
Heap after GC invocations=11 (full 2):
 PSYoungGen      total 2119680K, used 0K [0x0000000755500000, 0x0000000800000000, 0x0000000800000000)
  eden space 1857024K, 0% used [0x0000000755500000,0x0000000755500000,0x00000007c6a80000)
  from space 262656K, 0% used [0x00000007c6a80000,0x00000007c6a80000,0x00000007d6b00000)
  to   space 401920K, 0% used [0x00000007e7780000,0x00000007e7780000,0x0000000800000000)
 ParOldGen       total 804352K, used 317407K [0x0000000600000000, 0x0000000631180000, 0x0000000755500000)
  object space 804352K, 39% used [0x0000000600000000,0x00000006135f7f00,0x0000000631180000)
 PSPermGen       total 196608K, used 67088K [0x00000005c0000000, 0x00000005cc000000, 0x0000000600000000)
  object space 196608K, 34% used [0x00000005c0000000,0x00000005c4184090,0x00000005cc000000)
}

Deoptimization events (10 events):
Event: 130.938 Thread 0x000000001efb6000 Uncommon trap: reason=class_check action=maybe_recompile pc=0x000000000295bb78 method=java.awt.EventQueue.coalesceEvent(Ljava/awt/AWTEvent;I)Z @ 32
Event: 131.094 Thread 0x000000001efb6000 Uncommon trap: reason=null_check action=make_not_entrant pc=0x00000000028fdf04 method=java.awt.AWTEventMulticaster.populateListenerArray([Ljava/util/EventListener;Ljava/util/EventListener;I)I @ 42
Event: 131.105 Thread 0x000000001efb6000 Uncommon trap: reason=class_check action=maybe_recompile pc=0x000000000295bb78 method=java.awt.EventQueue.coalesceEvent(Ljava/awt/AWTEvent;I)Z @ 32
Event: 131.105 Thread 0x000000001efb6000 Uncommon trap: reason=class_check action=maybe_recompile pc=0x000000000295bb84 method=java.awt.EventQueue.coalesceEvent(Ljava/awt/AWTEvent;I)Z @ 32
Event: 131.129 Thread 0x00000000220b0000 Uncommon trap: reason=array_check action=maybe_recompile pc=0x0000000002924918 method=java.util.TimSort.mergeLo(IIII)V @ 586
Event: 131.134 Thread 0x00000000220b0000 Uncommon trap: reason=array_check action=maybe_recompile pc=0x0000000002924918 method=java.util.TimSort.mergeLo(IIII)V @ 586
Event: 132.908 Thread 0x000000001efb6000 Uncommon trap: reason=unreached action=reinterpret pc=0x0000000002914dec method=java.awt.EventDispatchThread.pumpOneEventForFilters(I)V @ 132
Event: 133.854 Thread 0x00000000245a4800 Uncommon trap: reason=class_check action=maybe_recompile pc=0x000000000253b668 method=sun.reflect.GeneratedMethodAccessor20.invoke(Ljava/lang/Object;[Ljava/lang/Object;)Ljava/lang/Object; @ 13
Event: 134.099 Thread 0x000000001efb6000 Uncommon trap: reason=unreached action=reinterpret pc=0x000000000291e68c method=javax.swing.plaf.synth.SynthLabelUI.getComponentState(Ljavax/swing/JComponent;)I @ 9
Event: 134.099 Thread 0x000000001efb6000 Uncommon trap: reason=unreached action=reinterpret pc=0x0000000002920d58 method=javax.swing.plaf.synth.SynthLabelUI.getComponentState(Ljavax/swing/JComponent;)I @ 9

Internal exceptions (10 events):
Event: 131.225 Thread 0x00000000220b0000 Threw 0x000000075eb73070 at C:\re\jdk7u51\527\hotspot\src\share\vm\prims\jvm.cpp:1244
Event: 131.225 Thread 0x00000000220b0000 Threw 0x000000075eb75448 at C:\re\jdk7u51\527\hotspot\src\share\vm\prims\jvm.cpp:1244
Event: 133.829 Thread 0x00000000220b0000 Threw 0x000000076e23cc90 at C:\re\jdk7u51\527\hotspot\src\share\vm\prims\jvm.cpp:1244
Event: 133.829 Thread 0x00000000220b0000 Threw 0x000000076e23f068 at C:\re\jdk7u51\527\hotspot\src\share\vm\prims\jvm.cpp:1244
Event: 133.854 Thread 0x00000000245a4800 Threw 0x000000076e0595d0 at C:\re\jdk7u51\527\hotspot\src\share\vm\prims\jni.cpp:1632
Event: 139.664 Thread 0x00000000220b1800 Threw 0x0000000767f9c038 at C:\re\jdk7u51\527\hotspot\src\share\vm\prims\jvm.cpp:2917
Event: 145.335 Thread 0x000000002c1a3800 Threw 0x0000000778cea360 at C:\re\jdk7u51\527\hotspot\src\share\vm\prims\jni.cpp:1632
Event: 145.973 Thread 0x000000001efb6000 Threw 0x0000000779768030 at C:\re\jdk7u51\527\hotspot\src\share\vm\prims\jvm.cpp:1244
Event: 145.973 Thread 0x000000001efb6000 Threw 0x000000077976b138 at C:\re\jdk7u51\527\hotspot\src\share\vm\prims\jvm.cpp:1244
Event: 160.525 Thread 0x00000000220b1800 Threw 0x00000007798845d0 at C:\re\jdk7u51\527\hotspot\src\share\vm\prims\jvm.cpp:2917

Events (10 events):
Event: 154.540 Executing VM operation: RevokeBias
Event: 154.540 Executing VM operation: RevokeBias done
Event: 158.088 Executing VM operation: RevokeBias
Event: 158.089 Executing VM operation: RevokeBias done
Event: 158.316 Thread 0x000000001b706800 flushing nmethod 0x00000000028fd810
Event: 159.026 Executing VM operation: BulkRevokeBias
Event: 159.027 Executing VM operation: BulkRevokeBias done
Event: 160.011 Thread 0x000000001b70d800 flushing nmethod 0x0000000002923490
Event: 160.011 Thread 0x000000001b70d800 flushing nmethod 0x000000000292d850
Event: 160.011 Thread 0x000000001b70d800 flushing nmethod 0x0000000002959ad0


Dynamic libraries:
0x0000000000400000 - 0x000000000043a000 	C:\tools\NetBeans 7.4\platform\lib\nbexec64.exe
0x0000000076fb0000 - 0x0000000077159000 	C:\Windows\SYSTEM32\ntdll.dll
0x0000000076d90000 - 0x0000000076eaf000 	C:\Windows\system32\kernel32.dll
0x000007fefd0a0000 - 0x000007fefd10c000 	C:\Windows\system32\KERNELBASE.dll
0x000007fefec10000 - 0x000007fefeceb000 	C:\Windows\system32\ADVAPI32.dll
0x000007fefecf0000 - 0x000007fefed8f000 	C:\Windows\system32\msvcrt.dll
0x000007fefd560000 - 0x000007fefd57f000 	C:\Windows\SYSTEM32\sechost.dll
0x000007fefd120000 - 0x000007fefd24d000 	C:\Windows\system32\RPCRT4.dll
0x0000000076eb0000 - 0x0000000076faa000 	C:\Windows\system32\USER32.dll
0x000007fefd6f0000 - 0x000007fefd757000 	C:\Windows\system32\GDI32.dll
0x000007fefdae0000 - 0x000007fefdaee000 	C:\Windows\system32\LPK.dll
0x000007fefd490000 - 0x000007fefd559000 	C:\Windows\system32\USP10.dll
0x000007fefd640000 - 0x000007fefd66e000 	C:\Windows\system32\IMM32.DLL
0x000007fefd840000 - 0x000007fefd949000 	C:\Windows\system32\MSCTF.dll
0x0000000063c80000 - 0x0000000063dd3000 	C:\tools\NetBeans 7.4\platform\lib\nbexec64.dll
0x000000006e2d0000 - 0x000000006ea99000 	C:\tools\jdk1.7.0_51\jre\bin\server\jvm.dll
0x000007fef7570000 - 0x000007fef7579000 	C:\Windows\system32\WSOCK32.dll
0x000007fefdb90000 - 0x000007fefdbdd000 	C:\Windows\system32\WS2_32.dll
0x000007fefeb80000 - 0x000007fefeb88000 	C:\Windows\system32\NSI.dll
0x000007fefad10000 - 0x000007fefad4b000 	C:\Windows\system32\WINMM.dll
0x0000000077180000 - 0x0000000077187000 	C:\Windows\system32\PSAPI.DLL
0x00000000541b0000 - 0x0000000054282000 	C:\tools\jdk1.7.0_51\jre\bin\MSVCR100.dll
0x0000000054930000 - 0x000000005496f000 	C:\tools\jdk1.7.0_51\jre\bin\splashscreen.dll
0x0000000071840000 - 0x000000007184f000 	C:\tools\jdk1.7.0_51\jre\bin\verify.dll
0x00000000549b0000 - 0x00000000549d8000 	C:\tools\jdk1.7.0_51\jre\bin\java.dll
0x0000000071820000 - 0x0000000071835000 	C:\tools\jdk1.7.0_51\jre\bin\zip.dll
0x0000000054910000 - 0x0000000054929000 	C:\tools\jdk1.7.0_51\jre\bin\net.dll
0x000007fefc4f0000 - 0x000007fefc545000 	C:\Windows\system32\mswsock.dll
0x000007fefc4e0000 - 0x000007fefc4e7000 	C:\Windows\System32\wship6.dll
0x00000000548b0000 - 0x00000000548c1000 	C:\tools\jdk1.7.0_51\jre\bin\nio.dll
0x000007fefaa30000 - 0x000007fefaa57000 	C:\Windows\system32\IPHLPAPI.DLL
0x000007fefaa20000 - 0x000007fefaa2b000 	C:\Windows\system32\WINNSI.DLL
0x000007fefa490000 - 0x000007fefa4a1000 	C:\Windows\system32\dhcpcsvc6.DLL
0x000007fefaa00000 - 0x000007fefaa18000 	C:\Windows\system32\dhcpcsvc.DLL
0x00000000539a0000 - 0x0000000053b35000 	C:\tools\jdk1.7.0_51\jre\bin\awt.dll
0x000007fefd760000 - 0x000007fefd837000 	C:\Windows\system32\OLEAUT32.dll
0x000007fefe970000 - 0x000007fefeb73000 	C:\Windows\system32\ole32.dll
0x000007fefc6b0000 - 0x000007fefc6c8000 	C:\Windows\system32\CRYPTSP.dll
0x000007fefc250000 - 0x000007fefc297000 	C:\Windows\system32\rsaenh.dll
0x000007fefce60000 - 0x000007fefce7e000 	C:\Windows\system32\USERENV.dll
0x000007fefcd60000 - 0x000007fefcd6f000 	C:\Windows\system32\profapi.dll
0x000007fefcbc0000 - 0x000007fefcbcf000 	C:\Windows\system32\CRYPTBASE.dll
0x000007fefafa0000 - 0x000007fefafb5000 	C:\Windows\system32\NLAapi.dll
0x000007feedd80000 - 0x000007feedd95000 	C:\Windows\system32\napinsp.dll
0x000007feedcc0000 - 0x000007feedcd9000 	C:\Windows\system32\pnrpnsp.dll
0x000007fefc370000 - 0x000007fefc3cb000 	C:\Windows\system32\DNSAPI.dll
0x000007fef3bd0000 - 0x000007fef3bdb000 	C:\Windows\System32\winrnr.dll
0x000007fef8130000 - 0x000007fef815e000 	C:\Program Files\Common Files\Microsoft Shared\Windows Live\WLIDNSP.DLL
0x000007fefd670000 - 0x000007fefd6e1000 	C:\Windows\system32\SHLWAPI.dll
0x0000000070000000 - 0x0000000070026000 	C:\Program Files\Bonjour\mdnsNSP.dll
0x000007fefc150000 - 0x000007fefc157000 	C:\Windows\System32\wshtcpip.dll
0x000007fef80c0000 - 0x000007fef80c8000 	C:\Windows\system32\rasadhlp.dll
0x000007fefa3d0000 - 0x000007fefa423000 	C:\Windows\System32\fwpuclnt.dll
0x000007fefabe0000 - 0x000007fefabf8000 	C:\Windows\system32\DWMAPI.DLL
0x000007fefb370000 - 0x000007fefb564000 	C:\Windows\WinSxS\amd64_microsoft.windows.common-controls_6595b64144ccf1df_6.0.7601.18837_none_fa3b1e3d17594757\COMCTL32.dll
0x000007fefb2b0000 - 0x000007fefb306000 	C:\Windows\system32\uxtheme.dll
0x0000000054860000 - 0x00000000548a7000 	C:\tools\jdk1.7.0_51\jre\bin\fontmanager.dll
0x0000000054810000 - 0x0000000054851000 	C:\tools\jdk1.7.0_51\jre\bin\t2k.dll
0x0000000180000000 - 0x0000000180038000 	C:\tools\NetBeans 7.4\platform\modules\lib\amd64\jnidispatch-340.dll
0x000007fefdbe0000 - 0x000007fefe969000 	C:\Windows\system32\SHELL32.dll
0x00000000637c0000 - 0x00000000637cd000 	C:\Users\Leslie L Foster\AppData\Local\Temp\jogamp_0000\file_cache\jln869565599411549678\jln5917578149352849023\gluegen-rt.dll
0x00000000542c0000 - 0x00000000542c7000 	C:\tools\jdk1.7.0_51\jre\bin\jawt.dll
0x000000006a440000 - 0x000000006a44d000 	C:\Users\Leslie L Foster\AppData\Local\Temp\jogamp_0000\file_cache\jln869565599411549678\jln5917578149352849023\nativewindow_awt.dll
0x000000006c100000 - 0x000000006c10f000 	C:\Users\Leslie L Foster\AppData\Local\Temp\jogamp_0000\file_cache\jln869565599411549678\jln5917578149352849023\nativewindow_win32.dll
0x000007fef3410000 - 0x000007fef352d000 	C:\Windows\system32\OpenGL32.dll
0x000007fef3e00000 - 0x000007fef3e2d000 	C:\Windows\system32\GLU32.dll
0x000007fef3310000 - 0x000007fef3401000 	C:\Windows\system32\DDRAW.dll
0x000007fef3df0000 - 0x000007fef3df8000 	C:\Windows\system32\DCIMAN32.dll
0x000007fefd250000 - 0x000007fefd427000 	C:\Windows\system32\SETUPAPI.dll
0x000007fefce80000 - 0x000007fefceb6000 	C:\Windows\system32\CFGMGR32.dll
0x000007fefcda0000 - 0x000007fefcdba000 	C:\Windows\system32\DEVOBJ.dll
0x0000000064500000 - 0x00000000645a0000 	C:\Users\Leslie L Foster\AppData\Local\Temp\jogamp_0000\file_cache\jln869565599411549678\jln5917578149352849023\jogl_desktop.dll
0x0000000025dd0000 - 0x0000000027b11000 	C:\Windows\system32\nvoglv64.DLL
0x000007fefbf60000 - 0x000007fefbf71000 	C:\Windows\system32\WTSAPI32.dll
0x000007fefbde0000 - 0x000007fefbdec000 	C:\Windows\system32\VERSION.dll
0x000007fefcec0000 - 0x000007fefcefb000 	C:\Windows\system32\WINTRUST.dll
0x000007fefcf30000 - 0x000007fefd09d000 	C:\Windows\system32\CRYPT32.dll
0x000007fefcd70000 - 0x000007fefcd7f000 	C:\Windows\system32\MSASN1.dll
0x000007fefbdb0000 - 0x000007fefbddd000 	C:\Windows\system32\ntmarta.dll
0x000007fefd430000 - 0x000007fefd482000 	C:\Windows\system32\WLDAP32.dll
0x000007fefcc70000 - 0x000007fefccad000 	C:\Windows\system32\WINSTA.dll
0x000007fefd580000 - 0x000007fefd619000 	C:\Windows\system32\CLBCatQ.DLL
0x000007fefa660000 - 0x000007fefa7c1000 	C:\Windows\system32\WindowsCodecs.dll
0x000007fefcb60000 - 0x000007fefcbb7000 	C:\Windows\system32\apphelp.dll
0x000000006f3d0000 - 0x000000006f673000 	C:\Program Files (x86)\Norton Security with Backup\Engine64\22.5.0.124\buShell.dll
0x000007fefafc0000 - 0x000007fefb1d6000 	C:\Windows\WinSxS\amd64_microsoft.windows.gdiplus_6595b64144ccf1df_1.1.7601.18852_none_2b28839e71e973ae\gdiplus.dll
0x000007fef5650000 - 0x000007fef56f7000 	C:\Program Files (x86)\Norton Security with Backup\Engine64\22.5.0.124\MSVCP110.dll
0x000007fef5570000 - 0x000007fef5644000 	C:\Program Files (x86)\Norton Security with Backup\Engine64\22.5.0.124\MSVCR110.dll
0x000000006f260000 - 0x000000006f35d000 	C:\Program Files (x86)\Norton Security with Backup\Engine64\22.5.0.124\ccLib.dll
0x000007fef5180000 - 0x000007fef51a2000 	C:\Program Files (x86)\Norton Security with Backup\Engine64\22.5.0.124\EFACli64.dll
0x000007fef73e0000 - 0x000007fef7411000 	C:\Program Files (x86)\Dropbox\Client\DropboxExt64.26.dll
0x00000000201c0000 - 0x00000000201d6000 	C:\Program Files\Common Files\TortoiseOverlays\TortoiseOverlays.dll
0x0000000020200000 - 0x0000000020210000 	C:\Program Files\TortoiseSVN\bin\TortoiseStub.dll
0x000000002a640000 - 0x000000002a6bb000 	C:\Program Files\TortoiseSVN\bin\TortoiseSVN.dll
0x000007fefed90000 - 0x000007fefefea000 	C:\Windows\system32\WININET.dll
0x000007fefd110000 - 0x000007fefd114000 	C:\Windows\system32\api-ms-win-downlevel-user32-l1-1-0.dll
0x000007fefcf10000 - 0x000007fefcf14000 	C:\Windows\system32\api-ms-win-downlevel-shlwapi-l1-1-0.dll
0x000007fefcf20000 - 0x000007fefcf24000 	C:\Windows\system32\api-ms-win-downlevel-version-l1-1-0.dll
0x000007fefcd80000 - 0x000007fefcd83000 	C:\Windows\system32\api-ms-win-downlevel-normaliz-l1-1-0.dll
0x0000000077170000 - 0x0000000077173000 	C:\Windows\system32\normaliz.DLL
0x000007fefeff0000 - 0x000007feff2b7000 	C:\Windows\system32\iertutil.dll
0x000007fefcf00000 - 0x000007fefcf05000 	C:\Windows\system32\api-ms-win-downlevel-advapi32-l1-1-0.dll
0x000007fef6f30000 - 0x000007fef72fc000 	C:\Program Files\TortoiseSVN\bin\libsvn_tsvn.dll
0x0000000021050000 - 0x000000002107b000 	C:\Program Files\TortoiseSVN\bin\libapr_tsvn.dll
0x000000002a6c0000 - 0x000000002a701000 	C:\Program Files\TortoiseSVN\bin\libaprutil_tsvn.dll
0x000007fef6d70000 - 0x000007fef6d80000 	C:\Program Files\TortoiseSVN\bin\intl3_tsvn.dll
0x000007fef6d50000 - 0x000007fef6d6a000 	C:\Program Files\TortoiseSVN\bin\libsasl.dll
0x000007fefc970000 - 0x000007fefc97b000 	C:\Windows\system32\Secur32.dll
0x000007fefcb30000 - 0x000007fefcb55000 	C:\Windows\system32\SSPICLI.DLL
0x0000000071350000 - 0x00000000713e8000 	C:\Windows\system32\MSVCP100.dll
0x000007fef6960000 - 0x000007fef6995000 	C:\Windows\system32\EhStorShell.dll
0x000007fefb570000 - 0x000007fefb69c000 	C:\Windows\system32\PROPSYS.dll
0x000007fef68e0000 - 0x000007fef6960000 	C:\Windows\system32\ntshrui.dll
0x000007fefc770000 - 0x000007fefc793000 	C:\Windows\system32\srvcli.dll
0x000007fef51b0000 - 0x000007fef51bf000 	C:\Windows\system32\cscapi.dll
0x000007fefae10000 - 0x000007fefae1b000 	C:\Windows\system32\slc.dll
0x000007fef68d0000 - 0x000007fef68d8000 	C:\Windows\system32\IconCodecService.dll
0x000007fef5d70000 - 0x000007fef5de1000 	C:\Windows\system32\winhttp.dll
0x000007fef5d00000 - 0x000007fef5d64000 	C:\Windows\system32\webio.dll
0x0000000054340000 - 0x000000005436a000 	C:\tools\jdk1.7.0_51\jre\bin\dcpr.dll
0x000000006e110000 - 0x000000006e1b2000 	C:\tools\jdk1.7.0_51\jre\bin\mlib_image.dll
0x00000000543f0000 - 0x00000000543fb000 	C:\tools\jdk1.7.0_51\jre\bin\management.dll
0x000007fef8e00000 - 0x000007fef8ea0000 	C:\Windows\WinSxS\amd64_microsoft.windows.common-controls_6595b64144ccf1df_5.82.7601.18837_none_a4d981ff711297b6\comctl32.dll
0x000007feeeaa0000 - 0x000007feeec3c000 	C:\Windows\system32\NetworkExplorer.dll
0x000007fef6710000 - 0x000007fef6744000 	C:\Windows\System32\shdocvw.dll
0x000007fef80f0000 - 0x000007fef8108000 	C:\Windows\system32\MPR.dll
0x000007fef9980000 - 0x000007fef998a000 	C:\Windows\System32\drprov.dll
0x000007fef3150000 - 0x000007fef3172000 	C:\Windows\System32\ntlanman.dll

VM Arguments:
jvm_args: -Dnetbeans.logger.console=true -ea -Dapple.awt.brushMetalLook=false -XX:PermSize=192m -XX:MaxPermSize=1024m -Xms1024m -Xmx8192m -Dnb.forceui=de.javasoft.synthetica.netbeans.SyntheticaLFCustoms -Dplugin.manager.check.interval=EVERY_DAY -Dplugin.manager.check.new.plugins=true -Dsun.java2d.noddraw=true -Djdk.home=C:\tools\jdk1.7.0_51 -Dnetbeans.home=C:\tools\NetBeans 7.4\platform -Dnetbeans.user=C:\current_projects\gitfiles\master\janelia-workstation\ConsoleApplication\build\testuserdir -Dnetbeans.default_userdir_root= -XX:+HeapDumpOnOutOfMemoryError -XX:HeapDumpPath=C:\current_projects\gitfiles\master\janelia-workstation\ConsoleApplication\build\testuserdir\var\log\heapdump.hprof -Dsun.awt.keepWorkingSetOnMinimize=true -Dnetbeans.dirs=C:\current_projects\gitfiles\master\janelia-workstation\ConsoleApplication\build\cluster;C:\tools\NetBeans 7.4\extide;C:\tools\NetBeans 7.4\harness;C:\tools\NetBeans 7.4\ide;C:\tools\NetBeans 7.4\java;C:\tools\NetBeans 7.4\platform exit 
java_command: <unknown>
Launcher Type: generic

Environment Variables:
JAVA_HOME=C:\tools\JDK1.8.0_05
PATH=C:\ProgramData\Oracle\Java\javapath;C:\tools\Perl64\site\bin;C:\tools\Perl64\bin;C:\Program Files\Common Files\Microsoft Shared\Windows Live;C:\Program Files (x86)\Common Files\Microsoft Shared\Windows Live;C:\Windows\system32;C:\Windows;C:\Windows\System32\Wbem;C:\Windows\System32\WindowsPowerShell\v1.0\;C:\Program Files\Dell\DW WLAN Card\Driver;c:\Program Files (x86)\ATI Technologies\ATI.ACE\Core-Static;C:\Program Files (x86)\Windows Live\Shared;C:\Program Files (x86)\Common Files\Roxio Shared\DLLShared\;C:\Program Files (x86)\Common Files\Roxio Shared\OEM\DLLShared\;C:\Program Files (x86)\Common Files\Roxio Shared\OEM\DLLShared\;C:\Program Files (x86)\Common Files\Roxio Shared\OEM\12.0\DLLShared\;C:\Program Files (x86)\Roxio\OEM\AudioCore\;C:\Program Files (x86)\Ulead Systems\Ulead DVD MovieFactory 3.5 Suite Deluxe;C:\Program Files (x86)\Common Files\Ulead Systems\MPEG;C:\Program Files (x86)\Common Files\Ulead Systems\DVD;\tools\Perl64\bin;C:\tools\cvsnt;C:\Program Files\TortoiseSVN\bin;C:\Users\Leslie L Foster\AppData\Local\Smartbar\Application\;C:\Users\Leslie L Foster\AppData\Local\Smartbar\Application\;C:\tools\Git\cmd;C:\tools\Git\bin;C:\Program Files (x86)\NVIDIA Corporation\PhysX\Common;C:\Program Files (x86)\QuickTime\QTSystem\;C:\tools\cygwin\bin;c:\tools\jdk1.7.0_01\bin;C:\tools\graphviz\release\bin;c:\tools\apache-maven-3.2.5\bin
USERNAME=Leslie L Foster
OS=Windows_NT
PROCESSOR_IDENTIFIER=Intel64 Family 6 Model 42 Stepping 7, GenuineIntel



---------------  S Y S T E M  ---------------

OS: Windows 7 , 64 bit Build 7601 Service Pack 1

CPU:total 8 (4 cores per cpu, 2 threads per core) family 6 model 42 stepping 7, cmov, cx8, fxsr, mmx, sse, sse2, sse3, ssse3, sse4.1, sse4.2, popcnt, avx, aes, ht, tsc, tscinvbit

Memory: 4k page, physical 16759240k(7889064k free), swap 33516644k(22738216k free)

vm_info: Java HotSpot(TM) 64-Bit Server VM (24.51-b03) for windows-amd64 JRE (1.7.0_51-b13), built on Dec 18 2013 18:40:56 by "java_re" with unknown MS VC++:1600

time: Sat Jul 18 01:22:21 2015
elapsed time: 160 seconds

