#
# A fatal error has been detected by the Java Runtime Environment:
#
#  SIGSEGV (0xb) at pc=0x00007fff8b154250, pid=52691, tid=50695
#
# JRE version: Java(TM) SE Runtime Environment (7.0_67-b01) (build 1.7.0_67-b01)
# Java VM: Java HotSpot(TM) 64-Bit Server VM (24.65-b04 mixed mode bsd-amd64 )
# Problematic frame:
# C  [libobjc.A.dylib+0x6250]  objc_msgSend+0x10
#
# Failed to write core dump. Core dumps have been disabled. To enable core dumping, try "ulimit -c unlimited" before starting Java again
#
# If you would like to submit a bug report, please visit:
#   http://bugreport.sun.com/bugreport/crash.jsp
# The crash happened outside the Java Virtual Machine in native code.
# See problematic frame for where to report the bug.
#

---------------  T H R E A D  ---------------

Current thread (0x00007f9b2a1ef000):  JavaThread "Java2D Queue Flusher" daemon [_thread_in_native, id=50695, stack(0x00000009a04fd000,0x00000009a05fd000)]

siginfo:si_signo=SIGSEGV: si_errno=0, si_code=1 (SEGV_MAPERR), si_addr=0x0000000000000010

Registers:
RAX=0x00007f9b2c83f000, RBX=0x00007f9b2a1ef1e8, RCX=0x00007f9b2c83f058, RDX=0x00000000a1a1a1a1
RSP=0x00000009a05fc830, RBP=0x00000009a05fc860, RSI=0x00007fff8aa6e082, RDI=0x00007f9b2ad00002
R8 =0x0000000000002060, R9 =0x00000009a05fc760, R10=0x00000001062397cc, R11=0x0000000000000000
R12=0x00007f9b2c83f050, R13=0x0000000109a3da70, R14=0x00007f9b2d403dc0, R15=0x00007f9b2d455ec0
RIP=0x00007fff8b154250, EFLAGS=0x0000000000010246, ERR=0x0000000000000004
  TRAPNO=0x000000000000000e

Top of Stack: (sp=0x00000009a05fc830)
0x00000009a05fc830:   00007f9b2c83f000 000000099c5e8263
0x00000009a05fc840:   00007f9b2d405a70 00000009a05fc8d0
0x00000009a05fc850:   00007f9b2a154e10 00007f9b2a1ef000
0x00000009a05fc860:   00000009a05fc8e0 000000099c5ddbf6
0x00000009a05fc870:   0000000149334830 0000000109a3da70
0x00000009a05fc880:   00000009a05fc8d0 0000000109a3da70
0x00000009a05fc890:   00000009a05fc8b0 0000000000000064
0x00000009a05fc8a0:   00007f9b2d81e758 00007f9b2a154e20
0x00000009a05fc8b0:   00007f9b001ef000 00007f9b2a1ef1e8
0x00000009a05fc8c0:   0000000109a3da70 00000009a05fc8d0
0x00000009a05fc8d0:   00000009a05fc988 00007f9b2a1ef000
0x00000009a05fc8e0:   00000009a05fc950 00000001062397f8
0x00000009a05fc8f0:   00000009a05fc950 0000000105921175
0x00000009a05fc900:   0000000900000005 00007f9b2a1ef000
0x00000009a05fc910:   00000009a05fc910 0000000000000000
0x00000009a05fc920:   00000009a05fc988 0000000109a3f2a8
0x00000009a05fc930:   0000000000000000 0000000109a3da70
0x00000009a05fc940:   0000000000000000 00000009a05fc970
0x00000009a05fc950:   00000009a05fc9d0 000000010622d058
0x00000009a05fc960:   0000000000000000 0000000106235cd8
0x00000009a05fc970:   0000000000000020 00007f9b2a154e00
0x00000009a05fc980:   0000000149334798 0000000149334770
0x00000009a05fc990:   00000009a05fc990 0000000109a3db55
0x00000009a05fc9a0:   00000009a05fc9e8 0000000109a3f2a8
0x00000009a05fc9b0:   0000000000000000 0000000109a3db78
0x00000009a05fc9c0:   00000009a05fc970 00000009a05fc9f0
0x00000009a05fc9d0:   00000001493342b0 00000001067bca70
0x00000009a05fc9e0:   0000000000000020 0000000149334770
0x00000009a05fc9f0:   0000000900000000 00000001493342b0
0x00000009a05fca00:   0000000100000000 0000000109a42e28
0x00000009a05fca10:   0000000000000000 00000009a05fca48
0x00000009a05fca20:   0000000000000001 00000001062274e0 

Instructions: (pc=0x00007fff8b154250)
0x00007fff8b154230:   90 90 90 90 90 90 90 90 90 90 90 90 90 90 90 90
0x00007fff8b154240:   48 85 ff 74 2b 40 f6 c7 01 2e 75 3b 4c 8b 1f 50
0x00007fff8b154250:   4d 8b 53 10 89 f0 41 23 02 4d 8b 5c c2 10 ff c0
0x00007fff8b154260:   4d 85 db 74 36 49 3b 33 75 ec 58 41 ff 63 10 90 

Register to memory mapping:

RAX=0x00007f9b2c83f000 is an unknown value
RBX=0x00007f9b2a1ef1e8 is an unknown value
RCX=0x00007f9b2c83f058 is an unknown value
RDX=0x00000000a1a1a1a1 is an unknown value
RSP=0x00000009a05fc830 is pointing into the stack for thread: 0x00007f9b2a1ef000
RBP=0x00000009a05fc860 is pointing into the stack for thread: 0x00007f9b2a1ef000
RSI=0x00007fff8aa6e082: NSAppKitVersionNumber+0x144a2 in /System/Library/Frameworks/AppKit.framework/Versions/C/AppKit at 0x00007fff8a0dd000
RDI=0x00007f9b2ad00002 is an unknown value
R8 =0x0000000000002060 is an unknown value
R9 =0x00000009a05fc760 is pointing into the stack for thread: 0x00007f9b2a1ef000
R10=0x00000001062397cc is at code_begin+620 in an Interpreter codelet
method entry point (kind = native)  [0x0000000106239560, 0x0000000106239da0]  2112 bytes
R11=0x0000000000000000 is an unknown value
R12=0x00007f9b2c83f050 is an unknown value
R13=0x0000000109a3da70 is an oop
{method} 
 - klass: {other class}
R14=0x00007f9b2d403dc0 is an unknown value
R15=0x00007f9b2d455ec0 is an unknown value


Stack: [0x00000009a04fd000,0x00000009a05fd000],  sp=0x00000009a05fc830,  free space=1022k
Native frames: (J=compiled Java code, j=interpreted, Vv=VM code, C=native code)
C  [libobjc.A.dylib+0x6250]  objc_msgSend+0x10
C  [liblwawt.dylib+0x7bf6]  Java_sun_java2d_opengl_OGLRenderQueue_flushBuffer+0x63a
j  sun.java2d.opengl.OGLRenderQueue.flushBuffer(JI)V+0
j  sun.java2d.opengl.OGLRenderQueue.flushBuffer()V+21
J 2003% C2 sun.java2d.opengl.OGLRenderQueue$QueueFlusher.run()V (234 bytes) @ 0x00000001067bca70 [0x00000001067bc800+0x270]
v  ~StubRoutines::call_stub
V  [libjvm.dylib+0x2daef8]  JavaCalls::call_helper(JavaValue*, methodHandle*, JavaCallArguments*, Thread*)+0x22a
V  [libjvm.dylib+0x2db40f]  JavaCalls::call_virtual(JavaValue*, KlassHandle, Symbol*, Symbol*, JavaCallArguments*, Thread*)+0x11b
V  [libjvm.dylib+0x2db54c]  JavaCalls::call_virtual(JavaValue*, Handle, KlassHandle, Symbol*, Symbol*, Thread*)+0x4a
V  [libjvm.dylib+0x32a41e]  thread_entry(JavaThread*, Thread*)+0xad
V  [libjvm.dylib+0x4f5855]  JavaThread::thread_main_inner()+0x9b
V  [libjvm.dylib+0x4f6f5d]  JavaThread::run()+0x1a3
V  [libjvm.dylib+0x420772]  java_start(Thread*)+0x126
C  [libsystem_c.dylib+0x14772]  _pthread_start+0x147
C  [libsystem_c.dylib+0x11a1]  thread_start+0xd

Java frames: (J=compiled Java code, j=interpreted, Vv=VM code)
j  sun.java2d.opengl.OGLRenderQueue.flushBuffer(JI)V+0
j  sun.java2d.opengl.OGLRenderQueue.flushBuffer()V+21
J 2003% C2 sun.java2d.opengl.OGLRenderQueue$QueueFlusher.run()V (234 bytes) @ 0x00000001067bca70 [0x00000001067bc800+0x270]
v  ~StubRoutines::call_stub

---------------  P R O C E S S  ---------------

Java Threads: ( => current thread )
  0x00007f9b210f0000 JavaThread "qtp518427904-153" [_thread_blocked, id=78987, stack(0x00000009b44ee000,0x00000009b45ee000)]
  0x00007f9b37b25000 JavaThread "qtp518427904-152" [_thread_blocked, id=87911, stack(0x00000009b1fa1000,0x00000009b20a1000)]
  0x00007f9b3211a000 JavaThread "Inactive RequestProcessor thread [Was:TimedSoftReference/org.openide.util.TimedSoftReference]" daemon [_thread_blocked, id=73819, stack(0x00000009c19bd000,0x00000009c1abd000)]
  0x00007f9b2102c800 JavaThread "pool-6-thread-10" [_thread_in_native, id=130051, stack(0x00000009bcd4a000,0x00000009bce4a000)]
  0x00007f9b2102c000 JavaThread "pool-6-thread-9" [_thread_in_native, id=129539, stack(0x00000009bcc47000,0x00000009bcd47000)]
  0x00007f9b2102b000 JavaThread "pool-6-thread-8" [_thread_in_native, id=129027, stack(0x00000009bb73e000,0x00000009bb83e000)]
  0x00007f9b2102a800 JavaThread "pool-6-thread-7" [_thread_in_native, id=128515, stack(0x00000009bb63b000,0x00000009bb73b000)]
  0x00007f9b21029800 JavaThread "pool-6-thread-6" [_thread_in_native, id=128003, stack(0x00000009bb538000,0x00000009bb638000)]
  0x00007f9b21029000 JavaThread "pool-6-thread-5" [_thread_in_native, id=127491, stack(0x00000009b82f1000,0x00000009b83f1000)]
  0x00007f9b21027000 JavaThread "pool-6-thread-4" [_thread_in_native, id=126979, stack(0x00000009b36cc000,0x00000009b37cc000)]
  0x00007f9b21026000 JavaThread "pool-6-thread-3" [_thread_in_native, id=126467, stack(0x00000009b35c9000,0x00000009b36c9000)]
  0x00007f9b21025800 JavaThread "pool-6-thread-2" [_thread_in_native, id=125711, stack(0x00000009b34c6000,0x00000009b35c6000)]
  0x00007f9b2113d800 JavaThread "pool-6-thread-1" [_thread_in_native, id=91159, stack(0x00000009b33c3000,0x00000009b34c3000)]
  0x00007f9b219a0800 JavaThread "pool-5-thread-10" [_thread_blocked, id=97027, stack(0x00000009b9b59000,0x00000009b9c59000)]
  0x00007f9b219a0000 JavaThread "pool-5-thread-9" [_thread_blocked, id=96515, stack(0x00000009b9a56000,0x00000009b9b56000)]
  0x00007f9b2199f000 JavaThread "pool-5-thread-8" [_thread_blocked, id=96003, stack(0x00000009b9953000,0x00000009b9a53000)]
  0x00007f9b2199e800 JavaThread "pool-5-thread-7" [_thread_blocked, id=95491, stack(0x00000009b9850000,0x00000009b9950000)]
  0x00007f9b2199d800 JavaThread "pool-5-thread-6" [_thread_blocked, id=94979, stack(0x00000009b974d000,0x00000009b984d000)]
  0x00007f9b2199d000 JavaThread "pool-5-thread-5" [_thread_blocked, id=94467, stack(0x00000009b964a000,0x00000009b974a000)]
  0x00007f9b2199c000 JavaThread "pool-5-thread-4" [_thread_blocked, id=93955, stack(0x00000009b9547000,0x00000009b9647000)]
  0x00007f9b2199b800 JavaThread "pool-5-thread-3" [_thread_blocked, id=93443, stack(0x00000009b9444000,0x00000009b9544000)]
  0x00007f9b2199a800 JavaThread "pool-5-thread-2" [_thread_blocked, id=92931, stack(0x00000009b9341000,0x00000009b9441000)]
  0x00007f9b21912800 JavaThread "pool-5-thread-1" [_thread_blocked, id=91679, stack(0x00000009b923e000,0x00000009b933e000)]
  0x00007f9b2b179800 JavaThread "Timer-0" daemon [_thread_blocked, id=92167, stack(0x00000009b8524000,0x00000009b8624000)]
  0x00007f9b2b18c000 JavaThread "SyntheticaAnimation 30" daemon [_thread_blocked, id=89603, stack(0x00000009b0789000,0x00000009b0889000)]
  0x00007f9b2b187800 JavaThread "SyntheticaAnimation 60" daemon [_thread_blocked, id=88579, stack(0x00000009b05e8000,0x00000009b06e8000)]
  0x00007f9b2b150800 JavaThread "SwingWorker-pool-4-thread-10" daemon [_thread_blocked, id=86319, stack(0x00000009b2a45000,0x00000009b2b45000)]
  0x00007f9b2ca1d800 JavaThread "SwingWorker-pool-4-thread-9" daemon [_thread_blocked, id=81171, stack(0x00000009b2806000,0x00000009b2906000)]
  0x00007f9b2ca1c800 JavaThread "SwingWorker-pool-4-thread-8" daemon [_thread_blocked, id=81419, stack(0x00000009b2703000,0x00000009b2803000)]
  0x00007f9b321f7800 JavaThread "SyntheticaAnimation 50" daemon [_thread_blocked, id=84487, stack(0x00000009affc5000,0x00000009b00c5000)]
  0x00007f9b2b127800 JavaThread "DestroyJavaVM" [_thread_blocked, id=6403, stack(0x0000000106052000,0x0000000106152000)]
  0x00007f9b2d9ef000 JavaThread "Thread-28" daemon [_thread_blocked, id=85507, stack(0x00000009acd8e000,0x00000009ace8e000)]
  0x00007f9b2b123800 JavaThread "SwingWorker-pool-4-thread-7" daemon [_thread_blocked, id=85011, stack(0x00000009acc8b000,0x00000009acd8b000)]
  0x00007f9b2c8fb800 JavaThread "SwingWorker-pool-4-thread-6" daemon [_thread_blocked, id=83971, stack(0x00000009ac2d3000,0x00000009ac3d3000)]
  0x00007f9b37ad1000 JavaThread "SwingWorker-pool-4-thread-5" daemon [_thread_blocked, id=83459, stack(0x00000009ac1d0000,0x00000009ac2d0000)]
  0x00007f9b2b889000 JavaThread "SwingWorker-pool-4-thread-4" daemon [_thread_blocked, id=82947, stack(0x00000009abfd9000,0x00000009ac0d9000)]
  0x00007f9b37050800 JavaThread "SwingWorker-pool-4-thread-3" daemon [_thread_blocked, id=82439, stack(0x00000009abed6000,0x00000009abfd6000)]
  0x00007f9b2a641000 JavaThread "SwingWorker-pool-4-thread-2" daemon [_thread_blocked, id=79387, stack(0x00000009ab0cc000,0x00000009ab1cc000)]
  0x00007f9b2c9cb000 JavaThread "TimerQueue" daemon [_thread_blocked, id=77827, stack(0x00000009aaf04000,0x00000009ab004000)]
  0x00007f9b378ae000 JavaThread "SwingWorker-pool-4-thread-1" daemon [_thread_blocked, id=77315, stack(0x00000009aae01000,0x00000009aaf01000)]
  0x00007f9b3700c800 JavaThread "RMI Scheduler(0)" daemon [_thread_blocked, id=74759, stack(0x00000009aa8f2000,0x00000009aa9f2000)]
  0x00007f9b30841000 JavaThread "qtp518427904-45 Acceptor5 SelectChannelConnector@0.0.0.0:40001" [_thread_blocked, id=74243, stack(0x00000009aa7ef000,0x00000009aa8ef000)]
  0x00007f9b2c25b800 JavaThread "Thread-19" daemon [_thread_blocked, id=72707, stack(0x00000009aa4e6000,0x00000009aa5e6000)]
  0x00007f9b2c400800 JavaThread "qtp518427904-41 Acceptor4 SelectChannelConnector@0.0.0.0:40001" [_thread_in_native, id=72195, stack(0x00000009aa3e3000,0x00000009aa4e3000)]
  0x00007f9b2c27a000 JavaThread "qtp518427904-40 Acceptor3 SelectChannelConnector@0.0.0.0:40001" [_thread_blocked, id=71683, stack(0x00000009aa2e0000,0x00000009aa3e0000)]
  0x00007f9b37923000 JavaThread "qtp518427904-39 Acceptor2 SelectChannelConnector@0.0.0.0:40001" [_thread_blocked, id=71171, stack(0x00000009aa1dd000,0x00000009aa2dd000)]
  0x00007f9b2f71a000 JavaThread "qtp518427904-38 Acceptor1 SelectChannelConnector@0.0.0.0:40001" [_thread_blocked, id=70659, stack(0x00000009aa0da000,0x00000009aa1da000)]
  0x00007f9b2f7f1800 JavaThread "qtp518427904-37 Acceptor0 SelectChannelConnector@0.0.0.0:40001" [_thread_blocked, id=70147, stack(0x00000009a9fd7000,0x00000009aa0d7000)]
  0x00007f9b3781d800 JavaThread "qtp518427904-36 Selector5" [_thread_in_native, id=69635, stack(0x00000009a9ed4000,0x00000009a9fd4000)]
  0x00007f9b37820800 JavaThread "qtp518427904-35 Selector4" [_thread_in_native, id=69123, stack(0x00000009a9dd1000,0x00000009a9ed1000)]
  0x00007f9b2f0f0000 JavaThread "qtp518427904-34 Selector3" [_thread_in_native, id=68611, stack(0x00000009a9cce000,0x00000009a9dce000)]
  0x00007f9b2f17a000 JavaThread "qtp518427904-33 Selector2" [_thread_in_native, id=68099, stack(0x00000009a9bcb000,0x00000009a9ccb000)]
  0x00007f9b2f0eb000 JavaThread "qtp518427904-32 Selector1" [_thread_in_native, id=67587, stack(0x00000009a9ac8000,0x00000009a9bc8000)]
  0x00007f9b37873800 JavaThread "qtp518427904-31 Selector0" [_thread_in_native, id=67075, stack(0x00000009a99c5000,0x00000009a9ac5000)]
  0x00007f9b2f6e8800 JavaThread "Thread-7" daemon [_thread_in_native, id=66563, stack(0x00000009a98c2000,0x00000009a99c2000)]
  0x00007f9b2f1ac000 JavaThread "server-timer" daemon [_thread_blocked, id=66051, stack(0x00000009a97bf000,0x00000009a98bf000)]
  0x00007f9b2f6fc800 JavaThread "Thread-5" daemon [_thread_in_native, id=65031, stack(0x00000009a96bc000,0x00000009a97bc000)]
  0x00007f9b2f1e2800 JavaThread "SyntheticaCleanerThread" daemon [_thread_blocked, id=65539, stack(0x00000009a9512000,0x00000009a9612000)]
  0x00007f9b30809800 JavaThread "File Watcher" daemon [_thread_blocked, id=62979, stack(0x00000009a696f000,0x00000009a6a6f000)]
  0x00007f9b32013000 JavaThread "Thread-1" daemon [_thread_in_native, id=60931, stack(0x00000009a686c000,0x00000009a696c000)]
  0x00007f9b2c01c000 JavaThread "AWT-EventQueue-0" [_thread_blocked, id=54787, stack(0x00000009a337f000,0x00000009a347f000)]
  0x00007f9b2f070800 JavaThread "Java2D Disposer" daemon [_thread_blocked, id=53763, stack(0x00000009a2c33000,0x00000009a2d33000)]
=>0x00007f9b2a1ef000 JavaThread "Java2D Queue Flusher" daemon [_thread_in_native, id=50695, stack(0x00000009a04fd000,0x00000009a05fd000)]
  0x00007f9b2a1de000 JavaThread "RequestProcessor queue manager" daemon [_thread_blocked, id=49159, stack(0x00000009a03fa000,0x00000009a04fa000)]
  0x00007f9b2d818800 JavaThread "AWT-Shutdown" [_thread_blocked, id=37123, stack(0x000000099d93f000,0x000000099da3f000)]
  0x00007f9b2b820800 JavaThread "AWT-AppKit" daemon [_thread_in_native, id=1799, stack(0x00007fff59f3b000,0x00007fff5a73b000)]
  0x00007f9b2c82d000 JavaThread "CLI Requests Server" daemon [_thread_in_native, id=31747, stack(0x000000099c356000,0x000000099c456000)]
  0x00007f9b3004e000 JavaThread "Active Reference Queue Daemon" daemon [_thread_blocked, id=31235, stack(0x000000099c253000,0x000000099c353000)]
  0x00007f9b2a08b800 JavaThread "Service Thread" daemon [_thread_blocked, id=30211, stack(0x000000099be37000,0x000000099bf37000)]
  0x00007f9b2a08a800 JavaThread "C2 CompilerThread1" daemon [_thread_blocked, id=29699, stack(0x000000099bd34000,0x000000099be34000)]
  0x00007f9b2a056000 JavaThread "C2 CompilerThread0" daemon [_thread_blocked, id=29187, stack(0x000000099bc31000,0x000000099bd31000)]
  0x00007f9b2a055000 JavaThread "Signal Dispatcher" daemon [_thread_blocked, id=28675, stack(0x000000099bb2e000,0x000000099bc2e000)]
  0x00007f9b2a054800 JavaThread "Finalizer" daemon [_thread_in_native, id=24067, stack(0x000000099b8f4000,0x000000099b9f4000)]
  0x00007f9b2a053800 JavaThread "Reference Handler" daemon [_thread_blocked, id=23555, stack(0x000000099b7f1000,0x000000099b8f1000)]

Other Threads:
  0x00007f9b2a051000 VMThread [stack: 0x000000099b6ee000,0x000000099b7ee000] [id=23043]
  0x00007f9b2a058000 WatcherThread [stack: 0x000000099bf3a000,0x000000099c03a000] [id=30723]

VM state:not at safepoint (normal execution)

VM Mutex/Monitor currently owned by a thread: None

Heap
 PSYoungGen      total 7116800K, used 1432953K [0x000000069e800000, 0x0000000943780000, 0x0000000949300000)
  eden space 5776384K, 1% used [0x000000069e800000,0x00000006a42b2e68,0x00000007ff100000)
  from space 1340416K, 99% used [0x00000007ff100000,0x0000000850dab8e8,0x0000000850e00000)
  to   space 2639360K, 0% used [0x00000008a2600000,0x00000008a2600000,0x0000000943780000)
 ParOldGen       total 13264896K, used 10977832K [0x0000000149300000, 0x0000000472d00000, 0x000000069e800000)
  object space 13264896K, 82% used [0x0000000149300000,0x00000003e738a170,0x0000000472d00000)
 PSPermGen       total 196608K, used 62103K [0x0000000109300000, 0x0000000115300000, 0x0000000149300000)
  object space 196608K, 31% used [0x0000000109300000,0x000000010cfa5fc0,0x0000000115300000)

Card table byte_map: [0x0000000949300000,0x000000094d501000] byte_map_base: 0x0000000948ab6800

Polling page: 0x0000000106191000

Code Cache  [0x0000000106227000, 0x0000000106817000, 0x0000000109227000)
 total_blobs=2854 nmethods=1859 adapters=947 free_code_cache=43255Kb largest_free_block=44170752

Compilation events (10 events):
Event: 1730.140 Thread 0x00007f9b2a056000 2046             sun.java2d.SunGraphics2D::validateColor (101 bytes)
Event: 1730.143 Thread 0x00007f9b2a056000 nmethod 2046 0x00000001067f6fd0 code [0x00000001067f7180, 0x00000001067f73d8]
Event: 1730.847 Thread 0x00007f9b2a08a800 2047             java.util.concurrent.locks.AbstractQueuedSynchronizer::compareAndSetTail (13 bytes)
Event: 1730.847 Thread 0x00007f9b2a08a800 nmethod 2047 0x00000001067df490 code [0x00000001067df5c0, 0x00000001067df638]
Event: 1747.565 Thread 0x00007f9b2a056000 2048 % !         java.util.concurrent.ThreadPoolExecutor::runWorker @ 21 (225 bytes)
Event: 1747.617 Thread 0x00007f9b2a056000 nmethod 2048% 0x00000001064d76d0 code [0x00000001064d7a80, 0x00000001064d9648]
Event: 1750.515 Thread 0x00007f9b2a08a800 2049             com.sun.media.jai.util.CaselessStringArrayTable::toCaselessStringKey (41 bytes)
Event: 1750.519 Thread 0x00007f9b2a08a800 nmethod 2049 0x00000001067f6950 code [0x00000001067f6ac0, 0x00000001067f6dc8]
Event: 1750.522 Thread 0x00007f9b2a056000 2050             com.sun.media.jai.util.CaselessStringArrayTable::<init> (58 bytes)
Event: 1750.527 Thread 0x00007f9b2a056000 nmethod 2050 0x00000001067f6210 code [0x00000001067f6380, 0x00000001067f6748]

GC Heap History (10 events):
Event: 181.534 GC heap before
{Heap before GC invocations=28 (full 10):
 PSYoungGen      total 8429056K, used 1688752K [0x000000069e800000, 0x0000000949300000, 0x0000000949300000)
  eden space 5951488K, 0% used [0x000000069e800000,0x000000069e800000,0x0000000809c00000)
  from space 2477568K, 68% used [0x00000008b1f80000,0x00000009190ac218,0x0000000949300000)
  to   space 2616832K, 0% used [0x0000000809c00000,0x0000000809c00000,0x00000008a9780000)
 ParOldGen       total 9210368K, used 8356925K [0x0000000149300000, 0x000000037b580000, 0x000000069e800000)
  object space 9210368K, 90% used [0x0000000149300000,0x000000034740f500,0x000000037b580000)
 PSPermGen       total 196608K, used 61955K [0x0000000109300000, 0x0000000115300000, 0x0000000149300000)
  object space 196608K, 31% used [0x0000000109300000,0x000000010cf80c78,0x0000000115300000)
Event: 183.451 GC heap after
Heap after GC invocations=28 (full 10):
 PSYoungGen      total 8429056K, used 799242K [0x000000069e800000, 0x0000000949300000, 0x0000000949300000)
  eden space 5951488K, 0% used [0x000000069e800000,0x000000069e800000,0x0000000809c00000)
  from space 2477568K, 32% used [0x00000008b1f80000,0x00000008e2c029a0,0x0000000949300000)
  to   space 2616832K, 0% used [0x0000000809c00000,0x0000000809c00000,0x00000008a9780000)
 ParOldGen       total 11233280K, used 9209597K [0x0000000149300000, 0x00000003f6d00000, 0x000000069e800000)
  object space 11233280K, 81% used [0x0000000149300000,0x000000037b4bf6e8,0x00000003f6d00000)
 PSPermGen       total 196608K, used 61954K [0x0000000109300000, 0x0000000115300000, 0x0000000149300000)
  object space 196608K, 31% used [0x0000000109300000,0x000000010cf80bb8,0x0000000115300000)
}
Event: 210.772 GC heap before
{Heap before GC invocations=29 (full 10):
 PSYoungGen      total 8429056K, used 6750730K [0x000000069e800000, 0x0000000949300000, 0x0000000949300000)
  eden space 5951488K, 100% used [0x000000069e800000,0x0000000809c00000,0x0000000809c00000)
  from space 2477568K, 32% used [0x00000008b1f80000,0x00000008e2c029a0,0x0000000949300000)
  to   space 2616832K, 0% used [0x0000000809c00000,0x0000000809c00000,0x00000008a9780000)
 ParOldGen       total 11233280K, used 9209597K [0x0000000149300000, 0x00000003f6d00000, 0x000000069e800000)
  object space 11233280K, 81% used [0x0000000149300000,0x000000037b4bf6e8,0x00000003f6d00000)
 PSPermGen       total 196608K, used 61964K [0x0000000109300000, 0x0000000115300000, 0x0000000149300000)
  object space 196608K, 31% used [0x0000000109300000,0x000000010cf83218,0x0000000115300000)
Event: 211.795 GC heap after
Heap after GC invocations=29 (full 10):
 PSYoungGen      total 7499776K, used 1547815K [0x000000069e800000, 0x0000000949300000, 0x0000000949300000)
  eden space 5951488K, 0% used [0x000000069e800000,0x000000069e800000,0x0000000809c00000)
  from space 1548288K, 99% used [0x0000000809c00000,0x0000000868389f68,0x0000000868400000)
  to   space 2668032K, 0% used [0x00000008a6580000,0x00000008a6580000,0x0000000949300000)
 ParOldGen       total 11233280K, used 9832859K [0x0000000149300000, 0x00000003f6d00000, 0x000000069e800000)
  object space 11233280K, 87% used [0x0000000149300000,0x00000003a1566e58,0x00000003f6d00000)
 PSPermGen       total 196608K, used 61964K [0x0000000109300000, 0x0000000115300000, 0x0000000149300000)
  object space 196608K, 31% used [0x0000000109300000,0x000000010cf83218,0x0000000115300000)
}
Event: 228.572 GC heap before
{Heap before GC invocations=30 (full 10):
 PSYoungGen      total 7499776K, used 7499303K [0x000000069e800000, 0x0000000949300000, 0x0000000949300000)
  eden space 5951488K, 100% used [0x000000069e800000,0x0000000809c00000,0x0000000809c00000)
  from space 1548288K, 99% used [0x0000000809c00000,0x0000000868389f68,0x0000000868400000)
  to   space 2668032K, 0% used [0x00000008a6580000,0x00000008a6580000,0x0000000949300000)
 ParOldGen       total 11233280K, used 9832859K [0x0000000149300000, 0x00000003f6d00000, 0x000000069e800000)
  object space 11233280K, 87% used [0x0000000149300000,0x00000003a1566e58,0x00000003f6d00000)
 PSPermGen       total 196608K, used 61964K [0x0000000109300000, 0x0000000115300000, 0x0000000149300000)
  object space 196608K, 31% used [0x0000000109300000,0x000000010cf83218,0x0000000115300000)
Event: 230.551 GC heap after
Heap after GC invocations=30 (full 10):
 PSYoungGen      total 8444416K, used 1563860K [0x000000069e800000, 0x0000000949300000, 0x0000000949300000)
  eden space 5776384K, 0% used [0x000000069e800000,0x000000069e800000,0x00000007ff100000)
  from space 2668032K, 58% used [0x00000008a6580000,0x0000000905cb5160,0x0000000949300000)
  to   space 2704384K, 0% used [0x00000007ff100000,0x00000007ff100000,0x00000008a4200000)
 ParOldGen       total 11233280K, used 11193847K [0x0000000149300000, 0x00000003f6d00000, 0x000000069e800000)
  object space 11233280K, 99% used [0x0000000149300000,0x00000003f467dc70,0x00000003f6d00000)
 PSPermGen       total 196608K, used 61964K [0x0000000109300000, 0x0000000115300000, 0x0000000149300000)
  object space 196608K, 31% used [0x0000000109300000,0x000000010cf83218,0x0000000115300000)
}
Event: 230.551 GC heap before
{Heap before GC invocations=31 (full 11):
 PSYoungGen      total 8444416K, used 1563860K [0x000000069e800000, 0x0000000949300000, 0x0000000949300000)
  eden space 5776384K, 0% used [0x000000069e800000,0x000000069e800000,0x00000007ff100000)
  from space 2668032K, 58% used [0x00000008a6580000,0x0000000905cb5160,0x0000000949300000)
  to   space 2704384K, 0% used [0x00000007ff100000,0x00000007ff100000,0x00000008a4200000)
 ParOldGen       total 11233280K, used 11193847K [0x0000000149300000, 0x00000003f6d00000, 0x000000069e800000)
  object space 11233280K, 99% used [0x0000000149300000,0x00000003f467dc70,0x00000003f6d00000)
 PSPermGen       total 196608K, used 61964K [0x0000000109300000, 0x0000000115300000, 0x0000000149300000)
  object space 196608K, 31% used [0x0000000109300000,0x000000010cf83218,0x0000000115300000)
Event: 232.136 GC heap after
Heap after GC invocations=31 (full 11):
 PSYoungGen      total 8444416K, used 0K [0x000000069e800000, 0x0000000949300000, 0x0000000949300000)
  eden space 5776384K, 0% used [0x000000069e800000,0x000000069e800000,0x00000007ff100000)
  from space 2668032K, 0% used [0x00000008a6580000,0x00000008a6580000,0x0000000949300000)
  to   space 2704384K, 0% used [0x00000007ff100000,0x00000007ff100000,0x00000008a4200000)
 ParOldGen       total 13264896K, used 10977832K [0x0000000149300000, 0x0000000472d00000, 0x000000069e800000)
  object space 13264896K, 82% used [0x0000000149300000,0x00000003e738a170,0x0000000472d00000)
 PSPermGen       total 196608K, used 61964K [0x0000000109300000, 0x0000000115300000, 0x0000000149300000)
  object space 196608K, 31% used [0x0000000109300000,0x000000010cf830f8,0x0000000115300000)
}
Event: 1753.511 GC heap before
{Heap before GC invocations=32 (full 11):
 PSYoungGen      total 8444416K, used 5776384K [0x000000069e800000, 0x0000000949300000, 0x0000000949300000)
  eden space 5776384K, 100% used [0x000000069e800000,0x00000007ff100000,0x00000007ff100000)
  from space 2668032K, 0% used [0x00000008a6580000,0x00000008a6580000,0x0000000949300000)
  to   space 2704384K, 0% used [0x00000007ff100000,0x00000007ff100000,0x00000008a4200000)
 ParOldGen       total 13264896K, used 10977832K [0x0000000149300000, 0x0000000472d00000, 0x000000069e800000)
  object space 13264896K, 82% used [0x0000000149300000,0x00000003e738a170,0x0000000472d00000)
 PSPermGen       total 196608K, used 62103K [0x0000000109300000, 0x0000000115300000, 0x0000000149300000)
  object space 196608K, 31% used [0x0000000109300000,0x000000010cfa5fc0,0x0000000115300000)
Event: 1753.820 GC heap after
Heap after GC invocations=32 (full 11):
 PSYoungGen      total 7116800K, used 1340078K [0x000000069e800000, 0x0000000943780000, 0x0000000949300000)
  eden space 5776384K, 0% used [0x000000069e800000,0x000000069e800000,0x00000007ff100000)
  from space 1340416K, 99% used [0x00000007ff100000,0x0000000850dab8e8,0x0000000850e00000)
  to   space 2639360K, 0% used [0x00000008a2600000,0x00000008a2600000,0x0000000943780000)
 ParOldGen       total 13264896K, used 10977832K [0x0000000149300000, 0x0000000472d00000, 0x000000069e800000)
  object space 13264896K, 82% used [0x0000000149300000,0x00000003e738a170,0x0000000472d00000)
 PSPermGen       total 196608K, used 62103K [0x0000000109300000, 0x0000000115300000, 0x0000000149300000)
  object space 196608K, 31% used [0x0000000109300000,0x000000010cfa5fc0,0x0000000115300000)
}

Deoptimization events (10 events):
Event: 992.409 Thread 0x00007f9b2c01c000 Uncommon trap: reason=null_check action=make_not_entrant pc=0x000000010652b60c method=sun.java2d.loops.ScaledBlit.locate(Lsun/java2d/loops/SurfaceType;Lsun/java2d/loops/CompositeType;Lsun/java2d/loops/SurfaceType;)Lsun/java2d/loops/ScaledBlit; @ 9
Event: 992.633 Thread 0x00007f9b2c4db800 Uncommon trap: reason=unreached action=reinterpret pc=0x000000010652be00 method=java.util.Objects.equals(Ljava/lang/Object;Ljava/lang/Object;)Z @ 2
Event: 993.570 Thread 0x00007f9b2c01c000 Uncommon trap: reason=class_check action=maybe_recompile pc=0x000000010659ec68 method=sun.awt.image.SurfaceManager.getImageScale(Ljava/awt/Image;)I @ 18
Event: 993.889 Thread 0x00007f9b37035000 Uncommon trap: reason=null_check action=make_not_entrant pc=0x00000001067c6f2c method=org.netbeans.modules.sampler.SamplesOutputStream.writeSample([Ljava/lang/management/ThreadInfo;JJ)V @ 96
Event: 1333.233 Thread 0x00007f9b21931000 Uncommon trap: reason=bimorphic action=maybe_recompile pc=0x00000001067bb310 method=java.util.AbstractSet.removeAll(Ljava/util/Collection;)Z @ 7
Event: 1333.234 Thread 0x00007f9b21931000 Uncommon trap: reason=bimorphic action=maybe_recompile pc=0x00000001067bb310 method=java.util.AbstractSet.removeAll(Ljava/util/Collection;)Z @ 7
Event: 1333.288 Thread 0x00007f9b2c01c000 Uncommon trap: reason=class_check action=maybe_recompile pc=0x00000001062fa090 method=java.util.regex.Pattern$Branch.study(Ljava/util/regex/Pattern$TreeInfo;)Z @ 57
Event: 1555.631 Thread 0x00007f9b2fb36800 Uncommon trap: reason=bimorphic action=maybe_recompile pc=0x00000001067bb310 method=java.util.AbstractSet.removeAll(Ljava/util/Collection;)Z @ 7
Event: 1555.631 Thread 0x00007f9b2fb36800 Uncommon trap: reason=bimorphic action=maybe_recompile pc=0x00000001067bb310 method=java.util.AbstractSet.removeAll(Ljava/util/Collection;)Z @ 7
Event: 1571.013 Thread 0x00007f9b2c01c000 Uncommon trap: reason=null_check action=make_not_entrant pc=0x000000010650b6cc method=java.awt.AWTEventMulticaster.getListenerCount(Ljava/util/EventListener;Ljava/lang/Class;)I @ 32

Internal exceptions (10 events):
Event: 1333.287 Thread 0x00007f9b21931000 Threw 0x00000006d193e6c0 at /HUDSON/workspace/7u-2-build-macosx-x86_64/jdk7u67/1368/hotspot/src/share/vm/prims/jvm.cpp:1244
Event: 1333.287 Thread 0x00007f9b21931000 Threw 0x00000006d1940e40 at /HUDSON/workspace/7u-2-build-macosx-x86_64/jdk7u67/1368/hotspot/src/share/vm/prims/jvm.cpp:1244
Event: 1554.232 Thread 0x00007f9b2fb36800 Threw 0x00000006d4c04510 at /HUDSON/workspace/7u-2-build-macosx-x86_64/jdk7u67/1368/hotspot/src/share/vm/prims/jvm.cpp:1244
Event: 1554.232 Thread 0x00007f9b2fb36800 Threw 0x00000006d4c06c90 at /HUDSON/workspace/7u-2-build-macosx-x86_64/jdk7u67/1368/hotspot/src/share/vm/prims/jvm.cpp:1244
Event: 1571.013 Thread 0x00007f9b2c01c000 Implicit null exception at 0x000000010650b52b to 0x000000010650b6bd
Event: 1599.023 Thread 0x00007f9b2fb36800 Threw 0x00000006d53c9208 at /HUDSON/workspace/7u-2-build-macosx-x86_64/jdk7u67/1368/hotspot/src/share/vm/prims/jvm.cpp:1244
Event: 1599.023 Thread 0x00007f9b2fb36800 Threw 0x00000006d53cb988 at /HUDSON/workspace/7u-2-build-macosx-x86_64/jdk7u67/1368/hotspot/src/share/vm/prims/jvm.cpp:1244
Event: 1720.592 Thread 0x00007f9b3211a000 Threw 0x00000006d9690120 at /HUDSON/workspace/7u-2-build-macosx-x86_64/jdk7u67/1368/hotspot/src/share/vm/prims/jvm.cpp:1244
Event: 1720.592 Thread 0x00007f9b3211a000 Threw 0x00000006d96928a0 at /HUDSON/workspace/7u-2-build-macosx-x86_64/jdk7u67/1368/hotspot/src/share/vm/prims/jvm.cpp:1244
Event: 1731.131 Thread 0x00007f9b320d4800 Threw 0x00000006da675ef8 at /HUDSON/workspace/7u-2-build-macosx-x86_64/jdk7u67/1368/hotspot/src/share/vm/prims/jvm.cpp:2917

Events (10 events):
Event: 1736.132 Executing VM operation: RevokeBias
Event: 1736.132 Executing VM operation: RevokeBias done
Event: 1736.133 Thread 0x00007f9b320d4800 Thread exited: 0x00007f9b320d4800
Event: 1749.633 Executing VM operation: RevokeBias
Event: 1749.633 Executing VM operation: RevokeBias done
Event: 1749.633 Thread 0x00007f9b21918000 Thread exited: 0x00007f9b21918000
Event: 1749.696 Thread 0x00007f9b37b25000 Thread added: 0x00007f9b37b25000
Event: 1753.511 Executing VM operation: ParallelGCFailedAllocation
Event: 1753.820 Executing VM operation: ParallelGCFailedAllocation done
Event: 1753.821 Thread 0x00007f9b210f0000 Thread added: 0x00007f9b210f0000


Dynamic libraries:
0x0000000006591000 	/System/Library/Frameworks/Cocoa.framework/Versions/A/Cocoa
0x0000000006591000 	/System/Library/Frameworks/Security.framework/Versions/A/Security
0x0000000006591000 	/System/Library/Frameworks/ApplicationServices.framework/Versions/A/ApplicationServices
0x0000000006591000 	/usr/lib/libz.1.dylib
0x0000000006591000 	/usr/lib/libSystem.B.dylib
0x0000000006591000 	/usr/lib/libobjc.A.dylib
0x0000000006591000 	/System/Library/Frameworks/CoreFoundation.framework/Versions/A/CoreFoundation
0x0000000006591000 	/System/Library/Frameworks/Foundation.framework/Versions/C/Foundation
0x0000000006591000 	/System/Library/Frameworks/AppKit.framework/Versions/C/AppKit
0x0000000006591000 	/System/Library/Frameworks/CoreData.framework/Versions/A/CoreData
0x0000000006591000 	/System/Library/PrivateFrameworks/RemoteViewServices.framework/Versions/A/RemoteViewServices
0x0000000006591000 	/System/Library/Frameworks/AudioToolbox.framework/Versions/A/AudioToolbox
0x0000000006591000 	/System/Library/Frameworks/AudioUnit.framework/Versions/A/AudioUnit
0x0000000006591000 	/System/Library/PrivateFrameworks/DataDetectorsCore.framework/Versions/A/DataDetectorsCore
0x0000000006591000 	/System/Library/PrivateFrameworks/DesktopServicesPriv.framework/Versions/A/DesktopServicesPriv
0x0000000006591000 	/System/Library/Frameworks/Carbon.framework/Versions/A/Frameworks/HIToolbox.framework/Versions/A/HIToolbox
0x0000000006591000 	/System/Library/Frameworks/QuartzCore.framework/Versions/A/QuartzCore
0x0000000006591000 	/System/Library/Frameworks/Carbon.framework/Versions/A/Frameworks/SpeechRecognition.framework/Versions/A/SpeechRecognition
0x0000000006591000 	/usr/lib/libauto.dylib
0x0000000006591000 	/usr/lib/libicucore.A.dylib
0x0000000006591000 	/usr/lib/libxml2.2.dylib
0x0000000006591000 	/System/Library/PrivateFrameworks/CoreUI.framework/Versions/A/CoreUI
0x0000000006591000 	/System/Library/Frameworks/CoreAudio.framework/Versions/A/CoreAudio
0x0000000006591000 	/System/Library/Frameworks/DiskArbitration.framework/Versions/A/DiskArbitration
0x0000000006591000 	/usr/lib/liblangid.dylib
0x0000000006591000 	/System/Library/PrivateFrameworks/MultitouchSupport.framework/Versions/A/MultitouchSupport
0x0000000006591000 	/System/Library/Frameworks/IOKit.framework/Versions/A/IOKit
0x0000000006591000 	/usr/lib/libDiagnosticMessagesClient.dylib
0x0000000006591000 	/System/Library/Frameworks/CoreServices.framework/Versions/A/CoreServices
0x0000000006591000 	/System/Library/PrivateFrameworks/PerformanceAnalysis.framework/Versions/A/PerformanceAnalysis
0x0000000006591000 	/System/Library/PrivateFrameworks/GenerationalStorage.framework/Versions/A/GenerationalStorage
0x0000000006591000 	/System/Library/Frameworks/OpenGL.framework/Versions/A/OpenGL
0x0000000006591000 	/System/Library/Frameworks/CoreText.framework/Versions/A/CoreText
0x0000000006591000 	/System/Library/Frameworks/ImageIO.framework/Versions/A/ImageIO
0x0000000006591000 	/System/Library/PrivateFrameworks/Backup.framework/Versions/A/Backup
0x0000000006591000 	/System/Library/Frameworks/CFNetwork.framework/Versions/A/CFNetwork
0x0000000006591000 	/System/Library/Frameworks/SystemConfiguration.framework/Versions/A/SystemConfiguration
0x0000000006591000 	/usr/lib/libCRFSuite.dylib
0x0000000006591000 	/System/Library/PrivateFrameworks/TCC.framework/Versions/A/TCC
0x0000000006591000 	/usr/lib/libc++.1.dylib
0x0000000006591000 	/usr/lib/libc++abi.dylib
0x0000000006591000 	/usr/lib/system/libcache.dylib
0x0000000006591000 	/usr/lib/system/libcommonCrypto.dylib
0x0000000006591000 	/usr/lib/system/libcompiler_rt.dylib
0x0000000006591000 	/usr/lib/system/libcopyfile.dylib
0x0000000006591000 	/usr/lib/system/libdispatch.dylib
0x0000000006591000 	/usr/lib/system/libdnsinfo.dylib
0x0000000006591000 	/usr/lib/system/libdyld.dylib
0x0000000006591000 	/usr/lib/system/libkeymgr.dylib
0x0000000006591000 	/usr/lib/system/liblaunch.dylib
0x0000000006591000 	/usr/lib/system/libmacho.dylib
0x0000000006591000 	/usr/lib/system/libquarantine.dylib
0x0000000006591000 	/usr/lib/system/libremovefile.dylib
0x0000000006591000 	/usr/lib/system/libsystem_blocks.dylib
0x0000000006591000 	/usr/lib/system/libsystem_c.dylib
0x0000000006591000 	/usr/lib/system/libsystem_dnssd.dylib
0x0000000006591000 	/usr/lib/system/libsystem_info.dylib
0x0000000006591000 	/usr/lib/system/libsystem_kernel.dylib
0x0000000006591000 	/usr/lib/system/libsystem_m.dylib
0x0000000006591000 	/usr/lib/system/libsystem_network.dylib
0x0000000006591000 	/usr/lib/system/libsystem_notify.dylib
0x0000000006591000 	/usr/lib/system/libsystem_sandbox.dylib
0x0000000006591000 	/usr/lib/system/libunc.dylib
0x0000000006591000 	/usr/lib/system/libunwind.dylib
0x0000000006591000 	/usr/lib/system/libxpc.dylib
0x0000000006591000 	/usr/lib/system/libcorecrypto.dylib
0x0000000006591000 	/usr/lib/libstdc++.6.dylib
0x0000000006591000 	/usr/lib/libbsm.0.dylib
0x0000000006591000 	/usr/lib/libsqlite3.dylib
0x0000000006591000 	/usr/lib/libxar.1.dylib
0x0000000006591000 	/usr/lib/libpam.2.dylib
0x0000000006591000 	/usr/lib/libOpenScriptingUtil.dylib
0x0000000006591000 	/usr/lib/libbz2.1.0.dylib
0x0000000006591000 	/System/Library/Frameworks/CoreServices.framework/Versions/A/Frameworks/CarbonCore.framework/Versions/A/CarbonCore
0x0000000006591000 	/System/Library/Frameworks/CoreServices.framework/Versions/A/Frameworks/Metadata.framework/Versions/A/Metadata
0x0000000006591000 	/System/Library/Frameworks/CoreServices.framework/Versions/A/Frameworks/OSServices.framework/Versions/A/OSServices
0x0000000006591000 	/System/Library/Frameworks/CoreServices.framework/Versions/A/Frameworks/SearchKit.framework/Versions/A/SearchKit
0x0000000006591000 	/System/Library/Frameworks/CoreServices.framework/Versions/A/Frameworks/AE.framework/Versions/A/AE
0x0000000006591000 	/System/Library/Frameworks/CoreServices.framework/Versions/A/Frameworks/LaunchServices.framework/Versions/A/LaunchServices
0x0000000006591000 	/System/Library/Frameworks/CoreServices.framework/Versions/A/Frameworks/DictionaryServices.framework/Versions/A/DictionaryServices
0x0000000006591000 	/System/Library/Frameworks/NetFS.framework/Versions/A/NetFS
0x0000000006591000 	/usr/lib/system/libkxld.dylib
0x0000000006591000 	/System/Library/PrivateFrameworks/NetAuth.framework/Versions/A/NetAuth
0x0000000006591000 	/System/Library/Frameworks/OpenDirectory.framework/Versions/A/Frameworks/CFOpenDirectory.framework/Versions/A/CFOpenDirectory
0x0000000006591000 	/usr/lib/libxslt.1.dylib
0x0000000006591000 	/System/Library/PrivateFrameworks/FamilyControls.framework/Versions/A/FamilyControls
0x0000000006591000 	/System/Library/Frameworks/Carbon.framework/Versions/A/Frameworks/Ink.framework/Versions/A/Ink
0x0000000006591000 	/System/Library/Frameworks/ApplicationServices.framework/Versions/A/Frameworks/CoreGraphics.framework/Versions/A/CoreGraphics
0x0000000006591000 	/System/Library/Frameworks/ApplicationServices.framework/Versions/A/Frameworks/ATS.framework/Versions/A/ATS
0x0000000006591000 	/System/Library/Frameworks/ApplicationServices.framework/Versions/A/Frameworks/ColorSync.framework/Versions/A/ColorSync
0x0000000006591000 	/System/Library/Frameworks/ApplicationServices.framework/Versions/A/Frameworks/HIServices.framework/Versions/A/HIServices
0x0000000006591000 	/System/Library/Frameworks/ApplicationServices.framework/Versions/A/Frameworks/LangAnalysis.framework/Versions/A/LangAnalysis
0x0000000006591000 	/System/Library/Frameworks/ApplicationServices.framework/Versions/A/Frameworks/PrintCore.framework/Versions/A/PrintCore
0x0000000006591000 	/System/Library/Frameworks/ApplicationServices.framework/Versions/A/Frameworks/QD.framework/Versions/A/QD
0x0000000006591000 	/System/Library/Frameworks/ApplicationServices.framework/Versions/A/Frameworks/SpeechSynthesis.framework/Versions/A/SpeechSynthesis
0x0000000006591000 	/System/Library/Frameworks/IOSurface.framework/Versions/A/IOSurface
0x0000000006591000 	/System/Library/Frameworks/Accelerate.framework/Versions/A/Accelerate
0x0000000006591000 	/System/Library/Frameworks/ApplicationServices.framework/Versions/A/Frameworks/ATS.framework/Versions/A/Resources/libFontParser.dylib
0x0000000006591000 	/System/Library/Frameworks/ApplicationServices.framework/Versions/A/Frameworks/ATS.framework/Versions/A/Resources/libFontRegistry.dylib
0x0000000006591000 	/System/Library/Frameworks/Accelerate.framework/Versions/A/Frameworks/vImage.framework/Versions/A/vImage
0x0000000006591000 	/System/Library/Frameworks/Accelerate.framework/Versions/A/Frameworks/vecLib.framework/Versions/A/vecLib
0x0000000006591000 	/System/Library/Frameworks/Accelerate.framework/Versions/A/Frameworks/vecLib.framework/Versions/A/libvDSP.dylib
0x0000000006591000 	/System/Library/Frameworks/Accelerate.framework/Versions/A/Frameworks/vecLib.framework/Versions/A/libvMisc.dylib
0x0000000006591000 	/System/Library/Frameworks/Accelerate.framework/Versions/A/Frameworks/vecLib.framework/Versions/A/libLAPACK.dylib
0x0000000006591000 	/System/Library/Frameworks/Accelerate.framework/Versions/A/Frameworks/vecLib.framework/Versions/A/libBLAS.dylib
0x0000000006591000 	/System/Library/Frameworks/ImageIO.framework/Versions/A/Resources/libJPEG.dylib
0x0000000006591000 	/System/Library/Frameworks/ImageIO.framework/Versions/A/Resources/libTIFF.dylib
0x0000000006591000 	/System/Library/Frameworks/ImageIO.framework/Versions/A/Resources/libPng.dylib
0x0000000006591000 	/System/Library/Frameworks/ImageIO.framework/Versions/A/Resources/libGIF.dylib
0x0000000006591000 	/System/Library/Frameworks/ImageIO.framework/Versions/A/Resources/libJP2.dylib
0x0000000006591000 	/System/Library/Frameworks/ImageIO.framework/Versions/A/Resources/libRadiance.dylib
0x0000000006591000 	/usr/lib/libcups.2.dylib
0x0000000006591000 	/System/Library/Frameworks/Kerberos.framework/Versions/A/Kerberos
0x0000000006591000 	/System/Library/Frameworks/GSS.framework/Versions/A/GSS
0x0000000006591000 	/usr/lib/libresolv.9.dylib
0x0000000006591000 	/usr/lib/libiconv.2.dylib
0x0000000006591000 	/System/Library/PrivateFrameworks/Heimdal.framework/Versions/A/Heimdal
0x0000000006591000 	/System/Library/PrivateFrameworks/TrustEvaluationAgent.framework/Versions/A/TrustEvaluationAgent
0x0000000006591000 	/System/Library/Frameworks/OpenDirectory.framework/Versions/A/OpenDirectory
0x0000000006591000 	/System/Library/PrivateFrameworks/CommonAuth.framework/Versions/A/CommonAuth
0x0000000006591000 	/System/Library/PrivateFrameworks/Bom.framework/Versions/A/Bom
0x0000000006591000 	/System/Library/Frameworks/CoreVideo.framework/Versions/A/CoreVideo
0x0000000006591000 	/System/Library/Frameworks/QuartzCore.framework/Versions/A/Frameworks/CoreImage.framework/Versions/A/CoreImage
0x0000000006591000 	/System/Library/Frameworks/QuartzCore.framework/Versions/A/Frameworks/ScalableUserInterface.framework/Versions/A/ScalableUserInterface
0x0000000006591000 	/System/Library/Frameworks/OpenGL.framework/Versions/A/Libraries/libGLU.dylib
0x0000000006591000 	/System/Library/Frameworks/OpenGL.framework/Versions/A/Libraries/libGFXShared.dylib
0x0000000006591000 	/System/Library/Frameworks/OpenGL.framework/Versions/A/Libraries/libGL.dylib
0x0000000006591000 	/System/Library/Frameworks/OpenGL.framework/Versions/A/Libraries/libGLImage.dylib
0x0000000006591000 	/System/Library/Frameworks/OpenGL.framework/Versions/A/Libraries/libCVMSPluginSupport.dylib
0x0000000006591000 	/System/Library/Frameworks/OpenGL.framework/Versions/A/Libraries/libCoreVMClient.dylib
0x0000000006591000 	/System/Library/PrivateFrameworks/CrashReporterSupport.framework/Versions/A/CrashReporterSupport
0x0000000006591000 	/System/Library/Frameworks/OpenCL.framework/Versions/A/OpenCL
0x0000000006591000 	/System/Library/PrivateFrameworks/FaceCoreLight.framework/Versions/A/FaceCoreLight
0x0000000006591000 	/System/Library/PrivateFrameworks/AppleFSCompression.framework/Versions/A/AppleFSCompression
0x0000000006591000 	/System/Library/PrivateFrameworks/Ubiquity.framework/Versions/A/Ubiquity
0x0000000006591000 	/System/Library/Frameworks/ServiceManagement.framework/Versions/A/ServiceManagement
0x0000000006591000 	/System/Library/PrivateFrameworks/ChunkingLibrary.framework/Versions/A/ChunkingLibrary
0x0000000006591000 	/System/Library/Frameworks/vecLib.framework/Versions/A/vecLib
0x0000000006591000 	/System/Library/Frameworks/SecurityFoundation.framework/Versions/A/SecurityFoundation
0x0000000006591000 	/System/Library/PrivateFrameworks/CommerceKit.framework/Versions/A/Frameworks/CommerceCore.framework/Versions/A/CommerceCore
0x0000000006591000 	/System/Library/PrivateFrameworks/CoreSymbolication.framework/Versions/A/CoreSymbolication
0x0000000006591000 	/System/Library/PrivateFrameworks/Symbolication.framework/Versions/A/Symbolication
0x0000000006591000 	/System/Library/PrivateFrameworks/DebugSymbols.framework/Versions/A/DebugSymbols
0x00000001055f2000 	/Library/Java/JavaVirtualMachines/jdk1.7.0_67.jdk/Contents/Home/jre/lib/server/libjvm.dylib
0x0000000106154000 	/Library/Java/JavaVirtualMachines/jdk1.7.0_67.jdk/Contents/Home/jre/lib/libverify.dylib
0x0000000106161000 	/Library/Java/JavaVirtualMachines/jdk1.7.0_67.jdk/Contents/Home/jre/lib/libjava.dylib
0x000000010621e000 	/Library/Java/JavaVirtualMachines/jdk1.7.0_67.jdk/Contents/Home/jre/lib/libzip.dylib
0x000000099b9f6000 	/System/Library/Frameworks/JavaVM.framework/Frameworks/JavaRuntimeSupport.framework/JavaRuntimeSupport
0x00000001092ea000 	/System/Library/Frameworks/JavaVM.framework/Versions/A/Frameworks/JavaNativeFoundation.framework/Versions/A/JavaNativeFoundation
0x000000099ba0e000 	/System/Library/Frameworks/JavaVM.framework/Versions/A/JavaVM
0x0000000006591000 	/System/Library/Frameworks/Carbon.framework/Versions/A/Carbon
0x000000099ba1b000 	/System/Library/PrivateFrameworks/JavaLaunching.framework/Versions/A/JavaLaunching
0x0000000006591000 	/System/Library/Frameworks/Carbon.framework/Versions/A/Frameworks/CommonPanels.framework/Versions/A/CommonPanels
0x0000000006591000 	/System/Library/Frameworks/Carbon.framework/Versions/A/Frameworks/Help.framework/Versions/A/Help
0x0000000006591000 	/System/Library/Frameworks/Carbon.framework/Versions/A/Frameworks/ImageCapture.framework/Versions/A/ImageCapture
0x0000000006591000 	/System/Library/Frameworks/Carbon.framework/Versions/A/Frameworks/OpenScripting.framework/Versions/A/OpenScripting
0x0000000006591000 	/System/Library/Frameworks/Carbon.framework/Versions/A/Frameworks/Print.framework/Versions/A/Print
0x0000000006591000 	/System/Library/Frameworks/Carbon.framework/Versions/A/Frameworks/SecurityHI.framework/Versions/A/SecurityHI
0x000000099c095000 	/Library/Java/JavaVirtualMachines/jdk1.7.0_67.jdk/Contents/Home/jre/lib/libnio.dylib
0x000000099c0a4000 	/Library/Java/JavaVirtualMachines/jdk1.7.0_67.jdk/Contents/Home/jre/lib/./libnet.dylib
0x000000099c45b000 	/Library/Java/JavaVirtualMachines/jdk1.7.0_67.jdk/Contents/Home/jre/lib/libawt.dylib
0x000000099c50a000 	/Library/Java/JavaVirtualMachines/jdk1.7.0_67.jdk/Contents/Home/jre/lib/./libmlib_image.dylib
0x000000099c5d6000 	/Library/Java/JavaVirtualMachines/jdk1.7.0_67.jdk/Contents/Home/jre/lib/lwawt/liblwawt.dylib
0x000000099c68a000 	/Library/Java/JavaVirtualMachines/jdk1.7.0_67.jdk/Contents/Home/jre/lib/libosxapp.dylib
0x000000099c6a6000 	/System/Library/Frameworks/ExceptionHandling.framework/Versions/A/ExceptionHandling
0x0000000006591000 	/System/Library/PrivateFrameworks/CoreServicesInternal.framework/Versions/A/CoreServicesInternal
0x0000000006591000 	/System/Library/PrivateFrameworks/Librarian.framework/Versions/A/Librarian
0x0000000006591000 	/System/Library/Frameworks/ApplicationServices.framework/Versions/A/Frameworks/CoreGraphics.framework/Versions/A/Resources/libCSync.A.dylib
0x0000000006591000 	/System/Library/Frameworks/ApplicationServices.framework/Versions/A/Frameworks/CoreGraphics.framework/Versions/A/Resources/libRIP.A.dylib
0x0000000006591000 	/System/Library/Frameworks/ApplicationServices.framework/Versions/A/Frameworks/CoreGraphics.framework/Versions/A/Resources/libCGXType.A.dylib
0x00000009a05ff000 	/System/Library/Frameworks/OpenGL.framework/Resources/GLEngine.bundle/GLEngine
0x00000009a07f4000 	/System/Library/Frameworks/OpenGL.framework/Versions/A/Libraries/libGLProgrammability.dylib
0x00000007a099c000 	/System/Library/Extensions/GeForceGLDriver.bundle/Contents/MacOS/GeForceGLDriver
0x000000099e81f000 	/System/Library/PrivateFrameworks/GPUSupport.framework/Versions/A/Libraries/libGPUSupport.dylib
0x0000000006591000 	/System/Library/Extensions/GeForceGLDriver.bundle/Contents/MacOS/libclh.dylib
0x00000009a257f000 	/System/Library/Frameworks/OpenGL.framework/Resources//GLRendererFloat.bundle/GLRendererFloat
0x00000009a25b3000 	/System/Library/Frameworks/OpenCL.framework/Versions/A/Libraries/libcldcpuengine.dylib
0x0000000006591000 	/System/Library/PrivateFrameworks/DiskImages.framework/Versions/A/DiskImages
0x0000000006591000 	/System/Library/Frameworks/DiscRecording.framework/Versions/A/DiscRecording
0x0000000006591000 	/usr/lib/libcurl.4.dylib
0x0000000006591000 	/System/Library/PrivateFrameworks/MediaKit.framework/Versions/A/MediaKit
0x0000000006591000 	/usr/lib/libssl.0.9.8.dylib
0x0000000006591000 	/usr/lib/libcrypto.0.9.8.dylib
0x0000000006591000 	/System/Library/Frameworks/LDAP.framework/Versions/A/LDAP
0x0000000006591000 	/usr/lib/libsasl2.2.dylib
0x00000009a3317000 	/Library/Java/JavaVirtualMachines/jdk1.7.0_67.jdk/Contents/Home/jre/lib/libfontmanager.dylib
0x00000009a5001000 	/Library/Java/JavaVirtualMachines/jdk1.7.0_67.jdk/Contents/Home/jre/lib/libjpeg.dylib
0x00000009a60c8000 	/Applications/NetBeans/NetBeans 7.4.app/Contents/Resources/NetBeans/platform/modules/lib/libjnidispatch-340.jnilib
0x000000099c176000 	/Library/Java/JavaVirtualMachines/jdk1.7.0_67.jdk/Contents/Home/jre/lib/libosxui.dylib
0x000000099c139000 	/private/var/folders/jd/hvc_ck5j7n79vc6fpd9wkp845p3dj9/T/jogamp_0000/file_cache/jln1849984563863882959/jln4539012849314053697/libgluegen-rt.jnilib
0x000000099c13d000 	/private/var/folders/jd/hvc_ck5j7n79vc6fpd9wkp845p3dj9/T/jogamp_0000/file_cache/jln1849984563863882959/jln4539012849314053697/libnativewindow_awt.jnilib
0x000000099c140000 	/Library/Java/JavaVirtualMachines/jdk1.7.0_67.jdk/Contents/Home/jre/lib/libjawt.dylib
0x000000099c143000 	/private/var/folders/jd/hvc_ck5j7n79vc6fpd9wkp845p3dj9/T/jogamp_0000/file_cache/jln1849984563863882959/jln4539012849314053697/libnativewindow_macosx.jnilib
0x00000009ab006000 	/private/var/folders/jd/hvc_ck5j7n79vc6fpd9wkp845p3dj9/T/jogamp_0000/file_cache/jln1849984563863882959/jln4539012849314053697/libjogl_desktop.jnilib
0x0000000006591000 	/System/Library/CoreServices/RawCamera.bundle/Contents/MacOS/RawCamera
0x0000000006591000 	/System/Library/Frameworks/ApplicationServices.framework/Versions/A/Frameworks/ATS.framework/Versions/A/Resources/libTrueTypeScaler.dylib
0x00000009a502e000 	/Library/Java/JavaVirtualMachines/jdk1.7.0_67.jdk/Contents/Home/jre/lib/libdcpr.dylib
0x00000009a316a000 	/Library/Java/JavaVirtualMachines/jdk1.7.0_67.jdk/Contents/Home/jre/lib/libmanagement.dylib
0x00000009a44b8000 	/Library/Java/JavaVirtualMachines/jdk1.7.0_67.jdk/Contents/Home/jre/lib/libosx.dylib

VM Arguments:
jvm_args: -Djdk.home=/Library/Java/JavaVirtualMachines/jdk1.7.0_67.jdk/Contents/Home -Dnetbeans.dirs=/Users/fosterl/gitfiles/master/janelia-workstation/ConsoleApplication/build/cluster:/Applications/NetBeans/NetBeans 7.4.app/Contents/Resources/NetBeans/platform -Dnetbeans.home=/Applications/NetBeans/NetBeans 7.4.app/Contents/Resources/NetBeans/platform -Dnetbeans.logger.console=true -ea -Dapple.awt.brushMetalLook=false -XX:PermSize=192m -XX:MaxPermSize=1024m -Xms1024m -Xmx32768m -Dnetbeans.exception.report.min.level=9999 -Dnb.forceui=de.javasoft.synthetica.netbeans.SyntheticaLFCustoms -Dplugin.manager.check.interval=EVERY_DAY -Dplugin.manager.check.new.plugins=true -XX:+HeapDumpOnOutOfMemoryError -XX:HeapDumpPath=/Users/fosterl/gitfiles/master/janelia-workstation/ConsoleApplication/ConsoleModule/../build/testuserdir/var/log/heapdump.hprof 
java_command: org.netbeans.Main --cachedir /Users/fosterl/gitfiles/master/janelia-workstation/ConsoleApplication/ConsoleModule/../build/testuserdir/var/cache --userdir /Users/fosterl/gitfiles/master/janelia-workstation/ConsoleApplication/ConsoleModule/../build/testuserdir --branding janeliaws
Launcher Type: SUN_STANDARD

Environment Variables:
PATH=/usr/bin:/bin:/usr/sbin:/sbin
LD_LIBRARY_PATH=/Library/Java/JavaVirtualMachines/jdk1.7.0_67.jdk/Contents/Home/jre/lib/amd64:/Library/Java/JavaVirtualMachines/jdk1.7.0_67.jdk/Contents/Home/jre/lib/i386:/Library/Java/JavaVirtualMachines/jdk1.7.0_67.jdk/Contents/Home/jre/lib/amd64:/Library/Java/JavaVirtualMachines/jdk1.7.0_67.jdk/Contents/Home/jre/lib/i386:
SHELL=/bin/bash
DISPLAY=/tmp/launch-hLo9Zp/org.macosforge.xquartz:0
DYLD_LIBRARY_PATH=/Applications/NetBeans/NetBeans 7.4.app/Contents/Resources/NetBeans/webcommon/bin:

Signal Handlers:
SIGSEGV: [libjvm.dylib+0x52b6c9], sa_mask[0]=0xfffefeff, sa_flags=0x00000043
SIGBUS: [libjvm.dylib+0x52b6c9], sa_mask[0]=0xfffefeff, sa_flags=0x00000042
SIGFPE: [libjvm.dylib+0x41deaa], sa_mask[0]=0xfffefeff, sa_flags=0x00000042
SIGPIPE: [libjvm.dylib+0x41deaa], sa_mask[0]=0xfffefeff, sa_flags=0x00000042
SIGXFSZ: [libjvm.dylib+0x41deaa], sa_mask[0]=0xfffefeff, sa_flags=0x00000042
SIGILL: [libjvm.dylib+0x41deaa], sa_mask[0]=0xfffefeff, sa_flags=0x00000042
SIGUSR1: SIG_DFL, sa_mask[0]=0x00000000, sa_flags=0x00000002
SIGUSR2: [libjvm.dylib+0x41d99c], sa_mask[0]=0x00000004, sa_flags=0x00000042
SIGHUP: [libjvm.dylib+0x41bc2d], sa_mask[0]=0xfffefeff, sa_flags=0x00000042
SIGINT: SIG_IGN, sa_mask[0]=0x00000000, sa_flags=0x00000000
SIGTERM: [libjvm.dylib+0x41bc2d], sa_mask[0]=0xfffefeff, sa_flags=0x00000042
SIGQUIT: [libjvm.dylib+0x41bc2d], sa_mask[0]=0xfffefeff, sa_flags=0x00000042


---------------  S Y S T E M  ---------------

OS:Bsduname:Darwin 12.5.0 Darwin Kernel Version 12.5.0: Sun Sep 29 13:33:47 PDT 2013; root:xnu-2050.48.12~1/RELEASE_X86_64 x86_64
rlimit: STACK 8192k, CORE 0k, NPROC 709, NOFILE 10240, AS infinity
load average:1.48 1.27 1.45

CPU:total 24 (6 cores per cpu, 2 threads per core) family 6 model 44 stepping 2, cmov, cx8, fxsr, mmx, sse, sse2, sse3, ssse3, sse4.1, sse4.2, popcnt, aes, ht, tsc, tscinvbit, tscinv

Memory: 4k page, physical 67108864k(16777216k free)

/proc/meminfo:


vm_info: Java HotSpot(TM) 64-Bit Server VM (24.65-b04) for bsd-amd64 JRE (1.7.0_67-b01), built on Jul 25 2014 08:51:51 by "java_re" with gcc 4.2.1 (Based on Apple Inc. build 5658) (LLVM build 2336.11.00)

time: Mon Oct  6 11:55:48 2014
elapsed time: 1753 seconds

