2014-04-01 15:26:56,853 [On Start/Stop] INFO [org.janelia.it.FlyWorkstation.gui.application.ConsoleApp] Java version: 1.7.0_51
2014-04-01 15:26:56,858 [On Start/Stop] WARN [org.janelia.it.FlyWorkstation.gui.application.ConsoleApp] No splash screen image configured
2014-04-01 15:26:56,877 [On Start/Stop] INFO [org.janelia.it.FlyWorkstation.api.entity_model.management.ModelMgr] Initializing Model Manager
2014-04-01 15:26:56,877 [On Start/Stop] INFO [org.janelia.it.FlyWorkstation.api.entity_model.management.ModelMgr] ModelMgr c'tor from  sun.misc.Launcher$AppClassLoader@7f1f91ac/SystemClassLoader[52 modules] in thread Thread[On Start/Stop,1,system]
2014-04-01 15:26:56,957 [On Start/Stop] INFO [org.janelia.it.FlyWorkstation.api.entity_model.management.ModelMgr] Successfully initialized
2014-04-01 15:26:56,959 [On Start/Stop] INFO [org.janelia.it.FlyWorkstation.gui.framework.session_mgr.SessionMgr] Initializing Session Manager
2014-04-01 15:26:56,960 [On Start/Stop] INFO [org.janelia.it.FlyWorkstation.gui.framework.session_mgr.SessionMgr] Renamed settings directory and files.
2014-04-01 15:26:57,022 [On Start/Stop] INFO [org.janelia.it.FlyWorkstation.api.facade.concrete_facade.ejb.EJBFactory] Using interactive server: jnp://jacs:1199
2014-04-01 15:26:57,022 [On Start/Stop] INFO [org.janelia.it.FlyWorkstation.api.facade.concrete_facade.ejb.EJBFactory] Using pipeline server: jnp://jacs-data:1199
2014-04-01 15:26:57,023 [On Start/Stop] INFO [org.janelia.it.FlyWorkstation.shared.filestore.PathTranslator] Using JACS data path: /Volumes/jacsData
2014-04-01 15:26:57,175 [On Start/Stop] INFO [org.janelia.it.FlyWorkstation.shared.util.filecache.LocalFileCache] <init>: exit
2014-04-01 15:26:57,175 [local-file-cache-load-thread] INFO [org.janelia.it.FlyWorkstation.shared.util.filecache.LocalFileCache] loadCacheFromFilesystem: starting load
2014-04-01 15:26:57,176 [On Start/Stop] INFO [org.janelia.it.FlyWorkstation.gui.framework.session_mgr.SessionMgr] Using 2d renderer: IMAGE_IO
2014-04-01 15:26:57,369 [On Start/Stop] INFO [org.eclipse.jetty.server.Server] jetty-8.y.z-SNAPSHOT
2014-04-01 15:26:57,413 [On Start/Stop] INFO [org.eclipse.jetty.server.AbstractConnector] Started SelectChannelConnector@0.0.0.0:40001
2014-04-01 15:26:58,004 [On Start/Stop] INFO [org.janelia.it.FlyWorkstation.shared.util.filecache.WebDavClient] setCredentials: entry, userName=fosterl
2014-04-01 15:26:58,004 [On Start/Stop] INFO [org.janelia.it.FlyWorkstation.gui.framework.session_mgr.SessionMgr] Authenticated as user:fosterl
2014-04-01 15:26:58,018 [On Start/Stop] INFO [org.janelia.it.FlyWorkstation.gui.application.ConsoleApp] Successfully logged in user fosterl
2014-04-01 15:26:58,171 [local-file-cache-load-thread] INFO [org.janelia.it.FlyWorkstation.shared.util.filecache.LocalFileLoader] no unregistered files found in local cache
2014-04-01 15:26:58,466 [local-file-cache-load-thread] INFO [org.janelia.it.FlyWorkstation.shared.util.filecache.LocalFileCache] loadCacheFromFilesystem: loaded 1910 files into LocalFileCache{rootDirectory=/Users/fosterl/.JaneliaWorkstationSuite/Console/.jacs-file-cache, kilobyteCapacity=52428800}, 1% full (546381/52428800 kilobytes)
2014-04-01 15:26:59,409 [On Start/Stop] INFO [org.janelia.it.FlyWorkstation.gui.dialogs.GiantFiberSearchDialog] Begin loading
2014-04-01 15:26:59,431 [On Start/Stop] INFO [org.janelia.it.FlyWorkstation.gui.dialogs.MAASearchDialog] Begin loading
2014-04-01 15:26:59,638 [On Start/Stop] INFO [org.janelia.it.FlyWorkstation.gui.framework.tool_manager.ToolMgr] Base root executable path: file:/Users/fosterl/NetBeansProjects/alignment_board_LLF/janelia-workstation/ConsoleApplication/build/cluster/modules/org-janelia-it-FlyWorkstation-nb_action.jar!/
2014-04-01 15:26:59,640 [AWT-EventQueue-0] INFO [org.janelia.it.FlyWorkstation.gui.framework.outline.EntityDetailsOutline] Activating
2014-04-01 15:26:59,681 [AWT-EventQueue-0] INFO [org.janelia.it.FlyWorkstation.gui.framework.outline.EntityOutline] Activating
2014-04-01 15:26:59,786 [AWT-EventQueue-0] INFO [org.janelia.it.FlyWorkstation.gui.framework.console.Browser] Setting perspective: ImageBrowser
2014-04-01 15:26:59,948 [AWT-EventQueue-0] WARN [org.janelia.it.FlyWorkstation.gui.framework.console.ToolsMenuModifier] Failed to find menu bar from main frame.
2014-04-01 15:27:01,622 [AWT-EventQueue-0] INFO [org.janelia.it.FlyWorkstation.gui.dialogs.MAASearchDialog] Completed loading, 0 counts, dialog is ready
2014-04-01 15:27:02,448 [AWT-EventQueue-0] INFO [org.janelia.it.FlyWorkstation.gui.alignment_board_viewer.LayersPanel] Activating
2014-04-01 15:27:02,489 [AWT-EventQueue-0] WARN [org.janelia.it.FlyWorkstation.gui.alignment_board_viewer.LayersPanel] No alignment board context ready for layers panel.
2014-04-01 15:27:02,500 [AWT-EventQueue-0] INFO [org.janelia.it.FlyWorkstation.gui.alignment_board_viewer.AlignmentBoardPanel] C'tor
2014-04-01 15:27:02,505 [AWT-EventQueue-0] INFO [org.janelia.it.FlyWorkstation.gui.alignment_board_viewer.top_component.AlignmentBoardTopComponent] Established acceptor
2014-04-01 15:27:02,655 [AWT-EventQueue-0] INFO [org.janelia.it.FlyWorkstation.gui.framework.console.ToolsMenuModifier] Adding item Fiji.app to menu Tools
2014-04-01 15:27:02,655 [AWT-EventQueue-0] INFO [org.janelia.it.FlyWorkstation.gui.framework.console.ToolsMenuModifier] Adding item Vaa3d to menu Tools
2014-04-01 15:27:02,655 [AWT-EventQueue-0] INFO [org.janelia.it.FlyWorkstation.gui.framework.console.ToolsMenuModifier] Adding item Vaa3d - Neuron Annotator to menu Tools
2014-04-01 15:27:02,748 [AWT-EventQueue-0] INFO [org.janelia.it.FlyWorkstation.gui.dialogs.GiantFiberSearchDialog] Completed loading, dialog ready.
2014-04-01 15:27:53,489 [SwingWorker-pool-3-thread-8] INFO [org.janelia.it.FlyWorkstation.api.entity_model.management.ModelMgr] Post on event bus from null/SystemClassLoader[52 modules] in thread Thread[SwingWorker-pool-3-thread-8,5,system]
2014-04-01 15:27:55,510 [SwingWorker-pool-3-thread-10] INFO [org.janelia.it.FlyWorkstation.api.entity_model.management.ModelMgr] Searching SOLR: id:1943885805730660441 start=null rows=null
2014-04-01 15:27:55,639 [SwingWorker-pool-3-thread-1] INFO [org.janelia.it.FlyWorkstation.api.entity_model.management.ModelMgr] Post on event bus from null/SystemClassLoader[52 modules] in thread Thread[SwingWorker-pool-3-thread-1,5,system]
2014-04-01 15:27:59,200 [AWT-EventQueue-0] INFO [org.janelia.it.FlyWorkstation.gui.alignment_board_viewer.AlignmentBoardPanel] Closing
2014-04-01 15:27:59,266 [AWT-EventQueue-0] INFO [org.janelia.it.FlyWorkstation.gui.alignment_board_viewer.LayersPanel] Deactivating
2014-04-01 15:27:59,317 [AWT-EventQueue-0] INFO [org.janelia.it.FlyWorkstation.gui.alignment_board_viewer.LayersPanel] Activating
2014-04-01 15:27:59,366 [AWT-EventQueue-0] WARN [org.janelia.it.FlyWorkstation.gui.alignment_board_viewer.LayersPanel] No alignment board context ready for layers panel.
2014-04-01 15:27:59,367 [AWT-EventQueue-0] INFO [org.janelia.it.FlyWorkstation.gui.alignment_board_viewer.LayersPanel] openAlignmentBoard: 1947824984755798105
2014-04-01 15:27:59,486 [SwingWorker-pool-3-thread-4] INFO [org.janelia.it.FlyWorkstation.api.entity_model.management.ModelMgr] Post on event bus from null/SystemClassLoader[52 modules] in thread Thread[SwingWorker-pool-3-thread-4,5,system]
2014-04-01 15:27:59,518 [SwingWorker-pool-3-thread-4] INFO [org.janelia.it.FlyWorkstation.api.entity_model.management.ModelMgr] Post on event bus from null/SystemClassLoader[52 modules] in thread Thread[SwingWorker-pool-3-thread-4,5,system]
2014-04-01 15:27:59,553 [SwingWorker-pool-3-thread-4] INFO [org.janelia.it.FlyWorkstation.api.entity_model.management.ModelMgr] Post on event bus from null/SystemClassLoader[52 modules] in thread Thread[SwingWorker-pool-3-thread-4,5,system]
2014-04-01 15:27:59,565 [SwingWorker-pool-3-thread-4] INFO [org.janelia.it.FlyWorkstation.api.entity_model.management.ModelMgr] Post on event bus from null/SystemClassLoader[52 modules] in thread Thread[SwingWorker-pool-3-thread-4,5,system]
2014-04-01 15:27:59,574 [SwingWorker-pool-3-thread-4] INFO [org.janelia.it.FlyWorkstation.api.entity_model.management.ModelMgr] Post on event bus from null/SystemClassLoader[52 modules] in thread Thread[SwingWorker-pool-3-thread-4,5,system]
2014-04-01 15:27:59,584 [SwingWorker-pool-3-thread-4] INFO [org.janelia.it.FlyWorkstation.api.entity_model.management.ModelMgr] Post on event bus from null/SystemClassLoader[52 modules] in thread Thread[SwingWorker-pool-3-thread-4,5,system]
2014-04-01 15:27:59,593 [SwingWorker-pool-3-thread-4] INFO [org.janelia.it.FlyWorkstation.api.entity_model.management.ModelMgr] Post on event bus from null/SystemClassLoader[52 modules] in thread Thread[SwingWorker-pool-3-thread-4,5,system]
2014-04-01 15:27:59,604 [SwingWorker-pool-3-thread-4] INFO [org.janelia.it.FlyWorkstation.api.entity_model.management.ModelMgr] Post on event bus from null/SystemClassLoader[52 modules] in thread Thread[SwingWorker-pool-3-thread-4,5,system]
2014-04-01 15:27:59,613 [SwingWorker-pool-3-thread-4] INFO [org.janelia.it.FlyWorkstation.api.entity_model.management.ModelMgr] Post on event bus from null/SystemClassLoader[52 modules] in thread Thread[SwingWorker-pool-3-thread-4,5,system]
2014-04-01 15:27:59,623 [SwingWorker-pool-3-thread-4] INFO [org.janelia.it.FlyWorkstation.api.entity_model.management.ModelMgr] Post on event bus from null/SystemClassLoader[52 modules] in thread Thread[SwingWorker-pool-3-thread-4,5,system]
2014-04-01 15:27:59,633 [SwingWorker-pool-3-thread-4] INFO [org.janelia.it.FlyWorkstation.api.entity_model.management.ModelMgr] Post on event bus from null/SystemClassLoader[52 modules] in thread Thread[SwingWorker-pool-3-thread-4,5,system]
2014-04-01 15:27:59,642 [SwingWorker-pool-3-thread-4] INFO [org.janelia.it.FlyWorkstation.api.entity_model.management.ModelMgr] Post on event bus from null/SystemClassLoader[52 modules] in thread Thread[SwingWorker-pool-3-thread-4,5,system]
2014-04-01 15:27:59,665 [SwingWorker-pool-3-thread-4] INFO [org.janelia.it.FlyWorkstation.api.entity_model.management.ModelMgr] Post on event bus from null/SystemClassLoader[52 modules] in thread Thread[SwingWorker-pool-3-thread-4,5,system]
2014-04-01 15:27:59,674 [SwingWorker-pool-3-thread-4] INFO [org.janelia.it.FlyWorkstation.api.entity_model.management.ModelMgr] Post on event bus from null/SystemClassLoader[52 modules] in thread Thread[SwingWorker-pool-3-thread-4,5,system]
2014-04-01 15:27:59,685 [SwingWorker-pool-3-thread-4] INFO [org.janelia.it.FlyWorkstation.api.entity_model.management.ModelMgr] Post on event bus from null/SystemClassLoader[52 modules] in thread Thread[SwingWorker-pool-3-thread-4,5,system]
2014-04-01 15:27:59,694 [SwingWorker-pool-3-thread-4] INFO [org.janelia.it.FlyWorkstation.api.entity_model.management.ModelMgr] Post on event bus from null/SystemClassLoader[52 modules] in thread Thread[SwingWorker-pool-3-thread-4,5,system]
2014-04-01 15:27:59,703 [SwingWorker-pool-3-thread-4] INFO [org.janelia.it.FlyWorkstation.api.entity_model.management.ModelMgr] Post on event bus from null/SystemClassLoader[52 modules] in thread Thread[SwingWorker-pool-3-thread-4,5,system]
2014-04-01 15:27:59,712 [SwingWorker-pool-3-thread-4] INFO [org.janelia.it.FlyWorkstation.api.entity_model.management.ModelMgr] Post on event bus from null/SystemClassLoader[52 modules] in thread Thread[SwingWorker-pool-3-thread-4,5,system]
2014-04-01 15:27:59,720 [SwingWorker-pool-3-thread-4] INFO [org.janelia.it.FlyWorkstation.api.entity_model.management.ModelMgr] Post on event bus from null/SystemClassLoader[52 modules] in thread Thread[SwingWorker-pool-3-thread-4,5,system]
2014-04-01 15:27:59,729 [SwingWorker-pool-3-thread-4] INFO [org.janelia.it.FlyWorkstation.api.entity_model.management.ModelMgr] Post on event bus from null/SystemClassLoader[52 modules] in thread Thread[SwingWorker-pool-3-thread-4,5,system]
2014-04-01 15:27:59,738 [SwingWorker-pool-3-thread-4] INFO [org.janelia.it.FlyWorkstation.api.entity_model.management.ModelMgr] Post on event bus from null/SystemClassLoader[52 modules] in thread Thread[SwingWorker-pool-3-thread-4,5,system]
2014-04-01 15:27:59,753 [SwingWorker-pool-3-thread-4] INFO [org.janelia.it.FlyWorkstation.api.entity_model.management.ModelMgr] Post on event bus from null/SystemClassLoader[52 modules] in thread Thread[SwingWorker-pool-3-thread-4,5,system]
2014-04-01 15:27:59,762 [SwingWorker-pool-3-thread-4] INFO [org.janelia.it.FlyWorkstation.api.entity_model.management.ModelMgr] Post on event bus from null/SystemClassLoader[52 modules] in thread Thread[SwingWorker-pool-3-thread-4,5,system]
2014-04-01 15:27:59,770 [SwingWorker-pool-3-thread-4] INFO [org.janelia.it.FlyWorkstation.api.entity_model.management.ModelMgr] Post on event bus from null/SystemClassLoader[52 modules] in thread Thread[SwingWorker-pool-3-thread-4,5,system]
2014-04-01 15:27:59,779 [SwingWorker-pool-3-thread-4] INFO [org.janelia.it.FlyWorkstation.api.entity_model.management.ModelMgr] Post on event bus from null/SystemClassLoader[52 modules] in thread Thread[SwingWorker-pool-3-thread-4,5,system]
2014-04-01 15:27:59,788 [SwingWorker-pool-3-thread-4] INFO [org.janelia.it.FlyWorkstation.api.entity_model.management.ModelMgr] Post on event bus from null/SystemClassLoader[52 modules] in thread Thread[SwingWorker-pool-3-thread-4,5,system]
2014-04-01 15:27:59,797 [SwingWorker-pool-3-thread-4] INFO [org.janelia.it.FlyWorkstation.api.entity_model.management.ModelMgr] Post on event bus from null/SystemClassLoader[52 modules] in thread Thread[SwingWorker-pool-3-thread-4,5,system]
2014-04-01 15:27:59,806 [SwingWorker-pool-3-thread-4] INFO [org.janelia.it.FlyWorkstation.api.entity_model.management.ModelMgr] Post on event bus from null/SystemClassLoader[52 modules] in thread Thread[SwingWorker-pool-3-thread-4,5,system]
2014-04-01 15:27:59,815 [SwingWorker-pool-3-thread-4] INFO [org.janelia.it.FlyWorkstation.api.entity_model.management.ModelMgr] Post on event bus from null/SystemClassLoader[52 modules] in thread Thread[SwingWorker-pool-3-thread-4,5,system]
2014-04-01 15:27:59,825 [SwingWorker-pool-3-thread-4] INFO [org.janelia.it.FlyWorkstation.api.entity_model.management.ModelMgr] Post on event bus from null/SystemClassLoader[52 modules] in thread Thread[SwingWorker-pool-3-thread-4,5,system]
2014-04-01 15:27:59,833 [SwingWorker-pool-3-thread-4] INFO [org.janelia.it.FlyWorkstation.api.entity_model.management.ModelMgr] Post on event bus from null/SystemClassLoader[52 modules] in thread Thread[SwingWorker-pool-3-thread-4,5,system]
2014-04-01 15:27:59,842 [SwingWorker-pool-3-thread-4] INFO [org.janelia.it.FlyWorkstation.api.entity_model.management.ModelMgr] Post on event bus from null/SystemClassLoader[52 modules] in thread Thread[SwingWorker-pool-3-thread-4,5,system]
2014-04-01 15:27:59,851 [SwingWorker-pool-3-thread-4] INFO [org.janelia.it.FlyWorkstation.api.entity_model.management.ModelMgr] Post on event bus from null/SystemClassLoader[52 modules] in thread Thread[SwingWorker-pool-3-thread-4,5,system]
2014-04-01 15:27:59,860 [SwingWorker-pool-3-thread-4] INFO [org.janelia.it.FlyWorkstation.api.entity_model.management.ModelMgr] Post on event bus from null/SystemClassLoader[52 modules] in thread Thread[SwingWorker-pool-3-thread-4,5,system]
2014-04-01 15:27:59,869 [SwingWorker-pool-3-thread-4] INFO [org.janelia.it.FlyWorkstation.api.entity_model.management.ModelMgr] Post on event bus from null/SystemClassLoader[52 modules] in thread Thread[SwingWorker-pool-3-thread-4,5,system]
2014-04-01 15:27:59,877 [SwingWorker-pool-3-thread-4] INFO [org.janelia.it.FlyWorkstation.api.entity_model.management.ModelMgr] Post on event bus from null/SystemClassLoader[52 modules] in thread Thread[SwingWorker-pool-3-thread-4,5,system]
2014-04-01 15:27:59,886 [SwingWorker-pool-3-thread-4] INFO [org.janelia.it.FlyWorkstation.api.entity_model.management.ModelMgr] Post on event bus from null/SystemClassLoader[52 modules] in thread Thread[SwingWorker-pool-3-thread-4,5,system]
2014-04-01 15:27:59,895 [SwingWorker-pool-3-thread-4] INFO [org.janelia.it.FlyWorkstation.api.entity_model.management.ModelMgr] Post on event bus from null/SystemClassLoader[52 modules] in thread Thread[SwingWorker-pool-3-thread-4,5,system]
2014-04-01 15:27:59,903 [SwingWorker-pool-3-thread-4] INFO [org.janelia.it.FlyWorkstation.api.entity_model.management.ModelMgr] Post on event bus from null/SystemClassLoader[52 modules] in thread Thread[SwingWorker-pool-3-thread-4,5,system]
2014-04-01 15:27:59,912 [SwingWorker-pool-3-thread-4] INFO [org.janelia.it.FlyWorkstation.api.entity_model.management.ModelMgr] Post on event bus from null/SystemClassLoader[52 modules] in thread Thread[SwingWorker-pool-3-thread-4,5,system]
2014-04-01 15:27:59,921 [SwingWorker-pool-3-thread-4] INFO [org.janelia.it.FlyWorkstation.api.entity_model.management.ModelMgr] Post on event bus from null/SystemClassLoader[52 modules] in thread Thread[SwingWorker-pool-3-thread-4,5,system]
2014-04-01 15:27:59,929 [SwingWorker-pool-3-thread-4] INFO [org.janelia.it.FlyWorkstation.api.entity_model.management.ModelMgr] Post on event bus from null/SystemClassLoader[52 modules] in thread Thread[SwingWorker-pool-3-thread-4,5,system]
2014-04-01 15:27:59,938 [SwingWorker-pool-3-thread-4] INFO [org.janelia.it.FlyWorkstation.api.entity_model.management.ModelMgr] Post on event bus from null/SystemClassLoader[52 modules] in thread Thread[SwingWorker-pool-3-thread-4,5,system]
2014-04-01 15:27:59,947 [SwingWorker-pool-3-thread-4] INFO [org.janelia.it.FlyWorkstation.api.entity_model.management.ModelMgr] Post on event bus from null/SystemClassLoader[52 modules] in thread Thread[SwingWorker-pool-3-thread-4,5,system]
2014-04-01 15:27:59,956 [SwingWorker-pool-3-thread-4] INFO [org.janelia.it.FlyWorkstation.api.entity_model.management.ModelMgr] Post on event bus from null/SystemClassLoader[52 modules] in thread Thread[SwingWorker-pool-3-thread-4,5,system]
2014-04-01 15:27:59,965 [SwingWorker-pool-3-thread-4] INFO [org.janelia.it.FlyWorkstation.api.entity_model.management.ModelMgr] Post on event bus from null/SystemClassLoader[52 modules] in thread Thread[SwingWorker-pool-3-thread-4,5,system]
2014-04-01 15:27:59,974 [SwingWorker-pool-3-thread-4] INFO [org.janelia.it.FlyWorkstation.api.entity_model.management.ModelMgr] Post on event bus from null/SystemClassLoader[52 modules] in thread Thread[SwingWorker-pool-3-thread-4,5,system]
2014-04-01 15:27:59,982 [SwingWorker-pool-3-thread-4] INFO [org.janelia.it.FlyWorkstation.api.entity_model.management.ModelMgr] Post on event bus from null/SystemClassLoader[52 modules] in thread Thread[SwingWorker-pool-3-thread-4,5,system]
2014-04-01 15:27:59,991 [SwingWorker-pool-3-thread-4] INFO [org.janelia.it.FlyWorkstation.api.entity_model.management.ModelMgr] Post on event bus from null/SystemClassLoader[52 modules] in thread Thread[SwingWorker-pool-3-thread-4,5,system]
2014-04-01 15:27:59,999 [SwingWorker-pool-3-thread-4] INFO [org.janelia.it.FlyWorkstation.api.entity_model.management.ModelMgr] Post on event bus from null/SystemClassLoader[52 modules] in thread Thread[SwingWorker-pool-3-thread-4,5,system]
2014-04-01 15:28:00,008 [SwingWorker-pool-3-thread-4] INFO [org.janelia.it.FlyWorkstation.api.entity_model.management.ModelMgr] Post on event bus from null/SystemClassLoader[52 modules] in thread Thread[SwingWorker-pool-3-thread-4,5,system]
2014-04-01 15:28:00,017 [SwingWorker-pool-3-thread-4] INFO [org.janelia.it.FlyWorkstation.api.entity_model.management.ModelMgr] Post on event bus from null/SystemClassLoader[52 modules] in thread Thread[SwingWorker-pool-3-thread-4,5,system]
2014-04-01 15:28:00,026 [SwingWorker-pool-3-thread-4] INFO [org.janelia.it.FlyWorkstation.api.entity_model.management.ModelMgr] Post on event bus from null/SystemClassLoader[52 modules] in thread Thread[SwingWorker-pool-3-thread-4,5,system]
2014-04-01 15:28:00,035 [SwingWorker-pool-3-thread-4] INFO [org.janelia.it.FlyWorkstation.api.entity_model.management.ModelMgr] Post on event bus from null/SystemClassLoader[52 modules] in thread Thread[SwingWorker-pool-3-thread-4,5,system]
2014-04-01 15:28:00,044 [SwingWorker-pool-3-thread-4] INFO [org.janelia.it.FlyWorkstation.api.entity_model.management.ModelMgr] Post on event bus from null/SystemClassLoader[52 modules] in thread Thread[SwingWorker-pool-3-thread-4,5,system]
2014-04-01 15:28:00,053 [SwingWorker-pool-3-thread-4] INFO [org.janelia.it.FlyWorkstation.api.entity_model.management.ModelMgr] Post on event bus from null/SystemClassLoader[52 modules] in thread Thread[SwingWorker-pool-3-thread-4,5,system]
2014-04-01 15:28:00,062 [SwingWorker-pool-3-thread-4] INFO [org.janelia.it.FlyWorkstation.api.entity_model.management.ModelMgr] Post on event bus from null/SystemClassLoader[52 modules] in thread Thread[SwingWorker-pool-3-thread-4,5,system]
2014-04-01 15:28:00,071 [SwingWorker-pool-3-thread-4] INFO [org.janelia.it.FlyWorkstation.api.entity_model.management.ModelMgr] Post on event bus from null/SystemClassLoader[52 modules] in thread Thread[SwingWorker-pool-3-thread-4,5,system]
2014-04-01 15:28:00,080 [SwingWorker-pool-3-thread-4] INFO [org.janelia.it.FlyWorkstation.api.entity_model.management.ModelMgr] Post on event bus from null/SystemClassLoader[52 modules] in thread Thread[SwingWorker-pool-3-thread-4,5,system]
2014-04-01 15:28:00,088 [SwingWorker-pool-3-thread-4] INFO [org.janelia.it.FlyWorkstation.api.entity_model.management.ModelMgr] Post on event bus from null/SystemClassLoader[52 modules] in thread Thread[SwingWorker-pool-3-thread-4,5,system]
2014-04-01 15:28:00,097 [SwingWorker-pool-3-thread-4] INFO [org.janelia.it.FlyWorkstation.api.entity_model.management.ModelMgr] Post on event bus from null/SystemClassLoader[52 modules] in thread Thread[SwingWorker-pool-3-thread-4,5,system]
2014-04-01 15:28:00,106 [SwingWorker-pool-3-thread-4] INFO [org.janelia.it.FlyWorkstation.api.entity_model.management.ModelMgr] Post on event bus from null/SystemClassLoader[52 modules] in thread Thread[SwingWorker-pool-3-thread-4,5,system]
2014-04-01 15:28:00,115 [SwingWorker-pool-3-thread-4] INFO [org.janelia.it.FlyWorkstation.api.entity_model.management.ModelMgr] Post on event bus from null/SystemClassLoader[52 modules] in thread Thread[SwingWorker-pool-3-thread-4,5,system]
2014-04-01 15:28:00,124 [SwingWorker-pool-3-thread-4] INFO [org.janelia.it.FlyWorkstation.api.entity_model.management.ModelMgr] Post on event bus from null/SystemClassLoader[52 modules] in thread Thread[SwingWorker-pool-3-thread-4,5,system]
2014-04-01 15:28:00,133 [SwingWorker-pool-3-thread-4] INFO [org.janelia.it.FlyWorkstation.api.entity_model.management.ModelMgr] Post on event bus from null/SystemClassLoader[52 modules] in thread Thread[SwingWorker-pool-3-thread-4,5,system]
2014-04-01 15:28:00,141 [SwingWorker-pool-3-thread-4] INFO [org.janelia.it.FlyWorkstation.api.entity_model.management.ModelMgr] Post on event bus from null/SystemClassLoader[52 modules] in thread Thread[SwingWorker-pool-3-thread-4,5,system]
2014-04-01 15:28:00,150 [SwingWorker-pool-3-thread-4] INFO [org.janelia.it.FlyWorkstation.api.entity_model.management.ModelMgr] Post on event bus from null/SystemClassLoader[52 modules] in thread Thread[SwingWorker-pool-3-thread-4,5,system]
2014-04-01 15:28:00,158 [SwingWorker-pool-3-thread-4] INFO [org.janelia.it.FlyWorkstation.api.entity_model.management.ModelMgr] Post on event bus from null/SystemClassLoader[52 modules] in thread Thread[SwingWorker-pool-3-thread-4,5,system]
2014-04-01 15:28:00,167 [SwingWorker-pool-3-thread-4] INFO [org.janelia.it.FlyWorkstation.api.entity_model.management.ModelMgr] Post on event bus from null/SystemClassLoader[52 modules] in thread Thread[SwingWorker-pool-3-thread-4,5,system]
2014-04-01 15:28:00,176 [SwingWorker-pool-3-thread-4] INFO [org.janelia.it.FlyWorkstation.api.entity_model.management.ModelMgr] Post on event bus from null/SystemClassLoader[52 modules] in thread Thread[SwingWorker-pool-3-thread-4,5,system]
2014-04-01 15:28:00,185 [SwingWorker-pool-3-thread-4] INFO [org.janelia.it.FlyWorkstation.api.entity_model.management.ModelMgr] Post on event bus from null/SystemClassLoader[52 modules] in thread Thread[SwingWorker-pool-3-thread-4,5,system]
2014-04-01 15:28:00,206 [SwingWorker-pool-3-thread-4] INFO [org.janelia.it.FlyWorkstation.api.entity_model.management.ModelMgr] Post on event bus from null/SystemClassLoader[52 modules] in thread Thread[SwingWorker-pool-3-thread-4,5,system]
2014-04-01 15:28:00,215 [SwingWorker-pool-3-thread-4] INFO [org.janelia.it.FlyWorkstation.api.entity_model.management.ModelMgr] Post on event bus from null/SystemClassLoader[52 modules] in thread Thread[SwingWorker-pool-3-thread-4,5,system]
2014-04-01 15:28:00,223 [SwingWorker-pool-3-thread-4] INFO [org.janelia.it.FlyWorkstation.api.entity_model.management.ModelMgr] Post on event bus from null/SystemClassLoader[52 modules] in thread Thread[SwingWorker-pool-3-thread-4,5,system]
2014-04-01 15:28:00,231 [SwingWorker-pool-3-thread-4] INFO [org.janelia.it.FlyWorkstation.api.entity_model.management.ModelMgr] Post on event bus from null/SystemClassLoader[52 modules] in thread Thread[SwingWorker-pool-3-thread-4,5,system]
2014-04-01 15:28:00,240 [SwingWorker-pool-3-thread-4] INFO [org.janelia.it.FlyWorkstation.api.entity_model.management.ModelMgr] Post on event bus from null/SystemClassLoader[52 modules] in thread Thread[SwingWorker-pool-3-thread-4,5,system]
2014-04-01 15:28:00,248 [SwingWorker-pool-3-thread-4] INFO [org.janelia.it.FlyWorkstation.api.entity_model.management.ModelMgr] Post on event bus from null/SystemClassLoader[52 modules] in thread Thread[SwingWorker-pool-3-thread-4,5,system]
2014-04-01 15:28:00,256 [SwingWorker-pool-3-thread-4] INFO [org.janelia.it.FlyWorkstation.api.entity_model.management.ModelMgr] Post on event bus from null/SystemClassLoader[52 modules] in thread Thread[SwingWorker-pool-3-thread-4,5,system]
2014-04-01 15:28:00,265 [SwingWorker-pool-3-thread-4] INFO [org.janelia.it.FlyWorkstation.api.entity_model.management.ModelMgr] Post on event bus from null/SystemClassLoader[52 modules] in thread Thread[SwingWorker-pool-3-thread-4,5,system]
2014-04-01 15:28:00,273 [SwingWorker-pool-3-thread-4] INFO [org.janelia.it.FlyWorkstation.api.entity_model.management.ModelMgr] Post on event bus from null/SystemClassLoader[52 modules] in thread Thread[SwingWorker-pool-3-thread-4,5,system]
2014-04-01 15:28:00,281 [SwingWorker-pool-3-thread-4] INFO [org.janelia.it.FlyWorkstation.api.entity_model.management.ModelMgr] Post on event bus from null/SystemClassLoader[52 modules] in thread Thread[SwingWorker-pool-3-thread-4,5,system]
2014-04-01 15:28:00,289 [SwingWorker-pool-3-thread-4] INFO [org.janelia.it.FlyWorkstation.api.entity_model.management.ModelMgr] Post on event bus from null/SystemClassLoader[52 modules] in thread Thread[SwingWorker-pool-3-thread-4,5,system]
2014-04-01 15:28:00,298 [SwingWorker-pool-3-thread-4] INFO [org.janelia.it.FlyWorkstation.api.entity_model.management.ModelMgr] Post on event bus from null/SystemClassLoader[52 modules] in thread Thread[SwingWorker-pool-3-thread-4,5,system]
2014-04-01 15:28:00,306 [SwingWorker-pool-3-thread-4] INFO [org.janelia.it.FlyWorkstation.api.entity_model.management.ModelMgr] Post on event bus from null/SystemClassLoader[52 modules] in thread Thread[SwingWorker-pool-3-thread-4,5,system]
2014-04-01 15:28:00,314 [SwingWorker-pool-3-thread-4] INFO [org.janelia.it.FlyWorkstation.api.entity_model.management.ModelMgr] Post on event bus from null/SystemClassLoader[52 modules] in thread Thread[SwingWorker-pool-3-thread-4,5,system]
2014-04-01 15:28:00,322 [SwingWorker-pool-3-thread-4] INFO [org.janelia.it.FlyWorkstation.api.entity_model.management.ModelMgr] Post on event bus from null/SystemClassLoader[52 modules] in thread Thread[SwingWorker-pool-3-thread-4,5,system]
2014-04-01 15:28:00,331 [SwingWorker-pool-3-thread-4] INFO [org.janelia.it.FlyWorkstation.api.entity_model.management.ModelMgr] Post on event bus from null/SystemClassLoader[52 modules] in thread Thread[SwingWorker-pool-3-thread-4,5,system]
2014-04-01 15:28:00,340 [SwingWorker-pool-3-thread-4] INFO [org.janelia.it.FlyWorkstation.api.entity_model.management.ModelMgr] Post on event bus from null/SystemClassLoader[52 modules] in thread Thread[SwingWorker-pool-3-thread-4,5,system]
2014-04-01 15:28:00,348 [SwingWorker-pool-3-thread-4] INFO [org.janelia.it.FlyWorkstation.api.entity_model.management.ModelMgr] Post on event bus from null/SystemClassLoader[52 modules] in thread Thread[SwingWorker-pool-3-thread-4,5,system]
2014-04-01 15:28:00,359 [SwingWorker-pool-3-thread-4] INFO [org.janelia.it.FlyWorkstation.api.entity_model.management.ModelMgr] Post on event bus from null/SystemClassLoader[52 modules] in thread Thread[SwingWorker-pool-3-thread-4,5,system]
2014-04-01 15:28:00,367 [SwingWorker-pool-3-thread-4] INFO [org.janelia.it.FlyWorkstation.api.entity_model.management.ModelMgr] Post on event bus from null/SystemClassLoader[52 modules] in thread Thread[SwingWorker-pool-3-thread-4,5,system]
2014-04-01 15:28:00,375 [SwingWorker-pool-3-thread-4] INFO [org.janelia.it.FlyWorkstation.api.entity_model.management.ModelMgr] Post on event bus from null/SystemClassLoader[52 modules] in thread Thread[SwingWorker-pool-3-thread-4,5,system]
2014-04-01 15:28:00,384 [SwingWorker-pool-3-thread-4] INFO [org.janelia.it.FlyWorkstation.api.entity_model.management.ModelMgr] Post on event bus from null/SystemClassLoader[52 modules] in thread Thread[SwingWorker-pool-3-thread-4,5,system]
2014-04-01 15:28:00,392 [SwingWorker-pool-3-thread-4] INFO [org.janelia.it.FlyWorkstation.api.entity_model.management.ModelMgr] Post on event bus from null/SystemClassLoader[52 modules] in thread Thread[SwingWorker-pool-3-thread-4,5,system]
2014-04-01 15:28:00,400 [SwingWorker-pool-3-thread-4] INFO [org.janelia.it.FlyWorkstation.api.entity_model.management.ModelMgr] Post on event bus from null/SystemClassLoader[52 modules] in thread Thread[SwingWorker-pool-3-thread-4,5,system]
2014-04-01 15:28:00,407 [SwingWorker-pool-3-thread-4] INFO [org.janelia.it.FlyWorkstation.api.entity_model.management.ModelMgr] Post on event bus from null/SystemClassLoader[52 modules] in thread Thread[SwingWorker-pool-3-thread-4,5,system]
2014-04-01 15:28:00,416 [SwingWorker-pool-3-thread-4] INFO [org.janelia.it.FlyWorkstation.api.entity_model.management.ModelMgr] Post on event bus from null/SystemClassLoader[52 modules] in thread Thread[SwingWorker-pool-3-thread-4,5,system]
2014-04-01 15:28:00,424 [SwingWorker-pool-3-thread-4] INFO [org.janelia.it.FlyWorkstation.api.entity_model.management.ModelMgr] Post on event bus from null/SystemClassLoader[52 modules] in thread Thread[SwingWorker-pool-3-thread-4,5,system]
2014-04-01 15:28:00,432 [SwingWorker-pool-3-thread-4] INFO [org.janelia.it.FlyWorkstation.api.entity_model.management.ModelMgr] Post on event bus from null/SystemClassLoader[52 modules] in thread Thread[SwingWorker-pool-3-thread-4,5,system]
2014-04-01 15:28:00,440 [SwingWorker-pool-3-thread-4] INFO [org.janelia.it.FlyWorkstation.api.entity_model.management.ModelMgr] Post on event bus from null/SystemClassLoader[52 modules] in thread Thread[SwingWorker-pool-3-thread-4,5,system]
2014-04-01 15:28:00,447 [SwingWorker-pool-3-thread-4] INFO [org.janelia.it.FlyWorkstation.api.entity_model.management.ModelMgr] Post on event bus from null/SystemClassLoader[52 modules] in thread Thread[SwingWorker-pool-3-thread-4,5,system]
2014-04-01 15:28:00,455 [SwingWorker-pool-3-thread-4] INFO [org.janelia.it.FlyWorkstation.api.entity_model.management.ModelMgr] Post on event bus from null/SystemClassLoader[52 modules] in thread Thread[SwingWorker-pool-3-thread-4,5,system]
2014-04-01 15:28:00,463 [SwingWorker-pool-3-thread-4] INFO [org.janelia.it.FlyWorkstation.api.entity_model.management.ModelMgr] Post on event bus from null/SystemClassLoader[52 modules] in thread Thread[SwingWorker-pool-3-thread-4,5,system]
2014-04-01 15:28:00,471 [SwingWorker-pool-3-thread-4] INFO [org.janelia.it.FlyWorkstation.api.entity_model.management.ModelMgr] Post on event bus from null/SystemClassLoader[52 modules] in thread Thread[SwingWorker-pool-3-thread-4,5,system]
2014-04-01 15:28:00,479 [SwingWorker-pool-3-thread-4] INFO [org.janelia.it.FlyWorkstation.api.entity_model.management.ModelMgr] Post on event bus from null/SystemClassLoader[52 modules] in thread Thread[SwingWorker-pool-3-thread-4,5,system]
2014-04-01 15:28:00,487 [SwingWorker-pool-3-thread-4] INFO [org.janelia.it.FlyWorkstation.api.entity_model.management.ModelMgr] Post on event bus from null/SystemClassLoader[52 modules] in thread Thread[SwingWorker-pool-3-thread-4,5,system]
2014-04-01 15:28:00,495 [SwingWorker-pool-3-thread-4] INFO [org.janelia.it.FlyWorkstation.api.entity_model.management.ModelMgr] Post on event bus from null/SystemClassLoader[52 modules] in thread Thread[SwingWorker-pool-3-thread-4,5,system]
2014-04-01 15:28:00,503 [SwingWorker-pool-3-thread-4] INFO [org.janelia.it.FlyWorkstation.api.entity_model.management.ModelMgr] Post on event bus from null/SystemClassLoader[52 modules] in thread Thread[SwingWorker-pool-3-thread-4,5,system]
2014-04-01 15:28:00,511 [SwingWorker-pool-3-thread-4] INFO [org.janelia.it.FlyWorkstation.api.entity_model.management.ModelMgr] Post on event bus from null/SystemClassLoader[52 modules] in thread Thread[SwingWorker-pool-3-thread-4,5,system]
2014-04-01 15:28:00,519 [SwingWorker-pool-3-thread-4] INFO [org.janelia.it.FlyWorkstation.api.entity_model.management.ModelMgr] Post on event bus from null/SystemClassLoader[52 modules] in thread Thread[SwingWorker-pool-3-thread-4,5,system]
2014-04-01 15:28:00,527 [SwingWorker-pool-3-thread-4] INFO [org.janelia.it.FlyWorkstation.api.entity_model.management.ModelMgr] Post on event bus from null/SystemClassLoader[52 modules] in thread Thread[SwingWorker-pool-3-thread-4,5,system]
2014-04-01 15:28:00,535 [SwingWorker-pool-3-thread-4] INFO [org.janelia.it.FlyWorkstation.api.entity_model.management.ModelMgr] Post on event bus from null/SystemClassLoader[52 modules] in thread Thread[SwingWorker-pool-3-thread-4,5,system]
2014-04-01 15:28:00,543 [SwingWorker-pool-3-thread-4] INFO [org.janelia.it.FlyWorkstation.api.entity_model.management.ModelMgr] Post on event bus from null/SystemClassLoader[52 modules] in thread Thread[SwingWorker-pool-3-thread-4,5,system]
2014-04-01 15:28:00,551 [SwingWorker-pool-3-thread-4] INFO [org.janelia.it.FlyWorkstation.api.entity_model.management.ModelMgr] Post on event bus from null/SystemClassLoader[52 modules] in thread Thread[SwingWorker-pool-3-thread-4,5,system]
2014-04-01 15:28:00,559 [SwingWorker-pool-3-thread-4] INFO [org.janelia.it.FlyWorkstation.api.entity_model.management.ModelMgr] Post on event bus from null/SystemClassLoader[52 modules] in thread Thread[SwingWorker-pool-3-thread-4,5,system]
2014-04-01 15:28:00,567 [SwingWorker-pool-3-thread-4] INFO [org.janelia.it.FlyWorkstation.api.entity_model.management.ModelMgr] Post on event bus from null/SystemClassLoader[52 modules] in thread Thread[SwingWorker-pool-3-thread-4,5,system]
2014-04-01 15:28:00,575 [SwingWorker-pool-3-thread-4] INFO [org.janelia.it.FlyWorkstation.api.entity_model.management.ModelMgr] Post on event bus from null/SystemClassLoader[52 modules] in thread Thread[SwingWorker-pool-3-thread-4,5,system]
2014-04-01 15:28:00,583 [SwingWorker-pool-3-thread-4] INFO [org.janelia.it.FlyWorkstation.api.entity_model.management.ModelMgr] Post on event bus from null/SystemClassLoader[52 modules] in thread Thread[SwingWorker-pool-3-thread-4,5,system]
2014-04-01 15:28:00,591 [SwingWorker-pool-3-thread-4] INFO [org.janelia.it.FlyWorkstation.api.entity_model.management.ModelMgr] Post on event bus from null/SystemClassLoader[52 modules] in thread Thread[SwingWorker-pool-3-thread-4,5,system]
2014-04-01 15:28:00,599 [SwingWorker-pool-3-thread-4] INFO [org.janelia.it.FlyWorkstation.api.entity_model.management.ModelMgr] Post on event bus from null/SystemClassLoader[52 modules] in thread Thread[SwingWorker-pool-3-thread-4,5,system]
2014-04-01 15:28:00,607 [SwingWorker-pool-3-thread-4] INFO [org.janelia.it.FlyWorkstation.api.entity_model.management.ModelMgr] Post on event bus from null/SystemClassLoader[52 modules] in thread Thread[SwingWorker-pool-3-thread-4,5,system]
2014-04-01 15:28:00,615 [SwingWorker-pool-3-thread-4] INFO [org.janelia.it.FlyWorkstation.api.entity_model.management.ModelMgr] Post on event bus from null/SystemClassLoader[52 modules] in thread Thread[SwingWorker-pool-3-thread-4,5,system]
2014-04-01 15:28:00,623 [SwingWorker-pool-3-thread-4] INFO [org.janelia.it.FlyWorkstation.api.entity_model.management.ModelMgr] Post on event bus from null/SystemClassLoader[52 modules] in thread Thread[SwingWorker-pool-3-thread-4,5,system]
2014-04-01 15:28:00,631 [SwingWorker-pool-3-thread-4] INFO [org.janelia.it.FlyWorkstation.api.entity_model.management.ModelMgr] Post on event bus from null/SystemClassLoader[52 modules] in thread Thread[SwingWorker-pool-3-thread-4,5,system]
2014-04-01 15:28:00,639 [SwingWorker-pool-3-thread-4] INFO [org.janelia.it.FlyWorkstation.api.entity_model.management.ModelMgr] Post on event bus from null/SystemClassLoader[52 modules] in thread Thread[SwingWorker-pool-3-thread-4,5,system]
2014-04-01 15:28:00,646 [SwingWorker-pool-3-thread-4] INFO [org.janelia.it.FlyWorkstation.api.entity_model.management.ModelMgr] Post on event bus from null/SystemClassLoader[52 modules] in thread Thread[SwingWorker-pool-3-thread-4,5,system]
2014-04-01 15:28:00,654 [SwingWorker-pool-3-thread-4] INFO [org.janelia.it.FlyWorkstation.api.entity_model.management.ModelMgr] Post on event bus from null/SystemClassLoader[52 modules] in thread Thread[SwingWorker-pool-3-thread-4,5,system]
2014-04-01 15:28:00,662 [SwingWorker-pool-3-thread-4] INFO [org.janelia.it.FlyWorkstation.api.entity_model.management.ModelMgr] Post on event bus from null/SystemClassLoader[52 modules] in thread Thread[SwingWorker-pool-3-thread-4,5,system]
2014-04-01 15:28:00,670 [SwingWorker-pool-3-thread-4] INFO [org.janelia.it.FlyWorkstation.api.entity_model.management.ModelMgr] Post on event bus from null/SystemClassLoader[52 modules] in thread Thread[SwingWorker-pool-3-thread-4,5,system]
2014-04-01 15:28:00,678 [SwingWorker-pool-3-thread-4] INFO [org.janelia.it.FlyWorkstation.api.entity_model.management.ModelMgr] Post on event bus from null/SystemClassLoader[52 modules] in thread Thread[SwingWorker-pool-3-thread-4,5,system]
2014-04-01 15:28:00,686 [SwingWorker-pool-3-thread-4] INFO [org.janelia.it.FlyWorkstation.api.entity_model.management.ModelMgr] Post on event bus from null/SystemClassLoader[52 modules] in thread Thread[SwingWorker-pool-3-thread-4,5,system]
2014-04-01 15:28:00,693 [SwingWorker-pool-3-thread-4] INFO [org.janelia.it.FlyWorkstation.api.entity_model.management.ModelMgr] Post on event bus from null/SystemClassLoader[52 modules] in thread Thread[SwingWorker-pool-3-thread-4,5,system]
2014-04-01 15:28:00,701 [SwingWorker-pool-3-thread-4] INFO [org.janelia.it.FlyWorkstation.api.entity_model.management.ModelMgr] Post on event bus from null/SystemClassLoader[52 modules] in thread Thread[SwingWorker-pool-3-thread-4,5,system]
2014-04-01 15:28:00,709 [SwingWorker-pool-3-thread-4] INFO [org.janelia.it.FlyWorkstation.api.entity_model.management.ModelMgr] Post on event bus from null/SystemClassLoader[52 modules] in thread Thread[SwingWorker-pool-3-thread-4,5,system]
2014-04-01 15:28:00,717 [SwingWorker-pool-3-thread-4] INFO [org.janelia.it.FlyWorkstation.api.entity_model.management.ModelMgr] Post on event bus from null/SystemClassLoader[52 modules] in thread Thread[SwingWorker-pool-3-thread-4,5,system]
2014-04-01 15:28:00,724 [SwingWorker-pool-3-thread-4] INFO [org.janelia.it.FlyWorkstation.api.entity_model.management.ModelMgr] Post on event bus from null/SystemClassLoader[52 modules] in thread Thread[SwingWorker-pool-3-thread-4,5,system]
2014-04-01 15:28:00,732 [SwingWorker-pool-3-thread-4] INFO [org.janelia.it.FlyWorkstation.api.entity_model.management.ModelMgr] Post on event bus from null/SystemClassLoader[52 modules] in thread Thread[SwingWorker-pool-3-thread-4,5,system]
2014-04-01 15:28:00,740 [SwingWorker-pool-3-thread-4] INFO [org.janelia.it.FlyWorkstation.api.entity_model.management.ModelMgr] Post on event bus from null/SystemClassLoader[52 modules] in thread Thread[SwingWorker-pool-3-thread-4,5,system]
2014-04-01 15:28:00,748 [SwingWorker-pool-3-thread-4] INFO [org.janelia.it.FlyWorkstation.api.entity_model.management.ModelMgr] Post on event bus from null/SystemClassLoader[52 modules] in thread Thread[SwingWorker-pool-3-thread-4,5,system]
2014-04-01 15:28:00,755 [SwingWorker-pool-3-thread-4] INFO [org.janelia.it.FlyWorkstation.api.entity_model.management.ModelMgr] Post on event bus from null/SystemClassLoader[52 modules] in thread Thread[SwingWorker-pool-3-thread-4,5,system]
2014-04-01 15:28:00,764 [SwingWorker-pool-3-thread-4] INFO [org.janelia.it.FlyWorkstation.api.entity_model.management.ModelMgr] Post on event bus from null/SystemClassLoader[52 modules] in thread Thread[SwingWorker-pool-3-thread-4,5,system]
2014-04-01 15:28:00,793 [SwingWorker-pool-3-thread-4] INFO [org.janelia.it.FlyWorkstation.api.entity_model.management.ModelMgr] Post on event bus from null/SystemClassLoader[52 modules] in thread Thread[SwingWorker-pool-3-thread-4,5,system]
2014-04-01 15:28:00,802 [SwingWorker-pool-3-thread-4] INFO [org.janelia.it.FlyWorkstation.api.entity_model.management.ModelMgr] Post on event bus from null/SystemClassLoader[52 modules] in thread Thread[SwingWorker-pool-3-thread-4,5,system]
2014-04-01 15:28:00,810 [SwingWorker-pool-3-thread-4] INFO [org.janelia.it.FlyWorkstation.api.entity_model.management.ModelMgr] Post on event bus from null/SystemClassLoader[52 modules] in thread Thread[SwingWorker-pool-3-thread-4,5,system]
2014-04-01 15:28:00,818 [SwingWorker-pool-3-thread-4] INFO [org.janelia.it.FlyWorkstation.api.entity_model.management.ModelMgr] Post on event bus from null/SystemClassLoader[52 modules] in thread Thread[SwingWorker-pool-3-thread-4,5,system]
2014-04-01 15:28:00,826 [SwingWorker-pool-3-thread-4] INFO [org.janelia.it.FlyWorkstation.api.entity_model.management.ModelMgr] Post on event bus from null/SystemClassLoader[52 modules] in thread Thread[SwingWorker-pool-3-thread-4,5,system]
2014-04-01 15:28:00,834 [SwingWorker-pool-3-thread-4] INFO [org.janelia.it.FlyWorkstation.api.entity_model.management.ModelMgr] Post on event bus from null/SystemClassLoader[52 modules] in thread Thread[SwingWorker-pool-3-thread-4,5,system]
2014-04-01 15:28:00,842 [SwingWorker-pool-3-thread-4] INFO [org.janelia.it.FlyWorkstation.api.entity_model.management.ModelMgr] Post on event bus from null/SystemClassLoader[52 modules] in thread Thread[SwingWorker-pool-3-thread-4,5,system]
2014-04-01 15:28:00,851 [SwingWorker-pool-3-thread-4] INFO [org.janelia.it.FlyWorkstation.api.entity_model.management.ModelMgr] Post on event bus from null/SystemClassLoader[52 modules] in thread Thread[SwingWorker-pool-3-thread-4,5,system]
2014-04-01 15:28:00,858 [SwingWorker-pool-3-thread-4] INFO [org.janelia.it.FlyWorkstation.api.entity_model.management.ModelMgr] Post on event bus from null/SystemClassLoader[52 modules] in thread Thread[SwingWorker-pool-3-thread-4,5,system]
2014-04-01 15:28:00,867 [SwingWorker-pool-3-thread-4] INFO [org.janelia.it.FlyWorkstation.api.entity_model.management.ModelMgr] Post on event bus from null/SystemClassLoader[52 modules] in thread Thread[SwingWorker-pool-3-thread-4,5,system]
2014-04-01 15:28:00,874 [SwingWorker-pool-3-thread-4] INFO [org.janelia.it.FlyWorkstation.api.entity_model.management.ModelMgr] Post on event bus from null/SystemClassLoader[52 modules] in thread Thread[SwingWorker-pool-3-thread-4,5,system]
2014-04-01 15:28:00,883 [SwingWorker-pool-3-thread-4] INFO [org.janelia.it.FlyWorkstation.api.entity_model.management.ModelMgr] Post on event bus from null/SystemClassLoader[52 modules] in thread Thread[SwingWorker-pool-3-thread-4,5,system]
2014-04-01 15:28:00,891 [SwingWorker-pool-3-thread-4] INFO [org.janelia.it.FlyWorkstation.api.entity_model.management.ModelMgr] Post on event bus from null/SystemClassLoader[52 modules] in thread Thread[SwingWorker-pool-3-thread-4,5,system]
2014-04-01 15:28:00,900 [SwingWorker-pool-3-thread-4] INFO [org.janelia.it.FlyWorkstation.api.entity_model.management.ModelMgr] Post on event bus from null/SystemClassLoader[52 modules] in thread Thread[SwingWorker-pool-3-thread-4,5,system]
2014-04-01 15:28:00,908 [SwingWorker-pool-3-thread-4] INFO [org.janelia.it.FlyWorkstation.api.entity_model.management.ModelMgr] Post on event bus from null/SystemClassLoader[52 modules] in thread Thread[SwingWorker-pool-3-thread-4,5,system]
2014-04-01 15:28:00,916 [SwingWorker-pool-3-thread-4] INFO [org.janelia.it.FlyWorkstation.api.entity_model.management.ModelMgr] Post on event bus from null/SystemClassLoader[52 modules] in thread Thread[SwingWorker-pool-3-thread-4,5,system]
2014-04-01 15:28:00,924 [SwingWorker-pool-3-thread-4] INFO [org.janelia.it.FlyWorkstation.api.entity_model.management.ModelMgr] Post on event bus from null/SystemClassLoader[52 modules] in thread Thread[SwingWorker-pool-3-thread-4,5,system]
2014-04-01 15:28:00,932 [SwingWorker-pool-3-thread-4] INFO [org.janelia.it.FlyWorkstation.api.entity_model.management.ModelMgr] Post on event bus from null/SystemClassLoader[52 modules] in thread Thread[SwingWorker-pool-3-thread-4,5,system]
2014-04-01 15:28:00,940 [SwingWorker-pool-3-thread-4] INFO [org.janelia.it.FlyWorkstation.api.entity_model.management.ModelMgr] Post on event bus from null/SystemClassLoader[52 modules] in thread Thread[SwingWorker-pool-3-thread-4,5,system]
2014-04-01 15:28:00,949 [SwingWorker-pool-3-thread-4] INFO [org.janelia.it.FlyWorkstation.api.entity_model.management.ModelMgr] Post on event bus from null/SystemClassLoader[52 modules] in thread Thread[SwingWorker-pool-3-thread-4,5,system]
2014-04-01 15:28:00,957 [SwingWorker-pool-3-thread-4] INFO [org.janelia.it.FlyWorkstation.api.entity_model.management.ModelMgr] Post on event bus from null/SystemClassLoader[52 modules] in thread Thread[SwingWorker-pool-3-thread-4,5,system]
2014-04-01 15:28:00,965 [SwingWorker-pool-3-thread-4] INFO [org.janelia.it.FlyWorkstation.api.entity_model.management.ModelMgr] Post on event bus from null/SystemClassLoader[52 modules] in thread Thread[SwingWorker-pool-3-thread-4,5,system]
2014-04-01 15:28:00,972 [SwingWorker-pool-3-thread-4] INFO [org.janelia.it.FlyWorkstation.api.entity_model.management.ModelMgr] Post on event bus from null/SystemClassLoader[52 modules] in thread Thread[SwingWorker-pool-3-thread-4,5,system]
2014-04-01 15:28:00,980 [SwingWorker-pool-3-thread-4] INFO [org.janelia.it.FlyWorkstation.api.entity_model.management.ModelMgr] Post on event bus from null/SystemClassLoader[52 modules] in thread Thread[SwingWorker-pool-3-thread-4,5,system]
2014-04-01 15:28:00,988 [SwingWorker-pool-3-thread-4] INFO [org.janelia.it.FlyWorkstation.api.entity_model.management.ModelMgr] Post on event bus from null/SystemClassLoader[52 modules] in thread Thread[SwingWorker-pool-3-thread-4,5,system]
2014-04-01 15:28:00,996 [SwingWorker-pool-3-thread-4] INFO [org.janelia.it.FlyWorkstation.api.entity_model.management.ModelMgr] Post on event bus from null/SystemClassLoader[52 modules] in thread Thread[SwingWorker-pool-3-thread-4,5,system]
2014-04-01 15:28:01,005 [SwingWorker-pool-3-thread-4] INFO [org.janelia.it.FlyWorkstation.api.entity_model.management.ModelMgr] Post on event bus from null/SystemClassLoader[52 modules] in thread Thread[SwingWorker-pool-3-thread-4,5,system]
2014-04-01 15:28:01,012 [SwingWorker-pool-3-thread-4] INFO [org.janelia.it.FlyWorkstation.api.entity_model.management.ModelMgr] Post on event bus from null/SystemClassLoader[52 modules] in thread Thread[SwingWorker-pool-3-thread-4,5,system]
2014-04-01 15:28:01,020 [SwingWorker-pool-3-thread-4] INFO [org.janelia.it.FlyWorkstation.api.entity_model.management.ModelMgr] Post on event bus from null/SystemClassLoader[52 modules] in thread Thread[SwingWorker-pool-3-thread-4,5,system]
2014-04-01 15:28:01,029 [SwingWorker-pool-3-thread-4] INFO [org.janelia.it.FlyWorkstation.api.entity_model.management.ModelMgr] Post on event bus from null/SystemClassLoader[52 modules] in thread Thread[SwingWorker-pool-3-thread-4,5,system]
2014-04-01 15:28:01,036 [SwingWorker-pool-3-thread-4] INFO [org.janelia.it.FlyWorkstation.api.entity_model.management.ModelMgr] Post on event bus from null/SystemClassLoader[52 modules] in thread Thread[SwingWorker-pool-3-thread-4,5,system]
2014-04-01 15:28:01,044 [SwingWorker-pool-3-thread-4] INFO [org.janelia.it.FlyWorkstation.api.entity_model.management.ModelMgr] Post on event bus from null/SystemClassLoader[52 modules] in thread Thread[SwingWorker-pool-3-thread-4,5,system]
2014-04-01 15:28:01,053 [SwingWorker-pool-3-thread-4] INFO [org.janelia.it.FlyWorkstation.api.entity_model.management.ModelMgr] Post on event bus from null/SystemClassLoader[52 modules] in thread Thread[SwingWorker-pool-3-thread-4,5,system]
2014-04-01 15:28:01,060 [SwingWorker-pool-3-thread-4] INFO [org.janelia.it.FlyWorkstation.api.entity_model.management.ModelMgr] Post on event bus from null/SystemClassLoader[52 modules] in thread Thread[SwingWorker-pool-3-thread-4,5,system]
2014-04-01 15:28:01,068 [SwingWorker-pool-3-thread-4] INFO [org.janelia.it.FlyWorkstation.api.entity_model.management.ModelMgr] Post on event bus from null/SystemClassLoader[52 modules] in thread Thread[SwingWorker-pool-3-thread-4,5,system]
2014-04-01 15:28:01,076 [SwingWorker-pool-3-thread-4] INFO [org.janelia.it.FlyWorkstation.api.entity_model.management.ModelMgr] Post on event bus from null/SystemClassLoader[52 modules] in thread Thread[SwingWorker-pool-3-thread-4,5,system]
2014-04-01 15:28:01,085 [SwingWorker-pool-3-thread-4] INFO [org.janelia.it.FlyWorkstation.api.entity_model.management.ModelMgr] Post on event bus from null/SystemClassLoader[52 modules] in thread Thread[SwingWorker-pool-3-thread-4,5,system]
2014-04-01 15:28:01,093 [SwingWorker-pool-3-thread-4] INFO [org.janelia.it.FlyWorkstation.api.entity_model.management.ModelMgr] Post on event bus from null/SystemClassLoader[52 modules] in thread Thread[SwingWorker-pool-3-thread-4,5,system]
2014-04-01 15:28:01,101 [SwingWorker-pool-3-thread-4] INFO [org.janelia.it.FlyWorkstation.api.entity_model.management.ModelMgr] Post on event bus from null/SystemClassLoader[52 modules] in thread Thread[SwingWorker-pool-3-thread-4,5,system]
2014-04-01 15:28:01,109 [SwingWorker-pool-3-thread-4] INFO [org.janelia.it.FlyWorkstation.api.entity_model.management.ModelMgr] Post on event bus from null/SystemClassLoader[52 modules] in thread Thread[SwingWorker-pool-3-thread-4,5,system]
2014-04-01 15:28:01,117 [SwingWorker-pool-3-thread-4] INFO [org.janelia.it.FlyWorkstation.api.entity_model.management.ModelMgr] Post on event bus from null/SystemClassLoader[52 modules] in thread Thread[SwingWorker-pool-3-thread-4,5,system]
2014-04-01 15:28:01,125 [SwingWorker-pool-3-thread-4] INFO [org.janelia.it.FlyWorkstation.api.entity_model.management.ModelMgr] Post on event bus from null/SystemClassLoader[52 modules] in thread Thread[SwingWorker-pool-3-thread-4,5,system]
2014-04-01 15:28:01,133 [SwingWorker-pool-3-thread-4] INFO [org.janelia.it.FlyWorkstation.api.entity_model.management.ModelMgr] Post on event bus from null/SystemClassLoader[52 modules] in thread Thread[SwingWorker-pool-3-thread-4,5,system]
2014-04-01 15:28:01,141 [SwingWorker-pool-3-thread-4] INFO [org.janelia.it.FlyWorkstation.api.entity_model.management.ModelMgr] Post on event bus from null/SystemClassLoader[52 modules] in thread Thread[SwingWorker-pool-3-thread-4,5,system]
2014-04-01 15:28:01,149 [SwingWorker-pool-3-thread-4] INFO [org.janelia.it.FlyWorkstation.api.entity_model.management.ModelMgr] Post on event bus from null/SystemClassLoader[52 modules] in thread Thread[SwingWorker-pool-3-thread-4,5,system]
2014-04-01 15:28:01,157 [SwingWorker-pool-3-thread-4] INFO [org.janelia.it.FlyWorkstation.api.entity_model.management.ModelMgr] Post on event bus from null/SystemClassLoader[52 modules] in thread Thread[SwingWorker-pool-3-thread-4,5,system]
2014-04-01 15:28:01,165 [SwingWorker-pool-3-thread-4] INFO [org.janelia.it.FlyWorkstation.api.entity_model.management.ModelMgr] Post on event bus from null/SystemClassLoader[52 modules] in thread Thread[SwingWorker-pool-3-thread-4,5,system]
2014-04-01 15:28:01,172 [SwingWorker-pool-3-thread-4] INFO [org.janelia.it.FlyWorkstation.api.entity_model.management.ModelMgr] Post on event bus from null/SystemClassLoader[52 modules] in thread Thread[SwingWorker-pool-3-thread-4,5,system]
2014-04-01 15:28:01,180 [SwingWorker-pool-3-thread-4] INFO [org.janelia.it.FlyWorkstation.api.entity_model.management.ModelMgr] Post on event bus from null/SystemClassLoader[52 modules] in thread Thread[SwingWorker-pool-3-thread-4,5,system]
2014-04-01 15:28:01,188 [SwingWorker-pool-3-thread-4] INFO [org.janelia.it.FlyWorkstation.api.entity_model.management.ModelMgr] Post on event bus from null/SystemClassLoader[52 modules] in thread Thread[SwingWorker-pool-3-thread-4,5,system]
2014-04-01 15:28:01,196 [SwingWorker-pool-3-thread-4] INFO [org.janelia.it.FlyWorkstation.api.entity_model.management.ModelMgr] Post on event bus from null/SystemClassLoader[52 modules] in thread Thread[SwingWorker-pool-3-thread-4,5,system]
2014-04-01 15:28:01,205 [SwingWorker-pool-3-thread-4] INFO [org.janelia.it.FlyWorkstation.api.entity_model.management.ModelMgr] Post on event bus from null/SystemClassLoader[52 modules] in thread Thread[SwingWorker-pool-3-thread-4,5,system]
2014-04-01 15:28:01,213 [SwingWorker-pool-3-thread-4] INFO [org.janelia.it.FlyWorkstation.api.entity_model.management.ModelMgr] Post on event bus from null/SystemClassLoader[52 modules] in thread Thread[SwingWorker-pool-3-thread-4,5,system]
2014-04-01 15:28:01,221 [SwingWorker-pool-3-thread-4] INFO [org.janelia.it.FlyWorkstation.api.entity_model.management.ModelMgr] Post on event bus from null/SystemClassLoader[52 modules] in thread Thread[SwingWorker-pool-3-thread-4,5,system]
2014-04-01 15:28:01,230 [SwingWorker-pool-3-thread-4] INFO [org.janelia.it.FlyWorkstation.api.entity_model.management.ModelMgr] Post on event bus from null/SystemClassLoader[52 modules] in thread Thread[SwingWorker-pool-3-thread-4,5,system]
2014-04-01 15:28:01,238 [SwingWorker-pool-3-thread-4] INFO [org.janelia.it.FlyWorkstation.api.entity_model.management.ModelMgr] Post on event bus from null/SystemClassLoader[52 modules] in thread Thread[SwingWorker-pool-3-thread-4,5,system]
2014-04-01 15:28:01,246 [SwingWorker-pool-3-thread-4] INFO [org.janelia.it.FlyWorkstation.api.entity_model.management.ModelMgr] Post on event bus from null/SystemClassLoader[52 modules] in thread Thread[SwingWorker-pool-3-thread-4,5,system]
2014-04-01 15:28:01,254 [SwingWorker-pool-3-thread-4] INFO [org.janelia.it.FlyWorkstation.api.entity_model.management.ModelMgr] Post on event bus from null/SystemClassLoader[52 modules] in thread Thread[SwingWorker-pool-3-thread-4,5,system]
2014-04-01 15:28:01,264 [SwingWorker-pool-3-thread-4] INFO [org.janelia.it.FlyWorkstation.api.entity_model.management.ModelMgr] Post on event bus from null/SystemClassLoader[52 modules] in thread Thread[SwingWorker-pool-3-thread-4,5,system]
2014-04-01 15:28:01,275 [SwingWorker-pool-3-thread-4] INFO [org.janelia.it.FlyWorkstation.api.entity_model.management.ModelMgr] Post on event bus from null/SystemClassLoader[52 modules] in thread Thread[SwingWorker-pool-3-thread-4,5,system]
2014-04-01 15:28:01,286 [SwingWorker-pool-3-thread-4] INFO [org.janelia.it.FlyWorkstation.api.entity_model.management.ModelMgr] Post on event bus from null/SystemClassLoader[52 modules] in thread Thread[SwingWorker-pool-3-thread-4,5,system]
2014-04-01 15:28:01,298 [SwingWorker-pool-3-thread-4] INFO [org.janelia.it.FlyWorkstation.api.entity_model.management.ModelMgr] Post on event bus from null/SystemClassLoader[52 modules] in thread Thread[SwingWorker-pool-3-thread-4,5,system]
2014-04-01 15:28:01,311 [SwingWorker-pool-3-thread-4] INFO [org.janelia.it.FlyWorkstation.api.entity_model.management.ModelMgr] Post on event bus from null/SystemClassLoader[52 modules] in thread Thread[SwingWorker-pool-3-thread-4,5,system]
2014-04-01 15:28:01,319 [SwingWorker-pool-3-thread-4] INFO [org.janelia.it.FlyWorkstation.api.entity_model.management.ModelMgr] Post on event bus from null/SystemClassLoader[52 modules] in thread Thread[SwingWorker-pool-3-thread-4,5,system]
2014-04-01 15:28:01,327 [SwingWorker-pool-3-thread-4] INFO [org.janelia.it.FlyWorkstation.api.entity_model.management.ModelMgr] Post on event bus from null/SystemClassLoader[52 modules] in thread Thread[SwingWorker-pool-3-thread-4,5,system]
2014-04-01 15:28:01,343 [SwingWorker-pool-3-thread-4] INFO [org.janelia.it.FlyWorkstation.api.entity_model.management.ModelMgr] Post on event bus from null/SystemClassLoader[52 modules] in thread Thread[SwingWorker-pool-3-thread-4,5,system]
2014-04-01 15:28:01,352 [SwingWorker-pool-3-thread-4] INFO [org.janelia.it.FlyWorkstation.api.entity_model.management.ModelMgr] Post on event bus from null/SystemClassLoader[52 modules] in thread Thread[SwingWorker-pool-3-thread-4,5,system]
2014-04-01 15:28:01,369 [SwingWorker-pool-3-thread-4] INFO [org.janelia.it.FlyWorkstation.api.entity_model.management.ModelMgr] Post on event bus from null/SystemClassLoader[52 modules] in thread Thread[SwingWorker-pool-3-thread-4,5,system]
2014-04-01 15:28:01,371 [SwingWorker-pool-3-thread-4] INFO [org.janelia.it.FlyWorkstation.api.entity_model.management.ModelMgr] Post on event bus from null/SystemClassLoader[52 modules] in thread Thread[SwingWorker-pool-3-thread-4,5,system]
2014-04-01 15:28:01,380 [SwingWorker-pool-3-thread-4] INFO [org.janelia.it.FlyWorkstation.api.entity_model.management.ModelMgr] Post on event bus from null/SystemClassLoader[52 modules] in thread Thread[SwingWorker-pool-3-thread-4,5,system]
2014-04-01 15:28:01,388 [SwingWorker-pool-3-thread-4] INFO [org.janelia.it.FlyWorkstation.api.entity_model.management.ModelMgr] Post on event bus from null/SystemClassLoader[52 modules] in thread Thread[SwingWorker-pool-3-thread-4,5,system]
2014-04-01 15:28:01,398 [SwingWorker-pool-3-thread-4] INFO [org.janelia.it.FlyWorkstation.api.entity_model.management.ModelMgr] Post on event bus from null/SystemClassLoader[52 modules] in thread Thread[SwingWorker-pool-3-thread-4,5,system]
2014-04-01 15:28:01,409 [SwingWorker-pool-3-thread-4] INFO [org.janelia.it.FlyWorkstation.api.entity_model.management.ModelMgr] Post on event bus from null/SystemClassLoader[52 modules] in thread Thread[SwingWorker-pool-3-thread-4,5,system]
2014-04-01 15:28:01,420 [SwingWorker-pool-3-thread-4] INFO [org.janelia.it.FlyWorkstation.api.entity_model.management.ModelMgr] Post on event bus from null/SystemClassLoader[52 modules] in thread Thread[SwingWorker-pool-3-thread-4,5,system]
2014-04-01 15:28:01,433 [SwingWorker-pool-3-thread-4] INFO [org.janelia.it.FlyWorkstation.api.entity_model.management.ModelMgr] Post on event bus from null/SystemClassLoader[52 modules] in thread Thread[SwingWorker-pool-3-thread-4,5,system]
2014-04-01 15:28:01,445 [SwingWorker-pool-3-thread-4] INFO [org.janelia.it.FlyWorkstation.api.entity_model.management.ModelMgr] Post on event bus from null/SystemClassLoader[52 modules] in thread Thread[SwingWorker-pool-3-thread-4,5,system]
2014-04-01 15:28:01,453 [SwingWorker-pool-3-thread-4] INFO [org.janelia.it.FlyWorkstation.api.entity_model.management.ModelMgr] Post on event bus from null/SystemClassLoader[52 modules] in thread Thread[SwingWorker-pool-3-thread-4,5,system]
2014-04-01 15:28:01,462 [SwingWorker-pool-3-thread-4] INFO [org.janelia.it.FlyWorkstation.api.entity_model.management.ModelMgr] Post on event bus from null/SystemClassLoader[52 modules] in thread Thread[SwingWorker-pool-3-thread-4,5,system]
2014-04-01 15:28:01,491 [SwingWorker-pool-3-thread-4] INFO [org.janelia.it.FlyWorkstation.api.entity_model.management.ModelMgr] Post on event bus from null/SystemClassLoader[52 modules] in thread Thread[SwingWorker-pool-3-thread-4,5,system]
2014-04-01 15:28:01,500 [SwingWorker-pool-3-thread-4] INFO [org.janelia.it.FlyWorkstation.api.entity_model.management.ModelMgr] Post on event bus from null/SystemClassLoader[52 modules] in thread Thread[SwingWorker-pool-3-thread-4,5,system]
2014-04-01 15:28:01,530 [SwingWorker-pool-3-thread-4] INFO [org.janelia.it.FlyWorkstation.api.entity_model.management.ModelMgr] Post on event bus from null/SystemClassLoader[52 modules] in thread Thread[SwingWorker-pool-3-thread-4,5,system]
2014-04-01 15:28:01,635 [SwingWorker-pool-3-thread-4] INFO [org.janelia.it.FlyWorkstation.api.entity_model.management.ModelMgr] Post on event bus from null/SystemClassLoader[52 modules] in thread Thread[SwingWorker-pool-3-thread-4,5,system]
2014-04-01 15:28:01,646 [SwingWorker-pool-3-thread-4] INFO [org.janelia.it.FlyWorkstation.api.entity_model.management.ModelMgr] Post on event bus from null/SystemClassLoader[52 modules] in thread Thread[SwingWorker-pool-3-thread-4,5,system]
2014-04-01 15:28:01,655 [SwingWorker-pool-3-thread-4] INFO [org.janelia.it.FlyWorkstation.api.entity_model.management.ModelMgr] Post on event bus from null/SystemClassLoader[52 modules] in thread Thread[SwingWorker-pool-3-thread-4,5,system]
2014-04-01 15:28:01,665 [SwingWorker-pool-3-thread-4] INFO [org.janelia.it.FlyWorkstation.api.entity_model.management.ModelMgr] Post on event bus from null/SystemClassLoader[52 modules] in thread Thread[SwingWorker-pool-3-thread-4,5,system]
2014-04-01 15:28:01,676 [SwingWorker-pool-3-thread-4] INFO [org.janelia.it.FlyWorkstation.api.entity_model.management.ModelMgr] Post on event bus from null/SystemClassLoader[52 modules] in thread Thread[SwingWorker-pool-3-thread-4,5,system]
2014-04-01 15:28:01,687 [SwingWorker-pool-3-thread-4] INFO [org.janelia.it.FlyWorkstation.api.entity_model.management.ModelMgr] Post on event bus from null/SystemClassLoader[52 modules] in thread Thread[SwingWorker-pool-3-thread-4,5,system]
2014-04-01 15:28:01,699 [SwingWorker-pool-3-thread-4] INFO [org.janelia.it.FlyWorkstation.api.entity_model.management.ModelMgr] Post on event bus from null/SystemClassLoader[52 modules] in thread Thread[SwingWorker-pool-3-thread-4,5,system]
2014-04-01 15:28:01,711 [SwingWorker-pool-3-thread-4] INFO [org.janelia.it.FlyWorkstation.api.entity_model.management.ModelMgr] Post on event bus from null/SystemClassLoader[52 modules] in thread Thread[SwingWorker-pool-3-thread-4,5,system]
2014-04-01 15:28:01,720 [SwingWorker-pool-3-thread-4] INFO [org.janelia.it.FlyWorkstation.api.entity_model.management.ModelMgr] Post on event bus from null/SystemClassLoader[52 modules] in thread Thread[SwingWorker-pool-3-thread-4,5,system]
2014-04-01 15:28:01,728 [SwingWorker-pool-3-thread-4] INFO [org.janelia.it.FlyWorkstation.api.entity_model.management.ModelMgr] Post on event bus from null/SystemClassLoader[52 modules] in thread Thread[SwingWorker-pool-3-thread-4,5,system]
2014-04-01 15:28:01,743 [SwingWorker-pool-3-thread-4] INFO [org.janelia.it.FlyWorkstation.api.entity_model.management.ModelMgr] Post on event bus from null/SystemClassLoader[52 modules] in thread Thread[SwingWorker-pool-3-thread-4,5,system]
2014-04-01 15:28:01,752 [SwingWorker-pool-3-thread-4] INFO [org.janelia.it.FlyWorkstation.api.entity_model.management.ModelMgr] Post on event bus from null/SystemClassLoader[52 modules] in thread Thread[SwingWorker-pool-3-thread-4,5,system]
2014-04-01 15:28:01,767 [SwingWorker-pool-3-thread-4] INFO [org.janelia.it.FlyWorkstation.api.entity_model.management.ModelMgr] Post on event bus from null/SystemClassLoader[52 modules] in thread Thread[SwingWorker-pool-3-thread-4,5,system]
2014-04-01 15:28:01,803 [SwingWorker-pool-3-thread-4] INFO [org.janelia.it.FlyWorkstation.api.entity_model.management.ModelMgr] Post on event bus from null/SystemClassLoader[52 modules] in thread Thread[SwingWorker-pool-3-thread-4,5,system]
2014-04-01 15:28:01,865 [AWT-EventQueue-0] INFO [org.janelia.it.FlyWorkstation.gui.alignment_board_viewer.LayersPanel] Posting AB-Open
2014-04-01 15:28:01,866 [AWT-EventQueue-0] INFO [org.janelia.it.FlyWorkstation.api.entity_model.management.ModelMgr] Post on event bus from null/SystemClassLoader[52 modules] in thread Thread[AWT-EventQueue-0,6,main]
2014-04-01 15:28:01,866 [AWT-EventQueue-0] INFO [org.janelia.it.FlyWorkstation.gui.alignment_board_viewer.AlignmentBoardPanel] Board Opened
2014-04-01 15:28:01,868 [AWT-EventQueue-0] WARN [org.janelia.it.FlyWorkstation.gui.alignment_board_viewer.AlignmentBoardPanel] Update-board called.
2014-04-01 15:28:01,869 [AWT-EventQueue-0] INFO [org.janelia.it.FlyWorkstation.gui.alignment_board_viewer.AlignmentBoardPanel] New settings
2014-04-01 15:28:01,904 [AWT-EventQueue-0] INFO [org.janelia.it.FlyWorkstation.gui.alignment_board_viewer.UserSettingSerializer] Read-Up Setting string: Gamma=0.802000
CropOutLevel=0.250000
UseSignal=true
CameraRotation=[-0.767525,0.623684,-0.148068][-0.596794,-0.779556,-0.190074][-0.233974,-0.057522,0.970540]
InGroundFocus=[293.000000,12.000000,0.000000]
CameraFocus=[0.000000,0.000000,-1263.694824]
MinVoxelCutoff=1000
MaxNeuronsCutoff=4
SaveGammaInTiff=true
 deserialized, from 1947824984755798105
2014-04-01 15:28:02,071 [AWT-EventQueue-0] WARN [org.janelia.it.FlyWorkstation.gui.alignment_board_viewer.gui_elements.GpuSampler] Neither NVidea nor Radeon video memory calls succeeded 1280/0.
2014-04-01 15:28:02,071 [AWT-EventQueue-0] INFO [org.janelia.it.FlyWorkstation.gui.alignment_board_viewer.gui_elements.GpuSampler] Free texture memory 0.
2014-04-01 15:28:02,086 [SwingWorker-pool-3-thread-8] INFO [org.janelia.it.FlyWorkstation.gui.alignment_board_viewer.RenderablesLoadWorker] GPU vendor NVIDIA Corporation, renderer NVIDIA GeForce GTX 680 OpenGL Engine version 2.1 NVIDIA-8.16.74 310.40.00.10f02
2014-04-01 15:28:02,220 [SwingWorker-pool-3-thread-8] INFO [org.janelia.it.FlyWorkstation.gui.alignment_board_viewer.RenderablesLoadWorker] User has preferred card.
2014-04-01 15:28:02,256 [SwingWorker-pool-3-thread-8] INFO [org.janelia.it.FlyWorkstation.api.entity_model.management.ModelMgr] Post on event bus from null/SystemClassLoader[52 modules] in thread Thread[SwingWorker-pool-3-thread-8,5,system]
2014-04-01 15:28:02,274 [SwingWorker-pool-3-thread-8] INFO [org.janelia.it.FlyWorkstation.api.entity_model.management.ModelMgr] Post on event bus from null/SystemClassLoader[52 modules] in thread Thread[SwingWorker-pool-3-thread-8,5,system]
2014-04-01 15:28:02,289 [SwingWorker-pool-3-thread-8] INFO [org.janelia.it.FlyWorkstation.api.entity_model.management.ModelMgr] Post on event bus from null/SystemClassLoader[52 modules] in thread Thread[SwingWorker-pool-3-thread-8,5,system]
2014-04-01 15:28:02,304 [SwingWorker-pool-3-thread-8] INFO [org.janelia.it.FlyWorkstation.api.entity_model.management.ModelMgr] Post on event bus from null/SystemClassLoader[52 modules] in thread Thread[SwingWorker-pool-3-thread-8,5,system]
2014-04-01 15:28:02,319 [SwingWorker-pool-3-thread-8] INFO [org.janelia.it.FlyWorkstation.api.entity_model.management.ModelMgr] Post on event bus from null/SystemClassLoader[52 modules] in thread Thread[SwingWorker-pool-3-thread-8,5,system]
2014-04-01 15:28:02,337 [SwingWorker-pool-3-thread-8] INFO [org.janelia.it.FlyWorkstation.api.entity_model.management.ModelMgr] Post on event bus from null/SystemClassLoader[52 modules] in thread Thread[SwingWorker-pool-3-thread-8,5,system]
2014-04-01 15:28:02,352 [SwingWorker-pool-3-thread-8] INFO [org.janelia.it.FlyWorkstation.api.entity_model.management.ModelMgr] Post on event bus from null/SystemClassLoader[52 modules] in thread Thread[SwingWorker-pool-3-thread-8,5,system]
2014-04-01 15:28:02,371 [SwingWorker-pool-3-thread-8] INFO [org.janelia.it.FlyWorkstation.api.entity_model.management.ModelMgr] Post on event bus from null/SystemClassLoader[52 modules] in thread Thread[SwingWorker-pool-3-thread-8,5,system]
2014-04-01 15:28:02,388 [SwingWorker-pool-3-thread-8] INFO [org.janelia.it.FlyWorkstation.api.entity_model.management.ModelMgr] Post on event bus from null/SystemClassLoader[52 modules] in thread Thread[SwingWorker-pool-3-thread-8,5,system]
2014-04-01 15:28:02,402 [SwingWorker-pool-3-thread-8] INFO [org.janelia.it.FlyWorkstation.api.entity_model.management.ModelMgr] Post on event bus from null/SystemClassLoader[52 modules] in thread Thread[SwingWorker-pool-3-thread-8,5,system]
2014-04-01 15:28:02,417 [SwingWorker-pool-3-thread-8] INFO [org.janelia.it.FlyWorkstation.api.entity_model.management.ModelMgr] Post on event bus from null/SystemClassLoader[52 modules] in thread Thread[SwingWorker-pool-3-thread-8,5,system]
2014-04-01 15:28:02,432 [SwingWorker-pool-3-thread-8] INFO [org.janelia.it.FlyWorkstation.api.entity_model.management.ModelMgr] Post on event bus from null/SystemClassLoader[52 modules] in thread Thread[SwingWorker-pool-3-thread-8,5,system]
2014-04-01 15:28:02,446 [SwingWorker-pool-3-thread-8] INFO [org.janelia.it.FlyWorkstation.api.entity_model.management.ModelMgr] Post on event bus from null/SystemClassLoader[52 modules] in thread Thread[SwingWorker-pool-3-thread-8,5,system]
2014-04-01 15:28:02,461 [SwingWorker-pool-3-thread-8] INFO [org.janelia.it.FlyWorkstation.api.entity_model.management.ModelMgr] Post on event bus from null/SystemClassLoader[52 modules] in thread Thread[SwingWorker-pool-3-thread-8,5,system]
2014-04-01 15:28:02,475 [SwingWorker-pool-3-thread-8] INFO [org.janelia.it.FlyWorkstation.api.entity_model.management.ModelMgr] Post on event bus from null/SystemClassLoader[52 modules] in thread Thread[SwingWorker-pool-3-thread-8,5,system]
2014-04-01 15:28:02,497 [SwingWorker-pool-3-thread-8] INFO [org.janelia.it.FlyWorkstation.api.entity_model.management.ModelMgr] Post on event bus from null/SystemClassLoader[52 modules] in thread Thread[SwingWorker-pool-3-thread-8,5,system]
2014-04-01 15:28:02,512 [SwingWorker-pool-3-thread-8] INFO [org.janelia.it.FlyWorkstation.api.entity_model.management.ModelMgr] Post on event bus from null/SystemClassLoader[52 modules] in thread Thread[SwingWorker-pool-3-thread-8,5,system]
2014-04-01 15:28:02,526 [SwingWorker-pool-3-thread-8] INFO [org.janelia.it.FlyWorkstation.api.entity_model.management.ModelMgr] Post on event bus from null/SystemClassLoader[52 modules] in thread Thread[SwingWorker-pool-3-thread-8,5,system]
2014-04-01 15:28:02,541 [SwingWorker-pool-3-thread-8] INFO [org.janelia.it.FlyWorkstation.api.entity_model.management.ModelMgr] Post on event bus from null/SystemClassLoader[52 modules] in thread Thread[SwingWorker-pool-3-thread-8,5,system]
2014-04-01 15:28:02,556 [SwingWorker-pool-3-thread-8] INFO [org.janelia.it.FlyWorkstation.api.entity_model.management.ModelMgr] Post on event bus from null/SystemClassLoader[52 modules] in thread Thread[SwingWorker-pool-3-thread-8,5,system]
2014-04-01 15:28:02,570 [SwingWorker-pool-3-thread-8] INFO [org.janelia.it.FlyWorkstation.api.entity_model.management.ModelMgr] Post on event bus from null/SystemClassLoader[52 modules] in thread Thread[SwingWorker-pool-3-thread-8,5,system]
2014-04-01 15:28:02,585 [SwingWorker-pool-3-thread-8] INFO [org.janelia.it.FlyWorkstation.api.entity_model.management.ModelMgr] Post on event bus from null/SystemClassLoader[52 modules] in thread Thread[SwingWorker-pool-3-thread-8,5,system]
2014-04-01 15:28:02,600 [SwingWorker-pool-3-thread-8] INFO [org.janelia.it.FlyWorkstation.api.entity_model.management.ModelMgr] Post on event bus from null/SystemClassLoader[52 modules] in thread Thread[SwingWorker-pool-3-thread-8,5,system]
2014-04-01 15:28:02,615 [SwingWorker-pool-3-thread-8] INFO [org.janelia.it.FlyWorkstation.api.entity_model.management.ModelMgr] Post on event bus from null/SystemClassLoader[52 modules] in thread Thread[SwingWorker-pool-3-thread-8,5,system]
2014-04-01 15:28:02,630 [SwingWorker-pool-3-thread-8] INFO [org.janelia.it.FlyWorkstation.api.entity_model.management.ModelMgr] Post on event bus from null/SystemClassLoader[52 modules] in thread Thread[SwingWorker-pool-3-thread-8,5,system]
2014-04-01 15:28:02,653 [SwingWorker-pool-3-thread-8] INFO [org.janelia.it.FlyWorkstation.api.entity_model.management.ModelMgr] Post on event bus from null/SystemClassLoader[52 modules] in thread Thread[SwingWorker-pool-3-thread-8,5,system]
2014-04-01 15:28:02,668 [SwingWorker-pool-3-thread-8] INFO [org.janelia.it.FlyWorkstation.api.entity_model.management.ModelMgr] Post on event bus from null/SystemClassLoader[52 modules] in thread Thread[SwingWorker-pool-3-thread-8,5,system]
2014-04-01 15:28:02,682 [SwingWorker-pool-3-thread-8] INFO [org.janelia.it.FlyWorkstation.api.entity_model.management.ModelMgr] Post on event bus from null/SystemClassLoader[52 modules] in thread Thread[SwingWorker-pool-3-thread-8,5,system]
2014-04-01 15:28:02,698 [SwingWorker-pool-3-thread-8] INFO [org.janelia.it.FlyWorkstation.api.entity_model.management.ModelMgr] Post on event bus from null/SystemClassLoader[52 modules] in thread Thread[SwingWorker-pool-3-thread-8,5,system]
2014-04-01 15:28:02,713 [SwingWorker-pool-3-thread-8] INFO [org.janelia.it.FlyWorkstation.api.entity_model.management.ModelMgr] Post on event bus from null/SystemClassLoader[52 modules] in thread Thread[SwingWorker-pool-3-thread-8,5,system]
2014-04-01 15:28:02,727 [SwingWorker-pool-3-thread-8] INFO [org.janelia.it.FlyWorkstation.api.entity_model.management.ModelMgr] Post on event bus from null/SystemClassLoader[52 modules] in thread Thread[SwingWorker-pool-3-thread-8,5,system]
2014-04-01 15:28:02,747 [SwingWorker-pool-3-thread-8] INFO [org.janelia.it.FlyWorkstation.api.entity_model.management.ModelMgr] Post on event bus from null/SystemClassLoader[52 modules] in thread Thread[SwingWorker-pool-3-thread-8,5,system]
2014-04-01 15:28:02,762 [SwingWorker-pool-3-thread-8] INFO [org.janelia.it.FlyWorkstation.api.entity_model.management.ModelMgr] Post on event bus from null/SystemClassLoader[52 modules] in thread Thread[SwingWorker-pool-3-thread-8,5,system]
2014-04-01 15:28:02,777 [SwingWorker-pool-3-thread-8] INFO [org.janelia.it.FlyWorkstation.api.entity_model.management.ModelMgr] Post on event bus from null/SystemClassLoader[52 modules] in thread Thread[SwingWorker-pool-3-thread-8,5,system]
2014-04-01 15:28:02,810 [SwingWorker-pool-3-thread-8] INFO [org.janelia.it.FlyWorkstation.api.entity_model.management.ModelMgr] Post on event bus from null/SystemClassLoader[52 modules] in thread Thread[SwingWorker-pool-3-thread-8,5,system]
2014-04-01 15:28:02,846 [SwingWorker-pool-3-thread-8] INFO [org.janelia.it.FlyWorkstation.api.entity_model.management.ModelMgr] Post on event bus from null/SystemClassLoader[52 modules] in thread Thread[SwingWorker-pool-3-thread-8,5,system]
2014-04-01 15:28:02,862 [SwingWorker-pool-3-thread-8] INFO [org.janelia.it.FlyWorkstation.api.entity_model.management.ModelMgr] Post on event bus from null/SystemClassLoader[52 modules] in thread Thread[SwingWorker-pool-3-thread-8,5,system]
2014-04-01 15:28:02,876 [SwingWorker-pool-3-thread-8] INFO [org.janelia.it.FlyWorkstation.api.entity_model.management.ModelMgr] Post on event bus from null/SystemClassLoader[52 modules] in thread Thread[SwingWorker-pool-3-thread-8,5,system]
2014-04-01 15:28:02,891 [SwingWorker-pool-3-thread-8] INFO [org.janelia.it.FlyWorkstation.api.entity_model.management.ModelMgr] Post on event bus from null/SystemClassLoader[52 modules] in thread Thread[SwingWorker-pool-3-thread-8,5,system]
2014-04-01 15:28:02,906 [SwingWorker-pool-3-thread-8] INFO [org.janelia.it.FlyWorkstation.api.entity_model.management.ModelMgr] Post on event bus from null/SystemClassLoader[52 modules] in thread Thread[SwingWorker-pool-3-thread-8,5,system]
2014-04-01 15:28:02,921 [SwingWorker-pool-3-thread-8] INFO [org.janelia.it.FlyWorkstation.api.entity_model.management.ModelMgr] Post on event bus from null/SystemClassLoader[52 modules] in thread Thread[SwingWorker-pool-3-thread-8,5,system]
2014-04-01 15:28:02,935 [SwingWorker-pool-3-thread-8] INFO [org.janelia.it.FlyWorkstation.api.entity_model.management.ModelMgr] Post on event bus from null/SystemClassLoader[52 modules] in thread Thread[SwingWorker-pool-3-thread-8,5,system]
2014-04-01 15:28:02,950 [SwingWorker-pool-3-thread-8] INFO [org.janelia.it.FlyWorkstation.api.entity_model.management.ModelMgr] Post on event bus from null/SystemClassLoader[52 modules] in thread Thread[SwingWorker-pool-3-thread-8,5,system]
2014-04-01 15:28:02,981 [SwingWorker-pool-3-thread-8] INFO [org.janelia.it.FlyWorkstation.api.entity_model.management.ModelMgr] Post on event bus from null/SystemClassLoader[52 modules] in thread Thread[SwingWorker-pool-3-thread-8,5,system]
2014-04-01 15:28:02,996 [SwingWorker-pool-3-thread-8] INFO [org.janelia.it.FlyWorkstation.api.entity_model.management.ModelMgr] Post on event bus from null/SystemClassLoader[52 modules] in thread Thread[SwingWorker-pool-3-thread-8,5,system]
2014-04-01 15:28:03,012 [SwingWorker-pool-3-thread-8] INFO [org.janelia.it.FlyWorkstation.api.entity_model.management.ModelMgr] Post on event bus from null/SystemClassLoader[52 modules] in thread Thread[SwingWorker-pool-3-thread-8,5,system]
2014-04-01 15:28:03,027 [SwingWorker-pool-3-thread-8] INFO [org.janelia.it.FlyWorkstation.api.entity_model.management.ModelMgr] Post on event bus from null/SystemClassLoader[52 modules] in thread Thread[SwingWorker-pool-3-thread-8,5,system]
2014-04-01 15:28:03,041 [SwingWorker-pool-3-thread-8] INFO [org.janelia.it.FlyWorkstation.api.entity_model.management.ModelMgr] Post on event bus from null/SystemClassLoader[52 modules] in thread Thread[SwingWorker-pool-3-thread-8,5,system]
2014-04-01 15:28:03,057 [SwingWorker-pool-3-thread-8] INFO [org.janelia.it.FlyWorkstation.api.entity_model.management.ModelMgr] Post on event bus from null/SystemClassLoader[52 modules] in thread Thread[SwingWorker-pool-3-thread-8,5,system]
2014-04-01 15:28:03,071 [SwingWorker-pool-3-thread-8] INFO [org.janelia.it.FlyWorkstation.api.entity_model.management.ModelMgr] Post on event bus from null/SystemClassLoader[52 modules] in thread Thread[SwingWorker-pool-3-thread-8,5,system]
2014-04-01 15:28:03,086 [SwingWorker-pool-3-thread-8] INFO [org.janelia.it.FlyWorkstation.api.entity_model.management.ModelMgr] Post on event bus from null/SystemClassLoader[52 modules] in thread Thread[SwingWorker-pool-3-thread-8,5,system]
2014-04-01 15:28:03,100 [SwingWorker-pool-3-thread-8] INFO [org.janelia.it.FlyWorkstation.api.entity_model.management.ModelMgr] Post on event bus from null/SystemClassLoader[52 modules] in thread Thread[SwingWorker-pool-3-thread-8,5,system]
2014-04-01 15:28:03,115 [SwingWorker-pool-3-thread-8] INFO [org.janelia.it.FlyWorkstation.api.entity_model.management.ModelMgr] Post on event bus from null/SystemClassLoader[52 modules] in thread Thread[SwingWorker-pool-3-thread-8,5,system]
2014-04-01 15:28:03,129 [SwingWorker-pool-3-thread-8] INFO [org.janelia.it.FlyWorkstation.api.entity_model.management.ModelMgr] Post on event bus from null/SystemClassLoader[52 modules] in thread Thread[SwingWorker-pool-3-thread-8,5,system]
2014-04-01 15:28:03,144 [SwingWorker-pool-3-thread-8] INFO [org.janelia.it.FlyWorkstation.api.entity_model.management.ModelMgr] Post on event bus from null/SystemClassLoader[52 modules] in thread Thread[SwingWorker-pool-3-thread-8,5,system]
2014-04-01 15:28:03,158 [SwingWorker-pool-3-thread-8] INFO [org.janelia.it.FlyWorkstation.api.entity_model.management.ModelMgr] Post on event bus from null/SystemClassLoader[52 modules] in thread Thread[SwingWorker-pool-3-thread-8,5,system]
2014-04-01 15:28:03,172 [SwingWorker-pool-3-thread-8] INFO [org.janelia.it.FlyWorkstation.api.entity_model.management.ModelMgr] Post on event bus from null/SystemClassLoader[52 modules] in thread Thread[SwingWorker-pool-3-thread-8,5,system]
2014-04-01 15:28:03,187 [SwingWorker-pool-3-thread-8] INFO [org.janelia.it.FlyWorkstation.api.entity_model.management.ModelMgr] Post on event bus from null/SystemClassLoader[52 modules] in thread Thread[SwingWorker-pool-3-thread-8,5,system]
2014-04-01 15:28:15,369 [SwingWorker-pool-3-thread-8] WARN [org.janelia.it.FlyWorkstation.gui.viewer3d.MipRenderer] Adjusted height to account for zero-height bounding box.
2014-04-01 15:28:15,369 [SwingWorker-pool-3-thread-8] WARN [org.janelia.it.FlyWorkstation.gui.camera.BasicCamera3d] Camera zoom NaN
2014-04-01 15:28:15,370 [SwingWorker-pool-3-thread-8] INFO [org.janelia.it.FlyWorkstation.gui.alignment_board_viewer.UserSettingSerializer] Read-Up Setting string: Gamma=0.802000
CropOutLevel=0.250000
UseSignal=true
CameraRotation=[-0.767525,0.623684,-0.148068][-0.596794,-0.779556,-0.190074][-0.233974,-0.057522,0.970540]
InGroundFocus=[293.000000,12.000000,0.000000]
CameraFocus=[0.000000,0.000000,-1263.694824]
MinVoxelCutoff=1000
MaxNeuronsCutoff=4
SaveGammaInTiff=true
 deserialized, from 1947824984755798105
2014-04-01 15:28:20,511 [Thread-46] INFO [org.janelia.it.FlyWorkstation.gui.alignment_board_viewer.TexBuildRunnable] About to build texture data.
2014-04-01 15:28:20,511 [Thread-47] INFO [org.janelia.it.FlyWorkstation.gui.alignment_board_viewer.TexBuildRunnable] About to build texture data.
2014-04-01 15:28:20,511 [Thread-46] INFO [org.janelia.it.FlyWorkstation.gui.alignment_board_viewer.volume_builder.ChannelInterpreterToByte] Maximum value found during channel interpretation was 255.
2014-04-01 15:28:20,513 [Thread-46] INFO [org.janelia.it.FlyWorkstation.gui.alignment_board_viewer.TexBuildRunnable] Awaiting barrier.
2014-04-01 15:28:20,513 [Thread-47] INFO [org.janelia.it.FlyWorkstation.gui.alignment_board_viewer.TexBuildRunnable] Awaiting barrier.
2014-04-01 15:28:20,513 [SwingWorker-pool-3-thread-8] INFO [org.janelia.it.FlyWorkstation.gui.alignment_board_viewer.AlignmentBoardPanel] Setting Mip3d Volume.
2014-04-01 15:28:20,522 [SwingWorker-pool-3-thread-8] INFO [org.janelia.it.FlyWorkstation.gui.alignment_board_viewer.AlignmentBoardPanel] Setting volume maxima on settings.
2014-04-01 15:28:20,522 [SwingWorker-pool-3-thread-8] INFO [org.janelia.it.FlyWorkstation.gui.alignment_board_viewer.gui_elements.AlignmentBoardControls] Volume maxima provided 1024, 512, 256
2014-04-01 15:28:20,532 [SwingWorker-pool-3-thread-8] INFO [org.janelia.it.FlyWorkstation.gui.alignment_board_viewer.UserSettingSerializer] Read-Up Setting string: Gamma=0.802000
CropOutLevel=0.250000
UseSignal=true
CameraRotation=[-0.767525,0.623684,-0.148068][-0.596794,-0.779556,-0.190074][-0.233974,-0.057522,0.970540]
InGroundFocus=[293.000000,12.000000,0.000000]
CameraFocus=[0.000000,0.000000,-1263.694824]
MinVoxelCutoff=1000
MaxNeuronsCutoff=4
SaveGammaInTiff=true
 deserialized, from 1947824984755798105
2014-04-01 15:28:21,211 [AWT-EventQueue-0] INFO [org.janelia.it.FlyWorkstation.gui.viewer3d.buffering.VtxCoordBufMgr] Allocating buffers
2014-04-01 15:28:21,325 [Thread-49] INFO [org.janelia.it.FlyWorkstation.api.entity_model.management.ModelMgr] Post on event bus from null/SystemClassLoader[52 modules] in thread Thread[Thread-49,6,main]
2014-04-01 15:28:31,633 [SwingWorker-pool-3-thread-5] INFO [org.janelia.it.FlyWorkstation.api.entity_model.management.ModelMgr] Post on event bus from null/SystemClassLoader[52 modules] in thread Thread[SwingWorker-pool-3-thread-5,5,system]
2014-04-01 15:28:31,655 [SwingWorker-pool-3-thread-5] INFO [org.janelia.it.FlyWorkstation.api.entity_model.management.ModelMgr] Post on event bus from null/SystemClassLoader[52 modules] in thread Thread[SwingWorker-pool-3-thread-5,5,system]
2014-04-01 15:28:31,694 [AWT-EventQueue-0] INFO [org.janelia.it.FlyWorkstation.api.entity_model.management.ModelMgr] Post on event bus from null/SystemClassLoader[52 modules] in thread Thread[AWT-EventQueue-0,6,main]
2014-04-01 15:28:31,710 [AWT-EventQueue-0] INFO [org.janelia.it.FlyWorkstation.api.entity_model.management.ModelMgr] Post on event bus from null/SystemClassLoader[52 modules] in thread Thread[AWT-EventQueue-0,6,main]
2014-04-01 15:28:41,913 [On Start/Stop] INFO [org.janelia.it.FlyWorkstation.gui.framework.session_mgr.SessionMgr] Saving user settings to /Users/fosterl/.JaneliaWorkstationSuite/Console/.JW_Settings
2014-04-01 15:28:41,915 [SwingWorker-pool-3-thread-9] INFO [org.janelia.it.FlyWorkstation.gui.alignment_board_viewer.UserSettingSerializer] Save-back Setting string: Gamma=0.704000
CropOutLevel=0.250000
UseSignal=true
CameraRotation=[-0.770812,0.628818,0.102160][-0.635048,-0.745681,-0.201678][-0.050640,-0.220333,0.974109]
InGroundFocus=[293.000000,12.000000,0.000000]
CameraFocus=[0.000000,0.000000,-1492.414307]
MinVoxelCutoff=1000
MaxNeuronsCutoff=4
SaveGammaInTiff=true
.
2014-04-01 15:28:41,922 [On Start/Stop] INFO [org.janelia.it.FlyWorkstation.gui.framework.session_mgr.SessionMgr] Logged out with: user:fosterl
2014-04-01 15:28:41,923 [On Start/Stop] INFO [org.janelia.it.FlyWorkstation.gui.framework.session_mgr.SessionMgr] Memory in use at exit: 2830.4053 MB
