#
# A fatal error has been detected by the Java Runtime Environment:
#
#  SIGBUS (0xa) at pc=0x000000010576c0b7, pid=22282, tid=47371
#
# JRE version: Java(TM) SE Runtime Environment (7.0_51-b13) (build 1.7.0_51-b13)
# Java VM: Java HotSpot(TM) 64-Bit Server VM (24.51-b03 mixed mode bsd-amd64 compressed oops)
# Problematic frame:
# C  [libzip.dylib+0x30b7]  newEntry+0x154
#
# Failed to write core dump. Core dumps have been disabled. To enable core dumping, try "ulimit -c unlimited" before starting Java again
#
# If you would like to submit a bug report, please visit:
#   http://bugreport.sun.com/bugreport/crash.jsp
# The crash happened outside the Java Virtual Machine in native code.
# See problematic frame for where to report the bug.
#

---------------  T H R E A D  ---------------

Current thread (0x00007ff83580d800):  JavaThread "main" [_thread_in_native, id=47371, stack(0x000000011df59000,0x000000011e059000)]

siginfo:si_signo=SIGBUS: si_errno=0, si_code=2 (BUS_ADRERR), si_addr=0x0000000122b3f8cb

Registers:
RAX=0x00007ff83682d470, RBX=0x0000000122b3f8bf, RCX=0x0000000000000501, RDX=0x0000000000000100
RSP=0x000000011e056270, RBP=0x000000011e0562d0, RSI=0x00007ff834500000, RDI=0x0000000104a43e00
R8 =0x0000000000000004, R9 =0x0000000000000008, R10=0x0000000000000000, R11=0x0000000000000004
R12=0x0000000000001cf0, R13=0x00007ff83907bc00, R14=0x00007ff83682d470, R15=0x00007ff834523540
RIP=0x000000010576c0b7, EFLAGS=0x0000000000010202, ERR=0x0000000000000004
  TRAPNO=0x000000000000000e

Top of Stack: (sp=0x000000011e056270)
0x000000011e056270:   0000000000000000 0000000000000000
0x000000011e056280:   00007ff83430b020 0000000000000000
0x000000011e056290:   000000011e0562b0 00007ff83682d470
0x000000011e0562a0:   00007ff834555c30 0000000017182973
0x000000011e0562b0:   0000000000001cf0 00007ff83907bc00
0x000000011e0562c0:   00007ff83682d470 00007ff834523540
0x000000011e0562d0:   000000011e056320 000000010576c725
0x000000011e0562e0:   000000000000003b 0000003b3580d800
0x000000011e0562f0:   000000011e05633e 000000011e056788
0x000000011e056300:   000000000000003b 000000011e05633e
0x000000011e056310:   00007ff83682d470 00007ff83580d9e8
0x000000011e056320:   000000011e056770 000000010576b570
0x000000011e056330:   0000000104a35000 726f7ff800000001
0x000000011e056340:   696c656e616a2f67 726f772f74692f61
0x000000011e056350:   6e6f69746174736b 7070612f6975672f
0x000000011e056360:   6e6f69746163696c 656c6f736e6f432f
0x000000011e056370:   73616c632e707041 0000000015640073
0x000000011e056380:   0000000104a360f0 00000006c02a0002
0x000000011e056390:   0000000104a43e04 0000000000000000
0x000000011e0563a0:   000000011e0563b0 00007fff8b8d0b49
0x000000011e0563b0:   0000000100000000 0000000000000000
0x000000011e0563c0:   0000000000000000 0000000000000000
0x000000011e0563d0:   000000011e056400 00007fff8b9010fc
0x000000011e0563e0:   0000000000000000 0000000000000000
0x000000011e0563f0:   000000011e0564d8 0000000000000000
0x000000011e056400:   000000011e056420 0000000104f5fcf7
0x000000011e056410:   0000000053cecbba 00007ff8000c192c
0x000000011e056420:   00007ff834500000 000000000000b400
0x000000011e056430:   0000000104a38a00 0000000000000000
0x000000011e056440:   0000000000000000 0000000000000000
0x000000011e056450:   0000000104a35000 0000000000000700
0x000000011e056460:   0000000104a35000 00007ff834553270 

Instructions: (pc=0x000000010576c0b7)
0x000000010576c097:   49 8b 7f 38 e8 9c 1a 00 00 4d 89 77 38 49 89 5f
0x000000010576c0a7:   40 4c 89 f0 48 85 c0 0f 84 16 05 00 00 48 89 c3
0x000000010576c0b7:   0f b6 43 0c 0f b6 4b 0d 48 c1 e1 08 48 01 c1 0f
0x000000010576c0c7:   b6 43 0e 0f b6 53 0f 48 c1 e2 08 48 01 c2 48 c1 

Register to memory mapping:

RAX=0x00007ff83682d470 is an unknown value
RBX=0x0000000122b3f8bf is an unknown value
RCX=0x0000000000000501 is an unknown value
RDX=0x0000000000000100 is an unknown value
RSP=0x000000011e056270 is pointing into the stack for thread: 0x00007ff83580d800
RBP=0x000000011e0562d0 is pointing into the stack for thread: 0x00007ff83580d800
RSI=0x00007ff834500000 is an unknown value
RDI=0x0000000104a43e00 is an unknown value
R8 =0x0000000000000004 is an unknown value
R9 =0x0000000000000008 is an unknown value
R10=0x0000000000000000 is an unknown value
R11=0x0000000000000004 is an unknown value
R12=0x0000000000001cf0 is an unknown value
R13=0x00007ff83907bc00 is an unknown value
R14=0x00007ff83682d470 is an unknown value
R15=0x00007ff834523540 is an unknown value


Stack: [0x000000011df59000,0x000000011e059000],  sp=0x000000011e056270,  free space=1012k
Native frames: (J=compiled Java code, j=interpreted, Vv=VM code, C=native code)
C  [libzip.dylib+0x30b7]  newEntry+0x154
C  [libzip.dylib+0x3725]  ZIP_GetEntry+0xa2
C  [libzip.dylib+0x2570]  Java_java_util_zip_ZipFile_getEntry+0xdd
J  java.util.zip.ZipFile.getEntry(J[BZ)J

Java frames: (J=compiled Java code, j=interpreted, Vv=VM code)
J  java.util.zip.ZipFile.getEntry(J[BZ)J
J  java.util.jar.JarFile.getEntry(Ljava/lang/String;)Ljava/util/zip/ZipEntry;
j  org.netbeans.JarClassLoader$JarSource.resource(Ljava/lang/String;)[B+85
J  org.netbeans.Archive.getData(Lorg/netbeans/ArchiveResources;Ljava/lang/String;)[B
J  org.netbeans.JarClassLoader.doLoadClass(Ljava/lang/String;Ljava/lang/String;)Ljava/lang/Class;
j  org.netbeans.ProxyClassLoader.selfLoadClass(Ljava/lang/String;Ljava/lang/String;)Ljava/lang/Class;+13
j  org.netbeans.ProxyClassLoader.loadClass(Ljava/lang/String;Z)Ljava/lang/Class;+268
j  java.lang.ClassLoader.loadClass(Ljava/lang/String;)Ljava/lang/Class;+3
v  ~StubRoutines::call_stub
j  org.janelia.it.workstation.lifecycle.Startup.setSystemProperties()V+31
j  org.janelia.it.workstation.lifecycle.Startup.<clinit>()V+9
v  ~StubRoutines::call_stub
j  sun.reflect.NativeConstructorAccessorImpl.newInstance0(Ljava/lang/reflect/Constructor;[Ljava/lang/Object;)Ljava/lang/Object;+0
j  sun.reflect.NativeConstructorAccessorImpl.newInstance([Ljava/lang/Object;)Ljava/lang/Object;+72
j  sun.reflect.DelegatingConstructorAccessorImpl.newInstance([Ljava/lang/Object;)Ljava/lang/Object;+5
j  java.lang.reflect.Constructor.newInstance([Ljava/lang/Object;)Ljava/lang/Object;+79
j  java.lang.Class.newInstance()Ljava/lang/Object;+132
j  org.openide.util.lookup.implspi.SharedClassObjectBridge.newInstance(Ljava/lang/Class;)Ljava/lang/Object;+37
j  org.openide.util.lookup.MetaInfServicesLookup$P.getInstance()Ljava/lang/Object;+43
j  org.netbeans.core.startup.NbStartStop.initialize()V+63
j  org.netbeans.core.startup.NbInstaller.loadImpl(Ljava/util/List;)V+50
j  org.netbeans.core.startup.NbInstaller.access$000(Lorg/netbeans/core/startup/NbInstaller;Ljava/util/List;)V+2
j  org.netbeans.core.startup.NbInstaller$1.run()V+8
j  org.openide.filesystems.FileUtil$2.run()V+4
j  org.openide.filesystems.EventControl.runAtomicAction(Lorg/openide/filesystems/FileSystem$AtomicAction;)V+7
j  org.openide.filesystems.FileSystem.runAtomicAction(Lorg/openide/filesystems/FileSystem$AtomicAction;)V+5
j  org.openide.filesystems.FileUtil.runAtomicAction(Lorg/openide/filesystems/FileSystem$AtomicAction;)V+7
j  org.openide.filesystems.FileUtil.runAtomicAction(Ljava/lang/Runnable;)V+10
j  org.netbeans.core.startup.NbInstaller.load(Ljava/util/List;)V+9
j  org.netbeans.ModuleManager.enable(Ljava/util/Set;Z)V+1599
j  org.netbeans.ModuleManager.enable(Ljava/util/Set;)V+3
j  org.netbeans.core.startup.ModuleList.installNew(Ljava/util/Set;)V+366
j  org.netbeans.core.startup.ModuleList.trigger(Ljava/util/Set;)V+190
j  org.netbeans.core.startup.ModuleSystem.restore()V+45
j  org.netbeans.core.startup.Main.getModuleSystem(Z)Lorg/netbeans/core/startup/ModuleSystem;+116
j  org.netbeans.core.startup.Main.getModuleSystem()Lorg/netbeans/core/startup/ModuleSystem;+1
j  org.netbeans.core.startup.Main.start([Ljava/lang/String;)V+357
j  org.netbeans.core.startup.TopThreadGroup.run()V+4
j  java.lang.Thread.run()V+11
v  ~StubRoutines::call_stub

---------------  P R O C E S S  ---------------

Java Threads: ( => current thread )
  0x00007ff835ab3000 JavaThread "File Watcher" daemon [_thread_blocked, id=62467, stack(0x000000012305a000,0x000000012315a000)]
  0x00007ff83599d000 JavaThread "Thread-2" daemon [_thread_in_native, id=60419, stack(0x0000000122f57000,0x0000000123057000)]
  0x00007ff8370e2800 JavaThread "Inactive RequestProcessor thread [Was:On Start/Stop/org.netbeans.modules.masterfs.Installer]" daemon [_thread_blocked, id=59939, stack(0x0000000122e54000,0x0000000122f54000)]
  0x00007ff835809000 JavaThread "AWT-EventQueue-0" [_thread_blocked, id=54787, stack(0x000000011f470000,0x000000011f570000)]
  0x00007ff83780b800 JavaThread "Java2D Disposer" daemon [_thread_blocked, id=53771, stack(0x000000011ed29000,0x000000011ee29000)]
  0x00007ff8348b7000 JavaThread "Java2D Queue Flusher" daemon [_thread_blocked, id=49415, stack(0x000000011e1db000,0x000000011e2db000)]
  0x00007ff834856800 JavaThread "RequestProcessor queue manager" daemon [_thread_blocked, id=48899, stack(0x000000011e0d8000,0x000000011e1d8000)]
=>0x00007ff83580d800 JavaThread "main" [_thread_in_native, id=47371, stack(0x000000011df59000,0x000000011e059000)]
  0x00007ff83580d000 JavaThread "Inactive RequestProcessor thread [Was:Logging Flush/org.netbeans.core.startup.logging.DispatchingHandler]" daemon [_thread_blocked, id=38927, stack(0x000000011de56000,0x000000011df56000)]
  0x00007ff83204b800 JavaThread "AWT-Shutdown" [_thread_blocked, id=37123, stack(0x000000011b6fb000,0x000000011b7fb000)]
  0x00007ff83804d800 JavaThread "AppKit Thread" daemon [_thread_in_native, id=1799, stack(0x00007fff5a9e4000,0x00007fff5b1e4000)]
  0x00007ff83583f000 JavaThread "CLI Requests Server" daemon [_thread_in_native, id=31747, stack(0x000000011a11c000,0x000000011a21c000)]
  0x00007ff833012000 JavaThread "Active Reference Queue Daemon" daemon [_thread_blocked, id=31235, stack(0x000000011a019000,0x000000011a119000)]
  0x00007ff835004800 JavaThread "Service Thread" daemon [_thread_blocked, id=30211, stack(0x0000000119bfc000,0x0000000119cfc000)]
  0x00007ff835004000 JavaThread "C2 CompilerThread1" daemon [_thread_in_native, id=29699, stack(0x0000000119af9000,0x0000000119bf9000)]
  0x00007ff835002000 JavaThread "C2 CompilerThread0" daemon [_thread_in_native, id=29187, stack(0x00000001199f6000,0x0000000119af6000)]
  0x00007ff834819000 JavaThread "Signal Dispatcher" daemon [_thread_blocked, id=28675, stack(0x00000001198f3000,0x00000001199f3000)]
  0x00007ff833857800 JavaThread "Finalizer" daemon [_thread_blocked, id=24067, stack(0x00000001196a3000,0x00000001197a3000)]
  0x00007ff833854800 JavaThread "Reference Handler" daemon [_thread_blocked, id=23555, stack(0x00000001195a0000,0x00000001196a0000)]
  0x00007ff832013000 JavaThread "main" [_thread_blocked, id=6403, stack(0x000000010559d000,0x000000010569d000)]

Other Threads:
  0x00007ff833854000 VMThread [stack: 0x000000011949d000,0x000000011959d000] [id=23043]
  0x00007ff83500d800 WatcherThread [stack: 0x0000000119cff000,0x0000000119dff000] [id=30723]

VM state:not at safepoint (normal execution)

VM Mutex/Monitor currently owned by a thread: None

Heap
 PSYoungGen      total 306176K, used 38826K [0x00000007aaa80000, 0x00000007c0000000, 0x0000000800000000)
  eden space 262656K, 9% used [0x00000007aaa80000,0x00000007ac2d1108,0x00000007bab00000)
  from space 43520K, 31% used [0x00000007bab00000,0x00000007bb899970,0x00000007bd580000)
  to   space 43520K, 0% used [0x00000007bd580000,0x00000007bd580000,0x00000007c0000000)
 ParOldGen       total 699392K, used 72K [0x0000000700000000, 0x000000072ab00000, 0x00000007aaa80000)
  object space 699392K, 0% used [0x0000000700000000,0x0000000700012010,0x000000072ab00000)
 PSPermGen       total 196608K, used 16907K [0x00000006c0000000, 0x00000006cc000000, 0x0000000700000000)
  object space 196608K, 8% used [0x00000006c0000000,0x00000006c1082f38,0x00000006cc000000)

Card table byte_map: [0x0000000108832000,0x0000000109233000] byte_map_base: 0x0000000105232000

Polling page: 0x00000001056dc000

Code Cache  [0x0000000105772000, 0x00000001059e2000, 0x0000000108772000)
 total_blobs=800 nmethods=357 adapters=397 free_code_cache=47799Kb largest_free_block=48894656

Compilation events (10 events):
Event: 3.710 Thread 0x00007ff835004000 nmethod 360 0x00000001058b91d0 code [0x00000001058b9320, 0x00000001058b9708]
Event: 3.710 Thread 0x00007ff835004000  361   !         org.netbeans.JarClassLoader$Source::getClassData (38 bytes)
Event: 3.791 Thread 0x00007ff835002000 nmethod 352 0x00000001058c9e50 code [0x00000001058ca280, 0x00000001058cd748]
Event: 3.791 Thread 0x00007ff835002000  362   !         org.netbeans.JarClassLoader$JarSource::readClass (20 bytes)
Event: 3.792 Thread 0x00007ff835002000 nmethod 362 0x00000001058a2450 code [0x00000001058a25a0, 0x00000001058a2698]
Event: 3.792 Thread 0x00007ff835002000  363   !         org.netbeans.JarClassLoader::doLoadClass (287 bytes)
Event: 3.843 Thread 0x00007ff835002000 nmethod 363 0x00000001058c5450 code [0x00000001058c56c0, 0x00000001058c6720]
Event: 3.843 Thread 0x00007ff835002000  364             java.util.LinkedHashMap::transfer (88 bytes)
Event: 3.847 Thread 0x00007ff835002000 nmethod 364 0x00000001058b3850 code [0x00000001058b39c0, 0x00000001058b3c28]
Event: 3.847 Thread 0x00007ff835002000  365             sun.misc.URLClassPath::getResource (74 bytes)

GC Heap History (2 events):
Event: 3.812 GC heap before
{Heap before GC invocations=1 (full 0):
 PSYoungGen      total 306176K, used 262656K [0x00000007aaa80000, 0x00000007c0000000, 0x0000000800000000)
  eden space 262656K, 100% used [0x00000007aaa80000,0x00000007bab00000,0x00000007bab00000)
  from space 43520K, 0% used [0x00000007bd580000,0x00000007bd580000,0x00000007c0000000)
  to   space 43520K, 0% used [0x00000007bab00000,0x00000007bab00000,0x00000007bd580000)
 ParOldGen       total 699392K, used 0K [0x0000000700000000, 0x000000072ab00000, 0x00000007aaa80000)
  object space 699392K, 0% used [0x0000000700000000,0x0000000700000000,0x000000072ab00000)
 PSPermGen       total 196608K, used 16801K [0x00000006c0000000, 0x00000006cc000000, 0x0000000700000000)
  object space 196608K, 8% used [0x00000006c0000000,0x00000006c1068530,0x00000006cc000000)
Event: 3.842 GC heap after
Heap after GC invocations=1 (full 0):
 PSYoungGen      total 306176K, used 13926K [0x00000007aaa80000, 0x00000007c0000000, 0x0000000800000000)
  eden space 262656K, 0% used [0x00000007aaa80000,0x00000007aaa80000,0x00000007bab00000)
  from space 43520K, 31% used [0x00000007bab00000,0x00000007bb899970,0x00000007bd580000)
  to   space 43520K, 0% used [0x00000007bd580000,0x00000007bd580000,0x00000007c0000000)
 ParOldGen       total 699392K, used 72K [0x0000000700000000, 0x000000072ab00000, 0x00000007aaa80000)
  object space 699392K, 0% used [0x0000000700000000,0x0000000700012010,0x000000072ab00000)
 PSPermGen       total 196608K, used 16801K [0x00000006c0000000, 0x00000006cc000000, 0x0000000700000000)
  object space 196608K, 8% used [0x00000006c0000000,0x00000006c1068530,0x00000006cc000000)
}

Deoptimization events (10 events):
Event: 3.366 Thread 0x00007ff8370e2800 Uncommon trap: reason=unreached action=reinterpret pc=0x000000010589a27c method=java.lang.ThreadLocal$ThreadLocalMap.set(Ljava/lang/ThreadLocal;Ljava/lang/Object;)V @ 28
Event: 3.384 Thread 0x00007ff8370e2800 Uncommon trap: reason=unloaded action=reinterpret pc=0x0000000105854304 method=java.util.regex.Pattern.sequence(Ljava/util/regex/Pattern$Node;)Ljava/util/regex/Pattern$Node; @ 359
Event: 3.384 Thread 0x00007ff8370e2800 Uncommon trap: reason=class_check action=maybe_recompile pc=0x00000001057fbdb4 method=java.util.regex.Matcher.search(I)Z @ 86
Event: 3.384 Thread 0x00007ff8370e2800 Uncommon trap: reason=bimorphic action=maybe_recompile pc=0x000000010582251c method=java.util.HashMap.addEntry(ILjava/lang/Object;Ljava/lang/Object;I)V @ 65
Event: 3.433 Thread 0x00007ff83599d000 Uncommon trap: reason=bimorphic action=maybe_recompile pc=0x00000001058a0a24 method=java.lang.ThreadLocal.set(Ljava/lang/Object;)V @ 6
Event: 3.434 Thread 0x00007ff83599d000 Uncommon trap: reason=bimorphic action=maybe_recompile pc=0x00000001058a0a24 method=java.lang.ThreadLocal.set(Ljava/lang/Object;)V @ 6
Event: 3.434 Thread 0x00007ff83599d000 Uncommon trap: reason=bimorphic action=maybe_recompile pc=0x00000001058a0a24 method=java.lang.ThreadLocal.set(Ljava/lang/Object;)V @ 6
Event: 3.437 Thread 0x00007ff83599d000 Uncommon trap: reason=bimorphic action=maybe_recompile pc=0x00000001058a0a24 method=java.lang.ThreadLocal.set(Ljava/lang/Object;)V @ 6
Event: 3.530 Thread 0x00007ff83580d800 Uncommon trap: reason=unreached action=reinterpret pc=0x0000000105876998 method=com.sun.org.apache.xerces.internal.util.SymbolTable.addSymbol([CII)Ljava/lang/String; @ 29
Event: 3.646 Thread 0x00007ff83580d800 Uncommon trap: reason=unreached action=reinterpret pc=0x00000001058bd964 method=org.netbeans.JarClassLoader$JarSource.resource(Ljava/lang/String;)[B @ 10

Internal exceptions (10 events):
Event: 3.843 Thread 0x00007ff83580d800 Threw 0x00000007aab03158 at /HUDSON/workspace/7u-2-build-macosx-x86_64/jdk7u51/527/hotspot/src/share/vm/prims/jvm.cpp:1244
Event: 3.843 Thread 0x00007ff83580d800 Threw 0x00000007aab063e8 at /HUDSON/workspace/7u-2-build-macosx-x86_64/jdk7u51/527/hotspot/src/share/vm/classfile/systemDictionary.cpp:185
Event: 3.844 Thread 0x00007ff83580d800 Threw 0x00000007aab79ae0 at /HUDSON/workspace/7u-2-build-macosx-x86_64/jdk7u51/527/hotspot/src/share/vm/prims/jvm.cpp:1244
Event: 3.844 Thread 0x00007ff83580d800 Threw 0x00000007aab7c200 at /HUDSON/workspace/7u-2-build-macosx-x86_64/jdk7u51/527/hotspot/src/share/vm/prims/jvm.cpp:1244
Event: 3.845 Thread 0x00007ff83580d800 Threw 0x00000007aabe0c98 at /HUDSON/workspace/7u-2-build-macosx-x86_64/jdk7u51/527/hotspot/src/share/vm/prims/jvm.cpp:1244
Event: 3.845 Thread 0x00007ff83580d800 Threw 0x00000007aabe33b8 at /HUDSON/workspace/7u-2-build-macosx-x86_64/jdk7u51/527/hotspot/src/share/vm/prims/jvm.cpp:1244
Event: 3.845 Thread 0x00007ff83580d800 Threw 0x00000007aabe66d8 at /HUDSON/workspace/7u-2-build-macosx-x86_64/jdk7u51/527/hotspot/src/share/vm/classfile/systemDictionary.cpp:185
Event: 3.846 Thread 0x00007ff83580d800 Threw 0x00000007aabe98d0 at /HUDSON/workspace/7u-2-build-macosx-x86_64/jdk7u51/527/hotspot/src/share/vm/interpreter/interpreterRuntime.cpp:347
Event: 3.867 Thread 0x00007ff83580d800 Threw 0x00000007aaef6758 at /HUDSON/workspace/7u-2-build-macosx-x86_64/jdk7u51/527/hotspot/src/share/vm/prims/jvm.cpp:1244
Event: 3.867 Thread 0x00007ff83580d800 Threw 0x00000007abe5ced0 at /HUDSON/workspace/7u-2-build-macosx-x86_64/jdk7u51/527/hotspot/src/share/vm/prims/jvm.cpp:1244

Events (10 events):
Event: 3.845 loading class 0x00007ff834551cd0 done
Event: 3.845 loading class 0x00007ff834551cd0
Event: 3.845 loading class 0x00007ff834551cd0 done
Event: 3.847 Thread 0x00007ff835002000 flushing nmethod 0x00000001057e4650
Event: 3.863 loading class 0x00007ff834827f20
Event: 3.863 loading class 0x00007ff834827f20 done
Event: 3.865 loading class 0x00007ff83586a440
Event: 3.865 loading class 0x00007ff83586a440 done
Event: 3.866 loading class 0x00007ff8345235d0
Event: 3.866 loading class 0x00007ff8345235d0 done


Dynamic libraries:
0x0000000006c8a000 	/System/Library/Frameworks/Cocoa.framework/Versions/A/Cocoa
0x0000000006c8a000 	/System/Library/Frameworks/Security.framework/Versions/A/Security
0x0000000006c8a000 	/System/Library/Frameworks/ApplicationServices.framework/Versions/A/ApplicationServices
0x0000000006c8a000 	/usr/lib/libz.1.dylib
0x0000000006c8a000 	/usr/lib/libSystem.B.dylib
0x0000000006c8a000 	/usr/lib/libobjc.A.dylib
0x0000000006c8a000 	/System/Library/Frameworks/CoreFoundation.framework/Versions/A/CoreFoundation
0x0000000006c8a000 	/System/Library/Frameworks/Foundation.framework/Versions/C/Foundation
0x0000000006c8a000 	/System/Library/Frameworks/AppKit.framework/Versions/C/AppKit
0x0000000006c8a000 	/System/Library/Frameworks/CoreData.framework/Versions/A/CoreData
0x0000000006c8a000 	/System/Library/PrivateFrameworks/RemoteViewServices.framework/Versions/A/RemoteViewServices
0x0000000006c8a000 	/System/Library/Frameworks/AudioToolbox.framework/Versions/A/AudioToolbox
0x0000000006c8a000 	/System/Library/Frameworks/AudioUnit.framework/Versions/A/AudioUnit
0x0000000006c8a000 	/System/Library/PrivateFrameworks/DataDetectorsCore.framework/Versions/A/DataDetectorsCore
0x0000000006c8a000 	/System/Library/PrivateFrameworks/DesktopServicesPriv.framework/Versions/A/DesktopServicesPriv
0x0000000006c8a000 	/System/Library/Frameworks/Carbon.framework/Versions/A/Frameworks/HIToolbox.framework/Versions/A/HIToolbox
0x0000000006c8a000 	/System/Library/Frameworks/QuartzCore.framework/Versions/A/QuartzCore
0x0000000006c8a000 	/System/Library/Frameworks/Carbon.framework/Versions/A/Frameworks/SpeechRecognition.framework/Versions/A/SpeechRecognition
0x0000000006c8a000 	/usr/lib/libauto.dylib
0x0000000006c8a000 	/usr/lib/libicucore.A.dylib
0x0000000006c8a000 	/usr/lib/libxml2.2.dylib
0x0000000006c8a000 	/System/Library/PrivateFrameworks/CoreUI.framework/Versions/A/CoreUI
0x0000000006c8a000 	/System/Library/Frameworks/CoreAudio.framework/Versions/A/CoreAudio
0x0000000006c8a000 	/System/Library/Frameworks/DiskArbitration.framework/Versions/A/DiskArbitration
0x0000000006c8a000 	/usr/lib/liblangid.dylib
0x0000000006c8a000 	/System/Library/PrivateFrameworks/MultitouchSupport.framework/Versions/A/MultitouchSupport
0x0000000006c8a000 	/System/Library/Frameworks/IOKit.framework/Versions/A/IOKit
0x0000000006c8a000 	/usr/lib/libDiagnosticMessagesClient.dylib
0x0000000006c8a000 	/System/Library/Frameworks/CoreServices.framework/Versions/A/CoreServices
0x0000000006c8a000 	/System/Library/PrivateFrameworks/PerformanceAnalysis.framework/Versions/A/PerformanceAnalysis
0x0000000006c8a000 	/System/Library/PrivateFrameworks/GenerationalStorage.framework/Versions/A/GenerationalStorage
0x0000000006c8a000 	/System/Library/Frameworks/OpenGL.framework/Versions/A/OpenGL
0x0000000006c8a000 	/System/Library/Frameworks/CoreText.framework/Versions/A/CoreText
0x0000000006c8a000 	/System/Library/Frameworks/ImageIO.framework/Versions/A/ImageIO
0x0000000006c8a000 	/System/Library/PrivateFrameworks/Backup.framework/Versions/A/Backup
0x0000000006c8a000 	/System/Library/Frameworks/CFNetwork.framework/Versions/A/CFNetwork
0x0000000006c8a000 	/System/Library/Frameworks/SystemConfiguration.framework/Versions/A/SystemConfiguration
0x0000000006c8a000 	/usr/lib/libCRFSuite.dylib
0x0000000006c8a000 	/System/Library/PrivateFrameworks/TCC.framework/Versions/A/TCC
0x0000000006c8a000 	/usr/lib/libc++.1.dylib
0x0000000006c8a000 	/usr/lib/libc++abi.dylib
0x0000000006c8a000 	/usr/lib/system/libcache.dylib
0x0000000006c8a000 	/usr/lib/system/libcommonCrypto.dylib
0x0000000006c8a000 	/usr/lib/system/libcompiler_rt.dylib
0x0000000006c8a000 	/usr/lib/system/libcopyfile.dylib
0x0000000006c8a000 	/usr/lib/system/libdispatch.dylib
0x0000000006c8a000 	/usr/lib/system/libdnsinfo.dylib
0x0000000006c8a000 	/usr/lib/system/libdyld.dylib
0x0000000006c8a000 	/usr/lib/system/libkeymgr.dylib
0x0000000006c8a000 	/usr/lib/system/liblaunch.dylib
0x0000000006c8a000 	/usr/lib/system/libmacho.dylib
0x0000000006c8a000 	/usr/lib/system/libquarantine.dylib
0x0000000006c8a000 	/usr/lib/system/libremovefile.dylib
0x0000000006c8a000 	/usr/lib/system/libsystem_blocks.dylib
0x0000000006c8a000 	/usr/lib/system/libsystem_c.dylib
0x0000000006c8a000 	/usr/lib/system/libsystem_dnssd.dylib
0x0000000006c8a000 	/usr/lib/system/libsystem_info.dylib
0x0000000006c8a000 	/usr/lib/system/libsystem_kernel.dylib
0x0000000006c8a000 	/usr/lib/system/libsystem_m.dylib
0x0000000006c8a000 	/usr/lib/system/libsystem_network.dylib
0x0000000006c8a000 	/usr/lib/system/libsystem_notify.dylib
0x0000000006c8a000 	/usr/lib/system/libsystem_sandbox.dylib
0x0000000006c8a000 	/usr/lib/system/libunc.dylib
0x0000000006c8a000 	/usr/lib/system/libunwind.dylib
0x0000000006c8a000 	/usr/lib/system/libxpc.dylib
0x0000000006c8a000 	/usr/lib/system/libcorecrypto.dylib
0x0000000006c8a000 	/usr/lib/libstdc++.6.dylib
0x0000000006c8a000 	/usr/lib/libbsm.0.dylib
0x0000000006c8a000 	/usr/lib/libsqlite3.dylib
0x0000000006c8a000 	/usr/lib/libxar.1.dylib
0x0000000006c8a000 	/usr/lib/libpam.2.dylib
0x0000000006c8a000 	/usr/lib/libOpenScriptingUtil.dylib
0x0000000006c8a000 	/usr/lib/libbz2.1.0.dylib
0x0000000006c8a000 	/System/Library/Frameworks/CoreServices.framework/Versions/A/Frameworks/CarbonCore.framework/Versions/A/CarbonCore
0x0000000006c8a000 	/System/Library/Frameworks/CoreServices.framework/Versions/A/Frameworks/Metadata.framework/Versions/A/Metadata
0x0000000006c8a000 	/System/Library/Frameworks/CoreServices.framework/Versions/A/Frameworks/OSServices.framework/Versions/A/OSServices
0x0000000006c8a000 	/System/Library/Frameworks/CoreServices.framework/Versions/A/Frameworks/SearchKit.framework/Versions/A/SearchKit
0x0000000006c8a000 	/System/Library/Frameworks/CoreServices.framework/Versions/A/Frameworks/AE.framework/Versions/A/AE
0x0000000006c8a000 	/System/Library/Frameworks/CoreServices.framework/Versions/A/Frameworks/LaunchServices.framework/Versions/A/LaunchServices
0x0000000006c8a000 	/System/Library/Frameworks/CoreServices.framework/Versions/A/Frameworks/DictionaryServices.framework/Versions/A/DictionaryServices
0x0000000006c8a000 	/System/Library/Frameworks/NetFS.framework/Versions/A/NetFS
0x0000000006c8a000 	/usr/lib/system/libkxld.dylib
0x0000000006c8a000 	/System/Library/PrivateFrameworks/NetAuth.framework/Versions/A/NetAuth
0x0000000006c8a000 	/System/Library/Frameworks/OpenDirectory.framework/Versions/A/Frameworks/CFOpenDirectory.framework/Versions/A/CFOpenDirectory
0x0000000006c8a000 	/usr/lib/libxslt.1.dylib
0x0000000006c8a000 	/System/Library/PrivateFrameworks/FamilyControls.framework/Versions/A/FamilyControls
0x0000000006c8a000 	/System/Library/Frameworks/Carbon.framework/Versions/A/Frameworks/Ink.framework/Versions/A/Ink
0x0000000006c8a000 	/System/Library/Frameworks/ApplicationServices.framework/Versions/A/Frameworks/CoreGraphics.framework/Versions/A/CoreGraphics
0x0000000006c8a000 	/System/Library/Frameworks/ApplicationServices.framework/Versions/A/Frameworks/ATS.framework/Versions/A/ATS
0x0000000006c8a000 	/System/Library/Frameworks/ApplicationServices.framework/Versions/A/Frameworks/ColorSync.framework/Versions/A/ColorSync
0x0000000006c8a000 	/System/Library/Frameworks/ApplicationServices.framework/Versions/A/Frameworks/HIServices.framework/Versions/A/HIServices
0x0000000006c8a000 	/System/Library/Frameworks/ApplicationServices.framework/Versions/A/Frameworks/LangAnalysis.framework/Versions/A/LangAnalysis
0x0000000006c8a000 	/System/Library/Frameworks/ApplicationServices.framework/Versions/A/Frameworks/PrintCore.framework/Versions/A/PrintCore
0x0000000006c8a000 	/System/Library/Frameworks/ApplicationServices.framework/Versions/A/Frameworks/QD.framework/Versions/A/QD
0x0000000006c8a000 	/System/Library/Frameworks/ApplicationServices.framework/Versions/A/Frameworks/SpeechSynthesis.framework/Versions/A/SpeechSynthesis
0x0000000006c8a000 	/System/Library/Frameworks/IOSurface.framework/Versions/A/IOSurface
0x0000000006c8a000 	/System/Library/Frameworks/Accelerate.framework/Versions/A/Accelerate
0x0000000006c8a000 	/System/Library/Frameworks/ApplicationServices.framework/Versions/A/Frameworks/ATS.framework/Versions/A/Resources/libFontParser.dylib
0x0000000006c8a000 	/System/Library/Frameworks/ApplicationServices.framework/Versions/A/Frameworks/ATS.framework/Versions/A/Resources/libFontRegistry.dylib
0x0000000006c8a000 	/System/Library/Frameworks/Accelerate.framework/Versions/A/Frameworks/vImage.framework/Versions/A/vImage
0x0000000006c8a000 	/System/Library/Frameworks/Accelerate.framework/Versions/A/Frameworks/vecLib.framework/Versions/A/vecLib
0x0000000006c8a000 	/System/Library/Frameworks/Accelerate.framework/Versions/A/Frameworks/vecLib.framework/Versions/A/libvDSP.dylib
0x0000000006c8a000 	/System/Library/Frameworks/Accelerate.framework/Versions/A/Frameworks/vecLib.framework/Versions/A/libvMisc.dylib
0x0000000006c8a000 	/System/Library/Frameworks/Accelerate.framework/Versions/A/Frameworks/vecLib.framework/Versions/A/libLAPACK.dylib
0x0000000006c8a000 	/System/Library/Frameworks/Accelerate.framework/Versions/A/Frameworks/vecLib.framework/Versions/A/libBLAS.dylib
0x0000000006c8a000 	/System/Library/Frameworks/ImageIO.framework/Versions/A/Resources/libJPEG.dylib
0x0000000006c8a000 	/System/Library/Frameworks/ImageIO.framework/Versions/A/Resources/libTIFF.dylib
0x0000000006c8a000 	/System/Library/Frameworks/ImageIO.framework/Versions/A/Resources/libPng.dylib
0x0000000006c8a000 	/System/Library/Frameworks/ImageIO.framework/Versions/A/Resources/libGIF.dylib
0x0000000006c8a000 	/System/Library/Frameworks/ImageIO.framework/Versions/A/Resources/libJP2.dylib
0x0000000006c8a000 	/System/Library/Frameworks/ImageIO.framework/Versions/A/Resources/libRadiance.dylib
0x0000000006c8a000 	/usr/lib/libcups.2.dylib
0x0000000006c8a000 	/System/Library/Frameworks/Kerberos.framework/Versions/A/Kerberos
0x0000000006c8a000 	/System/Library/Frameworks/GSS.framework/Versions/A/GSS
0x0000000006c8a000 	/usr/lib/libresolv.9.dylib
0x0000000006c8a000 	/usr/lib/libiconv.2.dylib
0x0000000006c8a000 	/System/Library/PrivateFrameworks/Heimdal.framework/Versions/A/Heimdal
0x0000000006c8a000 	/System/Library/PrivateFrameworks/TrustEvaluationAgent.framework/Versions/A/TrustEvaluationAgent
0x0000000006c8a000 	/System/Library/Frameworks/OpenDirectory.framework/Versions/A/OpenDirectory
0x0000000006c8a000 	/System/Library/PrivateFrameworks/CommonAuth.framework/Versions/A/CommonAuth
0x0000000006c8a000 	/System/Library/PrivateFrameworks/Bom.framework/Versions/A/Bom
0x0000000006c8a000 	/System/Library/Frameworks/CoreVideo.framework/Versions/A/CoreVideo
0x0000000006c8a000 	/System/Library/Frameworks/QuartzCore.framework/Versions/A/Frameworks/CoreImage.framework/Versions/A/CoreImage
0x0000000006c8a000 	/System/Library/Frameworks/QuartzCore.framework/Versions/A/Frameworks/ScalableUserInterface.framework/Versions/A/ScalableUserInterface
0x0000000006c8a000 	/System/Library/Frameworks/OpenGL.framework/Versions/A/Libraries/libGLU.dylib
0x0000000006c8a000 	/System/Library/Frameworks/OpenGL.framework/Versions/A/Libraries/libGFXShared.dylib
0x0000000006c8a000 	/System/Library/Frameworks/OpenGL.framework/Versions/A/Libraries/libGL.dylib
0x0000000006c8a000 	/System/Library/Frameworks/OpenGL.framework/Versions/A/Libraries/libGLImage.dylib
0x0000000006c8a000 	/System/Library/Frameworks/OpenGL.framework/Versions/A/Libraries/libCVMSPluginSupport.dylib
0x0000000006c8a000 	/System/Library/Frameworks/OpenGL.framework/Versions/A/Libraries/libCoreVMClient.dylib
0x0000000006c8a000 	/System/Library/PrivateFrameworks/CrashReporterSupport.framework/Versions/A/CrashReporterSupport
0x0000000006c8a000 	/System/Library/Frameworks/OpenCL.framework/Versions/A/OpenCL
0x0000000006c8a000 	/System/Library/PrivateFrameworks/FaceCoreLight.framework/Versions/A/FaceCoreLight
0x0000000006c8a000 	/System/Library/PrivateFrameworks/AppleFSCompression.framework/Versions/A/AppleFSCompression
0x0000000006c8a000 	/System/Library/PrivateFrameworks/Ubiquity.framework/Versions/A/Ubiquity
0x0000000006c8a000 	/System/Library/Frameworks/ServiceManagement.framework/Versions/A/ServiceManagement
0x0000000006c8a000 	/System/Library/PrivateFrameworks/ChunkingLibrary.framework/Versions/A/ChunkingLibrary
0x0000000006c8a000 	/System/Library/Frameworks/vecLib.framework/Versions/A/vecLib
0x0000000006c8a000 	/System/Library/Frameworks/SecurityFoundation.framework/Versions/A/SecurityFoundation
0x0000000006c8a000 	/System/Library/PrivateFrameworks/CommerceKit.framework/Versions/A/Frameworks/CommerceCore.framework/Versions/A/CommerceCore
0x0000000006c8a000 	/System/Library/PrivateFrameworks/CoreSymbolication.framework/Versions/A/CoreSymbolication
0x0000000006c8a000 	/System/Library/PrivateFrameworks/Symbolication.framework/Versions/A/Symbolication
0x0000000006c8a000 	/System/Library/PrivateFrameworks/DebugSymbols.framework/Versions/A/DebugSymbols
0x0000000104b49000 	/Library/Java/JavaVirtualMachines/jdk1.7.0_51.jdk/Contents/Home/jre/lib/server/libjvm.dylib
0x000000010569f000 	/Library/Java/JavaVirtualMachines/jdk1.7.0_51.jdk/Contents/Home/jre/lib/libverify.dylib
0x00000001056ac000 	/Library/Java/JavaVirtualMachines/jdk1.7.0_51.jdk/Contents/Home/jre/lib/libjava.dylib
0x0000000105769000 	/Library/Java/JavaVirtualMachines/jdk1.7.0_51.jdk/Contents/Home/jre/lib/libzip.dylib
0x00000001197a5000 	/System/Library/Frameworks/JavaVM.framework/Frameworks/JavaRuntimeSupport.framework/JavaRuntimeSupport
0x00000001197bd000 	/System/Library/Frameworks/JavaVM.framework/Versions/A/Frameworks/JavaNativeFoundation.framework/Versions/A/JavaNativeFoundation
0x00000001197d2000 	/System/Library/Frameworks/JavaVM.framework/Versions/A/JavaVM
0x0000000006c8a000 	/System/Library/Frameworks/Carbon.framework/Versions/A/Carbon
0x00000001197df000 	/System/Library/PrivateFrameworks/JavaLaunching.framework/Versions/A/JavaLaunching
0x0000000006c8a000 	/System/Library/Frameworks/Carbon.framework/Versions/A/Frameworks/CommonPanels.framework/Versions/A/CommonPanels
0x0000000006c8a000 	/System/Library/Frameworks/Carbon.framework/Versions/A/Frameworks/Help.framework/Versions/A/Help
0x0000000006c8a000 	/System/Library/Frameworks/Carbon.framework/Versions/A/Frameworks/ImageCapture.framework/Versions/A/ImageCapture
0x0000000006c8a000 	/System/Library/Frameworks/Carbon.framework/Versions/A/Frameworks/OpenScripting.framework/Versions/A/OpenScripting
0x0000000006c8a000 	/System/Library/Frameworks/Carbon.framework/Versions/A/Frameworks/Print.framework/Versions/A/Print
0x0000000006c8a000 	/System/Library/Frameworks/Carbon.framework/Versions/A/Frameworks/SecurityHI.framework/Versions/A/SecurityHI
0x0000000119e5a000 	/Library/Java/JavaVirtualMachines/jdk1.7.0_51.jdk/Contents/Home/jre/lib/libnio.dylib
0x0000000119e69000 	/Library/Java/JavaVirtualMachines/jdk1.7.0_51.jdk/Contents/Home/jre/lib/./libnet.dylib
0x000000011a221000 	/Library/Java/JavaVirtualMachines/jdk1.7.0_51.jdk/Contents/Home/jre/lib/libawt.dylib
0x000000011a2d0000 	/Library/Java/JavaVirtualMachines/jdk1.7.0_51.jdk/Contents/Home/jre/lib/./libmlib_image.dylib
0x000000011a39c000 	/Library/Java/JavaVirtualMachines/jdk1.7.0_51.jdk/Contents/Home/jre/lib/lwawt/liblwawt.dylib
0x000000011a450000 	/Library/Java/JavaVirtualMachines/jdk1.7.0_51.jdk/Contents/Home/jre/lib/libosxapp.dylib
0x000000011a46a000 	/System/Library/Frameworks/ExceptionHandling.framework/Versions/A/ExceptionHandling
0x0000000006c8a000 	/System/Library/PrivateFrameworks/CoreServicesInternal.framework/Versions/A/CoreServicesInternal
0x0000000006c8a000 	/System/Library/PrivateFrameworks/Librarian.framework/Versions/A/Librarian
0x0000000006c8a000 	/System/Library/Frameworks/ApplicationServices.framework/Versions/A/Frameworks/CoreGraphics.framework/Versions/A/Resources/libCSync.A.dylib
0x0000000006c8a000 	/System/Library/Frameworks/ApplicationServices.framework/Versions/A/Frameworks/CoreGraphics.framework/Versions/A/Resources/libRIP.A.dylib
0x0000000006c8a000 	/System/Library/Frameworks/ApplicationServices.framework/Versions/A/Frameworks/CoreGraphics.framework/Versions/A/Resources/libCGXType.A.dylib
0x000000011e2dd000 	/System/Library/Frameworks/OpenGL.framework/Resources/GLEngine.bundle/GLEngine
0x000000011e4d2000 	/System/Library/Frameworks/OpenGL.framework/Versions/A/Libraries/libGLProgrammability.dylib
0x0000000000000000 	/System/Library/Extensions/GeForceGLDriver.bundle/Contents/MacOS/GeForceGLDriver
0x000000011b85f000 	/System/Library/PrivateFrameworks/GPUSupport.framework/Versions/A/Libraries/libGPUSupport.dylib
0x0000000006c8a000 	/System/Library/Extensions/GeForceGLDriver.bundle/Contents/MacOS/libclh.dylib
0x000000011e67a000 	/System/Library/Frameworks/OpenGL.framework/Resources//GLRendererFloat.bundle/GLRendererFloat
0x000000011e6ae000 	/System/Library/Frameworks/OpenCL.framework/Versions/A/Libraries/libcldcpuengine.dylib
0x0000000006c8a000 	/System/Library/PrivateFrameworks/DiskImages.framework/Versions/A/DiskImages
0x0000000006c8a000 	/System/Library/Frameworks/DiscRecording.framework/Versions/A/DiscRecording
0x0000000006c8a000 	/usr/lib/libcurl.4.dylib
0x0000000006c8a000 	/System/Library/PrivateFrameworks/MediaKit.framework/Versions/A/MediaKit
0x0000000006c8a000 	/usr/lib/libssl.0.9.8.dylib
0x0000000006c8a000 	/usr/lib/libcrypto.0.9.8.dylib
0x0000000006c8a000 	/System/Library/Frameworks/LDAP.framework/Versions/A/LDAP
0x0000000006c8a000 	/usr/lib/libsasl2.2.dylib
0x000000011f408000 	/Library/Java/JavaVirtualMachines/jdk1.7.0_51.jdk/Contents/Home/jre/lib/libfontmanager.dylib
0x000000012108f000 	/Library/Java/JavaVirtualMachines/jdk1.7.0_51.jdk/Contents/Home/jre/lib/libjpeg.dylib
0x000000012158d000 	/Applications/NetBeans/NetBeans 7.4.app/Contents/Resources/NetBeans/platform/modules/lib/libjnidispatch-340.jnilib

VM Arguments:
jvm_args: -Djdk.home=/Library/Java/JavaVirtualMachines/jdk1.7.0_51.jdk/Contents/Home -Dnetbeans.dirs=/Users/fosterl/gitfiles/master/janelia-workstation/ConsoleApplication/build/cluster:/Applications/NetBeans/NetBeans 7.4.app/Contents/Resources/NetBeans/platform -Dnetbeans.home=/Applications/NetBeans/NetBeans 7.4.app/Contents/Resources/NetBeans/platform -Dnetbeans.logger.console=true -ea -Dapple.awt.brushMetalLook=false -XX:PermSize=192m -XX:MaxPermSize=1024m -Xms1024m -Xmx4096m -Dnetbeans.exception.report.min.level=9999 -Dnb.forceui=de.javasoft.synthetica.netbeans.SyntheticaLFCustoms -XX:+HeapDumpOnOutOfMemoryError -XX:HeapDumpPath=/Users/fosterl/gitfiles/master/janelia-workstation/ConsoleApplication/AlignmentBoardModule/../build/testuserdir/var/log/heapdump.hprof 
java_command: org.netbeans.Main --cachedir /Users/fosterl/gitfiles/master/janelia-workstation/ConsoleApplication/AlignmentBoardModule/../build/testuserdir/var/cache --userdir /Users/fosterl/gitfiles/master/janelia-workstation/ConsoleApplication/AlignmentBoardModule/../build/testuserdir --branding janeliaws
Launcher Type: SUN_STANDARD

Environment Variables:
PATH=/usr/bin:/bin:/usr/sbin:/sbin
LD_LIBRARY_PATH=/Library/Java/JavaVirtualMachines/jdk1.7.0_51.jdk/Contents/Home/jre/lib/amd64:/Library/Java/JavaVirtualMachines/jdk1.7.0_51.jdk/Contents/Home/jre/lib/i386:/Library/Java/JavaVirtualMachines/jdk1.7.0_51.jdk/Contents/Home/jre/lib/amd64:/Library/Java/JavaVirtualMachines/jdk1.7.0_51.jdk/Contents/Home/jre/lib/i386:
SHELL=/bin/bash
DISPLAY=/tmp/launch-JQSn4J/org.macosforge.xquartz:0
DYLD_LIBRARY_PATH=/Applications/NetBeans/NetBeans 7.4.app/Contents/Resources/NetBeans/webcommon/bin:

Signal Handlers:
SIGSEGV: [libjvm.dylib+0x525425], sa_mask[0]=0xfffefeff, sa_flags=0x00000043
SIGBUS: [libjvm.dylib+0x525425], sa_mask[0]=0xfffefeff, sa_flags=0x00000042
SIGFPE: [libjvm.dylib+0x41892a], sa_mask[0]=0xfffefeff, sa_flags=0x00000042
SIGPIPE: [libjvm.dylib+0x41892a], sa_mask[0]=0xfffefeff, sa_flags=0x00000042
SIGXFSZ: [libjvm.dylib+0x41892a], sa_mask[0]=0xfffefeff, sa_flags=0x00000042
SIGILL: [libjvm.dylib+0x41892a], sa_mask[0]=0xfffefeff, sa_flags=0x00000042
SIGUSR1: SIG_DFL, sa_mask[0]=0x00000000, sa_flags=0x00000002
SIGUSR2: [libjvm.dylib+0x41841c], sa_mask[0]=0x00000004, sa_flags=0x00000042
SIGHUP: [libjvm.dylib+0x4166ab], sa_mask[0]=0xfffefeff, sa_flags=0x00000042
SIGINT: SIG_IGN, sa_mask[0]=0x00000000, sa_flags=0x00000000
SIGTERM: [libjvm.dylib+0x4166ab], sa_mask[0]=0xfffefeff, sa_flags=0x00000042
SIGQUIT: [libjvm.dylib+0x4166ab], sa_mask[0]=0xfffefeff, sa_flags=0x00000042


---------------  S Y S T E M  ---------------

OS:Bsduname:Darwin 12.5.0 Darwin Kernel Version 12.5.0: Sun Sep 29 13:33:47 PDT 2013; root:xnu-2050.48.12~1/RELEASE_X86_64 x86_64
rlimit: STACK 8192k, CORE 0k, NPROC 709, NOFILE 10240, AS infinity
load average:3.31 2.35 2.19

CPU:total 24 (6 cores per cpu, 2 threads per core) family 6 model 44 stepping 2, cmov, cx8, fxsr, mmx, sse, sse2, sse3, ssse3, sse4.1, sse4.2, popcnt, aes, ht, tsc, tscinvbit, tscinv

Memory: 4k page, physical 67108864k(16777216k free)

/proc/meminfo:


vm_info: Java HotSpot(TM) 64-Bit Server VM (24.51-b03) for bsd-amd64 JRE (1.7.0_51-b13), built on Dec 18 2013 18:45:56 by "java_re" with gcc 4.2.1 (Based on Apple Inc. build 5658) (LLVM build 2336.11.00)

time: Tue Jul 22 16:38:18 2014
elapsed time: 3 seconds

