#
# A fatal error has been detected by the Java Runtime Environment:
#
#  Internal Error (os_windows_x86.cpp:143), pid=9024, tid=9372
#  guarantee(result == EXCEPTION_CONTINUE_EXECUTION) failed: Unexpected result from topLevelExceptionFilter
#
# JRE version: Java(TM) SE Runtime Environment (7.0_51-b13) (build 1.7.0_51-b13)
# Java VM: Java HotSpot(TM) 64-Bit Server VM (24.51-b03 mixed mode windows-amd64 compressed oops)
# Failed to write core dump. Minidumps are not enabled by default on client versions of Windows
#
# If you would like to submit a bug report, please visit:
#   http://bugreport.sun.com/bugreport/crash.jsp
# The crash happened outside the Java Virtual Machine in native code.
# See problematic frame for where to report the bug.
#

---------------  T H R E A D  ---------------

Current thread (0x00000000311e8000):  JavaThread "AWT-EventQueue-0" [_thread_in_native, id=9372, stack(0x0000000034b50000,0x0000000034d50000)]

Stack: [0x0000000034b50000,0x0000000034d50000]
Java frames: (J=compiled Java code, j=interpreted, Vv=VM code)
j  jogamp.opengl.gl4.GL4bcImpl.dispatch_glBufferData1(IJLjava/lang/Object;IZIJ)V+0
j  jogamp.opengl.gl4.GL4bcImpl.glBufferData(IJLjava/nio/Buffer;I)V+93
j  org.janelia.it.workstation.gui.viewer3d.buffering.AbstractCoordBufMgr.enableBuffersOfType(Ljavax/media/opengl/GL2;[Ljava/nio/Buffer;I)[I+65
j  org.janelia.it.workstation.gui.viewer3d.buffering.AbstractCoordBufMgr.enableBuffers(Ljavax/media/opengl/GL2;)V+46
j  org.janelia.it.workstation.gui.alignment_board_viewer.MultiTexVolumeBrick.init(Ljavax/media/opengl/GLAutoDrawable;)V+221
j  org.janelia.it.workstation.gui.viewer3d.BaseRenderer.init(Ljavax/media/opengl/GLAutoDrawable;)V+42
j  jogamp.opengl.GLDrawableHelper.reshape(Ljavax/media/opengl/GLEventListener;Ljavax/media/opengl/GLAutoDrawable;IIIIZZ)V+26
j  jogamp.opengl.GLDrawableHelper.reshape(Ljavax/media/opengl/GLAutoDrawable;IIII)V+55
j  javax.media.opengl.awt.GLJPanel$Updater.display(Ljavax/media/opengl/GLAutoDrawable;)V+162
j  javax.media.opengl.awt.GLJPanel$7.run()V+11
j  jogamp.opengl.GLDrawableHelper.invokeGLImpl(Ljavax/media/opengl/GLDrawable;Ljavax/media/opengl/GLContext;Ljava/lang/Runnable;Ljava/lang/Runnable;)V+206
j  jogamp.opengl.GLDrawableHelper.invokeGL(Ljavax/media/opengl/GLDrawable;Ljavax/media/opengl/GLContext;Ljava/lang/Runnable;Ljava/lang/Runnable;)V+80
j  javax.media.opengl.awt.GLJPanel$OffscreenBackend.doPaintComponent(Ljava/awt/Graphics;)V+29
j  javax.media.opengl.awt.GLJPanel.paintComponent(Ljava/awt/Graphics;)V+198
j  javax.swing.JComponent.paint(Ljava/awt/Graphics;)V+286
j  org.janelia.it.workstation.gui.alignment_board_viewer.ScaledMip3d.paint(Ljava/awt/Graphics;)V+2
J  javax.swing.JComponent.paintChildren(Ljava/awt/Graphics;)V
j  javax.swing.JComponent.paint(Ljava/awt/Graphics;)V+318
J  javax.swing.JComponent.paintChildren(Ljava/awt/Graphics;)V
j  javax.swing.JComponent.paint(Ljava/awt/Graphics;)V+318
J  javax.swing.JComponent.paintChildren(Ljava/awt/Graphics;)V
j  javax.swing.JComponent.paint(Ljava/awt/Graphics;)V+318
J  javax.swing.JComponent.paintChildren(Ljava/awt/Graphics;)V
j  javax.swing.JComponent.paint(Ljava/awt/Graphics;)V+318
J  javax.swing.JComponent.paintChildren(Ljava/awt/Graphics;)V
j  javax.swing.JComponent.paint(Ljava/awt/Graphics;)V+318
J  javax.swing.JComponent.paintChildren(Ljava/awt/Graphics;)V
j  javax.swing.JComponent.paint(Ljava/awt/Graphics;)V+318
j  org.netbeans.swing.tabcontrol.TabbedContainer.paint(Ljava/awt/Graphics;)V+53
J  javax.swing.JComponent.paintChildren(Ljava/awt/Graphics;)V
j  javax.swing.JComponent.paint(Ljava/awt/Graphics;)V+318
J  javax.swing.RepaintManager$PaintManager.paintDoubleBuffered(Ljavax/swing/JComponent;Ljava/awt/Image;Ljava/awt/Graphics;IIII)V
j  javax.swing.RepaintManager$PaintManager.paint(Ljavax/swing/JComponent;Ljavax/swing/JComponent;Ljava/awt/Graphics;IIII)Z+116
J  javax.swing.JComponent._paintImmediately(IIII)V
j  javax.swing.JComponent.paintImmediately(IIII)V+138
j  javax.swing.JComponent.paintImmediately(IIII)V+65
j  javax.swing.RepaintManager$3.run()Ljava/lang/Void;+75
j  javax.swing.RepaintManager$3.run()Ljava/lang/Object;+1
v  ~StubRoutines::call_stub
j  java.security.AccessController.doPrivileged(Ljava/security/PrivilegedAction;Ljava/security/AccessControlContext;)Ljava/lang/Object;+0
J  javax.swing.RepaintManager.paintDirtyRegions(Ljava/util/Map;)V
j  javax.swing.RepaintManager.paintDirtyRegions()V+46
j  javax.swing.RepaintManager.prePaintDirtyRegions()V+73
j  javax.swing.RepaintManager.access$1100(Ljavax/swing/RepaintManager;)V+1
j  javax.swing.RepaintManager$ProcessingRunnable.run()V+37
j  java.awt.event.InvocationEvent.dispatch()V+47
j  java.awt.EventQueue.dispatchEventImpl(Ljava/awt/AWTEvent;Ljava/lang/Object;)V+21
j  java.awt.EventQueue.access$200(Ljava/awt/EventQueue;Ljava/awt/AWTEvent;Ljava/lang/Object;)V+3
j  java.awt.EventQueue$3.run()Ljava/lang/Void;+12
j  java.awt.EventQueue$3.run()Ljava/lang/Object;+1
v  ~StubRoutines::call_stub
j  java.security.AccessController.doPrivileged(Ljava/security/PrivilegedAction;Ljava/security/AccessControlContext;)Ljava/lang/Object;+0
J  java.security.ProtectionDomain$1.doIntersectionPrivilege(Ljava/security/PrivilegedAction;Ljava/security/AccessControlContext;Ljava/security/AccessControlContext;)Ljava/lang/Object;
j  java.awt.EventQueue.dispatchEvent(Ljava/awt/AWTEvent;)V+46
j  org.netbeans.core.TimableEventQueue.dispatchEvent(Ljava/awt/AWTEvent;)V+17
J  java.awt.EventDispatchThread.pumpOneEventForFilters(I)V
j  java.awt.EventDispatchThread.pumpEventsForFilter(ILjava/awt/Conditional;Ljava/awt/EventFilter;)V+35
j  java.awt.EventDispatchThread.pumpEventsForHierarchy(ILjava/awt/Conditional;Ljava/awt/Component;)V+11
j  java.awt.EventDispatchThread.pumpEvents(ILjava/awt/Conditional;)V+4
j  java.awt.EventDispatchThread.pumpEvents(Ljava/awt/Conditional;)V+3
j  java.awt.EventDispatchThread.run()V+9
v  ~StubRoutines::call_stub

---------------  P R O C E S S  ---------------

Java Threads: ( => current thread )
  0x00000000358f0800 JavaThread "sampler-awt" daemon [_thread_blocked, id=8508, stack(0x000000003e120000,0x000000003e320000)]
  0x00000000358e1000 JavaThread "RequestProcessor queue manager" daemon [_thread_blocked, id=8412, stack(0x0000000032950000,0x0000000032b50000)]
  0x00000000358e3800 JavaThread "SyntheticaAnimation 70" daemon [_thread_blocked, id=10044, stack(0x0000000045500000,0x0000000045700000)]
  0x00000000358e4000 JavaThread "pool-6-thread-1" [_thread_blocked, id=6888, stack(0x0000000044f00000,0x0000000045100000)]
  0x0000000035dcd000 JavaThread "Image Fetcher 3" daemon [_thread_blocked, id=10200, stack(0x0000000037be0000,0x0000000037de0000)]
  0x0000000035dd2800 JavaThread "SyntheticaAnimation 30" daemon [_thread_blocked, id=9440, stack(0x0000000043330000,0x0000000043530000)]
  0x0000000035dd1800 JavaThread "Timer-0" [_thread_blocked, id=9536, stack(0x0000000043130000,0x0000000043330000)]
  0x0000000035dd1000 JavaThread "SyntheticaAnimation 60" daemon [_thread_blocked, id=10204, stack(0x0000000042f30000,0x0000000043130000)]
  0x0000000035dc8800 JavaThread "Inactive RequestProcessor thread [Was:Timeable Event Queue Watch Dog/org.netbeans.core.TimableEventQueue]" daemon [_thread_blocked, id=6980, stack(0x0000000035310000,0x0000000035510000)]
  0x0000000035dd0000 JavaThread "SwingWorker-pool-4-thread-10" daemon [_thread_blocked, id=9436, stack(0x00000000419e0000,0x0000000041be0000)]
  0x0000000035dcf800 JavaThread "SwingWorker-pool-4-thread-9" daemon [_thread_blocked, id=8740, stack(0x00000000417e0000,0x00000000419e0000)]
  0x0000000035dce800 JavaThread "SwingWorker-pool-4-thread-8" daemon [_thread_blocked, id=9976, stack(0x00000000415e0000,0x00000000417e0000)]
  0x0000000035dce000 JavaThread "SyntheticaAnimation 50" daemon [_thread_blocked, id=9984, stack(0x0000000040420000,0x0000000040620000)]
  0x0000000035dcc800 JavaThread "SwingWorker-pool-4-thread-7" daemon [_thread_blocked, id=8400, stack(0x0000000040020000,0x0000000040220000)]
  0x0000000035dcb800 JavaThread "Thread-22" daemon [_thread_blocked, id=8200, stack(0x000000003fe20000,0x0000000040020000)]
  0x0000000035dca000 JavaThread "SwingWorker-pool-4-thread-6" daemon [_thread_blocked, id=8276, stack(0x000000003fc20000,0x000000003fe20000)]
  0x0000000035dcb000 JavaThread "SwingWorker-pool-4-thread-5" daemon [_thread_blocked, id=8964, stack(0x000000003fa20000,0x000000003fc20000)]
  0x0000000035dc8000 JavaThread "Swing-Shell" daemon [_thread_blocked, id=10176, stack(0x0000000035110000,0x0000000035310000)]
  0x0000000035dc7000 JavaThread "SwingWorker-pool-4-thread-4" daemon [_thread_blocked, id=9628, stack(0x0000000034d50000,0x0000000034f50000)]
  0x0000000035dc6800 JavaThread "SwingWorker-pool-4-thread-3" daemon [_thread_blocked, id=10108, stack(0x000000003e320000,0x000000003e520000)]
  0x0000000035dc5800 JavaThread "SwingWorker-pool-4-thread-2" daemon [_thread_blocked, id=10084, stack(0x000000003dc10000,0x000000003de10000)]
  0x0000000035dc5000 JavaThread "On Start/Stop-SharedResourceRunner" daemon [_thread_blocked, id=9880, stack(0x000000003a8e0000,0x000000003aae0000)]
  0x0000000035dc4000 JavaThread "TimerQueue" daemon [_thread_blocked, id=7008, stack(0x000000003a6e0000,0x000000003a8e0000)]
  0x00000000358e5000 JavaThread "SwingWorker-pool-4-thread-1" daemon [_thread_blocked, id=8868, stack(0x00000000381e0000,0x00000000383e0000)]
  0x0000000035dc3800 JavaThread "RMI Scheduler(0)" daemon [_thread_blocked, id=9960, stack(0x000000003a2e0000,0x000000003a4e0000)]
  0x00000000358ef000 JavaThread "Thread-17" daemon [_thread_blocked, id=9244, stack(0x0000000039ce0000,0x0000000039ee0000)]
  0x00000000358ee000 JavaThread "qtp1977740627-40" [_thread_blocked, id=7776, stack(0x0000000039ae0000,0x0000000039ce0000)]
  0x00000000358ed800 JavaThread "qtp1977740627-39" [_thread_blocked, id=3040, stack(0x00000000398e0000,0x0000000039ae0000)]
  0x00000000358ec800 JavaThread "qtp1977740627-38" [_thread_blocked, id=9188, stack(0x00000000396e0000,0x00000000398e0000)]
  0x00000000358ec000 JavaThread "qtp1977740627-37 Acceptor0 SelectChannelConnector@0.0.0.0:40001" [_thread_in_native, id=8280, stack(0x00000000394e0000,0x00000000396e0000)]
  0x00000000358eb000 JavaThread "qtp1977740627-36" [_thread_blocked, id=9276, stack(0x00000000392e0000,0x00000000394e0000)]
  0x00000000358ea800 JavaThread "qtp1977740627-35 Acceptor1 SelectChannelConnector@0.0.0.0:40001" [_thread_blocked, id=4072, stack(0x00000000390e0000,0x00000000392e0000)]
  0x00000000358e9800 JavaThread "qtp1977740627-34 Selector1" [_thread_in_native, id=9572, stack(0x0000000038ee0000,0x00000000390e0000)]
  0x00000000358e9000 JavaThread "qtp1977740627-33 Selector0" [_thread_in_native, id=9856, stack(0x0000000038ce0000,0x0000000038ee0000)]
  0x00000000358e8000 JavaThread "Thread-8" daemon [_thread_in_native, id=9848, stack(0x0000000038ae0000,0x0000000038ce0000)]
  0x00000000358e7800 JavaThread "server-timer" daemon [_thread_blocked, id=9840, stack(0x00000000388e0000,0x0000000038ae0000)]
  0x00000000358e6800 JavaThread "Thread-6" daemon [_thread_in_native, id=9804, stack(0x00000000386e0000,0x00000000388e0000)]
  0x00000000358e6000 JavaThread "SyntheticaCleanerThread" daemon [_thread_blocked, id=9548, stack(0x00000000384e0000,0x00000000386e0000)]
  0x00000000358e2000 JavaThread "File Watcher" daemon [_thread_blocked, id=9684, stack(0x0000000036a10000,0x0000000036c10000)]
  0x00000000315af800 JavaThread "D3D Screen Updater" daemon [_thread_blocked, id=8660, stack(0x00000000021c0000,0x00000000023c0000)]
=>0x00000000311e8000 JavaThread "AWT-EventQueue-0" [_thread_in_native, id=9372, stack(0x0000000034b50000,0x0000000034d50000)]
  0x00000000312f2000 JavaThread "AWT-Windows" daemon [_thread_in_native, id=9444, stack(0x0000000032f50000,0x0000000033150000)]
  0x00000000312f1800 JavaThread "AWT-Shutdown" [_thread_blocked, id=9448, stack(0x0000000032d50000,0x0000000032f50000)]
  0x00000000312f0800 JavaThread "Java2D Disposer" daemon [_thread_blocked, id=10060, stack(0x0000000032b50000,0x0000000032d50000)]
  0x000000002ef28000 JavaThread "CLI Requests Server" daemon [_thread_in_native, id=9012, stack(0x0000000031d30000,0x0000000031f30000)]
  0x0000000031151800 JavaThread "Active Reference Queue Daemon" daemon [_thread_blocked, id=8680, stack(0x0000000031930000,0x0000000031b30000)]
  0x000000002ec80000 JavaThread "Service Thread" daemon [_thread_blocked, id=6384, stack(0x0000000030c30000,0x0000000030e30000)]
  0x000000002ec64000 JavaThread "C2 CompilerThread1" daemon [_thread_blocked, id=8944, stack(0x0000000030a30000,0x0000000030c30000)]
  0x000000002ec60000 JavaThread "C2 CompilerThread0" daemon [_thread_blocked, id=9232, stack(0x0000000030830000,0x0000000030a30000)]
  0x000000002ec5e000 JavaThread "Attach Listener" daemon [_thread_blocked, id=6836, stack(0x0000000030630000,0x0000000030830000)]
  0x000000002ec5d000 JavaThread "Signal Dispatcher" daemon [_thread_blocked, id=1168, stack(0x0000000030430000,0x0000000030630000)]
  0x0000000009e15800 JavaThread "Finalizer" daemon [_thread_blocked, id=9220, stack(0x0000000030230000,0x0000000030430000)]
  0x000000002ec15800 JavaThread "Reference Handler" daemon [_thread_blocked, id=9272, stack(0x0000000030030000,0x0000000030230000)]
  0x00000000004ef000 JavaThread "main" [_thread_blocked, id=4844, stack(0x0000000000030000,0x0000000000230000)]

Other Threads:
  0x000000002ec12800 VMThread [stack: 0x000000002fe30000,0x0000000030030000] [id=9284]
  0x000000002ec9b800 WatcherThread [stack: 0x0000000030e30000,0x0000000031030000] [id=9324]

VM state:not at safepoint (normal execution)

VM Mutex/Monitor currently owned by a thread: None

Heap
 PSYoungGen      total 4299776K, used 577141K [0x00000006b2a80000, 0x00000007fd900000, 0x0000000800000000)
  eden space 4295168K, 13% used [0x00000006b2a80000,0x00000006d599d9a0,0x00000007b8d00000)
  from space 4608K, 99% used [0x00000007b8d00000,0x00000007b917fb20,0x00000007b9180000)
  to   space 563200K, 0% used [0x00000007db300000,0x00000007db300000,0x00000007fd900000)
 ParOldGen       total 2270208K, used 1487029K [0x0000000418000000, 0x00000004a2900000, 0x00000006b2a80000)
  object space 2270208K, 65% used [0x0000000418000000,0x0000000472c2d708,0x00000004a2900000)
 PSPermGen       total 196608K, used 58902K [0x00000003d8000000, 0x00000003e4000000, 0x0000000418000000)
  object space 196608K, 29% used [0x00000003d8000000,0x00000003db985b18,0x00000003e4000000)

Card table byte_map: [0x00000000059f0000,0x0000000007b40000] byte_map_base: 0x0000000003b30000

Polling page: 0x0000000000440000

Code Cache  [0x00000000029f0000, 0x0000000002f40000, 0x00000000059f0000)
 total_blobs=2630 nmethods=1630 adapters=951 free_code_cache=43834Kb largest_free_block=44794944

Compilation events (10 events):
Event: 115.318 Thread 0x000000002ec64000 1818             java.util.Arrays::deepEquals0 (341 bytes)
Event: 115.321 Thread 0x000000002ec64000 nmethod 1818 0x0000000002f20210 code [0x0000000002f203c0, 0x0000000002f209b8]
Event: 115.366 Thread 0x000000002ec60000 1819             org.janelia.it.workstation.gui.alignment_board_viewer.masking.ConfigurableColorMapping::mapMultiMasks (320 bytes)
Event: 115.374 Thread 0x000000002ec64000 1820             org.janelia.it.workstation.gui.viewer3d.buffering.AbstractCoordBufMgr::addGeometry (47 bytes)
Event: 115.385 Thread 0x000000002ec64000 nmethod 1820 0x0000000002f21890 code [0x0000000002f21a40, 0x0000000002f22410]
Event: 115.385 Thread 0x000000002ec64000 1821             org.janelia.it.workstation.gui.viewer3d.buffering.AbstractCoordBufMgr::addTextureCoords (47 bytes)
Event: 115.393 Thread 0x000000002ec64000 nmethod 1821 0x0000000002f2ce50 code [0x0000000002f2d000, 0x0000000002f2d9b0]
Event: 115.393 Thread 0x000000002ec64000 1822             org.janelia.it.workstation.gui.viewer3d.buffering.AbstractCoordBufMgr::addIndices (82 bytes)
Event: 115.396 Thread 0x000000002ec64000 nmethod 1822 0x0000000002f2c750 code [0x0000000002f2c8a0, 0x0000000002f2cb38]
Event: 115.403 Thread 0x000000002ec60000 nmethod 1819 0x0000000002f33a50 code [0x0000000002f33d00, 0x0000000002f35a20]

GC Heap History (10 events):
Event: 102.341 GC heap before
{Heap before GC invocations=12 (full 2):
 PSYoungGen      total 2092032K, used 1908736K [0x00000006b2a80000, 0x00000007d9e80000, 0x0000000800000000)
  eden space 1908736K, 100% used [0x00000006b2a80000,0x0000000727280000,0x0000000727280000)
  from space 183296K, 0% used [0x0000000727280000,0x0000000727280000,0x0000000732580000)
  to   space 509952K, 0% used [0x00000007bac80000,0x00000007bac80000,0x00000007d9e80000)
 ParOldGen       total 1153536K, used 514935K [0x0000000418000000, 0x000000045e680000, 0x00000006b2a80000)
  object space 1153536K, 44% used [0x0000000418000000,0x00000004376ddff0,0x000000045e680000)
 PSPermGen       total 196608K, used 58538K [0x00000003d8000000, 0x00000003e4000000, 0x0000000418000000)
  object space 196608K, 29% used [0x00000003d8000000,0x00000003db92a8f8,0x00000003e4000000)
Event: 102.345 GC heap after
Heap after GC invocations=12 (full 2):
 PSYoungGen      total 2989568K, used 1088K [0x00000006b2a80000, 0x00000007bae00000, 0x0000000800000000)
  eden space 2988032K, 0% used [0x00000006b2a80000,0x00000006b2a80000,0x0000000769080000)
  from space 1536K, 70% used [0x00000007bac80000,0x00000007bad90020,0x00000007bae00000)
  to   space 503808K, 0% used [0x000000077d600000,0x000000077d600000,0x000000079c200000)
 ParOldGen       total 1153536K, used 514935K [0x0000000418000000, 0x000000045e680000, 0x00000006b2a80000)
  object space 1153536K, 44% used [0x0000000418000000,0x00000004376ddff0,0x000000045e680000)
 PSPermGen       total 196608K, used 58538K [0x00000003d8000000, 0x00000003e4000000, 0x0000000418000000)
  object space 196608K, 29% used [0x00000003d8000000,0x00000003db92a8f8,0x00000003e4000000)
}
Event: 109.075 GC heap before
{Heap before GC invocations=13 (full 2):
 PSYoungGen      total 2989568K, used 2989120K [0x00000006b2a80000, 0x00000007bae00000, 0x0000000800000000)
  eden space 2988032K, 100% used [0x00000006b2a80000,0x0000000769080000,0x0000000769080000)
  from space 1536K, 70% used [0x00000007bac80000,0x00000007bad90020,0x00000007bae00000)
  to   space 503808K, 0% used [0x000000077d600000,0x000000077d600000,0x000000079c200000)
 ParOldGen       total 1153536K, used 514935K [0x0000000418000000, 0x000000045e680000, 0x00000006b2a80000)
  object space 1153536K, 44% used [0x0000000418000000,0x00000004376ddff0,0x000000045e680000)
 PSPermGen       total 196608K, used 58643K [0x00000003d8000000, 0x00000003e4000000, 0x0000000418000000)
  object space 196608K, 29% used [0x00000003d8000000,0x00000003db944f58,0x00000003e4000000)
Event: 109.269 GC heap after
Heap after GC invocations=13 (full 2):
 PSYoungGen      total 3825152K, used 479882K [0x00000006b2a80000, 0x0000000800000000, 0x0000000800000000)
  eden space 3321344K, 0% used [0x00000006b2a80000,0x00000006b2a80000,0x000000077d600000)
  from space 503808K, 95% used [0x000000077d600000,0x000000079aaa2a20,0x000000079c200000)
  to   space 590336K, 0% used [0x00000007dbf80000,0x00000007dbf80000,0x0000000800000000)
 ParOldGen       total 1325568K, used 1303416K [0x0000000418000000, 0x0000000468e80000, 0x00000006b2a80000)
  object space 1325568K, 98% used [0x0000000418000000,0x00000004678de1b0,0x0000000468e80000)
 PSPermGen       total 196608K, used 58643K [0x00000003d8000000, 0x00000003e4000000, 0x0000000418000000)
  object space 196608K, 29% used [0x00000003d8000000,0x00000003db944f58,0x00000003e4000000)
}
Event: 109.269 GC heap before
{Heap before GC invocations=14 (full 3):
 PSYoungGen      total 3825152K, used 479882K [0x00000006b2a80000, 0x0000000800000000, 0x0000000800000000)
  eden space 3321344K, 0% used [0x00000006b2a80000,0x00000006b2a80000,0x000000077d600000)
  from space 503808K, 95% used [0x000000077d600000,0x000000079aaa2a20,0x000000079c200000)
  to   space 590336K, 0% used [0x00000007dbf80000,0x00000007dbf80000,0x0000000800000000)
 ParOldGen       total 1325568K, used 1303416K [0x0000000418000000, 0x0000000468e80000, 0x00000006b2a80000)
  object space 1325568K, 98% used [0x0000000418000000,0x00000004678de1b0,0x0000000468e80000)
 PSPermGen       total 196608K, used 58643K [0x00000003d8000000, 0x00000003e4000000, 0x0000000418000000)
  object space 196608K, 29% used [0x00000003d8000000,0x00000003db944f58,0x00000003e4000000)
Event: 109.569 GC heap after
Heap after GC invocations=14 (full 3):
 PSYoungGen      total 3825152K, used 84529K [0x00000006b2a80000, 0x0000000800000000, 0x0000000800000000)
  eden space 3321344K, 0% used [0x00000006b2a80000,0x00000006b2a80000,0x000000077d600000)
  from space 503808K, 16% used [0x000000077d600000,0x000000078288c5a0,0x000000079c200000)
  to   space 590336K, 0% used [0x00000007dbf80000,0x00000007dbf80000,0x0000000800000000)
 ParOldGen       total 2270208K, used 1318005K [0x0000000418000000, 0x00000004a2900000, 0x00000006b2a80000)
  object space 2270208K, 58% used [0x0000000418000000,0x000000046871d6a8,0x00000004a2900000)
 PSPermGen       total 196608K, used 58643K [0x00000003d8000000, 0x00000003e4000000, 0x0000000418000000)
  object space 196608K, 29% used [0x00000003d8000000,0x00000003db944d78,0x00000003e4000000)
}
Event: 110.164 GC heap before
{Heap before GC invocations=15 (full 3):
 PSYoungGen      total 3825152K, used 3405873K [0x00000006b2a80000, 0x0000000800000000, 0x0000000800000000)
  eden space 3321344K, 100% used [0x00000006b2a80000,0x000000077d600000,0x000000077d600000)
  from space 503808K, 16% used [0x000000077d600000,0x000000078288c5a0,0x000000079c200000)
  to   space 590336K, 0% used [0x00000007dbf80000,0x00000007dbf80000,0x0000000800000000)
 ParOldGen       total 2270208K, used 1318005K [0x0000000418000000, 0x00000004a2900000, 0x00000006b2a80000)
  object space 2270208K, 58% used [0x0000000418000000,0x000000046871d6a8,0x00000004a2900000)
 PSPermGen       total 196608K, used 58666K [0x00000003d8000000, 0x00000003e4000000, 0x0000000418000000)
  object space 196608K, 29% used [0x00000003d8000000,0x00000003db94aa10,0x00000003e4000000)
Event: 110.210 GC heap after
Heap after GC invocations=15 (full 3):
 PSYoungGen      total 4885504K, used 30446K [0x00000006b2a80000, 0x0000000800000000, 0x0000000800000000)
  eden space 4295168K, 0% used [0x00000006b2a80000,0x00000006b2a80000,0x00000007b8d00000)
  from space 590336K, 5% used [0x00000007dbf80000,0x00000007ddd3bb50,0x0000000800000000)
  to   space 576000K, 0% used [0x00000007b8d00000,0x00000007b8d00000,0x00000007dbf80000)
 ParOldGen       total 2270208K, used 1486965K [0x0000000418000000, 0x00000004a2900000, 0x00000006b2a80000)
  object space 2270208K, 65% used [0x0000000418000000,0x0000000472c1d708,0x00000004a2900000)
 PSPermGen       total 196608K, used 58666K [0x00000003d8000000, 0x00000003e4000000, 0x0000000418000000)
  object space 196608K, 29% used [0x00000003d8000000,0x00000003db94aa10,0x00000003e4000000)
}
Event: 114.317 GC heap before
{Heap before GC invocations=16 (full 3):
 PSYoungGen      total 4885504K, used 4325614K [0x00000006b2a80000, 0x0000000800000000, 0x0000000800000000)
  eden space 4295168K, 100% used [0x00000006b2a80000,0x00000007b8d00000,0x00000007b8d00000)
  from space 590336K, 5% used [0x00000007dbf80000,0x00000007ddd3bb50,0x0000000800000000)
  to   space 576000K, 0% used [0x00000007b8d00000,0x00000007b8d00000,0x00000007dbf80000)
 ParOldGen       total 2270208K, used 1486965K [0x0000000418000000, 0x00000004a2900000, 0x00000006b2a80000)
  object space 2270208K, 65% used [0x0000000418000000,0x0000000472c1d708,0x00000004a2900000)
 PSPermGen       total 196608K, used 58667K [0x00000003d8000000, 0x00000003e4000000, 0x0000000418000000)
  object space 196608K, 29% used [0x00000003d8000000,0x00000003db94ac50,0x00000003e4000000)
Event: 114.324 GC heap after
Heap after GC invocations=16 (full 3):
 PSYoungGen      total 4299776K, used 4606K [0x00000006b2a80000, 0x00000007fd900000, 0x0000000800000000)
  eden space 4295168K, 0% used [0x00000006b2a80000,0x00000006b2a80000,0x00000007b8d00000)
  from space 4608K, 99% used [0x00000007b8d00000,0x00000007b917fb20,0x00000007b9180000)
  to   space 563200K, 0% used [0x00000007db300000,0x00000007db300000,0x00000007fd900000)
 ParOldGen       total 2270208K, used 1487029K [0x0000000418000000, 0x00000004a2900000, 0x00000006b2a80000)
  object space 2270208K, 65% used [0x0000000418000000,0x0000000472c2d708,0x00000004a2900000)
 PSPermGen       total 196608K, used 58667K [0x00000003d8000000, 0x00000003e4000000, 0x0000000418000000)
  object space 196608K, 29% used [0x00000003d8000000,0x00000003db94ac50,0x00000003e4000000)
}

Deoptimization events (10 events):
Event: 108.721 Thread 0x00000000424b8000 Uncommon trap: reason=class_check action=maybe_recompile pc=0x0000000002ed28e4 method=org.janelia.it.workstation.gui.alignment_board.loader.MaskSingleFileLoader.writeToChannelAcceptors(Ljava/util/List;[JID[BJJ)[B @ 4
Event: 108.724 Thread 0x00000000424b7800 Uncommon trap: reason=class_check action=maybe_recompile pc=0x0000000002ed28e4 method=org.janelia.it.workstation.gui.alignment_board.loader.MaskSingleFileLoader.writeToChannelAcceptors(Ljava/util/List;[JID[BJJ)[B @ 4
Event: 108.843 Thread 0x00000000424b8000 Uncommon trap: reason=class_check action=maybe_recompile pc=0x0000000002ed28e4 method=org.janelia.it.workstation.gui.alignment_board.loader.MaskSingleFileLoader.writeToChannelAcceptors(Ljava/util/List;[JID[BJJ)[B @ 4
Event: 108.843 Thread 0x00000000424b8000 Uncommon trap: reason=class_check action=maybe_recompile pc=0x0000000002ed28e4 method=org.janelia.it.workstation.gui.alignment_board.loader.MaskSingleFileLoader.writeToChannelAcceptors(Ljava/util/List;[JID[BJJ)[B @ 4
Event: 108.876 Thread 0x00000000424bc000 Uncommon trap: reason=null_check action=make_not_entrant pc=0x0000000002f0d33c method=org.janelia.it.workstation.gui.alignment_board_viewer.masking.MultiMaskTracker.getMaskExpansionCount(Ljava/lang/Integer;)I @ 10
Event: 114.851 Thread 0x00000000358e5000 Uncommon trap: reason=unreached action=reinterpret pc=0x0000000002df0bf4 method=java.util.PriorityQueue.siftUp(ILjava/lang/Object;)V @ 4
Event: 114.862 Thread 0x0000000035dc4000 Uncommon trap: reason=unreached action=reinterpret pc=0x0000000002d03344 method=java.util.PriorityQueue.siftDown(ILjava/lang/Object;)V @ 4
Event: 114.862 Thread 0x00000000311e8000 Uncommon trap: reason=unreached action=reinterpret pc=0x0000000002e02718 method=java.util.PriorityQueue.siftUp(ILjava/lang/Object;)V @ 4
Event: 114.923 Thread 0x00000000311e8000 Uncommon trap: reason=class_check action=maybe_recompile pc=0x0000000002e0dd78 method=java.lang.AbstractStringBuilder.insert(ILjava/lang/String;)Ljava/lang/AbstractStringBuilder; @ 6
Event: 114.923 Thread 0x00000000311e8000 Uncommon trap: reason=class_check action=maybe_recompile pc=0x0000000002e0dd78 method=java.lang.AbstractStringBuilder.insert(ILjava/lang/String;)Ljava/lang/AbstractStringBuilder; @ 6

Internal exceptions (10 events):
Event: 114.831 Thread 0x00000000358e5000 Threw 0x00000006bbe67670 at C:\re\jdk7u51\527\hotspot\src\share\vm\prims\jvm.cpp:1244
Event: 114.834 Thread 0x00000000358e5000 Threw 0x00000006bbe830b8 at C:\re\jdk7u51\527\hotspot\src\share\vm\prims\jvm.cpp:1244
Event: 114.834 Thread 0x00000000358e5000 Threw 0x00000006bbe86918 at C:\re\jdk7u51\527\hotspot\src\share\vm\prims\jvm.cpp:1244
Event: 114.834 Thread 0x00000000358e5000 Threw 0x00000006bbe8c570 at C:\re\jdk7u51\527\hotspot\src\share\vm\prims\jvm.cpp:1244
Event: 114.834 Thread 0x00000000358e5000 Threw 0x00000006bbe8f110 at C:\re\jdk7u51\527\hotspot\src\share\vm\prims\jvm.cpp:1244
Event: 114.851 Thread 0x00000000358e5000 Implicit null exception at 0x0000000002df086f to 0x0000000002df0bd9
Event: 114.862 Thread 0x00000000311e8000 Implicit null exception at 0x0000000002e02450 to 0x0000000002e026fd
Event: 114.955 Thread 0x0000000035dcd000 Threw 0x00000006b364fcb0 at C:\re\jdk7u51\527\hotspot\src\share\vm\prims\jvm.cpp:2917
Event: 114.988 Thread 0x0000000035dc8800 Threw 0x00000006d4abbbc8 at C:\re\jdk7u51\527\hotspot\src\share\vm\prims\jvm.cpp:1244
Event: 114.988 Thread 0x0000000035dc8800 Threw 0x00000006d4abdfa0 at C:\re\jdk7u51\527\hotspot\src\share\vm\prims\jvm.cpp:1244

Events (10 events):
Event: 115.437 Executing VM operation: ThreadDump
Event: 115.438 Executing VM operation: ThreadDump done
Event: 115.447 Executing VM operation: ThreadDump
Event: 115.448 Executing VM operation: ThreadDump done
Event: 115.457 Executing VM operation: ThreadDump
Event: 115.458 Executing VM operation: ThreadDump done
Event: 115.467 Executing VM operation: ThreadDump
Event: 115.468 Executing VM operation: ThreadDump done
Event: 115.477 Executing VM operation: ThreadDump
Event: 115.478 Executing VM operation: ThreadDump done


Dynamic libraries:
0x0000000000400000 - 0x000000000043a000 	C:\tools\NetBeans 7.4\platform\lib\nbexec64.exe
0x0000000077a10000 - 0x0000000077bb9000 	C:\Windows\SYSTEM32\ntdll.dll
0x00000000777f0000 - 0x000000007790f000 	C:\Windows\system32\kernel32.dll
0x000007fefd890000 - 0x000007fefd8fc000 	C:\Windows\system32\KERNELBASE.dll
0x000007fefdc00000 - 0x000007fefdcdb000 	C:\Windows\system32\ADVAPI32.dll
0x000007feff720000 - 0x000007feff7bf000 	C:\Windows\system32\msvcrt.dll
0x000007fefeec0000 - 0x000007fefeedf000 	C:\Windows\SYSTEM32\sechost.dll
0x000007fefed90000 - 0x000007fefeebd000 	C:\Windows\system32\RPCRT4.dll
0x0000000077910000 - 0x0000000077a0a000 	C:\Windows\system32\USER32.dll
0x000007feffca0000 - 0x000007feffd07000 	C:\Windows\system32\GDI32.dll
0x000007feffb30000 - 0x000007feffb3e000 	C:\Windows\system32\LPK.dll
0x000007feff860000 - 0x000007feff929000 	C:\Windows\system32\USP10.dll
0x000007fefeee0000 - 0x000007fefef0e000 	C:\Windows\system32\IMM32.DLL
0x000007fefdd30000 - 0x000007fefde39000 	C:\Windows\system32\MSCTF.dll
0x0000000063c80000 - 0x0000000063dd3000 	C:\tools\NetBeans 7.4\platform\lib\nbexec64.dll
0x000000006ed60000 - 0x000000006f529000 	C:\tools\jdk1.7.0_51\jre\bin\server\jvm.dll
0x000007fef8440000 - 0x000007fef8449000 	C:\Windows\system32\WSOCK32.dll
0x000007fefdce0000 - 0x000007fefdd2d000 	C:\Windows\system32\WS2_32.dll
0x000007feffd10000 - 0x000007feffd18000 	C:\Windows\system32\NSI.dll
0x000007fefb930000 - 0x000007fefb96b000 	C:\Windows\system32\WINMM.dll
0x0000000077bd0000 - 0x0000000077bd7000 	C:\Windows\system32\PSAPI.DLL
0x0000000078f10000 - 0x0000000078fe2000 	C:\tools\jdk1.7.0_51\jre\bin\MSVCR100.dll
0x0000000067e70000 - 0x0000000067eaf000 	C:\tools\jdk1.7.0_51\jre\bin\splashscreen.dll
0x000007fefbec0000 - 0x000007fefbf16000 	C:\Windows\system32\uxtheme.dll
0x00000000740e0000 - 0x00000000740ef000 	C:\tools\jdk1.7.0_51\jre\bin\verify.dll
0x0000000073a70000 - 0x0000000073a98000 	C:\tools\jdk1.7.0_51\jre\bin\java.dll
0x0000000069670000 - 0x0000000069685000 	C:\tools\jdk1.7.0_51\jre\bin\zip.dll
0x000007fefef10000 - 0x000007feff113000 	C:\Windows\system32\ole32.dll
0x000007fefd6a0000 - 0x000007fefd6af000 	C:\Windows\system32\CRYPTBASE.dll
0x0000000067e50000 - 0x0000000067e69000 	C:\tools\jdk1.7.0_51\jre\bin\net.dll
0x000007fefcfe0000 - 0x000007fefd035000 	C:\Windows\system32\mswsock.dll
0x000007fefcfd0000 - 0x000007fefcfd7000 	C:\Windows\System32\wship6.dll
0x00000000624d0000 - 0x00000000624e1000 	C:\tools\jdk1.7.0_51\jre\bin\nio.dll
0x000007fefb510000 - 0x000007fefb537000 	C:\Windows\system32\IPHLPAPI.DLL
0x000007fefb500000 - 0x000007fefb50b000 	C:\Windows\system32\WINNSI.DLL
0x000007fef9c20000 - 0x000007fef9c31000 	C:\Windows\system32\dhcpcsvc6.DLL
0x000007fefb4b0000 - 0x000007fefb4c8000 	C:\Windows\system32\dhcpcsvc.DLL
0x000000006cea0000 - 0x000000006d035000 	C:\tools\jdk1.7.0_51\jre\bin\awt.dll
0x000007fefecb0000 - 0x000007fefed87000 	C:\Windows\system32\OLEAUT32.dll
0x000007fefd040000 - 0x000007fefd057000 	C:\Windows\system32\CRYPTSP.dll
0x000007fefcd40000 - 0x000007fefcd87000 	C:\Windows\system32\rsaenh.dll
0x000007fefd860000 - 0x000007fefd87e000 	C:\Windows\system32\USERENV.dll
0x000007fefd840000 - 0x000007fefd84f000 	C:\Windows\system32\profapi.dll
0x000007fefba70000 - 0x000007fefba85000 	C:\Windows\system32\NLAapi.dll
0x000007fef4e20000 - 0x000007fef4e35000 	C:\Windows\system32\napinsp.dll
0x000007fef4e00000 - 0x000007fef4e19000 	C:\Windows\system32\pnrpnsp.dll
0x000007fefce60000 - 0x000007fefcebb000 	C:\Windows\system32\DNSAPI.dll
0x000007fef4df0000 - 0x000007fef4dfb000 	C:\Windows\System32\winrnr.dll
0x000007fef6c20000 - 0x000007fef6c4e000 	C:\Program Files\Common Files\Microsoft Shared\Windows Live\WLIDNSP.DLL
0x000007feff600000 - 0x000007feff671000 	C:\Windows\system32\SHLWAPI.dll
0x00000000697a0000 - 0x00000000697c6000 	C:\Program Files\Bonjour\mdnsNSP.dll
0x000007fefc990000 - 0x000007fefc997000 	C:\Windows\System32\wshtcpip.dll
0x000007fef59e0000 - 0x000007fef59e8000 	C:\Windows\system32\rasadhlp.dll
0x000007fef9d00000 - 0x000007fef9d53000 	C:\Windows\System32\fwpuclnt.dll
0x000007fefb6f0000 - 0x000007fefb708000 	C:\Windows\system32\DWMAPI.DLL
0x000007fefc370000 - 0x000007fefc564000 	C:\Windows\WinSxS\amd64_microsoft.windows.common-controls_6595b64144ccf1df_6.0.7601.17514_none_fa396087175ac9ac\COMCTL32.dll
0x000007feed9b0000 - 0x000007feedbaf000 	C:\Windows\system32\d3d9.dll
0x000007fefc860000 - 0x000007fefc86c000 	C:\Windows\system32\VERSION.dll
0x000007fefc110000 - 0x000007fefc117000 	C:\Windows\system32\d3d8thk.dll
0x000007feea4c0000 - 0x000007feeb639000 	C:\Windows\system32\nvd3dumx.dll
0x000007fefc870000 - 0x000007fefc89c000 	C:\Windows\system32\powrprof.dll
0x000007feff930000 - 0x000007feffb07000 	C:\Windows\system32\SETUPAPI.dll
0x000007fefdb50000 - 0x000007fefdb86000 	C:\Windows\system32\CFGMGR32.dll
0x000007fefd9b0000 - 0x000007fefd9ca000 	C:\Windows\system32\DEVOBJ.dll
0x000000006d2d0000 - 0x000000006d317000 	C:\tools\jdk1.7.0_51\jre\bin\fontmanager.dll
0x000000006e6b0000 - 0x000000006e6e0000 	C:\tools\jdk1.7.0_51\jre\bin\jpeg.dll
0x000000006ea10000 - 0x000000006ea51000 	C:\tools\jdk1.7.0_51\jre\bin\t2k.dll
0x0000000180000000 - 0x0000000180038000 	C:\tools\NetBeans 7.4\platform\modules\lib\amd64\jnidispatch-340.dll
0x000007fefdf20000 - 0x000007fefeca8000 	C:\Windows\system32\SHELL32.dll
0x00000000637c0000 - 0x00000000637cd000 	C:\Users\Leslie L Foster\AppData\Local\Temp\jogamp_0000\file_cache\jln7077940534466996507\jln9025143247689069956\gluegen-rt.dll
0x00000000685d0000 - 0x00000000685d7000 	C:\tools\jdk1.7.0_51\jre\bin\jawt.dll
0x000000006a440000 - 0x000000006a44d000 	C:\Users\Leslie L Foster\AppData\Local\Temp\jogamp_0000\file_cache\jln7077940534466996507\jln9025143247689069956\nativewindow_awt.dll
0x000000006c100000 - 0x000000006c10f000 	C:\Users\Leslie L Foster\AppData\Local\Temp\jogamp_0000\file_cache\jln7077940534466996507\jln9025143247689069956\nativewindow_win32.dll
0x000007fef22c0000 - 0x000007fef23dd000 	C:\Windows\system32\OpenGL32.dll
0x000007fefb8c0000 - 0x000007fefb8ed000 	C:\Windows\system32\GLU32.dll
0x000007fef21c0000 - 0x000007fef22b1000 	C:\Windows\system32\DDRAW.dll
0x000007fefad60000 - 0x000007fefad68000 	C:\Windows\system32\DCIMAN32.dll
0x0000000064500000 - 0x00000000645a0000 	C:\Users\Leslie L Foster\AppData\Local\Temp\jogamp_0000\file_cache\jln7077940534466996507\jln9025143247689069956\jogl_desktop.dll
0x000000003ace0000 - 0x000000003c617000 	C:\Windows\system32\nvoglv64.DLL
0x000007fefdba0000 - 0x000007fefdbda000 	C:\Windows\system32\WINTRUST.dll
0x000007fefd9e0000 - 0x000007fefdb4c000 	C:\Windows\system32\CRYPT32.dll
0x000007fefd850000 - 0x000007fefd85f000 	C:\Windows\system32\MSASN1.dll
0x000007fefc8a0000 - 0x000007fefc8cd000 	C:\Windows\system32\ntmarta.dll
0x000007fefdec0000 - 0x000007fefdf12000 	C:\Windows\system32\WLDAP32.dll
0x000007feff7c0000 - 0x000007feff859000 	C:\Windows\system32\CLBCatQ.DLL
0x000007fefb340000 - 0x000007fefb4a1000 	C:\Windows\system32\WindowsCodecs.dll
0x000007fefd640000 - 0x000007fefd697000 	C:\Windows\system32\apphelp.dll
0x0000000068f50000 - 0x0000000068f66000 	C:\Program Files\Common Files\TortoiseOverlays\TortoiseOverlays.dll
0x0000000068f40000 - 0x0000000068f50000 	C:\Program Files\TortoiseSVN\bin\TortoiseStub.dll
0x0000000068520000 - 0x000000006859b000 	C:\Program Files\TortoiseSVN\bin\TortoiseSVN.dll
0x000007feff3d0000 - 0x000007feff600000 	C:\Windows\system32\WININET.dll
0x000007fefdb90000 - 0x000007fefdb94000 	C:\Windows\system32\api-ms-win-downlevel-user32-l1-1-0.dll
0x000007fefdbe0000 - 0x000007fefdbe4000 	C:\Windows\system32\api-ms-win-downlevel-shlwapi-l1-1-0.dll
0x000007fefd880000 - 0x000007fefd884000 	C:\Windows\system32\api-ms-win-downlevel-version-l1-1-0.dll
0x000007fefd900000 - 0x000007fefd903000 	C:\Windows\system32\api-ms-win-downlevel-normaliz-l1-1-0.dll
0x0000000077be0000 - 0x0000000077be3000 	C:\Windows\system32\normaliz.DLL
0x000007feff120000 - 0x000007feff3ca000 	C:\Windows\system32\iertutil.dll
0x000007fefd9d0000 - 0x000007fefd9d5000 	C:\Windows\system32\api-ms-win-downlevel-advapi32-l1-1-0.dll
0x000007fef4900000 - 0x000007fef4ccc000 	C:\Program Files\TortoiseSVN\bin\libsvn_tsvn.dll
0x0000000068f10000 - 0x0000000068f3b000 	C:\Program Files\TortoiseSVN\bin\libapr_tsvn.dll
0x00000000685e0000 - 0x0000000068621000 	C:\Program Files\TortoiseSVN\bin\libaprutil_tsvn.dll
0x000007fef6cd0000 - 0x000007fef6ce0000 	C:\Program Files\TortoiseSVN\bin\intl3_tsvn.dll
0x000007fef6cb0000 - 0x000007fef6cca000 	C:\Program Files\TortoiseSVN\bin\libsasl.dll
0x000007fefd440000 - 0x000007fefd44b000 	C:\Windows\system32\Secur32.dll
0x000007fefd610000 - 0x000007fefd635000 	C:\Windows\system32\SSPICLI.DLL
0x0000000067f50000 - 0x0000000067fe8000 	C:\Windows\system32\MSVCP100.dll
0x000007fef5ae0000 - 0x000007fef5b15000 	C:\Windows\system32\EhStorShell.dll
0x000007fefbf70000 - 0x000007fefc09c000 	C:\Windows\system32\PROPSYS.dll
0x000007fef5a50000 - 0x000007fef5ad0000 	C:\Windows\system32\ntshrui.dll
0x000007fefd2e0000 - 0x000007fefd303000 	C:\Windows\system32\srvcli.dll
0x000007fef59d0000 - 0x000007fef59df000 	C:\Windows\system32\cscapi.dll
0x000007fefb7b0000 - 0x000007fefb7bb000 	C:\Windows\system32\slc.dll
0x000007fef59c0000 - 0x000007fef59c8000 	C:\Windows\system32\IconCodecService.dll
0x000007fefa380000 - 0x000007fefa420000 	C:\Windows\WinSxS\amd64_microsoft.windows.common-controls_6595b64144ccf1df_5.82.7601.18201_none_a4d3b9377117c3df\comctl32.dll
0x000007fef53e0000 - 0x000007fef557c000 	C:\Windows\system32\NetworkExplorer.dll
0x000007fef5580000 - 0x000007fef55b4000 	C:\Windows\System32\shdocvw.dll
0x000007fef84c0000 - 0x000007fef84d8000 	C:\Windows\system32\MPR.dll
0x000007fefc850000 - 0x000007fefc85a000 	C:\Windows\System32\drprov.dll
0x000007fefd750000 - 0x000007fefd78d000 	C:\Windows\System32\WINSTA.dll
0x000007fefc790000 - 0x000007fefc7b2000 	C:\Windows\System32\ntlanman.dll
0x000007fefc770000 - 0x000007fefc78d000 	C:\Windows\System32\davclnt.dll
0x000007fefc670000 - 0x000007fefc67a000 	C:\Windows\System32\DAVHLPR.dll
0x000007fefafd0000 - 0x000007fefafe5000 	C:\Windows\system32\wkscli.dll
0x000007fefaff0000 - 0x000007fefaffc000 	C:\Windows\system32\netutils.dll
0x000007feec540000 - 0x000007feec7b1000 	C:\Windows\system32\wpdshext.dll
0x000007fefba90000 - 0x000007fefbca6000 	C:\Windows\WinSxS\amd64_microsoft.windows.gdiplus_6595b64144ccf1df_1.1.7601.18455_none_2b283fd671e9bf4d\gdiplus.dll
0x000007fefac50000 - 0x000007fefad0d000 	C:\Windows\system32\PortableDeviceApi.dll
0x000007fefb090000 - 0x000007fefb0c9000 	C:\Windows\system32\PortableDeviceTypes.dll

VM Arguments:
jvm_args: -Dnetbeans.logger.console=true -ea -Dapple.awt.brushMetalLook=false -XX:PermSize=192m -XX:MaxPermSize=1024m -Xms1024m -Xmx16000m -Dnb.forceui=de.javasoft.synthetica.netbeans.SyntheticaLFCustoms -Djdk.home=C:\tools\jdk1.7.0_51 -splash:C:\current_projects\MultiBrick_06092014\janelia-workstation\ConsoleApplication\build\testuserdir\var\cache\splash.png -Dnetbeans.home=C:\tools\NetBeans 7.4\platform -Dnetbeans.user=C:\current_projects\MultiBrick_06092014\janelia-workstation\ConsoleApplication\build\testuserdir -Dnetbeans.default_userdir_root= -XX:+HeapDumpOnOutOfMemoryError -XX:HeapDumpPath=C:\current_projects\MultiBrick_06092014\janelia-workstation\ConsoleApplication\build\testuserdir\var\log\heapdump.hprof -Dsun.awt.keepWorkingSetOnMinimize=true -Dnetbeans.dirs=C:\current_projects\MultiBrick_06092014\janelia-workstation\ConsoleApplication\build\cluster;C:\tools\NetBeans 7.4\platform exit 
java_command: <unknown>
Launcher Type: generic

Environment Variables:
JAVA_HOME=C:\tools\JDK1.8.0_05
PATH=C:\Program Files (x86)\NVIDIA Corporation\PhysX\Common;C:\tools\Perl64\site\bin;C:\tools\Perl64\bin;C:\Program Files\Common Files\Microsoft Shared\Windows Live;C:\Program Files (x86)\Common Files\Microsoft Shared\Windows Live;C:\Windows\system32;C:\Windows;C:\Windows\System32\Wbem;C:\Windows\System32\WindowsPowerShell\v1.0\;C:\Program Files\Dell\DW WLAN Card\Driver;c:\Program Files (x86)\ATI Technologies\ATI.ACE\Core-Static;C:\Program Files (x86)\Windows Live\Shared;C:\Program Files (x86)\Common Files\Roxio Shared\DLLShared\;C:\Program Files (x86)\Common Files\Roxio Shared\OEM\DLLShared\;C:\Program Files (x86)\Common Files\Roxio Shared\OEM\DLLShared\;C:\Program Files (x86)\Common Files\Roxio Shared\OEM\12.0\DLLShared\;C:\Program Files (x86)\Roxio\OEM\AudioCore\;C:\Program Files (x86)\Ulead Systems\Ulead DVD MovieFactory 3.5 Suite Deluxe;C:\Program Files (x86)\Common Files\Ulead Systems\MPEG;C:\Program Files (x86)\Common Files\Ulead Systems\DVD;\tools\Perl64\bin;C:\tools\cvsnt;C:\Program Files\TortoiseSVN\bin;C:\Users\Leslie L Foster\AppData\Local\Smartbar\Application\;C:\Users\Leslie L Foster\AppData\Local\Smartbar\Application\;C:\tools\Git\cmd;C:\tools\Git\bin;C:\Program Files (x86)\QuickTime\QTSystem\;C:\tools\cygwin\bin;c:\tools\jdk1.7.0_01\bin;C:\tools\graphviz\release\bin
USERNAME=Leslie L Foster
OS=Windows_NT
PROCESSOR_IDENTIFIER=Intel64 Family 6 Model 42 Stepping 7, GenuineIntel



---------------  S Y S T E M  ---------------

OS: Windows 7 , 64 bit Build 7601 Service Pack 1

CPU:total 8 (4 cores per cpu, 2 threads per core) family 6 model 42 stepping 7, cmov, cx8, fxsr, mmx, sse, sse2, sse3, ssse3, sse4.1, sse4.2, popcnt, avx, aes, ht, tsc, tscinvbit

Memory: 4k page, physical 16759240k(6051408k free), swap 33516616k(20164284k free)

vm_info: Java HotSpot(TM) 64-Bit Server VM (24.51-b03) for windows-amd64 JRE (1.7.0_51-b13), built on Dec 18 2013 18:40:56 by "java_re" with unknown MS VC++:1600

time: Mon Jun 16 00:17:44 2014
elapsed time: 115 seconds

