#
# A fatal error has been detected by the Java Runtime Environment:
#
#  Internal Error (os_windows_x86.cpp:143), pid=5364, tid=6700
#  guarantee(result == EXCEPTION_CONTINUE_EXECUTION) failed: Unexpected result from topLevelExceptionFilter
#
# JRE version: Java(TM) SE Runtime Environment (7.0_51-b13) (build 1.7.0_51-b13)
# Java VM: Java HotSpot(TM) 64-Bit Server VM (24.51-b03 mixed mode windows-amd64 compressed oops)
# Failed to write core dump. Minidumps are not enabled by default on client versions of Windows
#
# If you would like to submit a bug report, please visit:
#   http://bugreport.sun.com/bugreport/crash.jsp
# The crash happened outside the Java Virtual Machine in native code.
# See problematic frame for where to report the bug.
#

---------------  T H R E A D  ---------------

Current thread (0x0000000031296000):  JavaThread "AWT-EventQueue-0" [_thread_in_native, id=6700, stack(0x0000000034b30000,0x0000000034d30000)]

Stack: [0x0000000034b30000,0x0000000034d30000]
[error occurred during error reporting (printing stack bounds), id 0xc0000005]


[error occurred during error reporting (printing native stack), id 0xc0000005]

Java frames: (J=compiled Java code, j=interpreted, Vv=VM code)
j  jogamp.opengl.gl4.GL4bcImpl.dispatch_glBufferData1(IJLjava/lang/Object;IZIJ)V+0
j  jogamp.opengl.gl4.GL4bcImpl.glBufferData(IJLjava/nio/Buffer;I)V+93
j  org.janelia.it.workstation.gui.viewer3d.buffering.AbstractCoordBufMgr.enableBuffersOfType(Ljavax/media/opengl/GL2;[Ljava/nio/Buffer;I)[I+65
j  org.janelia.it.workstation.gui.viewer3d.buffering.AbstractCoordBufMgr.enableBuffers(Ljavax/media/opengl/GL2;)V+46
j  org.janelia.it.workstation.gui.alignment_board_viewer.MultiTexVolumeBrick.init(Ljavax/media/opengl/GLAutoDrawable;)V+221
j  org.janelia.it.workstation.gui.viewer3d.BaseRenderer.init(Ljavax/media/opengl/GLAutoDrawable;)V+42
j  jogamp.opengl.GLDrawableHelper.reshape(Ljavax/media/opengl/GLEventListener;Ljavax/media/opengl/GLAutoDrawable;IIIIZZ)V+26
j  jogamp.opengl.GLDrawableHelper.reshape(Ljavax/media/opengl/GLAutoDrawable;IIII)V+55
j  javax.media.opengl.awt.GLJPanel$Updater.display(Ljavax/media/opengl/GLAutoDrawable;)V+162
j  javax.media.opengl.awt.GLJPanel$7.run()V+11
j  jogamp.opengl.GLDrawableHelper.invokeGLImpl(Ljavax/media/opengl/GLDrawable;Ljavax/media/opengl/GLContext;Ljava/lang/Runnable;Ljava/lang/Runnable;)V+206
j  jogamp.opengl.GLDrawableHelper.invokeGL(Ljavax/media/opengl/GLDrawable;Ljavax/media/opengl/GLContext;Ljava/lang/Runnable;Ljava/lang/Runnable;)V+80
j  javax.media.opengl.awt.GLJPanel$OffscreenBackend.doPaintComponent(Ljava/awt/Graphics;)V+29
j  javax.media.opengl.awt.GLJPanel.paintComponent(Ljava/awt/Graphics;)V+198
j  javax.swing.JComponent.paint(Ljava/awt/Graphics;)V+286
j  org.janelia.it.workstation.gui.alignment_board_viewer.ScaledMip3d.paint(Ljava/awt/Graphics;)V+2
J  javax.swing.JComponent.paintChildren(Ljava/awt/Graphics;)V
j  javax.swing.JComponent.paint(Ljava/awt/Graphics;)V+318
J  javax.swing.JComponent.paintChildren(Ljava/awt/Graphics;)V
j  javax.swing.JComponent.paint(Ljava/awt/Graphics;)V+318
J  javax.swing.JComponent.paintChildren(Ljava/awt/Graphics;)V
j  javax.swing.JComponent.paint(Ljava/awt/Graphics;)V+318
J  javax.swing.JComponent.paintChildren(Ljava/awt/Graphics;)V
j  javax.swing.JComponent.paint(Ljava/awt/Graphics;)V+318
J  javax.swing.JComponent.paintChildren(Ljava/awt/Graphics;)V
j  javax.swing.JComponent.paint(Ljava/awt/Graphics;)V+318
J  javax.swing.JComponent.paintChildren(Ljava/awt/Graphics;)V
j  javax.swing.JComponent.paint(Ljava/awt/Graphics;)V+318
j  org.netbeans.swing.tabcontrol.TabbedContainer.paint(Ljava/awt/Graphics;)V+53
J  javax.swing.JComponent.paintChildren(Ljava/awt/Graphics;)V
j  javax.swing.JComponent.paint(Ljava/awt/Graphics;)V+318
J  javax.swing.RepaintManager$PaintManager.paintDoubleBuffered(Ljavax/swing/JComponent;Ljava/awt/Image;Ljava/awt/Graphics;IIII)V
j  javax.swing.RepaintManager$PaintManager.paint(Ljavax/swing/JComponent;Ljavax/swing/JComponent;Ljava/awt/Graphics;IIII)Z+116
J  javax.swing.JComponent._paintImmediately(IIII)V
j  javax.swing.JComponent.paintImmediately(IIII)V+138
j  javax.swing.JComponent.paintImmediately(IIII)V+65
j  javax.swing.RepaintManager$3.run()Ljava/lang/Void;+75
j  javax.swing.RepaintManager$3.run()Ljava/lang/Object;+1
v  ~StubRoutines::call_stub
j  java.security.AccessController.doPrivileged(Ljava/security/PrivilegedAction;Ljava/security/AccessControlContext;)Ljava/lang/Object;+0
J  javax.swing.RepaintManager.paintDirtyRegions(Ljava/util/Map;)V
j  javax.swing.RepaintManager.paintDirtyRegions()V+46
j  javax.swing.RepaintManager.prePaintDirtyRegions()V+73
j  javax.swing.RepaintManager.access$1100(Ljavax/swing/RepaintManager;)V+1
j  javax.swing.RepaintManager$ProcessingRunnable.run()V+37
j  java.awt.event.InvocationEvent.dispatch()V+47
j  java.awt.EventQueue.dispatchEventImpl(Ljava/awt/AWTEvent;Ljava/lang/Object;)V+21
j  java.awt.EventQueue.access$200(Ljava/awt/EventQueue;Ljava/awt/AWTEvent;Ljava/lang/Object;)V+3
j  java.awt.EventQueue$3.run()Ljava/lang/Void;+12
j  java.awt.EventQueue$3.run()Ljava/lang/Object;+1
v  ~StubRoutines::call_stub
j  java.security.AccessController.doPrivileged(Ljava/security/PrivilegedAction;Ljava/security/AccessControlContext;)Ljava/lang/Object;+0
J  java.security.ProtectionDomain$1.doIntersectionPrivilege(Ljava/security/PrivilegedAction;Ljava/security/AccessControlContext;Ljava/security/AccessControlContext;)Ljava/lang/Object;
j  java.awt.EventQueue.dispatchEvent(Ljava/awt/AWTEvent;)V+46
j  org.netbeans.core.TimableEventQueue.dispatchEvent(Ljava/awt/AWTEvent;)V+17
J  java.awt.EventDispatchThread.pumpOneEventForFilters(I)V
j  java.awt.EventDispatchThread.pumpEventsForFilter(ILjava/awt/Conditional;Ljava/awt/EventFilter;)V+35
j  java.awt.EventDispatchThread.pumpEventsForHierarchy(ILjava/awt/Conditional;Ljava/awt/Component;)V+11
j  java.awt.EventDispatchThread.pumpEvents(ILjava/awt/Conditional;)V+4
j  java.awt.EventDispatchThread.pumpEvents(Ljava/awt/Conditional;)V+3
j  java.awt.EventDispatchThread.run()V+9
v  ~StubRoutines::call_stub

---------------  P R O C E S S  ---------------

Java Threads: ( => current thread )
  0x0000000031491800 JavaThread "sampler-awt" daemon [_thread_blocked, id=2700, stack(0x000000003e400000,0x000000003e600000)]
  0x00000000316ea000 JavaThread "SyntheticaAnimation 70" daemon [_thread_blocked, id=2632, stack(0x00000000456e0000,0x00000000458e0000)]
  0x00000000316e9000 JavaThread "pool-6-thread-1" [_thread_blocked, id=7328, stack(0x00000000450e0000,0x00000000452e0000)]
  0x00000000316e2800 JavaThread "Image Fetcher 3" daemon [_thread_blocked, id=8152, stack(0x0000000035130000,0x0000000035330000)]
  0x00000000316e7800 JavaThread "SyntheticaAnimation 30" daemon [_thread_blocked, id=7980, stack(0x0000000043710000,0x0000000043910000)]
  0x00000000316e7000 JavaThread "Timer-0" [_thread_blocked, id=7564, stack(0x0000000043510000,0x0000000043710000)]
  0x00000000316e6000 JavaThread "SyntheticaAnimation 60" daemon [_thread_blocked, id=6640, stack(0x0000000043310000,0x0000000043510000)]
  0x0000000031250800 JavaThread "Inactive RequestProcessor thread [Was:Timeable Event Queue Watch Dog/org.netbeans.core.TimableEventQueue]" daemon [_thread_blocked, id=3224, stack(0x000000003edd0000,0x000000003efd0000)]
  0x00000000316e5800 JavaThread "SwingWorker-pool-4-thread-10" daemon [_thread_blocked, id=7464, stack(0x0000000041e60000,0x0000000042060000)]
  0x00000000316e4800 JavaThread "SwingWorker-pool-4-thread-9" daemon [_thread_blocked, id=4208, stack(0x0000000041c60000,0x0000000041e60000)]
  0x00000000316e4000 JavaThread "SwingWorker-pool-4-thread-8" daemon [_thread_blocked, id=6432, stack(0x0000000041a60000,0x0000000041c60000)]
  0x00000000316e3000 JavaThread "SyntheticaAnimation 50" daemon [_thread_blocked, id=4124, stack(0x00000000409a0000,0x0000000040ba0000)]
  0x00000000316e1800 JavaThread "SwingWorker-pool-4-thread-7" daemon [_thread_blocked, id=7968, stack(0x0000000034f30000,0x0000000035130000)]
  0x00000000316e1000 JavaThread "Thread-22" daemon [_thread_blocked, id=1096, stack(0x0000000034d30000,0x0000000034f30000)]
  0x00000000316df800 JavaThread "SwingWorker-pool-4-thread-6" daemon [_thread_blocked, id=7264, stack(0x000000003f7d0000,0x000000003f9d0000)]
  0x00000000316de800 JavaThread "SwingWorker-pool-4-thread-5" daemon [_thread_blocked, id=4556, stack(0x000000003f5d0000,0x000000003f7d0000)]
  0x0000000031250000 JavaThread "Swing-Shell" daemon [_thread_blocked, id=4932, stack(0x000000003ebd0000,0x000000003edd0000)]
  0x000000003124f000 JavaThread "SwingWorker-pool-4-thread-4" daemon [_thread_blocked, id=4624, stack(0x000000003e860000,0x000000003ea60000)]
  0x000000003124e800 JavaThread "SwingWorker-pool-4-thread-3" daemon [_thread_blocked, id=5560, stack(0x000000003e660000,0x000000003e860000)]
  0x000000003124d800 JavaThread "SwingWorker-pool-4-thread-2" daemon [_thread_blocked, id=4568, stack(0x000000003df70000,0x000000003e170000)]
  0x0000000031497000 JavaThread "On Start/Stop-SharedResourceRunner" daemon [_thread_blocked, id=7236, stack(0x00000000375f0000,0x00000000377f0000)]
  0x000000003124d000 JavaThread "TimerQueue" daemon [_thread_blocked, id=8148, stack(0x000000003abc0000,0x000000003adc0000)]
  0x000000003124c000 JavaThread "SwingWorker-pool-4-thread-1" daemon [_thread_blocked, id=4128, stack(0x000000003a9c0000,0x000000003abc0000)]
  0x000000003124b800 JavaThread "RMI Scheduler(0)" daemon [_thread_blocked, id=7984, stack(0x000000003a5c0000,0x000000003a7c0000)]
  0x00000000314a0800 JavaThread "Thread-17" daemon [_thread_blocked, id=7200, stack(0x0000000039fc0000,0x000000003a1c0000)]
  0x00000000314a0000 JavaThread "qtp2129713169-42" [_thread_blocked, id=5664, stack(0x0000000039dc0000,0x0000000039fc0000)]
  0x000000003149f000 JavaThread "qtp2129713169-41" [_thread_blocked, id=4612, stack(0x0000000039bc0000,0x0000000039dc0000)]
  0x000000003149e800 JavaThread "qtp2129713169-40" [_thread_blocked, id=5688, stack(0x00000000399c0000,0x0000000039bc0000)]
  0x000000003149d800 JavaThread "qtp2129713169-39" [_thread_blocked, id=1684, stack(0x00000000397c0000,0x00000000399c0000)]
  0x000000003149d000 JavaThread "qtp2129713169-38 Acceptor1 SelectChannelConnector@0.0.0.0:40001" [_thread_blocked, id=7928, stack(0x00000000395c0000,0x00000000397c0000)]
  0x000000003149c000 JavaThread "qtp2129713169-37 Selector1" [_thread_in_native, id=6496, stack(0x00000000393c0000,0x00000000395c0000)]
  0x000000003149b800 JavaThread "qtp2129713169-36 Acceptor0 SelectChannelConnector@0.0.0.0:40001" [_thread_in_native, id=1404, stack(0x00000000391c0000,0x00000000393c0000)]
  0x000000003149a800 JavaThread "qtp2129713169-35 Selector0" [_thread_in_native, id=2540, stack(0x0000000038fc0000,0x00000000391c0000)]
  0x000000003149a000 JavaThread "Thread-8" daemon [_thread_in_native, id=6228, stack(0x0000000038dc0000,0x0000000038fc0000)]
  0x0000000031499000 JavaThread "server-timer" daemon [_thread_blocked, id=5068, stack(0x0000000038bc0000,0x0000000038dc0000)]
  0x0000000031498800 JavaThread "Thread-6" daemon [_thread_in_native, id=1104, stack(0x00000000389c0000,0x0000000038bc0000)]
  0x0000000031497800 JavaThread "SyntheticaCleanerThread" daemon [_thread_blocked, id=7456, stack(0x00000000387c0000,0x00000000389c0000)]
  0x0000000031492800 JavaThread "File Watcher" daemon [_thread_blocked, id=1672, stack(0x00000000368f0000,0x0000000036af0000)]
  0x0000000031625800 JavaThread "D3D Screen Updater" daemon [_thread_blocked, id=7536, stack(0x0000000002020000,0x0000000002220000)]
=>0x0000000031296000 JavaThread "AWT-EventQueue-0" [_thread_in_native, id=6700, stack(0x0000000034b30000,0x0000000034d30000)]
  0x0000000031352800 JavaThread "AWT-Windows" daemon [_thread_in_native, id=7688, stack(0x0000000032e40000,0x0000000033040000)]
  0x0000000031352000 JavaThread "AWT-Shutdown" [_thread_blocked, id=4380, stack(0x0000000032c40000,0x0000000032e40000)]
  0x000000003134e800 JavaThread "Java2D Disposer" daemon [_thread_blocked, id=3300, stack(0x0000000032a40000,0x0000000032c40000)]
  0x0000000031212800 JavaThread "RequestProcessor queue manager" daemon [_thread_blocked, id=1636, stack(0x0000000032840000,0x0000000032a40000)]
  0x000000002ede6800 JavaThread "CLI Requests Server" daemon [_thread_in_native, id=7424, stack(0x0000000031d90000,0x0000000031f90000)]
  0x000000002eca9000 JavaThread "Active Reference Queue Daemon" daemon [_thread_blocked, id=720, stack(0x0000000031990000,0x0000000031b90000)]
  0x000000002eb8e800 JavaThread "Service Thread" daemon [_thread_blocked, id=7412, stack(0x0000000030b40000,0x0000000030d40000)]
  0x000000002eb77800 JavaThread "C2 CompilerThread1" daemon [_thread_blocked, id=4536, stack(0x0000000030940000,0x0000000030b40000)]
  0x000000002eb6f800 JavaThread "C2 CompilerThread0" daemon [_thread_blocked, id=7948, stack(0x0000000030740000,0x0000000030940000)]
  0x000000002eb6d800 JavaThread "Attach Listener" daemon [_thread_blocked, id=8172, stack(0x0000000030540000,0x0000000030740000)]
  0x000000002eb6c800 JavaThread "Signal Dispatcher" daemon [_thread_blocked, id=4940, stack(0x0000000030340000,0x0000000030540000)]
  0x0000000009ff5800 JavaThread "Finalizer" daemon [_thread_blocked, id=3268, stack(0x0000000030140000,0x0000000030340000)]
  0x000000002eb25800 JavaThread "Reference Handler" daemon [_thread_blocked, id=352, stack(0x000000002ff40000,0x0000000030140000)]
  0x000000000030f000 JavaThread "main" [_thread_blocked, id=3964, stack(0x0000000000030000,0x0000000000230000)]

Other Threads:
  0x000000002eb22800 VMThread [stack: 0x000000002fd40000,0x000000002ff40000] [id=8116]
  0x000000002eba2000 WatcherThread [stack: 0x0000000030d40000,0x0000000030f40000] [id=5808]

VM state:not at safepoint (normal execution)

VM Mutex/Monitor currently owned by a thread: None

Heap
 PSYoungGen      total 4370944K, used 214280K [0x00000006b2a80000, 0x00000007fde00000, 0x0000000800000000)
  eden space 4367872K, 4% used [0x00000006b2a80000,0x00000006bf9222c0,0x00000007bd400000)
  from space 3072K, 87% used [0x00000007bd400000,0x00000007bd6a0060,0x00000007bd700000)
  to   space 529408K, 0% used [0x00000007dd900000,0x00000007dd900000,0x00000007fde00000)
 ParOldGen       total 2423296K, used 1402733K [0x0000000418000000, 0x00000004abe80000, 0x00000006b2a80000)
  object space 2423296K, 57% used [0x0000000418000000,0x000000046d9db588,0x00000004abe80000)
 PSPermGen       total 196608K, used 58914K [0x00000003d8000000, 0x00000003e4000000, 0x0000000418000000)
  object space 196608K, 29% used [0x00000003d8000000,0x00000003db988988,0x00000003e4000000)

Card table byte_map: [0x0000000005800000,0x0000000007950000] byte_map_base: 0x0000000003940000

Polling page: 0x0000000000310000

Code Cache  [0x0000000002800000, 0x0000000002d40000, 0x0000000005800000)
 total_blobs=2634 nmethods=1634 adapters=951 free_code_cache=43915Kb largest_free_block=44877568

Compilation events (10 events):
Event: 116.255 Thread 0x000000002eb6f800 nmethod 1804 0x0000000002d00f50 code [0x0000000002d010a0, 0x0000000002d01288]
Event: 116.255 Thread 0x000000002eb6f800 1809             java.nio.DirectShortBufferU::ix (10 bytes)
Event: 116.255 Thread 0x000000002eb6f800 nmethod 1809 0x0000000002d00d50 code [0x0000000002d00e80, 0x0000000002d00ef8]
Event: 116.255 Thread 0x000000002eb77800 nmethod 1807 0x0000000002907650 code [0x00000000029077a0, 0x0000000002907968]
Event: 116.256 Thread 0x000000002eb77800 1810             java.nio.DirectShortBufferU::put (17 bytes)
Event: 116.256 Thread 0x000000002eb6f800 1811             org.janelia.it.workstation.gui.viewer3d.texture.TextureDataBean::getVolumeMicrometers (53 bytes)
Event: 116.256 Thread 0x000000002eb77800 nmethod 1810 0x00000000029073d0 code [0x0000000002907500, 0x0000000002907598]
Event: 116.256 Thread 0x000000002eb6f800 nmethod 1811 0x0000000002907190 code [0x00000000029072c0, 0x0000000002907338]
Event: 116.256 Thread 0x000000002eb6f800 1812             org.janelia.it.workstation.gui.viewer3d.texture.TextureDataBean::getVoxelMicrometers (41 bytes)
Event: 116.256 Thread 0x000000002eb6f800 nmethod 1812 0x0000000002906f50 code [0x0000000002907080, 0x00000000029070f8]

GC Heap History (10 events):
Event: 103.051 GC heap before
{Heap before GC invocations=12 (full 2):
 PSYoungGen      total 2091520K, used 1910784K [0x00000006b2a80000, 0x00000007d6280000, 0x0000000800000000)
  eden space 1910784K, 100% used [0x00000006b2a80000,0x0000000727480000,0x0000000727480000)
  from space 180736K, 0% used [0x0000000727480000,0x0000000727480000,0x0000000732500000)
  to   space 477184K, 0% used [0x00000007b9080000,0x00000007b9080000,0x00000007d6280000)
 ParOldGen       total 1125888K, used 515267K [0x0000000418000000, 0x000000045cb80000, 0x00000006b2a80000)
  object space 1125888K, 45% used [0x0000000418000000,0x0000000437730cd8,0x000000045cb80000)
 PSPermGen       total 196608K, used 58575K [0x00000003d8000000, 0x00000003e4000000, 0x0000000418000000)
  object space 196608K, 29% used [0x00000003d8000000,0x00000003db933c50,0x00000003e4000000)
Event: 103.055 GC heap after
Heap after GC invocations=12 (full 2):
 PSYoungGen      total 2989568K, used 1088K [0x00000006b2a80000, 0x00000007b9200000, 0x0000000800000000)
  eden space 2988032K, 0% used [0x00000006b2a80000,0x00000006b2a80000,0x0000000769080000)
  from space 1536K, 70% used [0x00000007b9080000,0x00000007b9190020,0x00000007b9200000)
  to   space 472576K, 0% used [0x000000077f700000,0x000000077f700000,0x000000079c480000)
 ParOldGen       total 1125888K, used 515267K [0x0000000418000000, 0x000000045cb80000, 0x00000006b2a80000)
  object space 1125888K, 45% used [0x0000000418000000,0x0000000437730cd8,0x000000045cb80000)
 PSPermGen       total 196608K, used 58575K [0x00000003d8000000, 0x00000003e4000000, 0x0000000418000000)
  object space 196608K, 29% used [0x00000003d8000000,0x00000003db933c50,0x00000003e4000000)
}
Event: 110.117 GC heap before
{Heap before GC invocations=13 (full 2):
 PSYoungGen      total 2989568K, used 2989120K [0x00000006b2a80000, 0x00000007b9200000, 0x0000000800000000)
  eden space 2988032K, 100% used [0x00000006b2a80000,0x0000000769080000,0x0000000769080000)
  from space 1536K, 70% used [0x00000007b9080000,0x00000007b9190020,0x00000007b9200000)
  to   space 472576K, 0% used [0x000000077f700000,0x000000077f700000,0x000000079c480000)
 ParOldGen       total 1125888K, used 515267K [0x0000000418000000, 0x000000045cb80000, 0x00000006b2a80000)
  object space 1125888K, 45% used [0x0000000418000000,0x0000000437730cd8,0x000000045cb80000)
 PSPermGen       total 196608K, used 58668K [0x00000003d8000000, 0x00000003e4000000, 0x0000000418000000)
  object space 196608K, 29% used [0x00000003d8000000,0x00000003db94b298,0x00000003e4000000)
Event: 110.366 GC heap after
Heap after GC invocations=13 (full 2):
 PSYoungGen      total 3827712K, used 451761K [0x00000006b2a80000, 0x0000000800000000, 0x0000000800000000)
  eden space 3355136K, 0% used [0x00000006b2a80000,0x00000006b2a80000,0x000000077f700000)
  from space 472576K, 95% used [0x000000077f700000,0x000000079b02c548,0x000000079c480000)
  to   space 553472K, 0% used [0x00000007de380000,0x00000007de380000,0x0000000800000000)
 ParOldGen       total 1584640K, used 1557187K [0x0000000418000000, 0x0000000478b80000, 0x00000006b2a80000)
  object space 1584640K, 98% used [0x0000000418000000,0x00000004770b0f28,0x0000000478b80000)
 PSPermGen       total 196608K, used 58668K [0x00000003d8000000, 0x00000003e4000000, 0x0000000418000000)
  object space 196608K, 29% used [0x00000003d8000000,0x00000003db94b298,0x00000003e4000000)
}
Event: 110.366 GC heap before
{Heap before GC invocations=14 (full 3):
 PSYoungGen      total 3827712K, used 451761K [0x00000006b2a80000, 0x0000000800000000, 0x0000000800000000)
  eden space 3355136K, 0% used [0x00000006b2a80000,0x00000006b2a80000,0x000000077f700000)
  from space 472576K, 95% used [0x000000077f700000,0x000000079b02c548,0x000000079c480000)
  to   space 553472K, 0% used [0x00000007de380000,0x00000007de380000,0x0000000800000000)
 ParOldGen       total 1584640K, used 1557187K [0x0000000418000000, 0x0000000478b80000, 0x00000006b2a80000)
  object space 1584640K, 98% used [0x0000000418000000,0x00000004770b0f28,0x0000000478b80000)
 PSPermGen       total 196608K, used 58668K [0x00000003d8000000, 0x00000003e4000000, 0x0000000418000000)
  object space 196608K, 29% used [0x00000003d8000000,0x00000003db94b298,0x00000003e4000000)
Event: 110.649 GC heap after
Heap after GC invocations=14 (full 3):
 PSYoungGen      total 3827712K, used 0K [0x00000006b2a80000, 0x0000000800000000, 0x0000000800000000)
  eden space 3355136K, 0% used [0x00000006b2a80000,0x00000006b2a80000,0x000000077f700000)
  from space 472576K, 0% used [0x000000077f700000,0x000000077f700000,0x000000079c480000)
  to   space 553472K, 0% used [0x00000007de380000,0x00000007de380000,0x0000000800000000)
 ParOldGen       total 2423296K, used 1402677K [0x0000000418000000, 0x00000004abe80000, 0x00000006b2a80000)
  object space 2423296K, 57% used [0x0000000418000000,0x000000046d9cd588,0x00000004abe80000)
 PSPermGen       total 196608K, used 58667K [0x00000003d8000000, 0x00000003e4000000, 0x0000000418000000)
  object space 196608K, 29% used [0x00000003d8000000,0x00000003db94afd8,0x00000003e4000000)
}
Event: 111.681 GC heap before
{Heap before GC invocations=15 (full 3):
 PSYoungGen      total 3827712K, used 3355136K [0x00000006b2a80000, 0x0000000800000000, 0x0000000800000000)
  eden space 3355136K, 100% used [0x00000006b2a80000,0x000000077f700000,0x000000077f700000)
  from space 472576K, 0% used [0x000000077f700000,0x000000077f700000,0x000000079c480000)
  to   space 553472K, 0% used [0x00000007de380000,0x00000007de380000,0x0000000800000000)
 ParOldGen       total 2423296K, used 1402677K [0x0000000418000000, 0x00000004abe80000, 0x00000006b2a80000)
  object space 2423296K, 57% used [0x0000000418000000,0x000000046d9cd588,0x00000004abe80000)
 PSPermGen       total 196608K, used 58695K [0x00000003d8000000, 0x00000003e4000000, 0x0000000418000000)
  object space 196608K, 29% used [0x00000003d8000000,0x00000003db951de0,0x00000003e4000000)
Event: 111.694 GC heap after
Heap after GC invocations=15 (full 3):
 PSYoungGen      total 4921344K, used 30446K [0x00000006b2a80000, 0x0000000800000000, 0x0000000800000000)
  eden space 4367872K, 0% used [0x00000006b2a80000,0x00000006b2a80000,0x00000007bd400000)
  from space 553472K, 5% used [0x00000007de380000,0x00000007e013bb50,0x0000000800000000)
  to   space 540160K, 0% used [0x00000007bd400000,0x00000007bd400000,0x00000007de380000)
 ParOldGen       total 2423296K, used 1402677K [0x0000000418000000, 0x00000004abe80000, 0x00000006b2a80000)
  object space 2423296K, 57% used [0x0000000418000000,0x000000046d9cd588,0x00000004abe80000)
 PSPermGen       total 196608K, used 58695K [0x00000003d8000000, 0x00000003e4000000, 0x0000000418000000)
  object space 196608K, 29% used [0x00000003d8000000,0x00000003db951de0,0x00000003e4000000)
}
Event: 115.884 GC heap before
{Heap before GC invocations=16 (full 3):
 PSYoungGen      total 4921344K, used 4398318K [0x00000006b2a80000, 0x0000000800000000, 0x0000000800000000)
  eden space 4367872K, 100% used [0x00000006b2a80000,0x00000007bd400000,0x00000007bd400000)
  from space 553472K, 5% used [0x00000007de380000,0x00000007e013bb50,0x0000000800000000)
  to   space 540160K, 0% used [0x00000007bd400000,0x00000007bd400000,0x00000007de380000)
 ParOldGen       total 2423296K, used 1402677K [0x0000000418000000, 0x00000004abe80000, 0x00000006b2a80000)
  object space 2423296K, 57% used [0x0000000418000000,0x000000046d9cd588,0x00000004abe80000)
 PSPermGen       total 196608K, used 58697K [0x00000003d8000000, 0x00000003e4000000, 0x0000000418000000)
  object space 196608K, 29% used [0x00000003d8000000,0x00000003db9524d0,0x00000003e4000000)
Event: 115.892 GC heap after
Heap after GC invocations=16 (full 3):
 PSYoungGen      total 4370944K, used 2688K [0x00000006b2a80000, 0x00000007fde00000, 0x0000000800000000)
  eden space 4367872K, 0% used [0x00000006b2a80000,0x00000006b2a80000,0x00000007bd400000)
  from space 3072K, 87% used [0x00000007bd400000,0x00000007bd6a0060,0x00000007bd700000)
  to   space 529408K, 0% used [0x00000007dd900000,0x00000007dd900000,0x00000007fde00000)
 ParOldGen       total 2423296K, used 1402733K [0x0000000418000000, 0x00000004abe80000, 0x00000006b2a80000)
  object space 2423296K, 57% used [0x0000000418000000,0x000000046d9db588,0x00000004abe80000)
 PSPermGen       total 196608K, used 58697K [0x00000003d8000000, 0x00000003e4000000, 0x0000000418000000)
  object space 196608K, 29% used [0x00000003d8000000,0x00000003db9524d0,0x00000003e4000000)
}

Deoptimization events (10 events):
Event: 109.978 Thread 0x00000000316e8800 Uncommon trap: reason=class_check action=maybe_recompile pc=0x0000000002ce58e0 method=org.janelia.it.workstation.gui.alignment_board.loader.MaskSingleFileLoader.read(Ljava/io/InputStream;Lorg/janelia/it/workstation/gui/alignment_board/loader/ChannelSingleFÅóþÌÐ~[@
Event: 109.981 Thread 0x00000000316eb800 Uncommon trap: reason=class_check action=maybe_recompile pc=0x0000000002ce58e0 method=org.janelia.it.workstation.gui.alignment_board.loader.MaskSingleFileLoader.read(Ljava/io/InputStream;Lorg/janelia/it/workstation/gui/alignment_board/loader/ChannelSingleFzö0?[@
Event: 109.988 Thread 0x000000003124a000 Uncommon trap: reason=class_check action=maybe_recompile pc=0x0000000002ce58e0 method=org.janelia.it.workstation.gui.alignment_board.loader.MaskSingleFileLoader.read(Ljava/io/InputStream;Lorg/janelia/it/workstation/gui/alignment_board/loader/ChannelSingleF	›ênî[@
Event: 109.999 Thread 0x0000000031496000 Uncommon trap: reason=class_check action=maybe_recompile pc=0x0000000002ce24bc method=org.janelia.it.workstation.gui.alignment_board.loader.MaskSingleFileLoader.read(Ljava/io/InputStream;Lorg/janelia/it/workstation/gui/alignment_board/loader/ChannelSingleFøÒ®àv]@
Event: 116.054 Thread 0x00000000316e5800 Uncommon trap: reason=unreached action=reinterpret pc=0x0000000002ba4bc4 method=java.util.concurrent.locks.AbstractQueuedSynchronizer.isOnSyncQueue(Ljava/util/concurrent/locks/AbstractQueuedSynchronizer$Node;)Z @ 22
Event: 116.075 Thread 0x00000000316e5800 Uncommon trap: reason=unreached action=reinterpret pc=0x0000000002b89874 method=java.util.PriorityQueue.siftUp(ILjava/lang/Object;)V @ 4
Event: 116.108 Thread 0x000000003124d000 Uncommon trap: reason=unreached action=reinterpret pc=0x0000000002bb3784 method=java.util.PriorityQueue.siftDown(ILjava/lang/Object;)V @ 4
Event: 116.109 Thread 0x0000000031296000 Uncommon trap: reason=unreached action=reinterpret pc=0x0000000002ab93d8 method=java.util.PriorityQueue.siftUp(ILjava/lang/Object;)V @ 4
Event: 116.136 Thread 0x0000000031296000 Uncommon trap: reason=class_check action=maybe_recompile pc=0x0000000002bd5c38 method=java.lang.AbstractStringBuilder.insert(ILjava/lang/String;)Ljava/lang/AbstractStringBuilder; @ 6
Event: 116.136 Thread 0x0000000031296000 Uncommon trap: reason=class_check action=maybe_recompile pc=0x0000000002bd5c38 method=java.lang.AbstractStringBuilder.insert(ILjava/lang/String;)Ljava/lang/AbstractStringBuilder; @ 6

Internal exceptions (10 events):
Event: 116.056 Thread 0x00000000316e5800 Threw 0x00000006ba0fb950 at C:\re\jdk7u51\527\hotspot\src\share\vm\prims\jvm.cpp:1244
Event: 116.058 Thread 0x00000000316e5800 Threw 0x00000006ba117338 at C:\re\jdk7u51\527\hotspot\src\share\vm\prims\jvm.cpp:1244
Event: 116.058 Thread 0x00000000316e5800 Threw 0x00000006ba11ab98 at C:\re\jdk7u51\527\hotspot\src\share\vm\prims\jvm.cpp:1244
Event: 116.058 Thread 0x00000000316e5800 Threw 0x00000006ba1207f0 at C:\re\jdk7u51\527\hotspot\src\share\vm\prims\jvm.cpp:1244
Event: 116.058 Thread 0x00000000316e5800 Threw 0x00000006ba123390 at C:\re\jdk7u51\527\hotspot\src\share\vm\prims\jvm.cpp:1244
Event: 116.075 Thread 0x00000000316e5800 Implicit null exception at 0x0000000002b894ef to 0x0000000002b89859
Event: 116.109 Thread 0x0000000031296000 Implicit null exception at 0x0000000002ab9110 to 0x0000000002ab93bd
Event: 116.155 Thread 0x00000000316e2800 Threw 0x00000006b5ec1b30 at C:\re\jdk7u51\527\hotspot\src\share\vm\prims\jvm.cpp:2917
Event: 116.211 Thread 0x0000000031250800 Threw 0x00000006bf057998 at C:\re\jdk7u51\527\hotspot\src\share\vm\prims\jvm.cpp:1244
Event: 116.211 Thread 0x0000000031250800 Threw 0x00000006bf059d70 at C:\re\jdk7u51\527\hotspot\src\share\vm\prims\jvm.cpp:1244

Events (10 events):
Event: 116.220 Executing VM operation: RevokeBias done
Event: 116.220 Executing VM operation: ThreadDump
Event: 116.221 Executing VM operation: ThreadDump done
Event: 116.230 Executing VM operation: ThreadDump
Event: 116.231 Executing VM operation: ThreadDump done
Event: 116.240 Executing VM operation: ThreadDump
Event: 116.241 Executing VM operation: ThreadDump done
Event: 116.250 Executing VM operation: ThreadDump
Event: 116.251 Executing VM operation: ThreadDump done
Event: 116.252 Thread 0x000000002eb6f800 flushing nmethod 0x0000000002ae11d0


Dynamic libraries:
0x0000000000400000 - 0x000000000043a000 	C:\tools\NetBeans 7.4\platform\lib\nbexec64.exe
0x0000000077a40000 - 0x0000000077be9000 	C:\Windows\SYSTEM32\ntdll.dll
0x0000000077820000 - 0x000000007793f000 	C:\Windows\system32\kernel32.dll
0x000007fefd9a0000 - 0x000007fefda0c000 	C:\Windows\system32\KERNELBASE.dll
0x000007fefe250000 - 0x000007fefe32b000 	C:\Windows\system32\ADVAPI32.dll
0x000007feffcb0000 - 0x000007feffd4f000 	C:\Windows\system32\msvcrt.dll
0x000007fefe330000 - 0x000007fefe34f000 	C:\Windows\SYSTEM32\sechost.dll
0x000007fefe910000 - 0x000007fefea3d000 	C:\Windows\system32\RPCRT4.dll
0x0000000077940000 - 0x0000000077a3a000 	C:\Windows\system32\USER32.dll
0x000007fefe350000 - 0x000007fefe3b7000 	C:\Windows\system32\GDI32.dll
0x000007fefea40000 - 0x000007fefea4e000 	C:\Windows\system32\LPK.dll
0x000007fefe610000 - 0x000007fefe6d9000 	C:\Windows\system32\USP10.dll
0x000007fefe5e0000 - 0x000007fefe60e000 	C:\Windows\system32\IMM32.DLL
0x000007fefdf60000 - 0x000007fefe069000 	C:\Windows\system32\MSCTF.dll
0x0000000063c80000 - 0x0000000063dd3000 	C:\tools\NetBeans 7.4\platform\lib\nbexec64.dll
0x000000006eb20000 - 0x000000006f2e9000 	C:\tools\jdk1.7.0_51\jre\bin\server\jvm.dll
0x000007fef8470000 - 0x000007fef8479000 	C:\Windows\system32\WSOCK32.dll
0x000007fefdf00000 - 0x000007fefdf4d000 	C:\Windows\system32\WS2_32.dll
0x000007fefdf50000 - 0x000007fefdf58000 	C:\Windows\system32\NSI.dll
0x000007fefb910000 - 0x000007fefb94b000 	C:\Windows\system32\WINMM.dll
0x0000000077c00000 - 0x0000000077c07000 	C:\Windows\system32\PSAPI.DLL
0x0000000078ff0000 - 0x00000000790c2000 	C:\tools\jdk1.7.0_51\jre\bin\MSVCR100.dll
0x0000000073040000 - 0x000000007307f000 	C:\tools\jdk1.7.0_51\jre\bin\splashscreen.dll
0x000007fefbef0000 - 0x000007fefbf46000 	C:\Windows\system32\uxtheme.dll
0x000000006a9e0000 - 0x000000006a9ef000 	C:\tools\jdk1.7.0_51\jre\bin\verify.dll
0x000000006d2c0000 - 0x000000006d2e8000 	C:\tools\jdk1.7.0_51\jre\bin\java.dll
0x000000006a9c0000 - 0x000000006a9d5000 	C:\tools\jdk1.7.0_51\jre\bin\zip.dll
0x000007feff9c0000 - 0x000007feffbc3000 	C:\Windows\system32\ole32.dll
0x000007fefd6d0000 - 0x000007fefd6df000 	C:\Windows\system32\CRYPTBASE.dll
0x000000006e900000 - 0x000000006e919000 	C:\tools\jdk1.7.0_51\jre\bin\net.dll
0x000007fefd010000 - 0x000007fefd065000 	C:\Windows\system32\mswsock.dll
0x000007fefd000000 - 0x000007fefd007000 	C:\Windows\System32\wship6.dll
0x000000006da50000 - 0x000000006da61000 	C:\tools\jdk1.7.0_51\jre\bin\nio.dll
0x000007fefb3c0000 - 0x000007fefb3e7000 	C:\Windows\system32\IPHLPAPI.DLL
0x000007fefb3a0000 - 0x000007fefb3ab000 	C:\Windows\system32\WINNSI.DLL
0x000007fef9c50000 - 0x000007fef9c61000 	C:\Windows\system32\dhcpcsvc6.DLL
0x000007fefb370000 - 0x000007fefb388000 	C:\Windows\system32\dhcpcsvc.DLL
0x000000006c220000 - 0x000000006c3b5000 	C:\tools\jdk1.7.0_51\jre\bin\awt.dll
0x000007fefe500000 - 0x000007fefe5d7000 	C:\Windows\system32\OLEAUT32.dll
0x000007fefd070000 - 0x000007fefd087000 	C:\Windows\system32\CRYPTSP.dll
0x000007fefcd70000 - 0x000007fefcdb7000 	C:\Windows\system32\rsaenh.dll
0x000007fefd890000 - 0x000007fefd8ae000 	C:\Windows\system32\USERENV.dll
0x000007fefd870000 - 0x000007fefd87f000 	C:\Windows\system32\profapi.dll
0x000007fefb9a0000 - 0x000007fefb9b5000 	C:\Windows\system32\NLAapi.dll
0x000007fef5510000 - 0x000007fef5525000 	C:\Windows\system32\napinsp.dll
0x000007fef52e0000 - 0x000007fef52f9000 	C:\Windows\system32\pnrpnsp.dll
0x000007fefce90000 - 0x000007fefceeb000 	C:\Windows\system32\DNSAPI.dll
0x000007fef5680000 - 0x000007fef568b000 	C:\Windows\System32\winrnr.dll
0x000007fef5ee0000 - 0x000007fef5f0e000 	C:\Program Files\Common Files\Microsoft Shared\Windows Live\WLIDNSP.DLL
0x000007feffc30000 - 0x000007feffca1000 	C:\Windows\system32\SHLWAPI.dll
0x000000006a6b0000 - 0x000000006a6d6000 	C:\Program Files\Bonjour\mdnsNSP.dll
0x000007fefc9c0000 - 0x000007fefc9c7000 	C:\Windows\System32\wshtcpip.dll
0x000007fef5e50000 - 0x000007fef5e58000 	C:\Windows\system32\rasadhlp.dll
0x000007fef9d30000 - 0x000007fef9d83000 	C:\Windows\System32\fwpuclnt.dll
0x000007fefb720000 - 0x000007fefb738000 	C:\Windows\system32\DWMAPI.DLL
0x000007fefc3a0000 - 0x000007fefc594000 	C:\Windows\WinSxS\amd64_microsoft.windows.common-controls_6595b64144ccf1df_6.0.7601.17514_none_fa396087175ac9ac\COMCTL32.dll
0x000007fef1b40000 - 0x000007fef1d3f000 	C:\Windows\system32\d3d9.dll
0x000007fefc8c0000 - 0x000007fefc8cc000 	C:\Windows\system32\VERSION.dll
0x000007fefc1f0000 - 0x000007fefc1f7000 	C:\Windows\system32\d3d8thk.dll
0x000007feea900000 - 0x000007feeba79000 	C:\Windows\system32\nvd3dumx.dll
0x000007fefc890000 - 0x000007fefc8bc000 	C:\Windows\system32\powrprof.dll
0x000007fefe070000 - 0x000007fefe247000 	C:\Windows\system32\SETUPAPI.dll
0x000007fefdbf0000 - 0x000007fefdc26000 	C:\Windows\system32\CFGMGR32.dll
0x000007fefdb80000 - 0x000007fefdb9a000 	C:\Windows\system32\DEVOBJ.dll
0x000000006d3b0000 - 0x000000006d3f7000 	C:\tools\jdk1.7.0_51\jre\bin\fontmanager.dll
0x000000005e4f0000 - 0x000000005e520000 	C:\tools\jdk1.7.0_51\jre\bin\jpeg.dll
0x000000006dda0000 - 0x000000006dde1000 	C:\tools\jdk1.7.0_51\jre\bin\t2k.dll
0x0000000180000000 - 0x0000000180038000 	C:\tools\NetBeans 7.4\platform\modules\lib\amd64\jnidispatch-340.dll
0x000007fefea50000 - 0x000007feff7d8000 	C:\Windows\system32\SHELL32.dll
0x00000000637c0000 - 0x00000000637cd000 	C:\Users\Leslie L Foster\AppData\Local\Temp\jogamp_0000\file_cache\jln7291218074853734131\jln5109617250357840324\gluegen-rt.dll
0x000000005e540000 - 0x000000005e547000 	C:\tools\jdk1.7.0_51\jre\bin\jawt.dll
0x000000006a440000 - 0x000000006a44d000 	C:\Users\Leslie L Foster\AppData\Local\Temp\jogamp_0000\file_cache\jln7291218074853734131\jln5109617250357840324\nativewindow_awt.dll
0x000000006c100000 - 0x000000006c10f000 	C:\Users\Leslie L Foster\AppData\Local\Temp\jogamp_0000\file_cache\jln7291218074853734131\jln5109617250357840324\nativewindow_win32.dll
0x000007fef08f0000 - 0x000007fef0a0d000 	C:\Windows\system32\OpenGL32.dll
0x000007fef4410000 - 0x000007fef443d000 	C:\Windows\system32\GLU32.dll
0x000007fef07f0000 - 0x000007fef08e1000 	C:\Windows\system32\DDRAW.dll
0x000007fefb0c0000 - 0x000007fefb0c8000 	C:\Windows\system32\DCIMAN32.dll
0x0000000064500000 - 0x00000000645a0000 	C:\Users\Leslie L Foster\AppData\Local\Temp\jogamp_0000\file_cache\jln7291218074853734131\jln5109617250357840324\jogl_desktop.dll
0x000000003afc0000 - 0x000000003c8f7000 	C:\Windows\system32\nvoglv64.DLL
0x000007fefdbb0000 - 0x000007fefdbea000 	C:\Windows\system32\WINTRUST.dll
0x000007fefda10000 - 0x000007fefdb7c000 	C:\Windows\system32\CRYPT32.dll
0x000007fefd880000 - 0x000007fefd88f000 	C:\Windows\system32\MSASN1.dll
0x000007fefc8d0000 - 0x000007fefc8fd000 	C:\Windows\system32\ntmarta.dll
0x000007feffbd0000 - 0x000007feffc22000 	C:\Windows\system32\WLDAP32.dll
0x000007fefe460000 - 0x000007fefe4f9000 	C:\Windows\system32\CLBCatQ.DLL
0x000007fefb400000 - 0x000007fefb561000 	C:\Windows\system32\WindowsCodecs.dll
0x000007fefd670000 - 0x000007fefd6c7000 	C:\Windows\system32\apphelp.dll
0x00000000755b0000 - 0x00000000755c6000 	C:\Program Files\Common Files\TortoiseOverlays\TortoiseOverlays.dll
0x00000000755a0000 - 0x00000000755b0000 	C:\Program Files\TortoiseSVN\bin\TortoiseStub.dll
0x0000000075190000 - 0x000000007520b000 	C:\Program Files\TortoiseSVN\bin\TortoiseSVN.dll
0x000007fefe6e0000 - 0x000007fefe910000 	C:\Windows\system32\WININET.dll
0x000007fefd960000 - 0x000007fefd964000 	C:\Windows\system32\api-ms-win-downlevel-user32-l1-1-0.dll
0x000007fefd980000 - 0x000007fefd984000 	C:\Windows\system32\api-ms-win-downlevel-shlwapi-l1-1-0.dll
0x000007fefd990000 - 0x000007fefd994000 	C:\Windows\system32\api-ms-win-downlevel-version-l1-1-0.dll
0x000007fefdba0000 - 0x000007fefdba3000 	C:\Windows\system32\api-ms-win-downlevel-normaliz-l1-1-0.dll
0x0000000077c10000 - 0x0000000077c13000 	C:\Windows\system32\normaliz.DLL
0x000007fefdc50000 - 0x000007fefdefa000 	C:\Windows\system32\iertutil.dll
0x000007fefd950000 - 0x000007fefd955000 	C:\Windows\system32\api-ms-win-downlevel-advapi32-l1-1-0.dll
0x000007fef0d50000 - 0x000007fef111c000 	C:\Program Files\TortoiseSVN\bin\libsvn_tsvn.dll
0x00000000753a0000 - 0x00000000753cb000 	C:\Program Files\TortoiseSVN\bin\libapr_tsvn.dll
0x000000006d4f0000 - 0x000000006d531000 	C:\Program Files\TortoiseSVN\bin\libaprutil_tsvn.dll
0x000007fefb230000 - 0x000007fefb240000 	C:\Program Files\TortoiseSVN\bin\intl3_tsvn.dll
0x000007fefb210000 - 0x000007fefb22a000 	C:\Program Files\TortoiseSVN\bin\libsasl.dll
0x000007fefd600000 - 0x000007fefd60b000 	C:\Windows\system32\Secur32.dll
0x000007fefd640000 - 0x000007fefd665000 	C:\Windows\system32\SSPICLI.DLL
0x000000005dd60000 - 0x000000005ddf8000 	C:\Windows\system32\MSVCP100.dll
0x000007fef9720000 - 0x000007fef9755000 	C:\Windows\system32\EhStorShell.dll
0x000007fefc080000 - 0x000007fefc1ac000 	C:\Windows\system32\PROPSYS.dll
0x000007fef28f0000 - 0x000007fef2970000 	C:\Windows\system32\ntshrui.dll
0x000007fefd310000 - 0x000007fefd333000 	C:\Windows\system32\srvcli.dll
0x000007fef4f00000 - 0x000007fef4f0f000 	C:\Windows\system32\cscapi.dll
0x000007fefb790000 - 0x000007fefb79b000 	C:\Windows\system32\slc.dll
0x000007fefb0d0000 - 0x000007fefb0d8000 	C:\Windows\system32\IconCodecService.dll
0x000007fefa670000 - 0x000007fefa710000 	C:\Windows\WinSxS\amd64_microsoft.windows.common-controls_6595b64144ccf1df_5.82.7601.18201_none_a4d3b9377117c3df\comctl32.dll
0x000007fef26c0000 - 0x000007fef285c000 	C:\Windows\system32\NetworkExplorer.dll
0x000007fef8530000 - 0x000007fef8564000 	C:\Windows\System32\shdocvw.dll
0x000007fef84f0000 - 0x000007fef8508000 	C:\Windows\system32\MPR.dll
0x000007fef4dc0000 - 0x000007fef4dca000 	C:\Windows\System32\drprov.dll
0x000007fefd780000 - 0x000007fefd7bd000 	C:\Windows\System32\WINSTA.dll
0x000007fef30f0000 - 0x000007fef3112000 	C:\Windows\System32\ntlanman.dll
0x000007fef26a0000 - 0x000007fef26bd000 	C:\Windows\System32\davclnt.dll
0x000007fef4ce0000 - 0x000007fef4cea000 	C:\Windows\System32\DAVHLPR.dll
0x000007fefb000000 - 0x000007fefb015000 	C:\Windows\system32\wkscli.dll
0x000007fefb090000 - 0x000007fefb09c000 	C:\Windows\system32\netutils.dll
0x000007fef1710000 - 0x000007fef1981000 	C:\Windows\system32\wpdshext.dll
0x000007fefbac0000 - 0x000007fefbcd6000 	C:\Windows\WinSxS\amd64_microsoft.windows.gdiplus_6595b64144ccf1df_1.1.7601.18455_none_2b283fd671e9bf4d\gdiplus.dll
0x000007fef5320000 - 0x000007fef53dd000 	C:\Windows\system32\PortableDeviceApi.dll
0x000007fef4690000 - 0x000007fef46c9000 	C:\Windows\system32\PortableDeviceTypes.dll

VM Arguments:
jvm_args: -Dnetbeans.logger.console=true -ea -Dapple.awt.brushMetalLook=false -XX:PermSize=192m -XX:MaxPermSize=1024m -Xms1024m -Xmx16000m -Dnb.forceui=de.javasoft.synthetica.netbeans.SyntheticaLFCustoms -Djdk.home=C:\tools\jdk1.7.0_51 -splash:C:\current_projects\MultiBrick_06092014\janelia-workstation\ConsoleApplication\build\testuserdir\var\cache\splash.png -Dnetbeans.home=C:\tools\NetBeans 7.4\platform -Dnetbeans.user=C:\current_projects\MultiBrick_06092014\janelia-workstation\ConsoleApplication\build\testuserdir -Dnetbeans.default_userdir_root= -XX:+HeapDumpOnOutOfMemoryError -XX:HeapDumpPath=C:\current_projects\MultiBrick_06092014\janelia-workstation\ConsoleApplication\build\testuserdir\var\log\heapdump.hprof -Dsun.awt.keepWorkingSetOnMinimize=true -Dnetbeans.dirs=C:\current_projects\MultiBrick_06092014\janelia-workstation\ConsoleApplication\build\cluster;C:\tools\NetBeans 7.4\platform exit 
java_command: <unknown>
Launcher Type: generic

Environment Variables:
JAVA_HOME=C:\tools\JDK1.8.0_05
PATH=C:\Program Files (x86)\NVIDIA Corporation\PhysX\Common;C:\tools\Perl64\site\bin;C:\tools\Perl64\bin;C:\Program Files\Common Files\Microsoft Shared\Windows Live;C:\Program Files (x86)\Common Files\Microsoft Shared\Windows Live;C:\Windows\system32;C:\Windows;C:\Windows\System32\Wbem;C:\Windows\System32\WindowsPowerShell\v1.0\;C:\Program Files\Dell\DW WLAN Card\Driver;c:\Program Files (x86)\ATI Technologies\ATI.ACE\Core-Static;C:\Program Files (x86)\Windows Live\Shared;C:\Program Files (x86)\Common Files\Roxio Shared\DLLShared\;C:\Program Files (x86)\Common Files\Roxio Shared\OEM\DLLShared\;C:\Program Files (x86)\Common Files\Roxio Shared\OEM\DLLShared\;C:\Program Files (x86)\Common Files\Roxio Shared\OEM\12.0\DLLShared\;C:\Program Files (x86)\Roxio\OEM\AudioCore\;C:\Program Files (x86)\Ulead Systems\Ulead DVD MovieFactory 3.5 Suite Deluxe;C:\Program Files (x86)\Common Files\Ulead Systems\MPEG;C:\Program Files (x86)\Common Files\Ulead Systems\DVD;\tools\Perl64\bin;C:\tools\cvsnt;C:\Program Files\TortoiseSVN\bin;C:\Users\Leslie L Foster\AppData\Local\Smartbar\Application\;C:\Users\Leslie L Foster\AppData\Local\Smartbar\Application\;C:\tools\Git\cmd;C:\tools\Git\bin;C:\Program Files (x86)\QuickTime\QTSystem\;C:\tools\cygwin\bin;c:\tools\jdk1.7.0_01\bin;C:\tools\graphviz\release\bin
USERNAME=Leslie L Foster
OS=Windows_NT
PROCESSOR_IDENTIFIER=Intel64 Family 6 Model 42 Stepping 7, GenuineIntel



---------------  S Y S T E M  ---------------

OS: Windows 7 , 64 bit Build 7601 Service Pack 1

CPU:total 8 (4 cores per cpu, 2 threads per core) family 6 model 42 stepping 7, cmov, cx8, fxsr, mmx, sse, sse2, sse3, ssse3, sse4.1, sse4.2, popcnt, avx, aes, ht, tsc, tscinvbit

Memory: 4k page, physical 16759240k(6723576k free), swap 33516616k(20499140k free)

vm_info: Java HotSpot(TM) 64-Bit Server VM (24.51-b03) for windows-amd64 JRE (1.7.0_51-b13), built on Dec 18 2013 18:40:56 by "java_re" with unknown MS VC++:1600

time: Sat Jun 14 12:29:06 2014
elapsed time: 116 seconds

