#
# A fatal error has been detected by the Java Runtime Environment:
#
#  EXCEPTION_ACCESS_VIOLATION (0xc0000005) at pc=0x000000003b546180, pid=9428, tid=9844
#
# JRE version: Java(TM) SE Runtime Environment (7.0_51-b13) (build 1.7.0_51-b13)
# Java VM: Java HotSpot(TM) 64-Bit Server VM (24.51-b03 mixed mode windows-amd64 compressed oops)
# Problematic frame:
# C  [nvoglv64.DLL+0xd16180]
#
# Failed to write core dump. Minidumps are not enabled by default on client versions of Windows
#
# If you would like to submit a bug report, please visit:
#   http://bugreport.sun.com/bugreport/crash.jsp
# The crash happened outside the Java Virtual Machine in native code.
# See problematic frame for where to report the bug.
#

---------------  T H R E A D  ---------------

Current thread (0x000000003113f000):  JavaThread "AWT-EventQueue-0" [_thread_in_native, id=9844, stack(0x0000000034bb0000,0x0000000034db0000)]

siginfo: ExceptionCode=0xc0000005, reading address 0x00000000405a8000

Registers:
RAX=0x0000000000000000, RBX=0x0000000000000000, RCX=0x0000000044b59180, RDX=0xfffffffffba4ee80
RSP=0x0000000034dabac8, RBP=0x00000000327f0000, RSI=0x000000003cacef70, RDI=0x00000000446d0080
R8 =0x0000000000004200, R9 =0x0000000000000022, R10=0x0000000035d41528, R11=0x0000000044b553c0
R12=0x00000000405a4240, R13=0x00000000327f0000, R14=0x0000000000004200, R15=0x0000000000000000
RIP=0x000000003b546180, EFLAGS=0x0000000000010206

Top of Stack: (sp=0x0000000034dabac8)
0x0000000034dabac8:   000000003b1bdaed 00000000446d0080
0x0000000034dabad8:   0000000000000000 00000000327f0000
0x0000000034dabae8:   000000003cad0410 0000000000000000
0x0000000034dabaf8:   00000000405a4240 0000000000000000
0x0000000034dabb08:   000000003afbe147 00000000405a4240
0x0000000034dabb18:   0000000000000000 0000000000000000
0x0000000034dabb28:   000000003c9b7de0 0000000000004200
0x0000000034dabb38:   00000000000088e4 0000000000000000
0x0000000034dabb48:   00000000405a4240 0000000000000000
0x0000000034dabb58:   00000000327f0000 0000000000004200
0x0000000034dabb68:   0000000000004200 000000003cacef70
0x0000000034dabb78:   000000003b1b826c 000000003cacef00
0x0000000034dabb88:   0000000000004200 0000000000000000
0x0000000034dabb98:   0000000000004200 00000000405a4240
0x0000000034dabba8:   000000003cacf050 000000003cacefca
0x0000000034dabbb8:   000000003afa5d08 00000000327f0000 

Instructions: (pc=0x000000003b546180)
0x000000003b546160:   7f 02 49 8b c3 c3 66 66 0f 1f 84 00 00 00 00 00
0x000000003b546170:   66 66 66 90 66 66 90 49 81 f9 00 20 00 00 73 42
0x000000003b546180:   48 8b 04 0a 4c 8b 54 0a 08 48 83 c1 20 48 89 41
0x000000003b546190:   e0 4c 89 51 e8 48 8b 44 0a f0 4c 8b 54 0a f8 49 


Register to memory mapping:

RAX=0x0000000000000000 is an unknown value
RBX=0x0000000000000000 is an unknown value
RCX=0x0000000044b59180 is an unknown value
RDX=0xfffffffffba4ee80 is an unknown value
RSP=0x0000000034dabac8 is pointing into the stack for thread: 0x000000003113f000
RBP=0x00000000327f0000 is an unknown value
RSI=0x000000003cacef70 is an unknown value
RDI=0x00000000446d0080 is an unknown value
R8 =0x0000000000004200 is an unknown value
R9 =0x0000000000000022 is an unknown value
R10=0x0000000035d41528 is an unknown value
R11=0x0000000044b553c0 is an unknown value
R12=0x00000000405a4240 is an unknown value
R13=0x00000000327f0000 is an unknown value
R14=0x0000000000004200 is an unknown value
R15=0x0000000000000000 is an unknown value


Stack: [0x0000000034bb0000,0x0000000034db0000],  sp=0x0000000034dabac8,  free space=2030k
Native frames: (J=compiled Java code, j=interpreted, Vv=VM code, C=native code)
C  [nvoglv64.DLL+0xd16180]

Java frames: (J=compiled Java code, j=interpreted, Vv=VM code)
j  jogamp.opengl.gl4.GL4bcImpl.dispatch_glBufferData1(IJLjava/lang/Object;IZIJ)V+0
j  jogamp.opengl.gl4.GL4bcImpl.glBufferData(IJLjava/nio/Buffer;I)V+93
j  org.janelia.it.workstation.gui.viewer3d.buffering.AbstractCoordBufMgr.enableBuffersOfType(Ljavax/media/opengl/GL2;[Ljava/nio/Buffer;I)[I+65
j  org.janelia.it.workstation.gui.viewer3d.buffering.AbstractCoordBufMgr.enableBuffers(Ljavax/media/opengl/GL2;)V+46
j  org.janelia.it.workstation.gui.alignment_board_viewer.MultiTexVolumeBrick.init(Ljavax/media/opengl/GLAutoDrawable;)V+221
j  org.janelia.it.workstation.gui.viewer3d.BaseRenderer.init(Ljavax/media/opengl/GLAutoDrawable;)V+42
j  jogamp.opengl.GLDrawableHelper.reshape(Ljavax/media/opengl/GLEventListener;Ljavax/media/opengl/GLAutoDrawable;IIIIZZ)V+26
j  jogamp.opengl.GLDrawableHelper.reshape(Ljavax/media/opengl/GLAutoDrawable;IIII)V+55
j  javax.media.opengl.awt.GLJPanel$Updater.display(Ljavax/media/opengl/GLAutoDrawable;)V+162
j  javax.media.opengl.awt.GLJPanel$7.run()V+11
j  jogamp.opengl.GLDrawableHelper.invokeGLImpl(Ljavax/media/opengl/GLDrawable;Ljavax/media/opengl/GLContext;Ljava/lang/Runnable;Ljava/lang/Runnable;)V+206
j  jogamp.opengl.GLDrawableHelper.invokeGL(Ljavax/media/opengl/GLDrawable;Ljavax/media/opengl/GLContext;Ljava/lang/Runnable;Ljava/lang/Runnable;)V+80
j  javax.media.opengl.awt.GLJPanel$OffscreenBackend.doPaintComponent(Ljava/awt/Graphics;)V+29
j  javax.media.opengl.awt.GLJPanel.paintComponent(Ljava/awt/Graphics;)V+198
j  javax.swing.JComponent.paint(Ljava/awt/Graphics;)V+286
j  org.janelia.it.workstation.gui.alignment_board_viewer.ScaledMip3d.paint(Ljava/awt/Graphics;)V+2
J  javax.swing.JComponent.paintChildren(Ljava/awt/Graphics;)V
j  javax.swing.JComponent.paint(Ljava/awt/Graphics;)V+318
J  javax.swing.JComponent.paintChildren(Ljava/awt/Graphics;)V
j  javax.swing.JComponent.paint(Ljava/awt/Graphics;)V+318
J  javax.swing.JComponent.paintChildren(Ljava/awt/Graphics;)V
j  javax.swing.JComponent.paint(Ljava/awt/Graphics;)V+318
J  javax.swing.JComponent.paintChildren(Ljava/awt/Graphics;)V
j  javax.swing.JComponent.paint(Ljava/awt/Graphics;)V+318
J  javax.swing.JComponent.paintChildren(Ljava/awt/Graphics;)V
j  javax.swing.JComponent.paint(Ljava/awt/Graphics;)V+318
J  javax.swing.JComponent.paintChildren(Ljava/awt/Graphics;)V
j  javax.swing.JComponent.paint(Ljava/awt/Graphics;)V+318
j  org.netbeans.swing.tabcontrol.TabbedContainer.paint(Ljava/awt/Graphics;)V+53
J  javax.swing.JComponent.paintChildren(Ljava/awt/Graphics;)V
j  javax.swing.JComponent.paint(Ljava/awt/Graphics;)V+318
J  javax.swing.RepaintManager$PaintManager.paintDoubleBuffered(Ljavax/swing/JComponent;Ljava/awt/Image;Ljava/awt/Graphics;IIII)V
j  javax.swing.RepaintManager$PaintManager.paint(Ljavax/swing/JComponent;Ljavax/swing/JComponent;Ljava/awt/Graphics;IIII)Z+116
J  javax.swing.JComponent._paintImmediately(IIII)V
j  javax.swing.JComponent.paintImmediately(IIII)V+138
j  javax.swing.JComponent.paintImmediately(IIII)V+65
j  javax.swing.RepaintManager$3.run()Ljava/lang/Void;+75
j  javax.swing.RepaintManager$3.run()Ljava/lang/Object;+1
v  ~StubRoutines::call_stub
j  java.security.AccessController.doPrivileged(Ljava/security/PrivilegedAction;Ljava/security/AccessControlContext;)Ljava/lang/Object;+0
J  javax.swing.RepaintManager.paintDirtyRegions(Ljava/util/Map;)V
j  javax.swing.RepaintManager.paintDirtyRegions()V+46
j  javax.swing.RepaintManager.prePaintDirtyRegions()V+73
j  javax.swing.RepaintManager.access$1100(Ljavax/swing/RepaintManager;)V+1
j  javax.swing.RepaintManager$ProcessingRunnable.run()V+37
j  java.awt.event.InvocationEvent.dispatch()V+47
j  java.awt.EventQueue.dispatchEventImpl(Ljava/awt/AWTEvent;Ljava/lang/Object;)V+21
j  java.awt.EventQueue.access$200(Ljava/awt/EventQueue;Ljava/awt/AWTEvent;Ljava/lang/Object;)V+3
j  java.awt.EventQueue$3.run()Ljava/lang/Void;+12
j  java.awt.EventQueue$3.run()Ljava/lang/Object;+1
v  ~StubRoutines::call_stub
j  java.security.AccessController.doPrivileged(Ljava/security/PrivilegedAction;Ljava/security/AccessControlContext;)Ljava/lang/Object;+0
J  java.security.ProtectionDomain$1.doIntersectionPrivilege(Ljava/security/PrivilegedAction;Ljava/security/AccessControlContext;Ljava/security/AccessControlContext;)Ljava/lang/Object;
j  java.awt.EventQueue.dispatchEvent(Ljava/awt/AWTEvent;)V+46
j  org.netbeans.core.TimableEventQueue.dispatchEvent(Ljava/awt/AWTEvent;)V+17
j  java.awt.EventDispatchThread.pumpOneEventForFilters(I)V+245
j  java.awt.EventDispatchThread.pumpEventsForFilter(ILjava/awt/Conditional;Ljava/awt/EventFilter;)V+35
j  java.awt.EventDispatchThread.pumpEventsForHierarchy(ILjava/awt/Conditional;Ljava/awt/Component;)V+11
j  java.awt.EventDispatchThread.pumpEvents(ILjava/awt/Conditional;)V+4
j  java.awt.EventDispatchThread.pumpEvents(Ljava/awt/Conditional;)V+3
j  java.awt.EventDispatchThread.run()V+9
v  ~StubRoutines::call_stub

---------------  P R O C E S S  ---------------

Java Threads: ( => current thread )
  0x000000003eba7000 JavaThread "sampler-awt" daemon [_thread_blocked, id=8740, stack(0x000000003da80000,0x000000003dc80000)]
  0x0000000043840000 JavaThread "RequestProcessor queue manager" daemon [_thread_blocked, id=9984, stack(0x0000000045cd0000,0x0000000045ed0000)]
  0x000000003eba1000 JavaThread "SyntheticaAnimation 70" daemon [_thread_blocked, id=9576, stack(0x00000000450d0000,0x00000000452d0000)]
  0x0000000036312800 JavaThread "pool-6-thread-1" [_thread_blocked, id=9556, stack(0x0000000044ed0000,0x00000000450d0000)]
  0x00000000316e1000 JavaThread "Image Fetcher 3" daemon [_thread_blocked, id=9548, stack(0x0000000031e30000,0x0000000032030000)]
  0x00000000316e2800 JavaThread "Timer-0" [_thread_blocked, id=8200, stack(0x0000000038130000,0x0000000038330000)]
  0x00000000316e2000 JavaThread "SyntheticaAnimation 60" daemon [_thread_blocked, id=8316, stack(0x0000000037f30000,0x0000000038130000)]
  0x0000000036312000 JavaThread "SyntheticaAnimation 30" daemon [_thread_blocked, id=9152, stack(0x0000000042e00000,0x0000000043000000)]
  0x0000000036309800 JavaThread "Inactive RequestProcessor thread [Was:Timeable Event Queue Watch Dog/org.netbeans.core.TimableEventQueue]" daemon [_thread_blocked, id=6172, stack(0x000000003e380000,0x000000003e580000)]
  0x0000000036311000 JavaThread "SwingWorker-pool-4-thread-10" daemon [_thread_blocked, id=8400, stack(0x00000000429f0000,0x0000000042bf0000)]
  0x0000000036310800 JavaThread "SwingWorker-pool-4-thread-9" daemon [_thread_blocked, id=8276, stack(0x00000000427f0000,0x00000000429f0000)]
  0x000000003630f800 JavaThread "SwingWorker-pool-4-thread-8" daemon [_thread_blocked, id=9020, stack(0x00000000425f0000,0x00000000427f0000)]
  0x000000003630f000 JavaThread "SyntheticaAnimation 50" daemon [_thread_blocked, id=8280, stack(0x0000000041430000,0x0000000041630000)]
  0x000000003630d800 JavaThread "SwingWorker-pool-4-thread-7" daemon [_thread_blocked, id=8876, stack(0x0000000040060000,0x0000000040260000)]
  0x000000003630b000 JavaThread "Thread-22" daemon [_thread_blocked, id=10176, stack(0x000000003fe60000,0x0000000040060000)]
  0x000000003630c000 JavaThread "SwingWorker-pool-4-thread-6" daemon [_thread_blocked, id=10172, stack(0x000000003fc60000,0x000000003fe60000)]
  0x000000003630c800 JavaThread "SwingWorker-pool-4-thread-5" daemon [_thread_blocked, id=10160, stack(0x000000003fa60000,0x000000003fc60000)]
  0x0000000036308800 JavaThread "Swing-Shell" daemon [_thread_blocked, id=9628, stack(0x000000003e180000,0x000000003e380000)]
  0x0000000036308000 JavaThread "SwingWorker-pool-4-thread-4" daemon [_thread_blocked, id=8964, stack(0x000000003de80000,0x000000003e080000)]
  0x0000000036307000 JavaThread "SwingWorker-pool-4-thread-3" daemon [_thread_blocked, id=10084, stack(0x000000003dc80000,0x000000003de80000)]
  0x0000000036306800 JavaThread "SwingWorker-pool-4-thread-2" daemon [_thread_blocked, id=10100, stack(0x000000003d5e0000,0x000000003d7e0000)]
  0x0000000036305800 JavaThread "On Start/Stop-SharedResourceRunner" daemon [_thread_blocked, id=9880, stack(0x000000003a430000,0x000000003a630000)]
  0x0000000036304000 JavaThread "TimerQueue" daemon [_thread_blocked, id=10068, stack(0x000000003a230000,0x000000003a430000)]
  0x00000000316e3800 JavaThread "SwingWorker-pool-4-thread-1" daemon [_thread_blocked, id=10064, stack(0x0000000038330000,0x0000000038530000)]
  0x0000000036303800 JavaThread "RMI Scheduler(0)" daemon [_thread_blocked, id=10052, stack(0x0000000039e30000,0x000000003a030000)]
  0x00000000316ed000 JavaThread "Thread-17" daemon [_thread_blocked, id=9632, stack(0x0000000039830000,0x0000000039a30000)]
  0x00000000316ec800 JavaThread "qtp1280885454-40" [_thread_blocked, id=8376, stack(0x0000000039630000,0x0000000039830000)]
  0x00000000316eb800 JavaThread "qtp1280885454-39" [_thread_blocked, id=1620, stack(0x0000000039430000,0x0000000039630000)]
  0x00000000316eb000 JavaThread "qtp1280885454-38 Acceptor1 SelectChannelConnector@0.0.0.0:40001" [_thread_blocked, id=9960, stack(0x0000000039230000,0x0000000039430000)]
  0x00000000316ea000 JavaThread "qtp1280885454-37 Selector1" [_thread_in_native, id=9936, stack(0x0000000039030000,0x0000000039230000)]
  0x00000000316e9800 JavaThread "qtp1280885454-36" [_thread_blocked, id=9908, stack(0x0000000038e30000,0x0000000039030000)]
  0x00000000316e8800 JavaThread "qtp1280885454-35" [_thread_blocked, id=1624, stack(0x0000000038c30000,0x0000000038e30000)]
  0x00000000316e8000 JavaThread "qtp1280885454-34 Selector0" [_thread_in_native, id=9244, stack(0x0000000038a30000,0x0000000038c30000)]
  0x00000000316e7000 JavaThread "qtp1280885454-33 Acceptor0 SelectChannelConnector@0.0.0.0:40001" [_thread_in_native, id=7008, stack(0x0000000038830000,0x0000000038a30000)]
  0x00000000316e6800 JavaThread "Thread-8" daemon [_thread_in_native, id=9144, stack(0x0000000038630000,0x0000000038830000)]
  0x00000000316e5800 JavaThread "server-timer" daemon [_thread_blocked, id=7776, stack(0x00000000351b0000,0x00000000353b0000)]
  0x00000000316e5000 JavaThread "Thread-6" daemon [_thread_in_native, id=3040, stack(0x0000000034fb0000,0x00000000351b0000)]
  0x00000000316e4000 JavaThread "SyntheticaCleanerThread" daemon [_thread_blocked, id=9188, stack(0x0000000034db0000,0x0000000034fb0000)]
  0x00000000316e0000 JavaThread "File Watcher" daemon [_thread_blocked, id=9276, stack(0x0000000036b60000,0x0000000036d60000)]
  0x00000000316df800 JavaThread "Inactive RequestProcessor thread [Was:TimedSoftReference/org.openide.util.TimedSoftReference]" daemon [_thread_blocked, id=8868, stack(0x0000000036770000,0x0000000036970000)]
  0x00000000314c1800 JavaThread "D3D Screen Updater" daemon [_thread_blocked, id=9848, stack(0x0000000001ef0000,0x00000000020f0000)]
=>0x000000003113f000 JavaThread "AWT-EventQueue-0" [_thread_in_native, id=9844, stack(0x0000000034bb0000,0x0000000034db0000)]
  0x00000000311f1000 JavaThread "AWT-Windows" daemon [_thread_in_native, id=9416, stack(0x0000000032df0000,0x0000000032ff0000)]
  0x00000000311f0000 JavaThread "AWT-Shutdown" [_thread_blocked, id=9804, stack(0x0000000032bf0000,0x0000000032df0000)]
  0x00000000311ef800 JavaThread "Java2D Disposer" daemon [_thread_blocked, id=9788, stack(0x00000000329f0000,0x0000000032bf0000)]
  0x0000000031057800 JavaThread "CLI Requests Server" daemon [_thread_in_native, id=9636, stack(0x0000000031c30000,0x0000000031e30000)]
  0x000000002ebff800 JavaThread "Active Reference Queue Daemon" daemon [_thread_blocked, id=9432, stack(0x0000000031830000,0x0000000031a30000)]
  0x000000002eae8800 JavaThread "Service Thread" daemon [_thread_blocked, id=3944, stack(0x0000000030a90000,0x0000000030c90000)]
  0x000000002ead4800 JavaThread "C2 CompilerThread1" daemon [_thread_blocked, id=7544, stack(0x0000000030890000,0x0000000030a90000)]
  0x000000002eac0000 JavaThread "C2 CompilerThread0" daemon [_thread_blocked, id=9672, stack(0x0000000030690000,0x0000000030890000)]
  0x000000002eabe000 JavaThread "Attach Listener" daemon [_thread_blocked, id=9688, stack(0x0000000030490000,0x0000000030690000)]
  0x000000002eabd000 JavaThread "Signal Dispatcher" daemon [_thread_blocked, id=9684, stack(0x0000000030290000,0x0000000030490000)]
  0x0000000009f45800 JavaThread "Finalizer" daemon [_thread_blocked, id=9676, stack(0x0000000030090000,0x0000000030290000)]
  0x000000002ea75800 JavaThread "Reference Handler" daemon [_thread_blocked, id=7972, stack(0x000000002fe90000,0x0000000030090000)]
  0x0000000001eef000 JavaThread "main" [_thread_blocked, id=8612, stack(0x0000000000030000,0x0000000000230000)]

Other Threads:
  0x000000002ea72800 VMThread [stack: 0x000000002fc90000,0x000000002fe90000] [id=9668]
  0x000000002eaf2000 WatcherThread [stack: 0x0000000030c90000,0x0000000030e90000] [id=9336]

VM state:not at safepoint (normal execution)

VM Mutex/Monitor currently owned by a thread: None

Heap
 PSYoungGen      total 4428288K, used 215457K [0x00000006b2a80000, 0x00000007fe000000, 0x0000000800000000)
  eden space 4425216K, 4% used [0x00000006b2a80000,0x00000006bfa50640,0x00000007c0c00000)
  from space 3072K, 86% used [0x00000007c0c00000,0x00000007c0e98060,0x00000007c0f00000)
  to   space 501760K, 0% used [0x00000007df600000,0x00000007df600000,0x00000007fe000000)
 ParOldGen       total 2339328K, used 1400873K [0x0000000418000000, 0x00000004a6c80000, 0x00000006b2a80000)
  object space 2339328K, 59% used [0x0000000418000000,0x000000046d80a768,0x00000004a6c80000)
 PSPermGen       total 196608K, used 59306K [0x00000003d8000000, 0x00000003e4000000, 0x0000000418000000)
  object space 196608K, 30% used [0x00000003d8000000,0x00000003db9ea8e0,0x00000003e4000000)

Card table byte_map: [0x0000000005750000,0x00000000078a0000] byte_map_base: 0x0000000003890000

Polling page: 0x0000000000290000

Code Cache  [0x0000000002750000, 0x0000000002c90000, 0x0000000005750000)
 total_blobs=2635 nmethods=1633 adapters=953 free_code_cache=43914Kb largest_free_block=44881728

Compilation events (10 events):
Event: 133.567 Thread 0x000000002eac0000 nmethod 1818 0x0000000002923b50 code [0x0000000002923ca0, 0x0000000002923e88]
Event: 133.567 Thread 0x000000002eac0000 1823             java.nio.DirectShortBufferU::ix (10 bytes)
Event: 133.567 Thread 0x000000002eac0000 nmethod 1823 0x0000000002923950 code [0x0000000002923a80, 0x0000000002923af8]
Event: 133.567 Thread 0x000000002eac0000 1824             java.nio.DirectShortBufferU::put (17 bytes)
Event: 133.568 Thread 0x000000002eac0000 nmethod 1824 0x0000000002c72550 code [0x0000000002c72680, 0x0000000002c72718]
Event: 133.568 Thread 0x000000002ead4800 nmethod 1821 0x0000000002923450 code [0x00000000029235a0, 0x0000000002923768]
Event: 133.568 Thread 0x000000002ead4800 1825             org.janelia.it.workstation.gui.viewer3d.texture.TextureDataBean::getVolumeMicrometers (53 bytes)
Event: 133.568 Thread 0x000000002ead4800 nmethod 1825 0x0000000002c7f650 code [0x0000000002c7f780, 0x0000000002c7f7f8]
Event: 133.568 Thread 0x000000002ead4800 1826             org.janelia.it.workstation.gui.viewer3d.texture.TextureDataBean::getVoxelMicrometers (41 bytes)
Event: 133.569 Thread 0x000000002ead4800 nmethod 1826 0x0000000002923210 code [0x0000000002923340, 0x00000000029233b8]

GC Heap History (10 events):
Event: 118.674 GC heap before
{Heap before GC invocations=12 (full 2):
 PSYoungGen      total 2091008K, used 1909760K [0x00000006b2a80000, 0x00000007d3380000, 0x0000000800000000)
  eden space 1909760K, 100% used [0x00000006b2a80000,0x0000000727380000,0x0000000727380000)
  from space 181248K, 0% used [0x0000000727380000,0x0000000727380000,0x0000000732480000)
  to   space 454144K, 0% used [0x00000007b7800000,0x00000007b7800000,0x00000007d3380000)
 ParOldGen       total 1101824K, used 516272K [0x0000000418000000, 0x000000045b400000, 0x00000006b2a80000)
  object space 1101824K, 46% used [0x0000000418000000,0x000000043782c290,0x000000045b400000)
 PSPermGen       total 196608K, used 58953K [0x00000003d8000000, 0x00000003e4000000, 0x0000000418000000)
  object space 196608K, 29% used [0x00000003d8000000,0x00000003db9926d0,0x00000003e4000000)
Event: 118.678 GC heap after
Heap after GC invocations=12 (full 2):
 PSYoungGen      total 2988544K, used 992K [0x00000006b2a80000, 0x00000007b7900000, 0x0000000800000000)
  eden space 2987520K, 0% used [0x00000006b2a80000,0x00000006b2a80000,0x0000000769000000)
  from space 1024K, 96% used [0x00000007b7800000,0x00000007b78f8020,0x00000007b7900000)
  to   space 450048K, 0% used [0x0000000780a00000,0x0000000780a00000,0x000000079c180000)
 ParOldGen       total 1101824K, used 516272K [0x0000000418000000, 0x000000045b400000, 0x00000006b2a80000)
  object space 1101824K, 46% used [0x0000000418000000,0x000000043782c290,0x000000045b400000)
 PSPermGen       total 196608K, used 58953K [0x00000003d8000000, 0x00000003e4000000, 0x0000000418000000)
  object space 196608K, 29% used [0x00000003d8000000,0x00000003db9926d0,0x00000003e4000000)
}
Event: 125.460 GC heap before
{Heap before GC invocations=13 (full 2):
 PSYoungGen      total 2988544K, used 2988512K [0x00000006b2a80000, 0x00000007b7900000, 0x0000000800000000)
  eden space 2987520K, 100% used [0x00000006b2a80000,0x0000000769000000,0x0000000769000000)
  from space 1024K, 96% used [0x00000007b7800000,0x00000007b78f8020,0x00000007b7900000)
  to   space 450048K, 0% used [0x0000000780a00000,0x0000000780a00000,0x000000079c180000)
 ParOldGen       total 1101824K, used 516272K [0x0000000418000000, 0x000000045b400000, 0x00000006b2a80000)
  object space 1101824K, 46% used [0x0000000418000000,0x000000043782c290,0x000000045b400000)
 PSPermGen       total 196608K, used 59051K [0x00000003d8000000, 0x00000003e4000000, 0x0000000418000000)
  object space 196608K, 30% used [0x00000003d8000000,0x00000003db9aaf10,0x00000003e4000000)
Event: 125.956 GC heap after
Heap after GC invocations=13 (full 2):
 PSYoungGen      total 3824640K, used 423521K [0x00000006b2a80000, 0x0000000800000000, 0x0000000800000000)
  eden space 3374592K, 0% used [0x00000006b2a80000,0x00000006b2a80000,0x0000000780a00000)
  from space 450048K, 94% used [0x0000000780a00000,0x000000079a798650,0x000000079c180000)
  to   space 524288K, 0% used [0x00000007e0000000,0x00000007e0000000,0x0000000800000000)
 ParOldGen       total 1445888K, used 1417401K [0x0000000418000000, 0x0000000470400000, 0x00000006b2a80000)
  object space 1445888K, 98% used [0x0000000418000000,0x000000046e82e490,0x0000000470400000)
 PSPermGen       total 196608K, used 59051K [0x00000003d8000000, 0x00000003e4000000, 0x0000000418000000)
  object space 196608K, 30% used [0x00000003d8000000,0x00000003db9aaf10,0x00000003e4000000)
}
Event: 125.956 GC heap before
{Heap before GC invocations=14 (full 3):
 PSYoungGen      total 3824640K, used 423521K [0x00000006b2a80000, 0x0000000800000000, 0x0000000800000000)
  eden space 3374592K, 0% used [0x00000006b2a80000,0x00000006b2a80000,0x0000000780a00000)
  from space 450048K, 94% used [0x0000000780a00000,0x000000079a798650,0x000000079c180000)
  to   space 524288K, 0% used [0x00000007e0000000,0x00000007e0000000,0x0000000800000000)
 ParOldGen       total 1445888K, used 1417401K [0x0000000418000000, 0x0000000470400000, 0x00000006b2a80000)
  object space 1445888K, 98% used [0x0000000418000000,0x000000046e82e490,0x0000000470400000)
 PSPermGen       total 196608K, used 59051K [0x00000003d8000000, 0x00000003e4000000, 0x0000000418000000)
  object space 196608K, 30% used [0x00000003d8000000,0x00000003db9aaf10,0x00000003e4000000)
Event: 126.252 GC heap after
Heap after GC invocations=14 (full 3):
 PSYoungGen      total 3824640K, used 0K [0x00000006b2a80000, 0x0000000800000000, 0x0000000800000000)
  eden space 3374592K, 0% used [0x00000006b2a80000,0x00000006b2a80000,0x0000000780a00000)
  from space 450048K, 0% used [0x0000000780a00000,0x0000000780a00000,0x000000079c180000)
  to   space 524288K, 0% used [0x00000007e0000000,0x00000007e0000000,0x0000000800000000)
 ParOldGen       total 2339328K, used 1400801K [0x0000000418000000, 0x00000004a6c80000, 0x00000006b2a80000)
  object space 2339328K, 59% used [0x0000000418000000,0x000000046d7f8768,0x00000004a6c80000)
 PSPermGen       total 196608K, used 59051K [0x00000003d8000000, 0x00000003e4000000, 0x0000000418000000)
  object space 196608K, 30% used [0x00000003d8000000,0x00000003db9aad30,0x00000003e4000000)
}
Event: 128.094 GC heap before
{Heap before GC invocations=15 (full 3):
 PSYoungGen      total 3824640K, used 3374592K [0x00000006b2a80000, 0x0000000800000000, 0x0000000800000000)
  eden space 3374592K, 100% used [0x00000006b2a80000,0x0000000780a00000,0x0000000780a00000)
  from space 450048K, 0% used [0x0000000780a00000,0x0000000780a00000,0x000000079c180000)
  to   space 524288K, 0% used [0x00000007e0000000,0x00000007e0000000,0x0000000800000000)
 ParOldGen       total 2339328K, used 1400801K [0x0000000418000000, 0x00000004a6c80000, 0x00000006b2a80000)
  object space 2339328K, 59% used [0x0000000418000000,0x000000046d7f8768,0x00000004a6c80000)
 PSPermGen       total 196608K, used 59075K [0x00000003d8000000, 0x00000003e4000000, 0x0000000418000000)
  object space 196608K, 30% used [0x00000003d8000000,0x00000003db9b0f30,0x00000003e4000000)
Event: 128.112 GC heap after
Heap after GC invocations=15 (full 3):
 PSYoungGen      total 4949504K, used 30510K [0x00000006b2a80000, 0x0000000800000000, 0x0000000800000000)
  eden space 4425216K, 0% used [0x00000006b2a80000,0x00000006b2a80000,0x00000007c0c00000)
  from space 524288K, 5% used [0x00000007e0000000,0x00000007e1dcbb50,0x0000000800000000)
  to   space 512000K, 0% used [0x00000007c0c00000,0x00000007c0c00000,0x00000007e0000000)
 ParOldGen       total 2339328K, used 1400801K [0x0000000418000000, 0x00000004a6c80000, 0x00000006b2a80000)
  object space 2339328K, 59% used [0x0000000418000000,0x000000046d7f8768,0x00000004a6c80000)
 PSPermGen       total 196608K, used 59075K [0x00000003d8000000, 0x00000003e4000000, 0x0000000418000000)
  object space 196608K, 30% used [0x00000003d8000000,0x00000003db9b0f30,0x00000003e4000000)
}
Event: 133.132 GC heap before
{Heap before GC invocations=16 (full 3):
 PSYoungGen      total 4949504K, used 4455726K [0x00000006b2a80000, 0x0000000800000000, 0x0000000800000000)
  eden space 4425216K, 100% used [0x00000006b2a80000,0x00000007c0c00000,0x00000007c0c00000)
  from space 524288K, 5% used [0x00000007e0000000,0x00000007e1dcbb50,0x0000000800000000)
  to   space 512000K, 0% used [0x00000007c0c00000,0x00000007c0c00000,0x00000007e0000000)
 ParOldGen       total 2339328K, used 1400801K [0x0000000418000000, 0x00000004a6c80000, 0x00000006b2a80000)
  object space 2339328K, 59% used [0x0000000418000000,0x000000046d7f8768,0x00000004a6c80000)
 PSPermGen       total 196608K, used 59085K [0x00000003d8000000, 0x00000003e4000000, 0x0000000418000000)
  object space 196608K, 30% used [0x00000003d8000000,0x00000003db9b34d8,0x00000003e4000000)
Event: 133.136 GC heap after
Heap after GC invocations=16 (full 3):
 PSYoungGen      total 4428288K, used 2656K [0x00000006b2a80000, 0x00000007fe000000, 0x0000000800000000)
  eden space 4425216K, 0% used [0x00000006b2a80000,0x00000006b2a80000,0x00000007c0c00000)
  from space 3072K, 86% used [0x00000007c0c00000,0x00000007c0e98060,0x00000007c0f00000)
  to   space 501760K, 0% used [0x00000007df600000,0x00000007df600000,0x00000007fe000000)
 ParOldGen       total 2339328K, used 1400873K [0x0000000418000000, 0x00000004a6c80000, 0x00000006b2a80000)
  object space 2339328K, 59% used [0x0000000418000000,0x000000046d80a768,0x00000004a6c80000)
 PSPermGen       total 196608K, used 59085K [0x00000003d8000000, 0x00000003e4000000, 0x0000000418000000)
  object space 196608K, 30% used [0x00000003d8000000,0x00000003db9b34d8,0x00000003e4000000)
}

Deoptimization events (10 events):
Event: 125.121 Thread 0x000000003113f000 Uncommon trap: reason=bimorphic action=maybe_recompile pc=0x0000000002c3eca4 method=java.io.BufferedInputStream.fill()V @ 175
Event: 125.244 Thread 0x000000003eba2000 Uncommon trap: reason=class_check action=maybe_recompile pc=0x0000000002b9fb64 method=org.janelia.it.workstation.gui.alignment_board.loader.MaskSingleFileLoader.writeToChannelAcceptors(Ljava/util/List;[JID[BJJ)[B @ 4
Event: 125.244 Thread 0x000000004383a000 Uncommon trap: reason=class_check action=maybe_recompile pc=0x0000000002b9fb64 method=org.janelia.it.workstation.gui.alignment_board.loader.MaskSingleFileLoader.writeToChannelAcceptors(Ljava/util/List;[JID[BJJ)[B @ 4
Event: 126.252 Thread 0x0000000031202800 Uncommon trap: reason=null_check action=make_not_entrant pc=0x0000000002b028f8 method=org.openide.util.RequestProcessor$TickTac.obtainFirst()Lorg/openide/util/RequestProcessor$Item; @ 19
Event: 126.270 Thread 0x000000003eba6800 Uncommon trap: reason=class_check action=maybe_recompile pc=0x0000000002c24d98 method=java.util.concurrent.locks.AbstractQueuedSynchronizer.acquireQueued(Ljava/util/concurrent/locks/AbstractQueuedSynchronizer$Node;I)Z @ 22
Event: 128.532 Thread 0x00000000316e2000 Uncommon trap: reason=class_check action=maybe_recompile pc=0x0000000002b4d490 method=de.javasoft.plaf.synthetica.painter.AnimationThreadFactory$AnimationThread.run()V @ 479
Event: 129.323 Thread 0x000000003113f000 Uncommon trap: reason=unreached action=reinterpret pc=0x0000000002c29bac method=java.util.concurrent.locks.AbstractQueuedSynchronizer.isOnSyncQueue(Ljava/util/concurrent/locks/AbstractQueuedSynchronizer$Node;)Z @ 22
Event: 133.344 Thread 0x000000003630c800 Uncommon trap: reason=unreached action=reinterpret pc=0x0000000002c46f04 method=java.util.concurrent.locks.AbstractQueuedSynchronizer.isOnSyncQueue(Ljava/util/concurrent/locks/AbstractQueuedSynchronizer$Node;)Z @ 22
Event: 133.435 Thread 0x000000003113f000 Uncommon trap: reason=class_check action=maybe_recompile pc=0x0000000002b9a978 method=java.lang.AbstractStringBuilder.insert(ILjava/lang/String;)Ljava/lang/AbstractStringBuilder; @ 6
Event: 133.435 Thread 0x000000003113f000 Uncommon trap: reason=class_check action=maybe_recompile pc=0x0000000002b9a978 method=java.lang.AbstractStringBuilder.insert(ILjava/lang/String;)Ljava/lang/AbstractStringBuilder; @ 6

Internal exceptions (10 events):
Event: 133.345 Thread 0x000000003630c800 Threw 0x00000006ba366800 at C:\re\jdk7u51\527\hotspot\src\share\vm\prims\jvm.cpp:1244
Event: 133.349 Thread 0x000000003630c800 Threw 0x00000006ba378fb8 at C:\re\jdk7u51\527\hotspot\src\share\vm\prims\jvm.cpp:1244
Event: 133.349 Thread 0x000000003630c800 Threw 0x00000006ba37c818 at C:\re\jdk7u51\527\hotspot\src\share\vm\prims\jvm.cpp:1244
Event: 133.354 Thread 0x000000003630c800 Threw 0x00000006ba398260 at C:\re\jdk7u51\527\hotspot\src\share\vm\prims\jvm.cpp:1244
Event: 133.354 Thread 0x000000003630c800 Threw 0x00000006ba39bac0 at C:\re\jdk7u51\527\hotspot\src\share\vm\prims\jvm.cpp:1244
Event: 133.354 Thread 0x000000003630c800 Threw 0x00000006ba3a1718 at C:\re\jdk7u51\527\hotspot\src\share\vm\prims\jvm.cpp:1244
Event: 133.354 Thread 0x000000003630c800 Threw 0x00000006ba3a42b8 at C:\re\jdk7u51\527\hotspot\src\share\vm\prims\jvm.cpp:1244
Event: 133.431 Thread 0x00000000316e1000 Threw 0x00000006b3fe6b00 at C:\re\jdk7u51\527\hotspot\src\share\vm\prims\jvm.cpp:2917
Event: 133.514 Thread 0x0000000036309800 Threw 0x00000006bf2ff758 at C:\re\jdk7u51\527\hotspot\src\share\vm\prims\jvm.cpp:1244
Event: 133.514 Thread 0x0000000036309800 Threw 0x00000006bf301b30 at C:\re\jdk7u51\527\hotspot\src\share\vm\prims\jvm.cpp:1244

Events (10 events):
Event: 133.604 Executing VM operation: ThreadDump
Event: 133.604 Executing VM operation: ThreadDump done
Event: 133.614 Executing VM operation: ThreadDump
Event: 133.615 Executing VM operation: ThreadDump done
Event: 133.624 Executing VM operation: ThreadDump
Event: 133.625 Executing VM operation: ThreadDump done
Event: 133.634 Executing VM operation: ThreadDump
Event: 133.635 Executing VM operation: ThreadDump done
Event: 133.644 Executing VM operation: ThreadDump
Event: 133.644 Executing VM operation: ThreadDump done


Dynamic libraries:
0x0000000000400000 - 0x000000000043a000 	C:\tools\NetBeans 7.4\platform\lib\nbexec64.exe
0x0000000077a10000 - 0x0000000077bb9000 	C:\Windows\SYSTEM32\ntdll.dll
0x00000000777f0000 - 0x000000007790f000 	C:\Windows\system32\kernel32.dll
0x000007fefd890000 - 0x000007fefd8fc000 	C:\Windows\system32\KERNELBASE.dll
0x000007fefdc00000 - 0x000007fefdcdb000 	C:\Windows\system32\ADVAPI32.dll
0x000007feff720000 - 0x000007feff7bf000 	C:\Windows\system32\msvcrt.dll
0x000007fefeec0000 - 0x000007fefeedf000 	C:\Windows\SYSTEM32\sechost.dll
0x000007fefed90000 - 0x000007fefeebd000 	C:\Windows\system32\RPCRT4.dll
0x0000000077910000 - 0x0000000077a0a000 	C:\Windows\system32\USER32.dll
0x000007feffca0000 - 0x000007feffd07000 	C:\Windows\system32\GDI32.dll
0x000007feffb30000 - 0x000007feffb3e000 	C:\Windows\system32\LPK.dll
0x000007feff860000 - 0x000007feff929000 	C:\Windows\system32\USP10.dll
0x000007fefeee0000 - 0x000007fefef0e000 	C:\Windows\system32\IMM32.DLL
0x000007fefdd30000 - 0x000007fefde39000 	C:\Windows\system32\MSCTF.dll
0x0000000063c80000 - 0x0000000063dd3000 	C:\tools\NetBeans 7.4\platform\lib\nbexec64.dll
0x000000006ed60000 - 0x000000006f529000 	C:\tools\jdk1.7.0_51\jre\bin\server\jvm.dll
0x000007fef8440000 - 0x000007fef8449000 	C:\Windows\system32\WSOCK32.dll
0x000007fefdce0000 - 0x000007fefdd2d000 	C:\Windows\system32\WS2_32.dll
0x000007feffd10000 - 0x000007feffd18000 	C:\Windows\system32\NSI.dll
0x000007fefb930000 - 0x000007fefb96b000 	C:\Windows\system32\WINMM.dll
0x0000000077bd0000 - 0x0000000077bd7000 	C:\Windows\system32\PSAPI.DLL
0x0000000078f10000 - 0x0000000078fe2000 	C:\tools\jdk1.7.0_51\jre\bin\MSVCR100.dll
0x0000000067e70000 - 0x0000000067eaf000 	C:\tools\jdk1.7.0_51\jre\bin\splashscreen.dll
0x000007fefbec0000 - 0x000007fefbf16000 	C:\Windows\system32\uxtheme.dll
0x00000000740e0000 - 0x00000000740ef000 	C:\tools\jdk1.7.0_51\jre\bin\verify.dll
0x0000000073a70000 - 0x0000000073a98000 	C:\tools\jdk1.7.0_51\jre\bin\java.dll
0x0000000069670000 - 0x0000000069685000 	C:\tools\jdk1.7.0_51\jre\bin\zip.dll
0x000007fefef10000 - 0x000007feff113000 	C:\Windows\system32\ole32.dll
0x000007fefd6a0000 - 0x000007fefd6af000 	C:\Windows\system32\CRYPTBASE.dll
0x0000000067e50000 - 0x0000000067e69000 	C:\tools\jdk1.7.0_51\jre\bin\net.dll
0x000007fefcfe0000 - 0x000007fefd035000 	C:\Windows\system32\mswsock.dll
0x000007fefcfd0000 - 0x000007fefcfd7000 	C:\Windows\System32\wship6.dll
0x00000000624d0000 - 0x00000000624e1000 	C:\tools\jdk1.7.0_51\jre\bin\nio.dll
0x000007fefb510000 - 0x000007fefb537000 	C:\Windows\system32\IPHLPAPI.DLL
0x000007fefb500000 - 0x000007fefb50b000 	C:\Windows\system32\WINNSI.DLL
0x000007fef9c20000 - 0x000007fef9c31000 	C:\Windows\system32\dhcpcsvc6.DLL
0x000007fefb4b0000 - 0x000007fefb4c8000 	C:\Windows\system32\dhcpcsvc.DLL
0x000000006cea0000 - 0x000000006d035000 	C:\tools\jdk1.7.0_51\jre\bin\awt.dll
0x000007fefecb0000 - 0x000007fefed87000 	C:\Windows\system32\OLEAUT32.dll
0x000007fefd040000 - 0x000007fefd057000 	C:\Windows\system32\CRYPTSP.dll
0x000007fefcd40000 - 0x000007fefcd87000 	C:\Windows\system32\rsaenh.dll
0x000007fefd860000 - 0x000007fefd87e000 	C:\Windows\system32\USERENV.dll
0x000007fefd840000 - 0x000007fefd84f000 	C:\Windows\system32\profapi.dll
0x000007fefba70000 - 0x000007fefba85000 	C:\Windows\system32\NLAapi.dll
0x000007fef4e20000 - 0x000007fef4e35000 	C:\Windows\system32\napinsp.dll
0x000007fef4e00000 - 0x000007fef4e19000 	C:\Windows\system32\pnrpnsp.dll
0x000007fefce60000 - 0x000007fefcebb000 	C:\Windows\system32\DNSAPI.dll
0x000007fef4df0000 - 0x000007fef4dfb000 	C:\Windows\System32\winrnr.dll
0x000007fef6c20000 - 0x000007fef6c4e000 	C:\Program Files\Common Files\Microsoft Shared\Windows Live\WLIDNSP.DLL
0x000007feff600000 - 0x000007feff671000 	C:\Windows\system32\SHLWAPI.dll
0x00000000697a0000 - 0x00000000697c6000 	C:\Program Files\Bonjour\mdnsNSP.dll
0x000007fefc990000 - 0x000007fefc997000 	C:\Windows\System32\wshtcpip.dll
0x000007fef59e0000 - 0x000007fef59e8000 	C:\Windows\system32\rasadhlp.dll
0x000007fef9d00000 - 0x000007fef9d53000 	C:\Windows\System32\fwpuclnt.dll
0x000007fefb6f0000 - 0x000007fefb708000 	C:\Windows\system32\DWMAPI.DLL
0x000007fefc370000 - 0x000007fefc564000 	C:\Windows\WinSxS\amd64_microsoft.windows.common-controls_6595b64144ccf1df_6.0.7601.17514_none_fa396087175ac9ac\COMCTL32.dll
0x000007feed9b0000 - 0x000007feedbaf000 	C:\Windows\system32\d3d9.dll
0x000007fefc860000 - 0x000007fefc86c000 	C:\Windows\system32\VERSION.dll
0x000007fefc110000 - 0x000007fefc117000 	C:\Windows\system32\d3d8thk.dll
0x000007feea4c0000 - 0x000007feeb639000 	C:\Windows\system32\nvd3dumx.dll
0x000007fefc870000 - 0x000007fefc89c000 	C:\Windows\system32\powrprof.dll
0x000007feff930000 - 0x000007feffb07000 	C:\Windows\system32\SETUPAPI.dll
0x000007fefdb50000 - 0x000007fefdb86000 	C:\Windows\system32\CFGMGR32.dll
0x000007fefd9b0000 - 0x000007fefd9ca000 	C:\Windows\system32\DEVOBJ.dll
0x000000006d2d0000 - 0x000000006d317000 	C:\tools\jdk1.7.0_51\jre\bin\fontmanager.dll
0x000000006dda0000 - 0x000000006ddd0000 	C:\tools\jdk1.7.0_51\jre\bin\jpeg.dll
0x000000006ea10000 - 0x000000006ea51000 	C:\tools\jdk1.7.0_51\jre\bin\t2k.dll
0x0000000180000000 - 0x0000000180038000 	C:\tools\NetBeans 7.4\platform\modules\lib\amd64\jnidispatch-340.dll
0x000007fefdf20000 - 0x000007fefeca8000 	C:\Windows\system32\SHELL32.dll
0x00000000637c0000 - 0x00000000637cd000 	C:\Users\Leslie L Foster\AppData\Local\Temp\jogamp_0000\file_cache\jln1797488786380582251\jln1702335961870851469\gluegen-rt.dll
0x00000000685d0000 - 0x00000000685d7000 	C:\tools\jdk1.7.0_51\jre\bin\jawt.dll
0x000000006a440000 - 0x000000006a44d000 	C:\Users\Leslie L Foster\AppData\Local\Temp\jogamp_0000\file_cache\jln1797488786380582251\jln1702335961870851469\nativewindow_awt.dll
0x000000006c100000 - 0x000000006c10f000 	C:\Users\Leslie L Foster\AppData\Local\Temp\jogamp_0000\file_cache\jln1797488786380582251\jln1702335961870851469\nativewindow_win32.dll
0x000007fef22c0000 - 0x000007fef23dd000 	C:\Windows\system32\OpenGL32.dll
0x000007fefb8c0000 - 0x000007fefb8ed000 	C:\Windows\system32\GLU32.dll
0x000007fef21c0000 - 0x000007fef22b1000 	C:\Windows\system32\DDRAW.dll
0x000007fefad60000 - 0x000007fefad68000 	C:\Windows\system32\DCIMAN32.dll
0x0000000064500000 - 0x00000000645a0000 	C:\Users\Leslie L Foster\AppData\Local\Temp\jogamp_0000\file_cache\jln1797488786380582251\jln1702335961870851469\jogl_desktop.dll
0x000000003a830000 - 0x000000003c167000 	C:\Windows\system32\nvoglv64.DLL
0x000007fefdba0000 - 0x000007fefdbda000 	C:\Windows\system32\WINTRUST.dll
0x000007fefd9e0000 - 0x000007fefdb4c000 	C:\Windows\system32\CRYPT32.dll
0x000007fefd850000 - 0x000007fefd85f000 	C:\Windows\system32\MSASN1.dll
0x000007fefc8a0000 - 0x000007fefc8cd000 	C:\Windows\system32\ntmarta.dll
0x000007fefdec0000 - 0x000007fefdf12000 	C:\Windows\system32\WLDAP32.dll
0x000007feff7c0000 - 0x000007feff859000 	C:\Windows\system32\CLBCatQ.DLL
0x000007fefb340000 - 0x000007fefb4a1000 	C:\Windows\system32\WindowsCodecs.dll
0x000007fefd640000 - 0x000007fefd697000 	C:\Windows\system32\apphelp.dll
0x0000000068f50000 - 0x0000000068f66000 	C:\Program Files\Common Files\TortoiseOverlays\TortoiseOverlays.dll
0x0000000068f40000 - 0x0000000068f50000 	C:\Program Files\TortoiseSVN\bin\TortoiseStub.dll
0x0000000068520000 - 0x000000006859b000 	C:\Program Files\TortoiseSVN\bin\TortoiseSVN.dll
0x000007feff3d0000 - 0x000007feff600000 	C:\Windows\system32\WININET.dll
0x000007fefdb90000 - 0x000007fefdb94000 	C:\Windows\system32\api-ms-win-downlevel-user32-l1-1-0.dll
0x000007fefdbe0000 - 0x000007fefdbe4000 	C:\Windows\system32\api-ms-win-downlevel-shlwapi-l1-1-0.dll
0x000007fefd880000 - 0x000007fefd884000 	C:\Windows\system32\api-ms-win-downlevel-version-l1-1-0.dll
0x000007fefd900000 - 0x000007fefd903000 	C:\Windows\system32\api-ms-win-downlevel-normaliz-l1-1-0.dll
0x0000000077be0000 - 0x0000000077be3000 	C:\Windows\system32\normaliz.DLL
0x000007feff120000 - 0x000007feff3ca000 	C:\Windows\system32\iertutil.dll
0x000007fefd9d0000 - 0x000007fefd9d5000 	C:\Windows\system32\api-ms-win-downlevel-advapi32-l1-1-0.dll
0x000007fef4900000 - 0x000007fef4ccc000 	C:\Program Files\TortoiseSVN\bin\libsvn_tsvn.dll
0x0000000068f10000 - 0x0000000068f3b000 	C:\Program Files\TortoiseSVN\bin\libapr_tsvn.dll
0x00000000685e0000 - 0x0000000068621000 	C:\Program Files\TortoiseSVN\bin\libaprutil_tsvn.dll
0x000007fef6cd0000 - 0x000007fef6ce0000 	C:\Program Files\TortoiseSVN\bin\intl3_tsvn.dll
0x000007fef6cb0000 - 0x000007fef6cca000 	C:\Program Files\TortoiseSVN\bin\libsasl.dll
0x000007fefd440000 - 0x000007fefd44b000 	C:\Windows\system32\Secur32.dll
0x000007fefd610000 - 0x000007fefd635000 	C:\Windows\system32\SSPICLI.DLL
0x0000000067f50000 - 0x0000000067fe8000 	C:\Windows\system32\MSVCP100.dll
0x000007fef5ae0000 - 0x000007fef5b15000 	C:\Windows\system32\EhStorShell.dll
0x000007fefbf70000 - 0x000007fefc09c000 	C:\Windows\system32\PROPSYS.dll
0x000007fef5a50000 - 0x000007fef5ad0000 	C:\Windows\system32\ntshrui.dll
0x000007fefd2e0000 - 0x000007fefd303000 	C:\Windows\system32\srvcli.dll
0x000007fef59d0000 - 0x000007fef59df000 	C:\Windows\system32\cscapi.dll
0x000007fefb7b0000 - 0x000007fefb7bb000 	C:\Windows\system32\slc.dll
0x000007fef59c0000 - 0x000007fef59c8000 	C:\Windows\system32\IconCodecService.dll
0x000007fefa380000 - 0x000007fefa420000 	C:\Windows\WinSxS\amd64_microsoft.windows.common-controls_6595b64144ccf1df_5.82.7601.18201_none_a4d3b9377117c3df\comctl32.dll
0x000007fef53e0000 - 0x000007fef557c000 	C:\Windows\system32\NetworkExplorer.dll
0x000007fef5580000 - 0x000007fef55b4000 	C:\Windows\System32\shdocvw.dll
0x000007fef84c0000 - 0x000007fef84d8000 	C:\Windows\system32\MPR.dll
0x000007fefc850000 - 0x000007fefc85a000 	C:\Windows\System32\drprov.dll
0x000007fefd750000 - 0x000007fefd78d000 	C:\Windows\System32\WINSTA.dll
0x000007fefc790000 - 0x000007fefc7b2000 	C:\Windows\System32\ntlanman.dll
0x000007fefc770000 - 0x000007fefc78d000 	C:\Windows\System32\davclnt.dll
0x000007fefc670000 - 0x000007fefc67a000 	C:\Windows\System32\DAVHLPR.dll
0x000007fefafd0000 - 0x000007fefafe5000 	C:\Windows\system32\wkscli.dll
0x000007fefaff0000 - 0x000007fefaffc000 	C:\Windows\system32\netutils.dll
0x000007feedd80000 - 0x000007feedff1000 	C:\Windows\system32\wpdshext.dll
0x000007fefba90000 - 0x000007fefbca6000 	C:\Windows\WinSxS\amd64_microsoft.windows.gdiplus_6595b64144ccf1df_1.1.7601.18455_none_2b283fd671e9bf4d\gdiplus.dll
0x000007fefac50000 - 0x000007fefad0d000 	C:\Windows\system32\PortableDeviceApi.dll
0x000007fefb090000 - 0x000007fefb0c9000 	C:\Windows\system32\PortableDeviceTypes.dll

VM Arguments:
jvm_args: -Dnetbeans.logger.console=true -ea -Dapple.awt.brushMetalLook=false -XX:PermSize=192m -XX:MaxPermSize=1024m -Xms1024m -Xmx16000m -Dnb.forceui=de.javasoft.synthetica.netbeans.SyntheticaLFCustoms -Djdk.home=C:\tools\jdk1.7.0_51 -splash:C:\current_projects\MultiBrick_06092014\janelia-workstation\ConsoleApplication\build\testuserdir\var\cache\splash.png -Dnetbeans.home=C:\tools\NetBeans 7.4\platform -Dnetbeans.user=C:\current_projects\MultiBrick_06092014\janelia-workstation\ConsoleApplication\build\testuserdir -Dnetbeans.default_userdir_root= -XX:+HeapDumpOnOutOfMemoryError -XX:HeapDumpPath=C:\current_projects\MultiBrick_06092014\janelia-workstation\ConsoleApplication\build\testuserdir\var\log\heapdump.hprof -Dsun.awt.keepWorkingSetOnMinimize=true -Dnetbeans.dirs=C:\current_projects\MultiBrick_06092014\janelia-workstation\ConsoleApplication\build\cluster;C:\tools\NetBeans 7.4\platform exit 
java_command: <unknown>
Launcher Type: generic

Environment Variables:
JAVA_HOME=C:\tools\JDK1.8.0_05
PATH=C:\Program Files (x86)\NVIDIA Corporation\PhysX\Common;C:\tools\Perl64\site\bin;C:\tools\Perl64\bin;C:\Program Files\Common Files\Microsoft Shared\Windows Live;C:\Program Files (x86)\Common Files\Microsoft Shared\Windows Live;C:\Windows\system32;C:\Windows;C:\Windows\System32\Wbem;C:\Windows\System32\WindowsPowerShell\v1.0\;C:\Program Files\Dell\DW WLAN Card\Driver;c:\Program Files (x86)\ATI Technologies\ATI.ACE\Core-Static;C:\Program Files (x86)\Windows Live\Shared;C:\Program Files (x86)\Common Files\Roxio Shared\DLLShared\;C:\Program Files (x86)\Common Files\Roxio Shared\OEM\DLLShared\;C:\Program Files (x86)\Common Files\Roxio Shared\OEM\DLLShared\;C:\Program Files (x86)\Common Files\Roxio Shared\OEM\12.0\DLLShared\;C:\Program Files (x86)\Roxio\OEM\AudioCore\;C:\Program Files (x86)\Ulead Systems\Ulead DVD MovieFactory 3.5 Suite Deluxe;C:\Program Files (x86)\Common Files\Ulead Systems\MPEG;C:\Program Files (x86)\Common Files\Ulead Systems\DVD;\tools\Perl64\bin;C:\tools\cvsnt;C:\Program Files\TortoiseSVN\bin;C:\Users\Leslie L Foster\AppData\Local\Smartbar\Application\;C:\Users\Leslie L Foster\AppData\Local\Smartbar\Application\;C:\tools\Git\cmd;C:\tools\Git\bin;C:\Program Files (x86)\QuickTime\QTSystem\;C:\tools\cygwin\bin;c:\tools\jdk1.7.0_01\bin;C:\tools\graphviz\release\bin
USERNAME=Leslie L Foster
OS=Windows_NT
PROCESSOR_IDENTIFIER=Intel64 Family 6 Model 42 Stepping 7, GenuineIntel



---------------  S Y S T E M  ---------------

OS: Windows 7 , 64 bit Build 7601 Service Pack 1

CPU:total 8 (4 cores per cpu, 2 threads per core) family 6 model 42 stepping 7, cmov, cx8, fxsr, mmx, sse, sse2, sse3, ssse3, sse4.1, sse4.2, popcnt, avx, aes, ht, tsc, tscinvbit

Memory: 4k page, physical 16759240k(6180104k free), swap 33516616k(20254988k free)

vm_info: Java HotSpot(TM) 64-Bit Server VM (24.51-b03) for windows-amd64 JRE (1.7.0_51-b13), built on Dec 18 2013 18:40:56 by "java_re" with unknown MS VC++:1600

time: Mon Jun 16 00:11:17 2014
elapsed time: 133 seconds

