2014-05-23 13:35:24,591 [main] INFO [org.janelia.it.workstation.lifecycle.Startup] Java version: 1.7.0_25
2014-05-23 13:35:24,598 [On Start/Stop] INFO [org.janelia.it.workstation.gui.application.ConsoleApp] Java version: 1.7.0_25
2014-05-23 13:35:24,600 [On Start/Stop] WARN [org.janelia.it.workstation.gui.application.ConsoleApp] No splash screen image configured
2014-05-23 13:35:24,627 [On Start/Stop] INFO [org.janelia.it.workstation.api.entity_model.management.ModelMgr] Initializing Model Manager
2014-05-23 13:35:24,628 [On Start/Stop] INFO [org.janelia.it.workstation.api.entity_model.management.ModelMgr] ModelMgr c'tor from  sun.misc.Launcher$AppClassLoader@3165d118/SystemClassLoader[53 modules] in thread Thread[On Start/Stop,1,system]
2014-05-23 13:35:24,769 [On Start/Stop] INFO [org.janelia.it.workstation.api.entity_model.management.ModelMgr] Successfully initialized
2014-05-23 13:35:24,772 [On Start/Stop] INFO [org.janelia.it.workstation.gui.framework.session_mgr.SessionMgr] Initializing Session Manager
2014-05-23 13:35:24,774 [On Start/Stop] INFO [org.janelia.it.workstation.gui.framework.session_mgr.SessionMgr] Renamed settings directory and files.
2014-05-23 13:35:24,876 [On Start/Stop] INFO [org.janelia.it.workstation.api.facade.concrete_facade.ejb.EJBFactory] Using interactive server: jnp://jacs:1199
2014-05-23 13:35:24,876 [On Start/Stop] INFO [org.janelia.it.workstation.api.facade.concrete_facade.ejb.EJBFactory] Using pipeline server: jnp://jacs-data:1199
2014-05-23 13:35:24,877 [On Start/Stop] INFO [org.janelia.it.workstation.shared.filestore.PathTranslator] Using JACS data path: /Volumes/jacsData
2014-05-23 13:35:25,023 [On Start/Stop] INFO [org.janelia.it.workstation.shared.util.filecache.LocalFileCache] <init>: exit
2014-05-23 13:35:25,023 [local-file-cache-load-thread] INFO [org.janelia.it.workstation.shared.util.filecache.LocalFileCache] loadCacheFromFilesystem: starting load
2014-05-23 13:35:25,023 [On Start/Stop] INFO [org.janelia.it.workstation.gui.framework.session_mgr.SessionMgr] Using 2d renderer: IMAGE_IO
2014-05-23 13:35:26,066 [On Start/Stop] INFO [org.eclipse.jetty.server.Server] jetty-8.y.z-SNAPSHOT
2014-05-23 13:35:26,133 [On Start/Stop] INFO [org.eclipse.jetty.server.AbstractConnector] Started SelectChannelConnector@0.0.0.0:40001
2014-05-23 13:35:27,468 [On Start/Stop] INFO [org.janelia.it.workstation.shared.util.filecache.WebDavClient] setCredentials: entry, userName=fosterl
2014-05-23 13:35:27,468 [On Start/Stop] INFO [org.janelia.it.workstation.gui.framework.session_mgr.SessionMgr] Authenticated as user:fosterl
2014-05-23 13:35:27,482 [On Start/Stop] INFO [org.janelia.it.workstation.gui.application.ConsoleApp] Successfully logged in user fosterl
2014-05-23 13:35:29,320 [On Start/Stop] INFO [org.janelia.it.workstation.gui.dialogs.GiantFiberSearchDialog] Begin loading
2014-05-23 13:35:29,476 [On Start/Stop] INFO [org.janelia.it.workstation.gui.dialogs.MAASearchDialog] Begin loading
2014-05-23 13:35:29,550 [AWT-EventQueue-0] INFO [org.janelia.it.workstation.gui.framework.outline.EntityDetailsOutline] Activating
2014-05-23 13:35:29,613 [AWT-EventQueue-0] INFO [org.janelia.it.workstation.gui.framework.outline.EntityOutline] Activating
2014-05-23 13:35:29,789 [AWT-EventQueue-0] INFO [org.janelia.it.workstation.gui.framework.console.Browser] Setting perspective: ImageBrowser
2014-05-23 13:35:30,494 [AWT-EventQueue-0] INFO [org.janelia.it.workstation.gui.alignment_board_viewer.AlignmentBoardPanel] C'tor
2014-05-23 13:35:30,504 [AWT-EventQueue-0] INFO [org.janelia.it.workstation.gui.alignment_board_viewer.top_component.AlignmentBoardTopComponent] Established acceptor
2014-05-23 13:35:30,643 [AWT-EventQueue-0] INFO [org.janelia.it.workstation.gui.alignment_board_viewer.LayersPanel] Activating
2014-05-23 13:35:30,718 [AWT-EventQueue-0] WARN [org.janelia.it.workstation.gui.alignment_board_viewer.LayersPanel] No alignment board context ready for layers panel.
2014-05-23 13:35:32,292 [AWT-EventQueue-0] INFO [org.janelia.it.workstation.gui.dialogs.MAASearchDialog] Completed loading, 0 counts, dialog is ready
2014-05-23 13:35:32,316 [AWT-EventQueue-0] INFO [org.janelia.it.workstation.gui.framework.tool_manager.ToolMgr] Base root executable path: file:/Users/fosterl/gitfiles/master/janelia-workstation/ConsoleApplication/build/cluster/modules/org-janelia-it-workstation-nb_action.jar!/
2014-05-23 13:35:32,864 [AWT-EventQueue-0] INFO [org.janelia.it.workstation.gui.framework.console.ToolsMenuModifier] Adding item Fiji.app to menu Tools
2014-05-23 13:35:32,865 [AWT-EventQueue-0] INFO [org.janelia.it.workstation.gui.framework.console.ToolsMenuModifier] Adding item Vaa3d to menu Tools
2014-05-23 13:35:32,865 [AWT-EventQueue-0] INFO [org.janelia.it.workstation.gui.framework.console.ToolsMenuModifier] Adding item Vaa3d - Neuron Annotator to menu Tools
2014-05-23 13:35:32,867 [AWT-EventQueue-0] INFO [org.janelia.it.workstation.gui.dialogs.GiantFiberSearchDialog] Completed loading, dialog ready.
2014-05-23 13:35:33,553 [local-file-cache-load-thread] INFO [org.janelia.it.workstation.shared.util.filecache.LocalFileLoader] no unregistered files found in local cache
2014-05-23 13:35:33,840 [local-file-cache-load-thread] INFO [org.janelia.it.workstation.shared.util.filecache.LocalFileCache] loadCacheFromFilesystem: loaded 3296 files into LocalFileCache{rootDirectory=/Users/fosterl/.JaneliaWorkstationSuite/Console/.jacs-file-cache, kilobyteCapacity=52428800}, 1% full (913938/52428800 kilobytes)
2014-05-23 13:35:45,554 [On Start/Stop] INFO [org.janelia.it.workstation.gui.framework.session_mgr.SessionMgr] Saving user settings to /Users/fosterl/.JaneliaWorkstationSuite/Console/.JW_Settings
2014-05-23 13:35:45,579 [On Start/Stop] INFO [org.janelia.it.workstation.gui.framework.session_mgr.SessionMgr] Logged out with: user:fosterl
2014-05-23 13:35:45,579 [On Start/Stop] INFO [org.janelia.it.workstation.gui.framework.session_mgr.SessionMgr] Memory in use at exit: 739.3368 MB
