#
# A fatal error has been detected by the Java Runtime Environment:
#
#  SIGSEGV (0xb) at pc=0x00007fff9431124c, pid=83121, tid=51719
#
# JRE version: Java(TM) SE Runtime Environment (7.0_67-b01) (build 1.7.0_67-b01)
# Java VM: Java HotSpot(TM) 64-Bit Server VM (24.65-b04 mixed mode bsd-amd64 compressed oops)
# Problematic frame:
# C  [libobjc.A.dylib+0x624c]  objc_msgSend+0xc
#
# Failed to write core dump. Core dumps have been disabled. To enable core dumping, try "ulimit -c unlimited" before starting Java again
#
# If you would like to submit a bug report, please visit:
#   http://bugreport.sun.com/bugreport/crash.jsp
# The crash happened outside the Java Virtual Machine in native code.
# See problematic frame for where to report the bug.
#

---------------  T H R E A D  ---------------

Current thread (0x00007f90fb8d2800):  JavaThread "Java2D Queue Flusher" daemon [_thread_in_native, id=51719, stack(0x000000012e254000,0x000000012e354000)]

siginfo:si_signo=SIGSEGV: si_errno=0, si_code=0 (SEGV0), si_addr=0x0000000000000000

Registers:
RAX=0x0000000000000010, RBX=0x00007f90fd8eadc0, RCX=0x5a715107fc5ae589, RDX=0x009f7f9101600a10
RSP=0x000000012e353798, RBP=0x000000012e3537e0, RSI=0x00007fff92a4720a, RDI=0x009f7f9101600a10
R8 =0x000000000000000f, R9 =0xffffffffffffffff, R10=0x00007f90fdc87970, R11=0x00007fff7a033170
R12=0x00007f90fb8f6050, R13=0x00007f9101600d60, R14=0x009f7f9101600a10, R15=0x00007f90fb8f6058
RIP=0x00007fff9431124c, EFLAGS=0x0000000000010246, ERR=0x0000000000000000
  TRAPNO=0x000000000000000d

Top of Stack: (sp=0x000000012e353798)
0x000000012e353798:   00007fff9237d417 00007f90fd8e9a00
0x000000012e3537a8:   0000000000000000 000000012e3537c0
0x000000012e3537b8:   00007f90fd8eadc0 00007f90fb8f6050
0x000000012e3537c8:   00000005c0734e98 00007f90fb8d29e8
0x000000012e3537d8:   00007f90fb8f6058 000000012e353810
0x000000012e3537e8:   000000012a3c48f1 0000000200304826
0x000000012e3537f8:   00007f90fb8d29e8 00007f90fd8e9a00
0x000000012e353808:   00007fff94806520 000000012e353840
0x000000012e353818:   000000012a3c528c 00007f90ed502f80
0x000000012e353828:   0000000000000000 00007f90fb8e0108
0x000000012e353838:   00007f90ed4a4210 000000012e3538c0
0x000000012e353848:   000000012a3babf6 0000000600000001
0x000000012e353858:   0000000000000000 00007f9000000000
0x000000012e353868:   0000000000000009 0000000100000009
0x000000012e353878:   0000000000000019 00007f90fe814a08
0x000000012e353888:   00007f90fb8e0118 00000009008d2800
0x000000012e353898:   00007f90fb8d29e8 00000005c0734e98
0x000000012e3538a8:   0000000000000000 000000012e353968
0x000000012e3538b8:   00007f90fb8d2800 000000012e353930
0x000000012e3538c8:   000000010be9e699 000000012e353930
0x000000012e3538d8:   000000010b53f175 0000000100000005
0x000000012e3538e8:   00007f90fb8d2800 000000012e3538f0
0x000000012e3538f8:   0000000000000000 000000012e353968
0x000000012e353908:   00000005c0736700 0000000000000000
0x000000012e353918:   00000005c0734e98 0000000000000000
0x000000012e353928:   000000012e353950 000000012e3539b0
0x000000012e353938:   000000010be8c0d8 0000000000000000
0x000000012e353948:   000000010be98f38 0000000000000118
0x000000012e353958:   00007f90fb8e0000 000000060006a130
0x000000012e353968:   000000060006a118 000000012e353970
0x000000012e353978:   00000005c0734f7d 000000012e3539c8
0x000000012e353988:   00000005c0736700 0000000000000000 

Instructions: (pc=0x00007fff9431124c)
0x00007fff9431122c:   90 90 90 90 90 90 90 90 90 90 90 90 90 90 90 90
0x00007fff9431123c:   90 90 90 90 48 85 ff 74 2b 40 f6 c7 01 2e 75 3b
0x00007fff9431124c:   4c 8b 1f 50 4d 8b 53 10 89 f0 41 23 02 4d 8b 5c
0x00007fff9431125c:   c2 10 ff c0 4d 85 db 74 36 49 3b 33 75 ec 58 41 

Register to memory mapping:

RAX=0x0000000000000010 is an unknown value
RBX=0x00007f90fd8eadc0 is an unknown value
RCX=0x5a715107fc5ae589 is an unknown value
RDX=0x009f7f9101600a10 is an unknown value
RSP=0x000000012e353798 is pointing into the stack for thread: 0x00007f90fb8d2800
RBP=0x000000012e3537e0 is pointing into the stack for thread: 0x00007f90fb8d2800
RSI=0x00007fff92a4720a: NSAppKitVersionNumber+0x262a in /System/Library/Frameworks/AppKit.framework/Versions/C/AppKit at 0x00007fff920c8000
RDI=0x009f7f9101600a10 is an unknown value
R8 =0x000000000000000f is an unknown value
R9 =0xffffffffffffffff is an unknown value
R10=0x00007f90fdc87970 is an unknown value
R11=0x00007fff7a033170: <offset 0xe7f6b170> in /System/Library/Frameworks/AppKit.framework/Versions/C/AppKit at 0x00007fff920c8000
R12=0x00007f90fb8f6050 is an unknown value
R13=0x00007f9101600d60 is an unknown value
R14=0x009f7f9101600a10 is an unknown value
R15=0x00007f90fb8f6058 is an unknown value


Stack: [0x000000012e254000,0x000000012e354000],  sp=0x000000012e353798,  free space=1021k
Native frames: (J=compiled Java code, j=interpreted, Vv=VM code, C=native code)
C  [libobjc.A.dylib+0x624c]  objc_msgSend+0xc
C  [liblwawt.dylib+0x118f1]  CGLSD_MakeCurrentToScratch+0x63
C  [liblwawt.dylib+0x1228c]  OGLSD_SetScratchSurface+0x7a
C  [liblwawt.dylib+0x7bf6]  Java_sun_java2d_opengl_OGLRenderQueue_flushBuffer+0x63a
j  sun.java2d.opengl.OGLRenderQueue.flushBuffer(JI)V+0
j  sun.java2d.opengl.OGLRenderQueue.flushBuffer()V+21
J 1764% C2 sun.java2d.opengl.OGLRenderQueue$QueueFlusher.run()V (234 bytes) @ 0x000000010c402c0c [0x000000010c4029a0+0x26c]
v  ~StubRoutines::call_stub
V  [libjvm.dylib+0x2daef8]
V  [libjvm.dylib+0x2db40f]
V  [libjvm.dylib+0x2db54c]
V  [libjvm.dylib+0x32a41e]
V  [libjvm.dylib+0x4f5855]
V  [libjvm.dylib+0x4f6f5d]
V  [libjvm.dylib+0x420772]
C  [libsystem_c.dylib+0x14772]  _pthread_start+0x147
C  [libsystem_c.dylib+0x11a1]  thread_start+0xd

Java frames: (J=compiled Java code, j=interpreted, Vv=VM code)
j  sun.java2d.opengl.OGLRenderQueue.flushBuffer(JI)V+0
j  sun.java2d.opengl.OGLRenderQueue.flushBuffer()V+21
J 1764% C2 sun.java2d.opengl.OGLRenderQueue$QueueFlusher.run()V (234 bytes) @ 0x000000010c402c0c [0x000000010c4029a0+0x26c]
v  ~StubRoutines::call_stub

---------------  P R O C E S S  ---------------

Java Threads: ( => current thread )
  0x00007f90f1228000 JavaThread "qtp1807431709-222" [_thread_blocked, id=68251, stack(0x0000000139b67000,0x0000000139c67000)]
  0x00007f9100ae2000 JavaThread "Inactive RequestProcessor thread [Was:Timeable Event Queue Watch Dog/org.netbeans.core.TimableEventQueue]" daemon [_thread_blocked, id=106259, stack(0x000000014dceb000,0x000000014ddeb000)]
  0x00007f90fe242000 JavaThread "pool-6-thread-10" [_thread_blocked, id=113411, stack(0x00000001488c3000,0x00000001489c3000)]
  0x00007f90fe241800 JavaThread "pool-6-thread-9" [_thread_blocked, id=112899, stack(0x00000001487c0000,0x00000001488c0000)]
  0x00007f90fe240800 JavaThread "pool-6-thread-8" [_thread_blocked, id=112387, stack(0x00000001486bd000,0x00000001487bd000)]
  0x00007f90fe286000 JavaThread "pool-6-thread-7" [_thread_blocked, id=111875, stack(0x00000001485ba000,0x00000001486ba000)]
  0x00007f90fe285800 JavaThread "pool-6-thread-6" [_thread_blocked, id=111363, stack(0x00000001484b7000,0x00000001485b7000)]
  0x00007f90f116a800 JavaThread "pool-6-thread-5" [_thread_blocked, id=110851, stack(0x00000001456f5000,0x00000001457f5000)]
  0x00007f90f1128800 JavaThread "pool-6-thread-4" [_thread_blocked, id=110339, stack(0x000000013ff73000,0x0000000140073000)]
  0x00007f90fc20a000 JavaThread "pool-6-thread-3" [_thread_blocked, id=109827, stack(0x000000013fe70000,0x000000013ff70000)]
  0x00007f90fc10d800 JavaThread "pool-6-thread-2" [_thread_blocked, id=109071, stack(0x000000013fd6d000,0x000000013fe6d000)]
  0x00007f90fc29c800 JavaThread "pool-6-thread-1" [_thread_blocked, id=92187, stack(0x000000013fc6a000,0x000000013fd6a000)]
  0x00007f90faa81000 JavaThread "pool-5-thread-10" [_thread_blocked, id=99075, stack(0x00000001449b0000,0x0000000144ab0000)]
  0x00007f90faa80000 JavaThread "pool-5-thread-9" [_thread_blocked, id=98563, stack(0x000000014481e000,0x000000014491e000)]
  0x00007f90fbc5f000 JavaThread "pool-5-thread-8" [_thread_blocked, id=98051, stack(0x000000014471b000,0x000000014481b000)]
  0x00007f90fbc5e000 JavaThread "pool-5-thread-7" [_thread_blocked, id=97539, stack(0x0000000144618000,0x0000000144718000)]
  0x00007f90fbc5d800 JavaThread "pool-5-thread-6" [_thread_blocked, id=97027, stack(0x00000001443f9000,0x00000001444f9000)]
  0x00007f90fbc5c800 JavaThread "pool-5-thread-5" [_thread_blocked, id=96515, stack(0x00000001442f6000,0x00000001443f6000)]
  0x00007f90fbc29800 JavaThread "pool-5-thread-4" [_thread_blocked, id=96003, stack(0x0000000143e58000,0x0000000143f58000)]
  0x00007f90fbc29000 JavaThread "pool-5-thread-3" [_thread_blocked, id=95491, stack(0x0000000143d55000,0x0000000143e55000)]
  0x00007f90fbc28000 JavaThread "pool-5-thread-2" [_thread_blocked, id=94483, stack(0x0000000143272000,0x0000000143372000)]
  0x00007f90fbc27800 JavaThread "pool-5-thread-1" [_thread_blocked, id=93203, stack(0x0000000142f1d000,0x000000014301d000)]
  0x00007f90fe6af000 JavaThread "Timer-1" daemon [_thread_blocked, id=94727, stack(0x0000000143020000,0x0000000143120000)]
  0x00007f90fb291800 JavaThread "Timer-0" [_thread_blocked, id=89607, stack(0x00000001407fa000,0x00000001408fa000)]
  0x00007f90ff804000 JavaThread "SyntheticaAnimation 30" daemon [_thread_blocked, id=89351, stack(0x000000013bc95000,0x000000013bd95000)]
  0x00007f90ff9c2800 JavaThread "SyntheticaAnimation 60" daemon [_thread_blocked, id=90635, stack(0x000000013c44c000,0x000000013c54c000)]
  0x00007f9100a15000 JavaThread "SwingWorker-pool-4-thread-10" daemon [_thread_blocked, id=87811, stack(0x000000013e741000,0x000000013e841000)]
  0x00007f90f98a2000 JavaThread "SwingWorker-pool-4-thread-9" daemon [_thread_blocked, id=84743, stack(0x000000013e2c2000,0x000000013e3c2000)]
  0x00007f90f98a3000 JavaThread "SwingWorker-pool-4-thread-8" daemon [_thread_blocked, id=59943, stack(0x000000013e1bf000,0x000000013e2bf000)]
  0x00007f90ff878000 JavaThread "SyntheticaAnimation 50" daemon [_thread_blocked, id=59671, stack(0x000000013818b000,0x000000013828b000)]
  0x00007f90ff005000 JavaThread "DestroyJavaVM" [_thread_blocked, id=6403, stack(0x000000010bc70000,0x000000010bd70000)]
  0x00007f9100197800 JavaThread "Thread-28" daemon [_thread_blocked, id=85507, stack(0x0000000138697000,0x0000000138797000)]
  0x00007f91009d3800 JavaThread "SwingWorker-pool-4-thread-7" daemon [_thread_blocked, id=85011, stack(0x0000000138594000,0x0000000138694000)]
  0x00007f90fe8c4800 JavaThread "SwingWorker-pool-4-thread-6" daemon [_thread_blocked, id=83971, stack(0x000000013803e000,0x000000013813e000)]
  0x00007f90fe089800 JavaThread "SwingWorker-pool-4-thread-5" daemon [_thread_blocked, id=83459, stack(0x0000000137f3b000,0x000000013803b000)]
  0x00007f90fc218000 JavaThread "SwingWorker-pool-4-thread-4" daemon [_thread_blocked, id=82947, stack(0x0000000137e38000,0x0000000137f38000)]
  0x00007f90fc22f800 JavaThread "SwingWorker-pool-4-thread-3" daemon [_thread_blocked, id=82439, stack(0x0000000137d35000,0x0000000137e35000)]
  0x00007f90fc21d000 JavaThread "SwingWorker-pool-4-thread-2" daemon [_thread_blocked, id=80659, stack(0x000000013553d000,0x000000013563d000)]
  0x00007f90fab5f000 JavaThread "TimerQueue" daemon [_thread_blocked, id=79875, stack(0x0000000137082000,0x0000000137182000)]
  0x00007f90fc1df800 JavaThread "SwingWorker-pool-4-thread-1" daemon [_thread_blocked, id=79363, stack(0x0000000136f7f000,0x000000013707f000)]
  0x00007f910008b000 JavaThread "RMI Scheduler(0)" daemon [_thread_blocked, id=78851, stack(0x0000000136e7c000,0x0000000136f7c000)]
  0x00007f90fb89f000 JavaThread "qtp1807431709-49 Acceptor5 SelectChannelConnector@0.0.0.0:40001" [_thread_blocked, id=76291, stack(0x000000013696d000,0x0000000136a6d000)]
  0x00007f90fb87c000 JavaThread "Thread-19" daemon [_thread_blocked, id=74755, stack(0x0000000136664000,0x0000000136764000)]
  0x00007f90fb149000 JavaThread "qtp1807431709-45 Acceptor4 SelectChannelConnector@0.0.0.0:40001" [_thread_blocked, id=74243, stack(0x0000000136561000,0x0000000136661000)]
  0x00007f90fb120000 JavaThread "qtp1807431709-44 Acceptor3 SelectChannelConnector@0.0.0.0:40001" [_thread_blocked, id=73731, stack(0x000000013645e000,0x000000013655e000)]
  0x00007f90fb21f800 JavaThread "qtp1807431709-43 Acceptor2 SelectChannelConnector@0.0.0.0:40001" [_thread_blocked, id=73219, stack(0x000000013635b000,0x000000013645b000)]
  0x00007f90fb21b000 JavaThread "qtp1807431709-42 Acceptor1 SelectChannelConnector@0.0.0.0:40001" [_thread_in_native, id=72707, stack(0x0000000136258000,0x0000000136358000)]
  0x00007f90fb314800 JavaThread "qtp1807431709-41 Acceptor0 SelectChannelConnector@0.0.0.0:40001" [_thread_blocked, id=72195, stack(0x0000000136155000,0x0000000136255000)]
  0x00007f90fb2bc800 JavaThread "qtp1807431709-40 Selector5" [_thread_in_native, id=71683, stack(0x0000000136052000,0x0000000136152000)]
  0x00007f90fe173000 JavaThread "qtp1807431709-39 Selector4" [_thread_in_native, id=71171, stack(0x0000000135f4f000,0x000000013604f000)]
  0x00007f90fe137000 JavaThread "qtp1807431709-38 Selector3" [_thread_in_native, id=70659, stack(0x0000000135e4c000,0x0000000135f4c000)]
  0x00007f90fe029000 JavaThread "qtp1807431709-37 Selector2" [_thread_in_native, id=70147, stack(0x0000000135d49000,0x0000000135e49000)]
  0x00007f90fe01b000 JavaThread "qtp1807431709-36 Selector1" [_thread_in_native, id=69635, stack(0x0000000135c46000,0x0000000135d46000)]
  0x00007f90fe102000 JavaThread "qtp1807431709-35 Selector0" [_thread_in_native, id=49415, stack(0x0000000135b43000,0x0000000135c43000)]
  0x00007f90fa94c000 JavaThread "Thread-7" daemon [_thread_in_native, id=49159, stack(0x0000000135a40000,0x0000000135b40000)]
  0x00007f90fa88b000 JavaThread "server-timer" daemon [_thread_blocked, id=25095, stack(0x000000013593d000,0x0000000135a3d000)]
  0x00007f90fa86e800 JavaThread "Thread-5" daemon [_thread_in_native, id=68867, stack(0x00000001356e7000,0x00000001357e7000)]
  0x00007f90fb0d4800 JavaThread "SyntheticaCleanerThread" daemon [_thread_blocked, id=68355, stack(0x000000013583a000,0x000000013593a000)]
  0x00007f90ff8da800 JavaThread "File Watcher" daemon [_thread_blocked, id=65027, stack(0x0000000132a9e000,0x0000000132b9e000)]
  0x00007f90ff0f8800 JavaThread "Thread-1" daemon [_thread_in_native, id=62979, stack(0x000000013299a000,0x0000000132a9a000)]
  0x00007f90fb08b000 JavaThread "org.netbeans.modules.debugger.jpda.visual AWT Access Loop" daemon [_thread_blocked, id=57091, stack(0x000000012f9d7000,0x000000012fad7000)]
  0x00007f90ff0ab800 JavaThread "AWT-EventQueue-0" [_thread_blocked, id=56587, stack(0x000000012f4fb000,0x000000012f5fb000)]
  0x00007f90ff8d5800 JavaThread "Java2D Disposer" daemon [_thread_blocked, id=55043, stack(0x000000012edb6000,0x000000012eeb6000)]
=>0x00007f90fb8d2800 JavaThread "Java2D Queue Flusher" daemon [_thread_in_native, id=51719, stack(0x000000012e254000,0x000000012e354000)]
  0x00007f90fb841000 JavaThread "RequestProcessor queue manager" daemon [_thread_blocked, id=50439, stack(0x000000012e151000,0x000000012e251000)]
  0x00007f90fc07a000 JavaThread "AWT-Shutdown" [_thread_blocked, id=38659, stack(0x000000012b714000,0x000000012b814000)]
  0x00007f90fa879000 JavaThread "AWT-AppKit" daemon [_thread_in_native, id=1799, stack(0x00007fff5431d000,0x00007fff54b1d000)]
  0x00007f90f982b800 JavaThread "CLI Requests Server" daemon [_thread_in_native, id=33283, stack(0x000000012a133000,0x000000012a233000)]
  0x00007f90f982d000 JavaThread "Active Reference Queue Daemon" daemon [_thread_blocked, id=32771, stack(0x000000012a030000,0x000000012a130000)]
  0x00007f90fb022800 JavaThread "Service Thread" daemon [_thread_blocked, id=31747, stack(0x0000000129bc5000,0x0000000129cc5000)]
  0x00007f90fb022000 JavaThread "C2 CompilerThread1" daemon [_thread_blocked, id=31235, stack(0x0000000129ac2000,0x0000000129bc2000)]
  0x00007f90fb020000 JavaThread "C2 CompilerThread0" daemon [_thread_blocked, id=30723, stack(0x00000001299bf000,0x0000000129abf000)]
  0x00007f90fd000000 JavaThread "JDWP Command Reader" daemon [_thread_in_native, id=30211, stack(0x00000001298bc000,0x00000001299bc000)]
  0x00007f90fb01f800 JavaThread "JDWP Event Helper Thread" daemon [_thread_blocked, id=29699, stack(0x00000001297b9000,0x00000001298b9000)]
  0x00007f90fc032000 JavaThread "JDWP Transport Listener: dt_socket" daemon [_thread_blocked, id=29187, stack(0x00000001296b6000,0x00000001297b6000)]
  0x00007f90fe015000 JavaThread "Signal Dispatcher" daemon [_thread_blocked, id=28675, stack(0x00000001295ad000,0x00000001296ad000)]
  0x00007f90fb819800 JavaThread "Finalizer" daemon [_thread_blocked, id=24067, stack(0x000000012935d000,0x000000012945d000)]
  0x00007f90fb819000 JavaThread "Reference Handler" daemon [_thread_blocked, id=23555, stack(0x000000012925a000,0x000000012935a000)]

Other Threads:
  0x00007f90fc02e800 VMThread [stack: 0x0000000129157000,0x0000000129257000] [id=23043]
  0x00007f90fb001800 WatcherThread [stack: 0x0000000129cc8000,0x0000000129dc8000] [id=32259]

VM state:not at safepoint (normal execution)

VM Mutex/Monitor currently owned by a thread: None

Heap
 PSYoungGen      total 2031104K, used 192844K [0x0000000755500000, 0x0000000800000000, 0x0000000800000000)
  eden space 1330688K, 1% used [0x0000000755500000,0x00000007563b49e8,0x00000007a6880000)
  from space 700416K, 25% used [0x00000007a6880000,0x00000007b161e938,0x00000007d1480000)
  to   space 679936K, 0% used [0x00000007d6800000,0x00000007d6800000,0x0000000800000000)
 ParOldGen       total 3347456K, used 2561711K [0x0000000600000000, 0x00000006cc500000, 0x0000000755500000)
  object space 3347456K, 76% used [0x0000000600000000,0x000000069c5abec0,0x00000006cc500000)
 PSPermGen       total 196608K, used 62331K [0x00000005c0000000, 0x00000005cc000000, 0x0000000600000000)
  object space 196608K, 31% used [0x00000005c0000000,0x00000005c3cdedd0,0x00000005cc000000)

Card table byte_map: [0x000000010ef46000,0x0000000110147000] byte_map_base: 0x000000010c146000

Polling page: 0x000000010bdaf000

Code Cache  [0x000000010be86000, 0x000000010c466000, 0x000000010ee86000)
 total_blobs=2568 nmethods=1575 adapters=954 free_code_cache=43323Kb largest_free_block=44234816

Compilation events (10 events):
Event: 4017.638 Thread 0x00007f90fb020000 1769 %           sun.java2d.pipe.AlphaPaintPipe::renderPathTile @ 130 (491 bytes)
Event: 4017.672 Thread 0x00007f90fb020000 nmethod 1769% 0x000000010c430410 code [0x000000010c430700, 0x000000010c432100]
Event: 4080.771 Thread 0x00007f90fb022000 1770             sun.java2d.pipe.AlphaPaintPipe::renderPathTile (491 bytes)
Event: 4080.817 Thread 0x00007f90fb020000 1771 % !         javax.swing.JComponent::paintChildren @ 177 (669 bytes)
Event: 4080.821 Thread 0x00007f90fb022000 nmethod 1770 0x000000010c434390 code [0x000000010c4346a0, 0x000000010c437620]
Event: 4080.890 Thread 0x00007f90fb020000 nmethod 1771% 0x000000010c439a50 code [0x000000010c43a060, 0x000000010c43d370]
Event: 4080.897 Thread 0x00007f90fb022000 1772   !         javax.swing.JComponent::paintChildren (669 bytes)
Event: 4081.100 Thread 0x00007f90fb022000 nmethod 1772 0x000000010c448110 code [0x000000010c448a40, 0x000000010c44f5d0]
Event: 4085.019 Thread 0x00007f90fb020000 1773             javax.swing.JComponent::rectangleIsObscured (119 bytes)
Event: 4085.025 Thread 0x00007f90fb020000 nmethod 1773 0x000000010c40ce50 code [0x000000010c40cfe0, 0x000000010c40d498]

GC Heap History (10 events):
Event: 99.119 GC heap before
{Heap before GC invocations=18 (full 4):
 PSYoungGen      total 2000384K, used 1203941K [0x0000000755500000, 0x0000000800000000, 0x0000000800000000)
  eden space 1204224K, 99% used [0x0000000755500000,0x000000079ecb9448,0x000000079ed00000)
  from space 796160K, 0% used [0x000000079ed00000,0x000000079ed00000,0x00000007cf680000)
  to   space 768512K, 0% used [0x00000007d1180000,0x00000007d1180000,0x0000000800000000)
 ParOldGen       total 2475520K, used 1725256K [0x0000000600000000, 0x0000000697180000, 0x0000000755500000)
  object space 2475520K, 69% used [0x0000000600000000,0x00000006694d22d8,0x0000000697180000)
 PSPermGen       total 196608K, used 62103K [0x00000005c0000000, 0x00000005cc000000, 0x0000000600000000)
  object space 196608K, 31% used [0x00000005c0000000,0x00000005c3ca5db8,0x00000005cc000000)
Event: 99.202 GC heap after
Heap after GC invocations=18 (full 4):
 PSYoungGen      total 1924608K, used 344040K [0x0000000755500000, 0x00000007fb600000, 0x0000000800000000)
  eden space 1231872K, 0% used [0x0000000755500000,0x0000000755500000,0x00000007a0800000)
  from space 692736K, 49% used [0x00000007d1180000,0x00000007e617a0f0,0x00000007fb600000)
  to   space 744448K, 0% used [0x00000007a0800000,0x00000007a0800000,0x00000007cdf00000)
 ParOldGen       total 2475520K, used 1725256K [0x0000000600000000, 0x0000000697180000, 0x0000000755500000)
  object space 2475520K, 69% used [0x0000000600000000,0x00000006694d22d8,0x0000000697180000)
 PSPermGen       total 196608K, used 62103K [0x00000005c0000000, 0x00000005cc000000, 0x0000000600000000)
  object space 196608K, 31% used [0x00000005c0000000,0x00000005c3ca5db8,0x00000005cc000000)
}
Event: 106.441 GC heap before
{Heap before GC invocations=19 (full 4):
 PSYoungGen      total 1924608K, used 1575743K [0x0000000755500000, 0x00000007fb600000, 0x0000000800000000)
  eden space 1231872K, 99% used [0x0000000755500000,0x00000007a07d5b90,0x00000007a0800000)
  from space 692736K, 49% used [0x00000007d1180000,0x00000007e617a0f0,0x00000007fb600000)
  to   space 744448K, 0% used [0x00000007a0800000,0x00000007a0800000,0x00000007cdf00000)
 ParOldGen       total 2475520K, used 1725256K [0x0000000600000000, 0x0000000697180000, 0x0000000755500000)
  object space 2475520K, 69% used [0x0000000600000000,0x00000006694d22d8,0x0000000697180000)
 PSPermGen       total 196608K, used 62106K [0x00000005c0000000, 0x00000005cc000000, 0x0000000600000000)
  object space 196608K, 31% used [0x00000005c0000000,0x00000005c3ca68c8,0x00000005cc000000)
Event: 106.841 GC heap after
Heap after GC invocations=19 (full 4):
 PSYoungGen      total 1976320K, used 345703K [0x0000000755500000, 0x0000000800000000, 0x0000000800000000)
  eden space 1231872K, 0% used [0x0000000755500000,0x0000000755500000,0x00000007a0800000)
  from space 744448K, 46% used [0x00000007a0800000,0x00000007b5999cb0,0x00000007cdf00000)
  to   space 721408K, 0% used [0x00000007d3f80000,0x00000007d3f80000,0x0000000800000000)
 ParOldGen       total 2475520K, used 2009582K [0x0000000600000000, 0x0000000697180000, 0x0000000755500000)
  object space 2475520K, 81% used [0x0000000600000000,0x000000067aa7bac8,0x0000000697180000)
 PSPermGen       total 196608K, used 62106K [0x00000005c0000000, 0x00000005cc000000, 0x0000000600000000)
  object space 196608K, 31% used [0x00000005c0000000,0x00000005c3ca68c8,0x00000005cc000000)
}
Event: 115.118 GC heap before
{Heap before GC invocations=20 (full 4):
 PSYoungGen      total 1976320K, used 1577280K [0x0000000755500000, 0x0000000800000000, 0x0000000800000000)
  eden space 1231872K, 99% used [0x0000000755500000,0x00000007a07b63e8,0x00000007a0800000)
  from space 744448K, 46% used [0x00000007a0800000,0x00000007b5999cb0,0x00000007cdf00000)
  to   space 721408K, 0% used [0x00000007d3f80000,0x00000007d3f80000,0x0000000800000000)
 ParOldGen       total 2475520K, used 2009582K [0x0000000600000000, 0x0000000697180000, 0x0000000755500000)
  object space 2475520K, 81% used [0x0000000600000000,0x000000067aa7bac8,0x0000000697180000)
 PSPermGen       total 196608K, used 62108K [0x00000005c0000000, 0x00000005cc000000, 0x0000000600000000)
  object space 196608K, 31% used [0x00000005c0000000,0x00000005c3ca7398,0x00000005cc000000)
Event: 115.525 GC heap after
Heap after GC invocations=20 (full 4):
 PSYoungGen      total 1987072K, used 348669K [0x0000000755500000, 0x00000007fc080000, 0x0000000800000000)
  eden space 1330688K, 0% used [0x0000000755500000,0x0000000755500000,0x00000007a6880000)
  from space 656384K, 53% used [0x00000007d3f80000,0x00000007e93ff790,0x00000007fc080000)
  to   space 700416K, 0% used [0x00000007a6880000,0x00000007a6880000,0x00000007d1480000)
 ParOldGen       total 2475520K, used 2298284K [0x0000000600000000, 0x0000000697180000, 0x0000000755500000)
  object space 2475520K, 92% used [0x0000000600000000,0x000000068c46b318,0x0000000697180000)
 PSPermGen       total 196608K, used 62108K [0x00000005c0000000, 0x00000005cc000000, 0x0000000600000000)
  object space 196608K, 31% used [0x00000005c0000000,0x00000005c3ca7398,0x00000005cc000000)
}
Event: 115.525 GC heap before
{Heap before GC invocations=21 (full 5):
 PSYoungGen      total 1987072K, used 348669K [0x0000000755500000, 0x00000007fc080000, 0x0000000800000000)
  eden space 1330688K, 0% used [0x0000000755500000,0x0000000755500000,0x00000007a6880000)
  from space 656384K, 53% used [0x00000007d3f80000,0x00000007e93ff790,0x00000007fc080000)
  to   space 700416K, 0% used [0x00000007a6880000,0x00000007a6880000,0x00000007d1480000)
 ParOldGen       total 2475520K, used 2298284K [0x0000000600000000, 0x0000000697180000, 0x0000000755500000)
  object space 2475520K, 92% used [0x0000000600000000,0x000000068c46b318,0x0000000697180000)
 PSPermGen       total 196608K, used 62108K [0x00000005c0000000, 0x00000005cc000000, 0x0000000600000000)
  object space 196608K, 31% used [0x00000005c0000000,0x00000005c3ca7398,0x00000005cc000000)
Event: 116.247 GC heap after
Heap after GC invocations=21 (full 5):
 PSYoungGen      total 1987072K, used 115024K [0x0000000755500000, 0x00000007fc080000, 0x0000000800000000)
  eden space 1330688K, 0% used [0x0000000755500000,0x0000000755500000,0x00000007a6880000)
  from space 656384K, 17% used [0x00000007d3f80000,0x00000007dafd4238,0x00000007fc080000)
  to   space 700416K, 0% used [0x00000007a6880000,0x00000007a6880000,0x00000007d1480000)
 ParOldGen       total 3347456K, used 2474756K [0x0000000600000000, 0x00000006cc500000, 0x0000000755500000)
  object space 3347456K, 73% used [0x0000000600000000,0x00000006970c1120,0x00000006cc500000)
 PSPermGen       total 196608K, used 62108K [0x00000005c0000000, 0x00000005cc000000, 0x0000000600000000)
  object space 196608K, 31% used [0x00000005c0000000,0x00000005c3ca7398,0x00000005cc000000)
}
Event: 4085.083 GC heap before
{Heap before GC invocations=22 (full 5):
 PSYoungGen      total 1987072K, used 1445712K [0x0000000755500000, 0x00000007fc080000, 0x0000000800000000)
  eden space 1330688K, 100% used [0x0000000755500000,0x00000007a6880000,0x00000007a6880000)
  from space 656384K, 17% used [0x00000007d3f80000,0x00000007dafd4238,0x00000007fc080000)
  to   space 700416K, 0% used [0x00000007a6880000,0x00000007a6880000,0x00000007d1480000)
 ParOldGen       total 3347456K, used 2474756K [0x0000000600000000, 0x00000006cc500000, 0x0000000755500000)
  object space 3347456K, 73% used [0x0000000600000000,0x00000006970c1120,0x00000006cc500000)
 PSPermGen       total 196608K, used 62331K [0x00000005c0000000, 0x00000005cc000000, 0x0000000600000000)
  object space 196608K, 31% used [0x00000005c0000000,0x00000005c3cdedd0,0x00000005cc000000)
Event: 4085.232 GC heap after
Heap after GC invocations=22 (full 5):
 PSYoungGen      total 2031104K, used 177786K [0x0000000755500000, 0x0000000800000000, 0x0000000800000000)
  eden space 1330688K, 0% used [0x0000000755500000,0x0000000755500000,0x00000007a6880000)
  from space 700416K, 25% used [0x00000007a6880000,0x00000007b161e938,0x00000007d1480000)
  to   space 679936K, 0% used [0x00000007d6800000,0x00000007d6800000,0x0000000800000000)
 ParOldGen       total 3347456K, used 2561711K [0x0000000600000000, 0x00000006cc500000, 0x0000000755500000)
  object space 3347456K, 76% used [0x0000000600000000,0x000000069c5abec0,0x00000006cc500000)
 PSPermGen       total 196608K, used 62331K [0x00000005c0000000, 0x00000005cc000000, 0x0000000600000000)
  object space 196608K, 31% used [0x00000005c0000000,0x00000005c3cdedd0,0x00000005cc000000)
}

Deoptimization events (10 events):
Event: 679.492 Thread 0x00007f90f98a2000 Uncommon trap: reason=class_check action=maybe_recompile pc=0x000000010c2d8778 method=java.io.FilterOutputStream.write([B)V @ 5
Event: 723.924 Thread 0x00007f90ff0ab800 Uncommon trap: reason=class_check action=maybe_recompile pc=0x000000010c395b4c method=sun.java2d.SunGraphics2D.validateCompClip()V @ 32
Event: 1256.510 Thread 0x00007f90fb8d2800 Uncommon trap: reason=class_check action=maybe_recompile pc=0x000000010c402e1c method=sun.java2d.opengl.OGLRenderQueue$QueueFlusher.run()V @ 95
Event: 1256.537 Thread 0x00007f90fa879000 Uncommon trap: reason=null_check action=make_not_entrant pc=0x000000010c332730 method=java.awt.geom.AffineTransform.equals(Ljava/lang/Object;)Z @ 1
Event: 1256.633 Thread 0x00007f90ff0ab800 Uncommon trap: reason=class_check action=maybe_recompile pc=0x000000010c395b4c method=sun.java2d.SunGraphics2D.validateCompClip()V @ 32
Event: 1256.704 Thread 0x00007f90ff0ab800 Uncommon trap: reason=unreached action=reinterpret pc=0x000000010c211908 method=sun.java2d.pipe.AlphaPaintPipe.renderPathTile(Ljava/lang/Object;[BIIIIII)V @ 38
Event: 1256.805 Thread 0x00007f90fa879000 Uncommon trap: reason=unreached action=reinterpret pc=0x000000010c2a227c method=java.util.IdentityHashMap.put(Ljava/lang/Object;Ljava/lang/Object;)Ljava/lang/Object; @ 38
Event: 1257.062 Thread 0x00007f90ff0ab800 Uncommon trap: reason=class_check action=maybe_recompile pc=0x000000010c200edc method=sun.awt.image.SurfaceManager.getImageScale(Ljava/awt/Image;)I @ 18
Event: 4016.366 Thread 0x00007f90fb8d2800 Uncommon trap: reason=class_check action=maybe_recompile pc=0x000000010c402e1c method=sun.java2d.opengl.OGLRenderQueue$QueueFlusher.run()V @ 95
Event: 4017.430 Thread 0x00007f90ff0ab800 Uncommon trap: reason=class_check action=maybe_recompile pc=0x000000010c200edc method=sun.awt.image.SurfaceManager.getImageScale(Ljava/awt/Image;)I @ 18

Internal exceptions (10 events):
Event: 83.497 Thread 0x00007f90fe286000 Implicit null exception at 0x000000010c3a5b0b to 0x000000010c3a6591
Event: 83.498 Thread 0x00007f90fc10d800 Implicit null exception at 0x000000010c3a5b0b to 0x000000010c3a6591
Event: 677.812 Thread 0x00007f90ff0ab800 Implicit null exception at 0x000000010c1fb6a6 to 0x000000010c1fc33d
Event: 679.316 Thread 0x00007f90f2035000 Threw 0x00000007747f2530 at /HUDSON/workspace/7u-2-build-macosx-x86_64/jdk7u67/1368/hotspot/src/share/vm/prims/jvm.cpp:1244
Event: 679.316 Thread 0x00007f90f2035000 Threw 0x00000007747f4908 at /HUDSON/workspace/7u-2-build-macosx-x86_64/jdk7u67/1368/hotspot/src/share/vm/prims/jvm.cpp:1244
Event: 679.325 Thread 0x00007f90f2035000 Threw 0x0000000774856a90 at /HUDSON/workspace/7u-2-build-macosx-x86_64/jdk7u67/1368/hotspot/src/share/vm/prims/jvm.cpp:1244
Event: 679.326 Thread 0x00007f90f2035000 Threw 0x000000077485dd18 at /HUDSON/workspace/7u-2-build-macosx-x86_64/jdk7u67/1368/hotspot/src/share/vm/prims/jvm.cpp:1244
Event: 679.327 Thread 0x00007f90f2035000 Threw 0x0000000774864740 at /HUDSON/workspace/7u-2-build-macosx-x86_64/jdk7u67/1368/hotspot/src/share/vm/prims/jvm.cpp:1244
Event: 1256.537 Thread 0x00007f90fa879000 Implicit null exception at 0x000000010c330215 to 0x000000010c3326f5
Event: 1256.704 Thread 0x00007f90ff0ab800 Implicit null exception at 0x000000010c20e9ee to 0x000000010c2118bd

Events (10 events):
Event: 4085.237 Executing VM operation: RevokeBias
Event: 4085.237 Executing VM operation: RevokeBias done
Event: 4085.243 Executing VM operation: RevokeBias
Event: 4085.243 Executing VM operation: RevokeBias done
Event: 4085.243 Executing VM operation: RevokeBias
Event: 4085.244 Executing VM operation: RevokeBias done
Event: 4085.244 Executing VM operation: RevokeBias
Event: 4085.244 Executing VM operation: RevokeBias done
Event: 4085.244 Executing VM operation: BulkRevokeBias
Event: 4085.244 Executing VM operation: BulkRevokeBias done


Dynamic libraries:
0x0000000008c59000 	/System/Library/Frameworks/Cocoa.framework/Versions/A/Cocoa
0x0000000008c59000 	/System/Library/Frameworks/Security.framework/Versions/A/Security
0x0000000008c59000 	/System/Library/Frameworks/ApplicationServices.framework/Versions/A/ApplicationServices
0x0000000008c59000 	/usr/lib/libz.1.dylib
0x0000000008c59000 	/usr/lib/libSystem.B.dylib
0x0000000008c59000 	/usr/lib/libobjc.A.dylib
0x0000000008c59000 	/System/Library/Frameworks/CoreFoundation.framework/Versions/A/CoreFoundation
0x0000000008c59000 	/System/Library/Frameworks/Foundation.framework/Versions/C/Foundation
0x0000000008c59000 	/System/Library/Frameworks/AppKit.framework/Versions/C/AppKit
0x0000000008c59000 	/System/Library/Frameworks/CoreData.framework/Versions/A/CoreData
0x0000000008c59000 	/System/Library/PrivateFrameworks/RemoteViewServices.framework/Versions/A/RemoteViewServices
0x0000000008c59000 	/System/Library/Frameworks/AudioToolbox.framework/Versions/A/AudioToolbox
0x0000000008c59000 	/System/Library/Frameworks/AudioUnit.framework/Versions/A/AudioUnit
0x0000000008c59000 	/System/Library/PrivateFrameworks/DataDetectorsCore.framework/Versions/A/DataDetectorsCore
0x0000000008c59000 	/System/Library/PrivateFrameworks/DesktopServicesPriv.framework/Versions/A/DesktopServicesPriv
0x0000000008c59000 	/System/Library/Frameworks/Carbon.framework/Versions/A/Frameworks/HIToolbox.framework/Versions/A/HIToolbox
0x0000000008c59000 	/System/Library/Frameworks/QuartzCore.framework/Versions/A/QuartzCore
0x0000000008c59000 	/System/Library/Frameworks/Carbon.framework/Versions/A/Frameworks/SpeechRecognition.framework/Versions/A/SpeechRecognition
0x0000000008c59000 	/usr/lib/libauto.dylib
0x0000000008c59000 	/usr/lib/libicucore.A.dylib
0x0000000008c59000 	/usr/lib/libxml2.2.dylib
0x0000000008c59000 	/System/Library/PrivateFrameworks/CoreUI.framework/Versions/A/CoreUI
0x0000000008c59000 	/System/Library/Frameworks/CoreAudio.framework/Versions/A/CoreAudio
0x0000000008c59000 	/System/Library/Frameworks/DiskArbitration.framework/Versions/A/DiskArbitration
0x0000000008c59000 	/usr/lib/liblangid.dylib
0x0000000008c59000 	/System/Library/PrivateFrameworks/MultitouchSupport.framework/Versions/A/MultitouchSupport
0x0000000008c59000 	/System/Library/Frameworks/IOKit.framework/Versions/A/IOKit
0x0000000008c59000 	/usr/lib/libDiagnosticMessagesClient.dylib
0x0000000008c59000 	/System/Library/Frameworks/CoreServices.framework/Versions/A/CoreServices
0x0000000008c59000 	/System/Library/PrivateFrameworks/PerformanceAnalysis.framework/Versions/A/PerformanceAnalysis
0x0000000008c59000 	/System/Library/PrivateFrameworks/GenerationalStorage.framework/Versions/A/GenerationalStorage
0x0000000008c59000 	/System/Library/Frameworks/OpenGL.framework/Versions/A/OpenGL
0x0000000008c59000 	/System/Library/Frameworks/CoreText.framework/Versions/A/CoreText
0x0000000008c59000 	/System/Library/Frameworks/ImageIO.framework/Versions/A/ImageIO
0x0000000008c59000 	/System/Library/PrivateFrameworks/Backup.framework/Versions/A/Backup
0x0000000008c59000 	/System/Library/Frameworks/CFNetwork.framework/Versions/A/CFNetwork
0x0000000008c59000 	/System/Library/Frameworks/SystemConfiguration.framework/Versions/A/SystemConfiguration
0x0000000008c59000 	/usr/lib/libCRFSuite.dylib
0x0000000008c59000 	/System/Library/PrivateFrameworks/TCC.framework/Versions/A/TCC
0x0000000008c59000 	/usr/lib/libc++.1.dylib
0x0000000008c59000 	/usr/lib/libc++abi.dylib
0x0000000008c59000 	/usr/lib/system/libcache.dylib
0x0000000008c59000 	/usr/lib/system/libcommonCrypto.dylib
0x0000000008c59000 	/usr/lib/system/libcompiler_rt.dylib
0x0000000008c59000 	/usr/lib/system/libcopyfile.dylib
0x0000000008c59000 	/usr/lib/system/libdispatch.dylib
0x0000000008c59000 	/usr/lib/system/libdnsinfo.dylib
0x0000000008c59000 	/usr/lib/system/libdyld.dylib
0x0000000008c59000 	/usr/lib/system/libkeymgr.dylib
0x0000000008c59000 	/usr/lib/system/liblaunch.dylib
0x0000000008c59000 	/usr/lib/system/libmacho.dylib
0x0000000008c59000 	/usr/lib/system/libquarantine.dylib
0x0000000008c59000 	/usr/lib/system/libremovefile.dylib
0x0000000008c59000 	/usr/lib/system/libsystem_blocks.dylib
0x0000000008c59000 	/usr/lib/system/libsystem_c.dylib
0x0000000008c59000 	/usr/lib/system/libsystem_dnssd.dylib
0x0000000008c59000 	/usr/lib/system/libsystem_info.dylib
0x0000000008c59000 	/usr/lib/system/libsystem_kernel.dylib
0x0000000008c59000 	/usr/lib/system/libsystem_m.dylib
0x0000000008c59000 	/usr/lib/system/libsystem_network.dylib
0x0000000008c59000 	/usr/lib/system/libsystem_notify.dylib
0x0000000008c59000 	/usr/lib/system/libsystem_sandbox.dylib
0x0000000008c59000 	/usr/lib/system/libunc.dylib
0x0000000008c59000 	/usr/lib/system/libunwind.dylib
0x0000000008c59000 	/usr/lib/system/libxpc.dylib
0x0000000008c59000 	/usr/lib/system/libcorecrypto.dylib
0x0000000008c59000 	/usr/lib/libstdc++.6.dylib
0x0000000008c59000 	/usr/lib/libbsm.0.dylib
0x0000000008c59000 	/usr/lib/libsqlite3.dylib
0x0000000008c59000 	/usr/lib/libxar.1.dylib
0x0000000008c59000 	/usr/lib/libpam.2.dylib
0x0000000008c59000 	/usr/lib/libOpenScriptingUtil.dylib
0x0000000008c59000 	/usr/lib/libbz2.1.0.dylib
0x0000000008c59000 	/System/Library/Frameworks/CoreServices.framework/Versions/A/Frameworks/CarbonCore.framework/Versions/A/CarbonCore
0x0000000008c59000 	/System/Library/Frameworks/CoreServices.framework/Versions/A/Frameworks/Metadata.framework/Versions/A/Metadata
0x0000000008c59000 	/System/Library/Frameworks/CoreServices.framework/Versions/A/Frameworks/OSServices.framework/Versions/A/OSServices
0x0000000008c59000 	/System/Library/Frameworks/CoreServices.framework/Versions/A/Frameworks/SearchKit.framework/Versions/A/SearchKit
0x0000000008c59000 	/System/Library/Frameworks/CoreServices.framework/Versions/A/Frameworks/AE.framework/Versions/A/AE
0x0000000008c59000 	/System/Library/Frameworks/CoreServices.framework/Versions/A/Frameworks/LaunchServices.framework/Versions/A/LaunchServices
0x0000000008c59000 	/System/Library/Frameworks/CoreServices.framework/Versions/A/Frameworks/DictionaryServices.framework/Versions/A/DictionaryServices
0x0000000008c59000 	/System/Library/Frameworks/NetFS.framework/Versions/A/NetFS
0x0000000008c59000 	/usr/lib/system/libkxld.dylib
0x0000000008c59000 	/System/Library/PrivateFrameworks/NetAuth.framework/Versions/A/NetAuth
0x0000000008c59000 	/System/Library/Frameworks/OpenDirectory.framework/Versions/A/Frameworks/CFOpenDirectory.framework/Versions/A/CFOpenDirectory
0x0000000008c59000 	/usr/lib/libxslt.1.dylib
0x0000000008c59000 	/System/Library/PrivateFrameworks/FamilyControls.framework/Versions/A/FamilyControls
0x0000000008c59000 	/System/Library/Frameworks/Carbon.framework/Versions/A/Frameworks/Ink.framework/Versions/A/Ink
0x0000000008c59000 	/System/Library/Frameworks/ApplicationServices.framework/Versions/A/Frameworks/CoreGraphics.framework/Versions/A/CoreGraphics
0x0000000008c59000 	/System/Library/Frameworks/ApplicationServices.framework/Versions/A/Frameworks/ATS.framework/Versions/A/ATS
0x0000000008c59000 	/System/Library/Frameworks/ApplicationServices.framework/Versions/A/Frameworks/ColorSync.framework/Versions/A/ColorSync
0x0000000008c59000 	/System/Library/Frameworks/ApplicationServices.framework/Versions/A/Frameworks/HIServices.framework/Versions/A/HIServices
0x0000000008c59000 	/System/Library/Frameworks/ApplicationServices.framework/Versions/A/Frameworks/LangAnalysis.framework/Versions/A/LangAnalysis
0x0000000008c59000 	/System/Library/Frameworks/ApplicationServices.framework/Versions/A/Frameworks/PrintCore.framework/Versions/A/PrintCore
0x0000000008c59000 	/System/Library/Frameworks/ApplicationServices.framework/Versions/A/Frameworks/QD.framework/Versions/A/QD
0x0000000008c59000 	/System/Library/Frameworks/ApplicationServices.framework/Versions/A/Frameworks/SpeechSynthesis.framework/Versions/A/SpeechSynthesis
0x0000000008c59000 	/System/Library/Frameworks/IOSurface.framework/Versions/A/IOSurface
0x0000000008c59000 	/System/Library/Frameworks/Accelerate.framework/Versions/A/Accelerate
0x0000000008c59000 	/System/Library/Frameworks/ApplicationServices.framework/Versions/A/Frameworks/ATS.framework/Versions/A/Resources/libFontParser.dylib
0x0000000008c59000 	/System/Library/Frameworks/ApplicationServices.framework/Versions/A/Frameworks/ATS.framework/Versions/A/Resources/libFontRegistry.dylib
0x0000000008c59000 	/System/Library/Frameworks/Accelerate.framework/Versions/A/Frameworks/vImage.framework/Versions/A/vImage
0x0000000008c59000 	/System/Library/Frameworks/Accelerate.framework/Versions/A/Frameworks/vecLib.framework/Versions/A/vecLib
0x0000000008c59000 	/System/Library/Frameworks/Accelerate.framework/Versions/A/Frameworks/vecLib.framework/Versions/A/libvDSP.dylib
0x0000000008c59000 	/System/Library/Frameworks/Accelerate.framework/Versions/A/Frameworks/vecLib.framework/Versions/A/libvMisc.dylib
0x0000000008c59000 	/System/Library/Frameworks/Accelerate.framework/Versions/A/Frameworks/vecLib.framework/Versions/A/libLAPACK.dylib
0x0000000008c59000 	/System/Library/Frameworks/Accelerate.framework/Versions/A/Frameworks/vecLib.framework/Versions/A/libBLAS.dylib
0x0000000008c59000 	/System/Library/Frameworks/ImageIO.framework/Versions/A/Resources/libJPEG.dylib
0x0000000008c59000 	/System/Library/Frameworks/ImageIO.framework/Versions/A/Resources/libTIFF.dylib
0x0000000008c59000 	/System/Library/Frameworks/ImageIO.framework/Versions/A/Resources/libPng.dylib
0x0000000008c59000 	/System/Library/Frameworks/ImageIO.framework/Versions/A/Resources/libGIF.dylib
0x0000000008c59000 	/System/Library/Frameworks/ImageIO.framework/Versions/A/Resources/libJP2.dylib
0x0000000008c59000 	/System/Library/Frameworks/ImageIO.framework/Versions/A/Resources/libRadiance.dylib
0x0000000008c59000 	/usr/lib/libcups.2.dylib
0x0000000008c59000 	/System/Library/Frameworks/Kerberos.framework/Versions/A/Kerberos
0x0000000008c59000 	/System/Library/Frameworks/GSS.framework/Versions/A/GSS
0x0000000008c59000 	/usr/lib/libresolv.9.dylib
0x0000000008c59000 	/usr/lib/libiconv.2.dylib
0x0000000008c59000 	/System/Library/PrivateFrameworks/Heimdal.framework/Versions/A/Heimdal
0x0000000008c59000 	/System/Library/PrivateFrameworks/TrustEvaluationAgent.framework/Versions/A/TrustEvaluationAgent
0x0000000008c59000 	/System/Library/Frameworks/OpenDirectory.framework/Versions/A/OpenDirectory
0x0000000008c59000 	/System/Library/PrivateFrameworks/CommonAuth.framework/Versions/A/CommonAuth
0x0000000008c59000 	/System/Library/PrivateFrameworks/Bom.framework/Versions/A/Bom
0x0000000008c59000 	/System/Library/Frameworks/CoreVideo.framework/Versions/A/CoreVideo
0x0000000008c59000 	/System/Library/Frameworks/QuartzCore.framework/Versions/A/Frameworks/CoreImage.framework/Versions/A/CoreImage
0x0000000008c59000 	/System/Library/Frameworks/QuartzCore.framework/Versions/A/Frameworks/ScalableUserInterface.framework/Versions/A/ScalableUserInterface
0x0000000008c59000 	/System/Library/Frameworks/OpenGL.framework/Versions/A/Libraries/libGLU.dylib
0x0000000008c59000 	/System/Library/Frameworks/OpenGL.framework/Versions/A/Libraries/libGFXShared.dylib
0x0000000008c59000 	/System/Library/Frameworks/OpenGL.framework/Versions/A/Libraries/libGL.dylib
0x0000000008c59000 	/System/Library/Frameworks/OpenGL.framework/Versions/A/Libraries/libGLImage.dylib
0x0000000008c59000 	/System/Library/Frameworks/OpenGL.framework/Versions/A/Libraries/libCVMSPluginSupport.dylib
0x0000000008c59000 	/System/Library/Frameworks/OpenGL.framework/Versions/A/Libraries/libCoreVMClient.dylib
0x0000000008c59000 	/System/Library/PrivateFrameworks/CrashReporterSupport.framework/Versions/A/CrashReporterSupport
0x0000000008c59000 	/System/Library/Frameworks/OpenCL.framework/Versions/A/OpenCL
0x0000000008c59000 	/System/Library/PrivateFrameworks/FaceCoreLight.framework/Versions/A/FaceCoreLight
0x0000000008c59000 	/System/Library/PrivateFrameworks/AppleFSCompression.framework/Versions/A/AppleFSCompression
0x0000000008c59000 	/System/Library/PrivateFrameworks/Ubiquity.framework/Versions/A/Ubiquity
0x0000000008c59000 	/System/Library/Frameworks/ServiceManagement.framework/Versions/A/ServiceManagement
0x0000000008c59000 	/System/Library/PrivateFrameworks/ChunkingLibrary.framework/Versions/A/ChunkingLibrary
0x0000000008c59000 	/System/Library/Frameworks/vecLib.framework/Versions/A/vecLib
0x0000000008c59000 	/System/Library/Frameworks/SecurityFoundation.framework/Versions/A/SecurityFoundation
0x0000000008c59000 	/System/Library/PrivateFrameworks/CommerceKit.framework/Versions/A/Frameworks/CommerceCore.framework/Versions/A/CommerceCore
0x0000000008c59000 	/System/Library/PrivateFrameworks/CoreSymbolication.framework/Versions/A/CoreSymbolication
0x0000000008c59000 	/System/Library/PrivateFrameworks/Symbolication.framework/Versions/A/Symbolication
0x0000000008c59000 	/System/Library/PrivateFrameworks/DebugSymbols.framework/Versions/A/DebugSymbols
0x000000010b210000 	/Library/Java/JavaVirtualMachines/jdk1.7.0_67.jdk/Contents/Home/jre/lib/server/libjvm.dylib
0x000000010bd72000 	/Library/Java/JavaVirtualMachines/jdk1.7.0_67.jdk/Contents/Home/jre/lib/libverify.dylib
0x000000010bd7f000 	/Library/Java/JavaVirtualMachines/jdk1.7.0_67.jdk/Contents/Home/jre/lib/libjava.dylib
0x000000010bdb0000 	/Library/Java/JavaVirtualMachines/jdk1.7.0_67.jdk/Contents/Home/jre/lib/libjdwp.dylib
0x000000010bded000 	/Library/Java/JavaVirtualMachines/jdk1.7.0_67.jdk/Contents/Home/jre/lib/libnpt.dylib
0x000000010be7d000 	/Library/Java/JavaVirtualMachines/jdk1.7.0_67.jdk/Contents/Home/jre/lib/libzip.dylib
0x000000012945f000 	/System/Library/Frameworks/JavaVM.framework/Frameworks/JavaRuntimeSupport.framework/JavaRuntimeSupport
0x0000000129477000 	/System/Library/Frameworks/JavaVM.framework/Versions/A/Frameworks/JavaNativeFoundation.framework/Versions/A/JavaNativeFoundation
0x000000012948c000 	/System/Library/Frameworks/JavaVM.framework/Versions/A/JavaVM
0x0000000008c59000 	/System/Library/Frameworks/Carbon.framework/Versions/A/Carbon
0x0000000129499000 	/System/Library/PrivateFrameworks/JavaLaunching.framework/Versions/A/JavaLaunching
0x0000000008c59000 	/System/Library/Frameworks/Carbon.framework/Versions/A/Frameworks/CommonPanels.framework/Versions/A/CommonPanels
0x0000000008c59000 	/System/Library/Frameworks/Carbon.framework/Versions/A/Frameworks/Help.framework/Versions/A/Help
0x0000000008c59000 	/System/Library/Frameworks/Carbon.framework/Versions/A/Frameworks/ImageCapture.framework/Versions/A/ImageCapture
0x0000000008c59000 	/System/Library/Frameworks/Carbon.framework/Versions/A/Frameworks/OpenScripting.framework/Versions/A/OpenScripting
0x0000000008c59000 	/System/Library/Frameworks/Carbon.framework/Versions/A/Frameworks/Print.framework/Versions/A/Print
0x0000000008c59000 	/System/Library/Frameworks/Carbon.framework/Versions/A/Frameworks/SecurityHI.framework/Versions/A/SecurityHI
0x00000001296af000 	/Library/Java/JavaVirtualMachines/jdk1.7.0_67.jdk/Contents/Home/jre/lib/libdt_socket.dylib
0x0000000129e23000 	/Library/Java/JavaVirtualMachines/jdk1.7.0_67.jdk/Contents/Home/jre/lib/libnio.dylib
0x0000000129e32000 	/Library/Java/JavaVirtualMachines/jdk1.7.0_67.jdk/Contents/Home/jre/lib/./libnet.dylib
0x000000012a238000 	/Library/Java/JavaVirtualMachines/jdk1.7.0_67.jdk/Contents/Home/jre/lib/libawt.dylib
0x000000012a2e7000 	/Library/Java/JavaVirtualMachines/jdk1.7.0_67.jdk/Contents/Home/jre/lib/./libmlib_image.dylib
0x000000012a3b3000 	/Library/Java/JavaVirtualMachines/jdk1.7.0_67.jdk/Contents/Home/jre/lib/lwawt/liblwawt.dylib
0x000000012a467000 	/Library/Java/JavaVirtualMachines/jdk1.7.0_67.jdk/Contents/Home/jre/lib/libosxapp.dylib
0x000000012a483000 	/System/Library/Frameworks/ExceptionHandling.framework/Versions/A/ExceptionHandling
0x0000000008c59000 	/System/Library/PrivateFrameworks/CoreServicesInternal.framework/Versions/A/CoreServicesInternal
0x0000000008c59000 	/System/Library/PrivateFrameworks/Librarian.framework/Versions/A/Librarian
0x0000000008c59000 	/System/Library/Frameworks/ApplicationServices.framework/Versions/A/Frameworks/CoreGraphics.framework/Versions/A/Resources/libCSync.A.dylib
0x0000000008c59000 	/System/Library/Frameworks/ApplicationServices.framework/Versions/A/Frameworks/CoreGraphics.framework/Versions/A/Resources/libRIP.A.dylib
0x0000000008c59000 	/System/Library/Frameworks/ApplicationServices.framework/Versions/A/Frameworks/CoreGraphics.framework/Versions/A/Resources/libCGXType.A.dylib
0x000000012e356000 	/System/Library/Frameworks/OpenGL.framework/Resources/GLEngine.bundle/GLEngine
0x000000012e54b000 	/System/Library/Frameworks/OpenGL.framework/Versions/A/Libraries/libGLProgrammability.dylib
0x0000000000000000 	/System/Library/Extensions/GeForceGLDriver.bundle/Contents/MacOS/GeForceGLDriver
0x000000012c5ea000 	/System/Library/PrivateFrameworks/GPUSupport.framework/Versions/A/Libraries/libGPUSupport.dylib
0x0000000008c59000 	/System/Library/Extensions/GeForceGLDriver.bundle/Contents/MacOS/libclh.dylib
0x000000012e776000 	/System/Library/Frameworks/OpenGL.framework/Resources//GLRendererFloat.bundle/GLRendererFloat
0x000000012c5fe000 	/System/Library/Frameworks/OpenCL.framework/Versions/A/Libraries/libcldcpuengine.dylib
0x0000000008c59000 	/System/Library/PrivateFrameworks/DiskImages.framework/Versions/A/DiskImages
0x0000000008c59000 	/System/Library/Frameworks/DiscRecording.framework/Versions/A/DiscRecording
0x0000000008c59000 	/usr/lib/libcurl.4.dylib
0x0000000008c59000 	/System/Library/PrivateFrameworks/MediaKit.framework/Versions/A/MediaKit
0x0000000008c59000 	/usr/lib/libssl.0.9.8.dylib
0x0000000008c59000 	/usr/lib/libcrypto.0.9.8.dylib
0x0000000008c59000 	/System/Library/Frameworks/LDAP.framework/Versions/A/LDAP
0x0000000008c59000 	/usr/lib/libsasl2.2.dylib
0x000000012f493000 	/Library/Java/JavaVirtualMachines/jdk1.7.0_67.jdk/Contents/Home/jre/lib/libfontmanager.dylib
0x0000000132985000 	/Applications/NetBeans/NetBeans 7.4.app/Contents/Resources/NetBeans/platform/modules/lib/libjnidispatch-340.jnilib
0x000000012f8f9000 	/Library/Java/JavaVirtualMachines/jdk1.7.0_67.jdk/Contents/Home/jre/lib/libosxui.dylib
0x000000012f92e000 	/Library/Java/JavaVirtualMachines/jdk1.7.0_67.jdk/Contents/Home/jre/lib/libjpeg.dylib
0x0000000129528000 	/private/var/folders/jd/hvc_ck5j7n79vc6fpd9wkp845p3dj9/T/jogamp_0000/file_cache/jln6363375205009113726/jln5493204393721288724/libgluegen-rt.jnilib
0x000000012952c000 	/private/var/folders/jd/hvc_ck5j7n79vc6fpd9wkp845p3dj9/T/jogamp_0000/file_cache/jln6363375205009113726/jln5493204393721288724/libnativewindow_awt.jnilib
0x000000012952f000 	/Library/Java/JavaVirtualMachines/jdk1.7.0_67.jdk/Contents/Home/jre/lib/libjawt.dylib
0x0000000129532000 	/private/var/folders/jd/hvc_ck5j7n79vc6fpd9wkp845p3dj9/T/jogamp_0000/file_cache/jln6363375205009113726/jln5493204393721288724/libnativewindow_macosx.jnilib
0x0000000137234000 	/private/var/folders/jd/hvc_ck5j7n79vc6fpd9wkp845p3dj9/T/jogamp_0000/file_cache/jln6363375205009113726/jln5493204393721288724/libjogl_desktop.jnilib
0x0000000008c59000 	/System/Library/CoreServices/RawCamera.bundle/Contents/MacOS/RawCamera
0x0000000008c59000 	/System/Library/Frameworks/ApplicationServices.framework/Versions/A/Frameworks/ATS.framework/Versions/A/Resources/libTrueTypeScaler.dylib
0x000000013106e000 	/Library/Java/JavaVirtualMachines/jdk1.7.0_67.jdk/Contents/Home/jre/lib/libdcpr.dylib
0x0000000131058000 	/Library/Java/JavaVirtualMachines/jdk1.7.0_67.jdk/Contents/Home/jre/lib/libmanagement.dylib
0x0000000129ec0000 	/Library/Java/JavaVirtualMachines/jdk1.7.0_67.jdk/Contents/Home/jre/lib/libosx.dylib

VM Arguments:
jvm_args: -Djdk.home=/Library/Java/JavaVirtualMachines/jdk1.7.0_67.jdk/Contents/Home -Dnetbeans.dirs=/Users/fosterl/gitfiles/LVV_STAGE_COORDS/janelia-workstation/ConsoleApplication/build/cluster:/Applications/NetBeans/NetBeans 7.4.app/Contents/Resources/NetBeans/platform -Dnetbeans.home=/Applications/NetBeans/NetBeans 7.4.app/Contents/Resources/NetBeans/platform -Dnetbeans.logger.console=true -ea -Xdebug -Xrunjdwp:transport=dt_socket,suspend=y,server=n,address=localhost:58180 -Dapple.awt.brushMetalLook=false -XX:PermSize=192m -XX:MaxPermSize=1024m -Xms1024m -Xmx8192m -Dnb.forceui=de.javasoft.synthetica.netbeans.SyntheticaLFCustoms -Dplugin.manager.check.interval=EVERY_DAY -Dplugin.manager.check.new.plugins=true -XX:+HeapDumpOnOutOfMemoryError -XX:HeapDumpPath=/Users/fosterl/gitfiles/LVV_STAGE_COORDS/janelia-workstation/ConsoleApplication/LargeVolumeViewerModule/../build/testuserdir/var/log/heapdump.hprof 
java_command: org.netbeans.Main --cachedir /Users/fosterl/gitfiles/LVV_STAGE_COORDS/janelia-workstation/ConsoleApplication/LargeVolumeViewerModule/../build/testuserdir/var/cache --userdir /Users/fosterl/gitfiles/LVV_STAGE_COORDS/janelia-workstation/ConsoleApplication/LargeVolumeViewerModule/../build/testuserdir --branding janeliaws
Launcher Type: SUN_STANDARD

Environment Variables:
PATH=/usr/bin:/bin:/usr/sbin:/sbin
LD_LIBRARY_PATH=/Library/Java/JavaVirtualMachines/jdk1.7.0_67.jdk/Contents/Home/jre/lib/amd64:/Library/Java/JavaVirtualMachines/jdk1.7.0_67.jdk/Contents/Home/jre/lib/i386:/Library/Java/JavaVirtualMachines/jdk1.7.0_67.jdk/Contents/Home/jre/lib/amd64:/Library/Java/JavaVirtualMachines/jdk1.7.0_67.jdk/Contents/Home/jre/lib/i386:
SHELL=/bin/bash
DISPLAY=/tmp/launch-O47STv/org.macosforge.xquartz:0
DYLD_LIBRARY_PATH=/Applications/NetBeans/NetBeans 7.4.app/Contents/Resources/NetBeans/webcommon/bin:

Signal Handlers:
SIGSEGV: [libjvm.dylib+0x52b6c9], sa_mask[0]=0xfffefeff, sa_flags=0x00000043
SIGBUS: [libjvm.dylib+0x52b6c9], sa_mask[0]=0xfffefeff, sa_flags=0x00000042
SIGFPE: [libjvm.dylib+0x41deaa], sa_mask[0]=0xfffefeff, sa_flags=0x00000042
SIGPIPE: [libjvm.dylib+0x41deaa], sa_mask[0]=0xfffefeff, sa_flags=0x00000042
SIGXFSZ: [libjvm.dylib+0x41deaa], sa_mask[0]=0xfffefeff, sa_flags=0x00000042
SIGILL: [libjvm.dylib+0x41deaa], sa_mask[0]=0xfffefeff, sa_flags=0x00000042
SIGUSR1: SIG_DFL, sa_mask[0]=0x00000000, sa_flags=0x00000002
SIGUSR2: [libjvm.dylib+0x41d99c], sa_mask[0]=0x00000004, sa_flags=0x00000042
SIGHUP: [libjvm.dylib+0x41bc2d], sa_mask[0]=0xfffefeff, sa_flags=0x00000042
SIGINT: SIG_IGN, sa_mask[0]=0x00000000, sa_flags=0x00000000
SIGTERM: [libjvm.dylib+0x41bc2d], sa_mask[0]=0xfffefeff, sa_flags=0x00000042
SIGQUIT: [libjvm.dylib+0x41bc2d], sa_mask[0]=0xfffefeff, sa_flags=0x00000042


---------------  S Y S T E M  ---------------

OS:Bsduname:Darwin 12.5.0 Darwin Kernel Version 12.5.0: Sun Sep 29 13:33:47 PDT 2013; root:xnu-2050.48.12~1/RELEASE_X86_64 x86_64
rlimit: STACK 8192k, CORE 0k, NPROC 709, NOFILE 10240, AS infinity
load average:1.32 1.27 1.25

CPU:total 24 (6 cores per cpu, 2 threads per core) family 6 model 44 stepping 2, cmov, cx8, fxsr, mmx, sse, sse2, sse3, ssse3, sse4.1, sse4.2, popcnt, aes, ht, tsc, tscinvbit, tscinv

Memory: 4k page, physical 67108864k(16777216k free)

/proc/meminfo:


vm_info: Java HotSpot(TM) 64-Bit Server VM (24.65-b04) for bsd-amd64 JRE (1.7.0_67-b01), built on Jul 25 2014 08:51:51 by "java_re" with gcc 4.2.1 (Based on Apple Inc. build 5658) (LLVM build 2336.11.00)

time: Thu Jan  8 10:12:02 2015
elapsed time: 4085 seconds

