#
# A fatal error has been detected by the Java Runtime Environment:
#
#  SIGSEGV (0xb) at pc=0x0000000125cf524f, pid=43829, tid=50183
#
# JRE version: Java(TM) SE Runtime Environment (7.0_67-b01) (build 1.7.0_67-b01)
# Java VM: Java HotSpot(TM) 64-Bit Server VM (24.65-b04 mixed mode bsd-amd64 compressed oops)
# Problematic frame:
# C  [liblwawt.dylib+0x1224f]  OGLSD_SetScratchSurface+0x3d
#
# Failed to write core dump. Core dumps have been disabled. To enable core dumping, try "ulimit -c unlimited" before starting Java again
#
# If you would like to submit a bug report, please visit:
#   http://bugreport.sun.com/bugreport/crash.jsp
# The crash happened outside the Java Virtual Machine in native code.
# See problematic frame for where to report the bug.
#

---------------  T H R E A D  ---------------

Current thread (0x00007f84510b4800):  JavaThread "Java2D Queue Flusher" daemon [_thread_in_native, id=50183, stack(0x0000000129b2c000,0x0000000129c2c000)]

siginfo:si_signo=SIGSEGV: si_errno=0, si_code=1 (SEGV_MAPERR), si_addr=0x0000000000000000

Registers:
RAX=0x00007f8451894050, RBX=0x00007f84510b49e8, RCX=0x00007f8451894058, RDX=0x00000000a1a1a1a1
RSP=0x0000000129c2b850, RBP=0x0000000129c2b870, RSI=0x00007f8451894000, RDI=0x00007f8451894050
R8 =0x0000000000002060, R9 =0x0000000129c2b770, R10=0x0000000107b257cc, R11=0x000000010735379f
R12=0x0000000000000000, R13=0x00000005c07200c0, R14=0x00007f844be70002, R15=0x0000000000000000
RIP=0x0000000125cf524f, EFLAGS=0x0000000000010206, ERR=0x0000000000000004
  TRAPNO=0x000000000000000e

Top of Stack: (sp=0x0000000129c2b850)
0x0000000129c2b850:   00007f844be39600 0000000000000000
0x0000000129c2b860:   00007f8451105c10 00007f84510b4800
0x0000000129c2b870:   0000000129c2b8f0 0000000125ceabf6
0x0000000129c2b880:   00000006000366d0 0000000100000010
0x0000000129c2b890:   00ff00ff00000010 0000000100000064
0x0000000129c2b8a0:   0000000129c2b8c0 0000000000000064
0x0000000129c2b8b0:   00007f844b0a0008 00007f8451105c20
0x0000000129c2b8c0:   00007f84000b4800 00007f84510b49e8
0x0000000129c2b8d0:   00000005c07200c0 0000000000000000
0x0000000129c2b8e0:   0000000129c2b998 00007f84510b4800
0x0000000129c2b8f0:   0000000129c2b960 0000000107b257f8
0x0000000129c2b900:   0000000129c2b960 000000010720d175
0x0000000129c2b910:   0000000100000005 00007f84510b4800
0x0000000129c2b920:   0000000129c2b920 0000000000000000
0x0000000129c2b930:   0000000129c2b998 00000005c07218a8
0x0000000129c2b940:   0000000000000000 00000005c07200c0
0x0000000129c2b950:   0000000000000000 0000000129c2b980
0x0000000129c2b960:   0000000129c2b9e0 0000000107b19058
0x0000000129c2b970:   0000000000000000 0000000107b21cd8
0x0000000129c2b980:   0000000000000020 00007f8451105c00
0x0000000129c2b990:   0000000600036660 0000000600036648
0x0000000129c2b9a0:   0000000129c2b9a0 00000005c07201a5
0x0000000129c2b9b0:   0000000129c2b9f8 00000005c07218a8
0x0000000129c2b9c0:   00000005c3c40bf8 00000005c07201c8
0x0000000129c2b9d0:   0000000129c2b980 0000000129c2ba00
0x0000000129c2b9e0:   0000000600039b80 0000000108078224
0x0000000129c2b9f0:   0000000000000020 0000000600036648
0x0000000129c2ba00:   0000000500000000 0000000600039b80
0x0000000129c2ba10:   0000000000000000 0000000129c2ba48
0x0000000129c2ba20:   0000000000000001 0000000107b134e7
0x0000000129c2ba30:   0000000129c2bab0 0000000107b134e7
0x0000000129c2ba40:   0000000000000001 0000000600039b80 

Instructions: (pc=0x0000000125cf524f)
0x0000000125cf522f:   c0 be 01 00 00 00 e8 f4 28 03 00 31 c0 eb 6d 48
0x0000000125cf523f:   89 fb 4c 8b 76 10 4d 8b 3e 30 c0 e8 b3 2d 03 00
0x0000000125cf524f:   49 8b 3f 49 89 c4 48 8b 35 9c 77 06 00 30 c0 e8
0x0000000125cf525f:   dd 2e 03 00 48 85 c0 75 4c 30 c0 e8 79 60 ff ff 

Register to memory mapping:

RAX=0x00007f8451894050 is an unknown value
RBX=0x00007f84510b49e8 is an unknown value
RCX=0x00007f8451894058 is an unknown value
RDX=0x00000000a1a1a1a1 is an unknown value
RSP=0x0000000129c2b850 is pointing into the stack for thread: 0x00007f84510b4800
RBP=0x0000000129c2b870 is pointing into the stack for thread: 0x00007f84510b4800
RSI=0x00007f8451894000 is an unknown value
RDI=0x00007f8451894050 is an unknown value
R8 =0x0000000000002060 is an unknown value
R9 =0x0000000129c2b770 is pointing into the stack for thread: 0x00007f84510b4800
R10=0x0000000107b257cc is at code_begin+620 in an Interpreter codelet
method entry point (kind = native)  [0x0000000107b25560, 0x0000000107b25da0]  2112 bytes
R11=0x000000010735379f: throw_unsatisfied_link_error+0 in /Library/Java/JavaVirtualMachines/jdk1.7.0_67.jdk/Contents/Home/jre/lib/server/libjvm.dylib at 0x0000000106ede000
R12=0x0000000000000000 is an unknown value
R13=0x00000005c07200c0 is an oop
{method} 
 - klass: {other class}
R14=0x00007f844be70002 is an unknown value
R15=0x0000000000000000 is an unknown value


Stack: [0x0000000129b2c000,0x0000000129c2c000],  sp=0x0000000129c2b850,  free space=1022k
Native frames: (J=compiled Java code, j=interpreted, Vv=VM code, C=native code)
C  [liblwawt.dylib+0x1224f]  OGLSD_SetScratchSurface+0x3d
C  [liblwawt.dylib+0x7bf6]  Java_sun_java2d_opengl_OGLRenderQueue_flushBuffer+0x63a
j  sun.java2d.opengl.OGLRenderQueue.flushBuffer(JI)V+0
j  sun.java2d.opengl.OGLRenderQueue.flushBuffer()V+21
J 1991% C2 sun.java2d.opengl.OGLRenderQueue$QueueFlusher.run()V (234 bytes) @ 0x0000000108078224 [0x0000000108078160+0xc4]
v  ~StubRoutines::call_stub
V  [libjvm.dylib+0x2daef8]
V  [libjvm.dylib+0x2db40f]
V  [libjvm.dylib+0x2db54c]
V  [libjvm.dylib+0x32a41e]
V  [libjvm.dylib+0x4f5855]
V  [libjvm.dylib+0x4f6f5d]
V  [libjvm.dylib+0x420772]
C  [libsystem_c.dylib+0x14772]  _pthread_start+0x147
C  [libsystem_c.dylib+0x11a1]  thread_start+0xd

Java frames: (J=compiled Java code, j=interpreted, Vv=VM code)
j  sun.java2d.opengl.OGLRenderQueue.flushBuffer(JI)V+0
j  sun.java2d.opengl.OGLRenderQueue.flushBuffer()V+21
J 1991% C2 sun.java2d.opengl.OGLRenderQueue$QueueFlusher.run()V (234 bytes) @ 0x0000000108078224 [0x0000000108078160+0xc4]
v  ~StubRoutines::call_stub

---------------  P R O C E S S  ---------------

Java Threads: ( => current thread )
  0x00007f8452116000 JavaThread "sampler-awt" daemon [_thread_blocked, id=55139, stack(0x000000015129a000,0x000000015139a000)]
  0x00007f8450983800 JavaThread "Image Fetcher 0" daemon [_thread_blocked, id=111383, stack(0x000000012c06b000,0x000000012c16b000)]
  0x00007f844da52800 JavaThread "Inactive RequestProcessor thread [Was:Timeable Event Queue Watch Dog/org.netbeans.core.TimableEventQueue]" daemon [_thread_blocked, id=110359, stack(0x000000013bf83000,0x000000013c083000)]
  0x00007f844dbe3800 JavaThread "qtp771744259-156" [_thread_blocked, id=110719, stack(0x00000001326e0000,0x00000001327e0000)]
  0x00007f844da5b000 JavaThread "pool-6-thread-10" [_thread_blocked, id=108051, stack(0x00000001424a9000,0x00000001425a9000)]
  0x00007f844d96b800 JavaThread "pool-6-thread-9" [_thread_blocked, id=98571, stack(0x00000001423a6000,0x00000001424a6000)]
  0x00007f84468cd800 JavaThread "pool-6-thread-8" [_thread_blocked, id=106771, stack(0x00000001422a3000,0x00000001423a3000)]
  0x00007f84468cd000 JavaThread "pool-6-thread-7" [_thread_blocked, id=99847, stack(0x00000001421a0000,0x00000001422a0000)]
  0x00007f844d2da000 JavaThread "pool-6-thread-6" [_thread_blocked, id=27407, stack(0x000000014209d000,0x000000014219d000)]
  0x00007f844d081800 JavaThread "pool-6-thread-5" [_thread_blocked, id=101895, stack(0x0000000141d98000,0x0000000141e98000)]
  0x00007f844d081000 JavaThread "pool-6-thread-4" [_thread_blocked, id=101647, stack(0x0000000141c95000,0x0000000141d95000)]
  0x00007f844d2e0000 JavaThread "pool-6-thread-3" [_thread_blocked, id=89367, stack(0x0000000141b92000,0x0000000141c92000)]
  0x00007f844d11c000 JavaThread "pool-6-thread-2" [_thread_blocked, id=62987, stack(0x0000000141a8f000,0x0000000141b8f000)]
  0x00007f844d029000 JavaThread "pool-6-thread-1" [_thread_blocked, id=85799, stack(0x0000000141883000,0x0000000141983000)]
  0x00007f8452270000 JavaThread "SyntheticaAnimation 70" daemon [_thread_blocked, id=105735, stack(0x000000013a7e3000,0x000000013a8e3000)]
  0x00007f844c14f800 JavaThread "pool-5-thread-10" [_thread_blocked, id=97795, stack(0x000000013f9fb000,0x000000013fafb000)]
  0x00007f844c14e800 JavaThread "pool-5-thread-9" [_thread_blocked, id=97283, stack(0x000000013f8f8000,0x000000013f9f8000)]
  0x00007f844c14e000 JavaThread "pool-5-thread-8" [_thread_blocked, id=96771, stack(0x000000013f7f5000,0x000000013f8f5000)]
  0x00007f844c14d000 JavaThread "pool-5-thread-7" [_thread_blocked, id=96259, stack(0x000000013f6f2000,0x000000013f7f2000)]
  0x00007f844c14c800 JavaThread "pool-5-thread-6" [_thread_blocked, id=95747, stack(0x000000013f5ef000,0x000000013f6ef000)]
  0x00007f844b198000 JavaThread "pool-5-thread-5" [_thread_blocked, id=95235, stack(0x000000013f4ec000,0x000000013f5ec000)]
  0x00007f844b168000 JavaThread "pool-5-thread-4" [_thread_blocked, id=94723, stack(0x000000013f3e9000,0x000000013f4e9000)]
  0x00007f844b167000 JavaThread "pool-5-thread-3" [_thread_blocked, id=94211, stack(0x000000013f2e6000,0x000000013f3e6000)]
  0x00007f844b166800 JavaThread "pool-5-thread-2" [_thread_blocked, id=93699, stack(0x000000013f1e3000,0x000000013f2e3000)]
  0x00007f844b15d800 JavaThread "pool-5-thread-1" [_thread_blocked, id=92679, stack(0x000000013d5f8000,0x000000013d6f8000)]
  0x00007f8451a95800 JavaThread "Timer-0" daemon [_thread_blocked, id=93191, stack(0x000000013e8c9000,0x000000013e9c9000)]
  0x00007f844fa97800 JavaThread "SyntheticaAnimation 30" daemon [_thread_blocked, id=88071, stack(0x0000000137f56000,0x0000000138056000)]
  0x00007f8452105800 JavaThread "SyntheticaAnimation 60" daemon [_thread_blocked, id=63495, stack(0x000000012ea77000,0x000000012eb77000)]
  0x00007f8451dbc000 JavaThread "SwingWorker-pool-4-thread-10" daemon [_thread_blocked, id=87323, stack(0x0000000139818000,0x0000000139918000)]
  0x00007f8451f00800 JavaThread "SwingWorker-pool-4-thread-9" daemon [_thread_blocked, id=57351, stack(0x000000012eb7a000,0x000000012ec7a000)]
  0x00007f8451f52000 JavaThread "SwingWorker-pool-4-thread-8" daemon [_thread_blocked, id=56839, stack(0x000000012c9dd000,0x000000012cadd000)]
  0x00007f843b1e6000 JavaThread "SyntheticaAnimation 50" daemon [_thread_blocked, id=83975, stack(0x0000000134d36000,0x0000000134e36000)]
  0x00007f84510b1000 JavaThread "DestroyJavaVM" [_thread_blocked, id=6403, stack(0x000000010793e000,0x0000000107a3e000)]
  0x00007f844d902000 JavaThread "Thread-28" daemon [_thread_blocked, id=84995, stack(0x0000000134186000,0x0000000134286000)]
  0x00007f844cab4000 JavaThread "SwingWorker-pool-4-thread-7" daemon [_thread_blocked, id=84499, stack(0x0000000134083000,0x0000000134183000)]
  0x00007f844f09e800 JavaThread "SwingWorker-pool-4-thread-6" daemon [_thread_blocked, id=83459, stack(0x0000000133bb4000,0x0000000133cb4000)]
  0x00007f844c0d6800 JavaThread "SwingWorker-pool-4-thread-5" daemon [_thread_blocked, id=82947, stack(0x0000000133ab1000,0x0000000133bb1000)]
  0x00007f84520d1800 JavaThread "SwingWorker-pool-4-thread-4" daemon [_thread_blocked, id=82435, stack(0x00000001339ae000,0x0000000133aae000)]
  0x00007f845206d000 JavaThread "SwingWorker-pool-4-thread-3" daemon [_thread_blocked, id=81927, stack(0x00000001338ab000,0x00000001339ab000)]
  0x00007f845081f800 JavaThread "SwingWorker-pool-4-thread-2" daemon [_thread_blocked, id=79123, stack(0x0000000132b39000,0x0000000132c39000)]
  0x00007f84510b0800 JavaThread "TimerQueue" daemon [_thread_blocked, id=76803, stack(0x00000001328e8000,0x00000001329e8000)]
  0x00007f844f879000 JavaThread "SwingWorker-pool-4-thread-1" daemon [_thread_blocked, id=74759, stack(0x00000001324dc000,0x00000001325dc000)]
  0x00007f844d90d800 JavaThread "qtp771744259-46 Acceptor5 SelectChannelConnector@0.0.0.0:40001" [_thread_blocked, id=74243, stack(0x00000001323d9000,0x00000001324d9000)]
  0x00007f8450a0a000 JavaThread "RMI Scheduler(0)" daemon [_thread_blocked, id=73731, stack(0x00000001322d6000,0x00000001323d6000)]
  0x00007f8451da3800 JavaThread "Thread-19" daemon [_thread_blocked, id=72195, stack(0x0000000131fcd000,0x00000001320cd000)]
  0x00007f8451e00000 JavaThread "qtp771744259-41 Acceptor4 SelectChannelConnector@0.0.0.0:40001" [_thread_in_native, id=71683, stack(0x0000000131eca000,0x0000000131fca000)]
  0x00007f8451e94000 JavaThread "qtp771744259-40 Acceptor3 SelectChannelConnector@0.0.0.0:40001" [_thread_blocked, id=71171, stack(0x0000000131dc7000,0x0000000131ec7000)]
  0x00007f8451e6b800 JavaThread "qtp771744259-39 Acceptor2 SelectChannelConnector@0.0.0.0:40001" [_thread_blocked, id=70659, stack(0x0000000131cc4000,0x0000000131dc4000)]
  0x00007f8451a38000 JavaThread "qtp771744259-38 Acceptor1 SelectChannelConnector@0.0.0.0:40001" [_thread_blocked, id=70147, stack(0x0000000131bc1000,0x0000000131cc1000)]
  0x00007f8451975800 JavaThread "qtp771744259-37 Acceptor0 SelectChannelConnector@0.0.0.0:40001" [_thread_blocked, id=69635, stack(0x0000000131abe000,0x0000000131bbe000)]
  0x00007f8451946000 JavaThread "qtp771744259-36 Selector5" [_thread_in_native, id=69123, stack(0x00000001319bb000,0x0000000131abb000)]
  0x00007f8451dc5000 JavaThread "qtp771744259-35 Selector4" [_thread_in_native, id=68611, stack(0x00000001318b8000,0x00000001319b8000)]
  0x00007f8451de5000 JavaThread "qtp771744259-34 Selector3" [_thread_in_native, id=68099, stack(0x00000001317b5000,0x00000001318b5000)]
  0x00007f8451a1a800 JavaThread "qtp771744259-33 Selector2" [_thread_in_native, id=67587, stack(0x00000001316b2000,0x00000001317b2000)]
  0x00007f8451a08000 JavaThread "qtp771744259-32 Selector1" [_thread_in_native, id=67075, stack(0x00000001315af000,0x00000001316af000)]
  0x00007f84519ab800 JavaThread "qtp771744259-31 Selector0" [_thread_in_native, id=66563, stack(0x00000001314ac000,0x00000001315ac000)]
  0x00007f844f93f800 JavaThread "Thread-7" daemon [_thread_in_native, id=66051, stack(0x00000001313a9000,0x00000001314a9000)]
  0x00007f843b085000 JavaThread "server-timer" daemon [_thread_blocked, id=65539, stack(0x00000001312a6000,0x00000001313a6000)]
  0x00007f844b6f2000 JavaThread "Thread-5" daemon [_thread_in_native, id=65027, stack(0x0000000130eef000,0x0000000130fef000)]
  0x00007f84518e2800 JavaThread "SyntheticaCleanerThread" daemon [_thread_blocked, id=64519, stack(0x00000001311a3000,0x00000001312a3000)]
  0x00007f844f969800 JavaThread "File Watcher" daemon [_thread_blocked, id=62467, stack(0x000000012e58c000,0x000000012e68c000)]
  0x00007f844f97c000 JavaThread "Thread-1" daemon [_thread_in_native, id=60419, stack(0x000000012e489000,0x000000012e589000)]
  0x00007f844f864000 JavaThread "AWT-EventQueue-0" [_thread_blocked, id=54275, stack(0x000000012adbd000,0x000000012aebd000)]
  0x00007f844d81f000 JavaThread "Java2D Disposer" daemon [_thread_blocked, id=53251, stack(0x000000012a676000,0x000000012a776000)]
=>0x00007f84510b4800 JavaThread "Java2D Queue Flusher" daemon [_thread_in_native, id=50183, stack(0x0000000129b2c000,0x0000000129c2c000)]
  0x00007f84510c1800 JavaThread "RequestProcessor queue manager" daemon [_thread_blocked, id=48903, stack(0x0000000129a29000,0x0000000129b29000)]
  0x00007f844f009000 JavaThread "AWT-Shutdown" [_thread_blocked, id=37123, stack(0x0000000127044000,0x0000000127144000)]
  0x00007f844e92d800 JavaThread "AWT-AppKit" daemon [_thread_in_native, id=1799, stack(0x00007fff5864f000,0x00007fff58e4f000)]
  0x00007f844e916800 JavaThread "CLI Requests Server" daemon [_thread_in_native, id=31747, stack(0x0000000125a63000,0x0000000125b63000)]
  0x00007f844e90d800 JavaThread "Active Reference Queue Daemon" daemon [_thread_blocked, id=31235, stack(0x0000000125960000,0x0000000125a60000)]
  0x00007f844e83c800 JavaThread "Service Thread" daemon [_thread_blocked, id=30211, stack(0x0000000125543000,0x0000000125643000)]
  0x00007f844e83b800 JavaThread "C2 CompilerThread1" daemon [_thread_blocked, id=29699, stack(0x0000000125440000,0x0000000125540000)]
  0x00007f844e806000 JavaThread "C2 CompilerThread0" daemon [_thread_blocked, id=29187, stack(0x000000012533d000,0x000000012543d000)]
  0x00007f844e809000 JavaThread "Signal Dispatcher" daemon [_thread_blocked, id=27655, stack(0x000000012523a000,0x000000012533a000)]
  0x00007f844c85e000 JavaThread "Finalizer" daemon [_thread_in_native, id=24067, stack(0x0000000124fea000,0x00000001250ea000)]
  0x00007f844c85d000 JavaThread "Reference Handler" daemon [_thread_blocked, id=23555, stack(0x0000000124ee7000,0x0000000124fe7000)]

Other Threads:
  0x00007f844c85a800 VMThread [stack: 0x0000000124de4000,0x0000000124ee4000] [id=23043]
  0x00007f844e808800 WatcherThread [stack: 0x0000000125646000,0x0000000125746000] [id=30723]

VM state:not at safepoint (normal execution)

VM Mutex/Monitor currently owned by a thread: None

Heap
 PSYoungGen      total 1864704K, used 466607K [0x0000000755500000, 0x0000000800000000, 0x0000000800000000)
  eden space 932864K, 0% used [0x0000000755500000,0x0000000755a06af0,0x000000078e400000)
  from space 931840K, 49% used [0x00000007c7200000,0x00000007e34a5228,0x0000000800000000)
  to   space 931840K, 0% used [0x000000078e400000,0x000000078e400000,0x00000007c7200000)
 ParOldGen       total 4819456K, used 3906906K [0x0000000600000000, 0x0000000726280000, 0x0000000755500000)
  object space 4819456K, 81% used [0x0000000600000000,0x00000006ee7569f8,0x0000000726280000)
 PSPermGen       total 196608K, used 61865K [0x00000005c0000000, 0x00000005cc000000, 0x0000000600000000)
  object space 196608K, 31% used [0x00000005c0000000,0x00000005c3c6a780,0x00000005cc000000)

Card table byte_map: [0x000000010abd3000,0x000000010bdd4000] byte_map_base: 0x0000000107dd3000

Polling page: 0x0000000107a7d000

Code Cache  [0x0000000107b13000, 0x00000001080a3000, 0x000000010ab13000)
 total_blobs=2781 nmethods=1784 adapters=950 free_code_cache=43560Kb largest_free_block=44527360

Compilation events (10 events):
Event: 1547.813 Thread 0x00007f844e806000 2000             java.util.LinkedList$ListItr::<init> (52 bytes)
Event: 1547.815 Thread 0x00007f844e806000 nmethod 2000 0x00000001080888d0 code [0x0000000108088a20, 0x0000000108088b58]
Event: 1932.689 Thread 0x00007f844e83b800 2001             java.awt.geom.AffineTransform::transform (634 bytes)
Event: 1932.717 Thread 0x00007f844e83b800 nmethod 2001 0x000000010809a790 code [0x000000010809a920, 0x000000010809bb28]
Event: 1932.973 Thread 0x00007f844e806000 2002   !         java.awt.GradientPaintContext::<init> (649 bytes)
Event: 1932.995 Thread 0x00007f844e806000 nmethod 2002 0x000000010808fad0 code [0x000000010808fdc0, 0x0000000108091130]
Event: 1952.279 Thread 0x00007f844e83b800 2003 %           java.awt.EventDispatchThread::pumpEventsForFilter @ 10 (47 bytes)
Event: 1952.282 Thread 0x00007f844e83b800 nmethod 2003% 0x0000000108088290 code [0x0000000108088400, 0x00000001080886c8]
Event: 1955.268 Thread 0x00007f844e806000 2004             sun.lwawt.LWComponentPeer::getPeerTreeLock (4 bytes)
Event: 1955.268 Thread 0x00007f844e806000 nmethod 2004 0x000000010808d690 code [0x000000010808d7c0, 0x000000010808d818]

GC Heap History (10 events):
Event: 71.975 GC heap before
{Heap before GC invocations=27 (full 7):
 PSYoungGen      total 1864704K, used 1185965K [0x0000000755500000, 0x0000000800000000, 0x0000000800000000)
  eden space 932864K, 99% used [0x0000000755500000,0x000000078e359158,0x000000078e400000)
  from space 931840K, 27% used [0x000000078e400000,0x000000079dbd24e0,0x00000007c7200000)
  to   space 931840K, 0% used [0x00000007c7200000,0x00000007c7200000,0x0000000800000000)
 ParOldGen       total 4819456K, used 3250676K [0x0000000600000000, 0x0000000726280000, 0x0000000755500000)
  object space 4819456K, 67% used [0x0000000600000000,0x00000006c667d0b8,0x0000000726280000)
 PSPermGen       total 196608K, used 61449K [0x00000005c0000000, 0x00000005cc000000, 0x0000000600000000)
  object space 196608K, 31% used [0x00000005c0000000,0x00000005c3c02498,0x00000005cc000000)
Event: 72.068 GC heap after
Heap after GC invocations=27 (full 7):
 PSYoungGen      total 1823744K, used 265386K [0x0000000755500000, 0x00000007fd800000, 0x0000000800000000)
  eden space 932864K, 0% used [0x0000000755500000,0x0000000755500000,0x000000078e400000)
  from space 890880K, 29% used [0x00000007c7200000,0x00000007d752ab80,0x00000007fd800000)
  to   space 911360K, 0% used [0x000000078e400000,0x000000078e400000,0x00000007c5e00000)
 ParOldGen       total 4819456K, used 3468100K [0x0000000600000000, 0x0000000726280000, 0x0000000755500000)
  object space 4819456K, 71% used [0x0000000600000000,0x00000006d3ad1098,0x0000000726280000)
 PSPermGen       total 196608K, used 61449K [0x00000005c0000000, 0x00000005cc000000, 0x0000000600000000)
  object space 196608K, 31% used [0x00000005c0000000,0x00000005c3c02498,0x00000005cc000000)
}
Event: 74.109 GC heap before
{Heap before GC invocations=28 (full 7):
 PSYoungGen      total 1823744K, used 1198055K [0x0000000755500000, 0x00000007fd800000, 0x0000000800000000)
  eden space 932864K, 99% used [0x0000000755500000,0x000000078e3cf1a8,0x000000078e400000)
  from space 890880K, 29% used [0x00000007c7200000,0x00000007d752ab80,0x00000007fd800000)
  to   space 911360K, 0% used [0x000000078e400000,0x000000078e400000,0x00000007c5e00000)
 ParOldGen       total 4819456K, used 3472685K [0x0000000600000000, 0x0000000726280000, 0x0000000755500000)
  object space 4819456K, 72% used [0x0000000600000000,0x00000006d3f4b438,0x0000000726280000)
 PSPermGen       total 196608K, used 61452K [0x00000005c0000000, 0x00000005cc000000, 0x0000000600000000)
  object space 196608K, 31% used [0x00000005c0000000,0x00000005c3c03028,0x00000005cc000000)
Event: 74.204 GC heap after
Heap after GC invocations=28 (full 7):
 PSYoungGen      total 1844224K, used 480288K [0x0000000755500000, 0x00000007ff500000, 0x0000000800000000)
  eden space 932864K, 0% used [0x0000000755500000,0x0000000755500000,0x000000078e400000)
  from space 911360K, 52% used [0x000000078e400000,0x00000007ab908070,0x00000007c5e00000)
  to   space 895488K, 0% used [0x00000007c8a80000,0x00000007c8a80000,0x00000007ff500000)
 ParOldGen       total 4819456K, used 3472685K [0x0000000600000000, 0x0000000726280000, 0x0000000755500000)
  object space 4819456K, 72% used [0x0000000600000000,0x00000006d3f4b438,0x0000000726280000)
 PSPermGen       total 196608K, used 61452K [0x00000005c0000000, 0x00000005cc000000, 0x0000000600000000)
  object space 196608K, 31% used [0x00000005c0000000,0x00000005c3c03028,0x00000005cc000000)
}
Event: 75.851 GC heap before
{Heap before GC invocations=29 (full 7):
 PSYoungGen      total 1844224K, used 1413152K [0x0000000755500000, 0x00000007ff500000, 0x0000000800000000)
  eden space 932864K, 100% used [0x0000000755500000,0x000000078e400000,0x000000078e400000)
  from space 911360K, 52% used [0x000000078e400000,0x00000007ab908070,0x00000007c5e00000)
  to   space 895488K, 0% used [0x00000007c8a80000,0x00000007c8a80000,0x00000007ff500000)
 ParOldGen       total 4819456K, used 3474975K [0x0000000600000000, 0x0000000726280000, 0x0000000755500000)
  object space 4819456K, 72% used [0x0000000600000000,0x00000006d4187c68,0x0000000726280000)
 PSPermGen       total 196608K, used 61479K [0x00000005c0000000, 0x00000005cc000000, 0x0000000600000000)
  object space 196608K, 31% used [0x00000005c0000000,0x00000005c3c09f30,0x00000005cc000000)
Event: 75.956 GC heap after
Heap after GC invocations=29 (full 7):
 PSYoungGen      total 1830400K, used 621088K [0x0000000755500000, 0x0000000800000000, 0x0000000800000000)
  eden space 934912K, 0% used [0x0000000755500000,0x0000000755500000,0x000000078e600000)
  from space 895488K, 69% used [0x00000007c8a80000,0x00000007ee908340,0x00000007ff500000)
  to   space 930816K, 0% used [0x000000078e600000,0x000000078e600000,0x00000007c7300000)
 ParOldGen       total 4819456K, used 3474975K [0x0000000600000000, 0x0000000726280000, 0x0000000755500000)
  object space 4819456K, 72% used [0x0000000600000000,0x00000006d4187c68,0x0000000726280000)
 PSPermGen       total 196608K, used 61479K [0x00000005c0000000, 0x00000005cc000000, 0x0000000600000000)
  object space 196608K, 31% used [0x00000005c0000000,0x00000005c3c09f30,0x00000005cc000000)
}
Event: 77.757 GC heap before
{Heap before GC invocations=30 (full 7):
 PSYoungGen      total 1830400K, used 1555926K [0x0000000755500000, 0x0000000800000000, 0x0000000800000000)
  eden space 934912K, 99% used [0x0000000755500000,0x000000078e5ed530,0x000000078e600000)
  from space 895488K, 69% used [0x00000007c8a80000,0x00000007ee908340,0x00000007ff500000)
  to   space 930816K, 0% used [0x000000078e600000,0x000000078e600000,0x00000007c7300000)
 ParOldGen       total 4819456K, used 3474975K [0x0000000600000000, 0x0000000726280000, 0x0000000755500000)
  object space 4819456K, 72% used [0x0000000600000000,0x00000006d4187c68,0x0000000726280000)
 PSPermGen       total 196608K, used 61531K [0x00000005c0000000, 0x00000005cc000000, 0x0000000600000000)
  object space 196608K, 31% used [0x00000005c0000000,0x00000005c3c16fb8,0x00000005cc000000)
Event: 77.890 GC heap after
Heap after GC invocations=30 (full 7):
 PSYoungGen      total 1741312K, used 806281K [0x0000000755500000, 0x0000000800000000, 0x0000000800000000)
  eden space 934912K, 0% used [0x0000000755500000,0x0000000755500000,0x000000078e600000)
  from space 806400K, 99% used [0x000000078e600000,0x00000007bf962650,0x00000007bf980000)
  to   space 931840K, 0% used [0x00000007c7200000,0x00000007c7200000,0x0000000800000000)
 ParOldGen       total 4819456K, used 3474975K [0x0000000600000000, 0x0000000726280000, 0x0000000755500000)
  object space 4819456K, 72% used [0x0000000600000000,0x00000006d4187c68,0x0000000726280000)
 PSPermGen       total 196608K, used 61531K [0x00000005c0000000, 0x00000005cc000000, 0x0000000600000000)
  object space 196608K, 31% used [0x00000005c0000000,0x00000005c3c16fb8,0x00000005cc000000)
}
Event: 1956.036 GC heap before
{Heap before GC invocations=31 (full 7):
 PSYoungGen      total 1741312K, used 1741052K [0x0000000755500000, 0x0000000800000000, 0x0000000800000000)
  eden space 934912K, 99% used [0x0000000755500000,0x000000078e5dcd00,0x000000078e600000)
  from space 806400K, 99% used [0x000000078e600000,0x00000007bf962650,0x00000007bf980000)
  to   space 931840K, 0% used [0x00000007c7200000,0x00000007c7200000,0x0000000800000000)
 ParOldGen       total 4819456K, used 3474975K [0x0000000600000000, 0x0000000726280000, 0x0000000755500000)
  object space 4819456K, 72% used [0x0000000600000000,0x00000006d4187c68,0x0000000726280000)
 PSPermGen       total 196608K, used 61865K [0x00000005c0000000, 0x00000005cc000000, 0x0000000600000000)
  object space 196608K, 31% used [0x00000005c0000000,0x00000005c3c6a780,0x00000005cc000000)
Event: 1956.169 GC heap after
Heap after GC invocations=31 (full 7):
 PSYoungGen      total 1864704K, used 461460K [0x0000000755500000, 0x0000000800000000, 0x0000000800000000)
  eden space 932864K, 0% used [0x0000000755500000,0x0000000755500000,0x000000078e400000)
  from space 931840K, 49% used [0x00000007c7200000,0x00000007e34a5228,0x0000000800000000)
  to   space 931840K, 0% used [0x000000078e400000,0x000000078e400000,0x00000007c7200000)
 ParOldGen       total 4819456K, used 3906906K [0x0000000600000000, 0x0000000726280000, 0x0000000755500000)
  object space 4819456K, 81% used [0x0000000600000000,0x00000006ee7569f8,0x0000000726280000)
 PSPermGen       total 196608K, used 61865K [0x00000005c0000000, 0x00000005cc000000, 0x0000000600000000)
  object space 196608K, 31% used [0x00000005c0000000,0x00000005c3c6a780,0x00000005cc000000)
}

Deoptimization events (10 events):
Event: 154.837 Thread 0x00007f844f864000 Uncommon trap: reason=class_check action=maybe_recompile pc=0x0000000107fcf44c method=sun.java2d.pipe.AlphaColorPipe.renderPathTile(Ljava/lang/Object;[BIIIIII)V @ 35
Event: 154.837 Thread 0x00007f844f864000 Uncommon trap: reason=class_check action=maybe_recompile pc=0x0000000107fcf44c method=sun.java2d.pipe.AlphaColorPipe.renderPathTile(Ljava/lang/Object;[BIIIIII)V @ 35
Event: 154.857 Thread 0x00007f844f864000 Uncommon trap: reason=unreached action=reinterpret pc=0x0000000107e0fa6c method=sun.java2d.pipe.AlphaPaintPipe.renderPathTile(Ljava/lang/Object;[BIIIIII)V @ 38
Event: 154.864 Thread 0x00007f844f864000 Uncommon trap: reason=class_check action=maybe_recompile pc=0x0000000107fcf44c method=sun.java2d.pipe.AlphaColorPipe.renderPathTile(Ljava/lang/Object;[BIIIIII)V @ 35
Event: 154.953 Thread 0x00007f844f864000 Uncommon trap: reason=class_check action=maybe_recompile pc=0x0000000107f67dbc method=sun.awt.image.SurfaceManager.getImageScale(Ljava/awt/Image;)I @ 18
Event: 154.953 Thread 0x00007f844f864000 Uncommon trap: reason=unloaded action=reinterpret pc=0x000000010802c650 method=sun.java2d.SunGraphics2D.validatePipe()V @ 10
Event: 155.301 Thread 0x00007f844f864000 Uncommon trap: reason=class_check action=maybe_recompile pc=0x0000000107f67dbc method=sun.awt.image.SurfaceManager.getImageScale(Ljava/awt/Image;)I @ 18
Event: 1932.187 Thread 0x00007f844e92d800 Uncommon trap: reason=bimorphic action=maybe_recompile pc=0x0000000107f93504 method=java.util.HashMap.removeEntryForKey(Ljava/lang/Object;)Ljava/util/HashMap$Entry; @ 85
Event: 1932.700 Thread 0x00007f844f864000 Uncommon trap: reason=class_check action=maybe_recompile pc=0x0000000107f67dbc method=sun.awt.image.SurfaceManager.getImageScale(Ljava/awt/Image;)I @ 18
Event: 1933.045 Thread 0x00007f844f864000 Uncommon trap: reason=class_check action=maybe_recompile pc=0x0000000107f67dbc method=sun.awt.image.SurfaceManager.getImageScale(Ljava/awt/Image;)I @ 18

Internal exceptions (10 events):
Event: 154.856 Thread 0x00007f844fa8f000 Threw 0x000000076fa0b310 at /HUDSON/workspace/7u-2-build-macosx-x86_64/jdk7u67/1368/hotspot/src/share/vm/prims/jvm.cpp:1244
Event: 154.857 Thread 0x00007f844f864000 Implicit null exception at 0x0000000107e0d10f to 0x0000000107e0fa21
Event: 155.296 Thread 0x00007f844fa8f000 Threw 0x000000076fa10128 at /HUDSON/workspace/7u-2-build-macosx-x86_64/jdk7u67/1368/hotspot/src/share/vm/prims/jvm.cpp:1244
Event: 155.296 Thread 0x00007f844fa8f000 Threw 0x0000000773d5bc90 at /HUDSON/workspace/7u-2-build-macosx-x86_64/jdk7u67/1368/hotspot/src/share/vm/prims/jvm.cpp:1244
Event: 1932.657 Thread 0x00007f844da52800 Threw 0x00000007849f12e8 at /HUDSON/workspace/7u-2-build-macosx-x86_64/jdk7u67/1368/hotspot/src/share/vm/prims/jvm.cpp:1244
Event: 1932.657 Thread 0x00007f844da52800 Threw 0x00000007849f36c0 at /HUDSON/workspace/7u-2-build-macosx-x86_64/jdk7u67/1368/hotspot/src/share/vm/prims/jvm.cpp:1244
Event: 1932.987 Thread 0x00007f844da52800 Threw 0x0000000784a10590 at /HUDSON/workspace/7u-2-build-macosx-x86_64/jdk7u67/1368/hotspot/src/share/vm/prims/jvm.cpp:1244
Event: 1932.987 Thread 0x00007f844da52800 Threw 0x0000000784a12968 at /HUDSON/workspace/7u-2-build-macosx-x86_64/jdk7u67/1368/hotspot/src/share/vm/prims/jvm.cpp:1244
Event: 1956.170 Thread 0x00007f844da52800 Threw 0x00000007556a68f8 at /HUDSON/workspace/7u-2-build-macosx-x86_64/jdk7u67/1368/hotspot/src/share/vm/prims/jvm.cpp:1244
Event: 1956.170 Thread 0x00007f844da52800 Threw 0x00000007556a8cd0 at /HUDSON/workspace/7u-2-build-macosx-x86_64/jdk7u67/1368/hotspot/src/share/vm/prims/jvm.cpp:1244

Events (10 events):
Event: 1952.783 Thread 0x00007f8450983800 Thread added: 0x00007f8450983800
Event: 1956.036 Executing VM operation: ParallelGCFailedAllocation
Event: 1956.169 Executing VM operation: ParallelGCFailedAllocation done
Event: 1956.170 loading class 0x00007f84528014a0
Event: 1956.170 loading class 0x00007f84528014a0 done
Event: 1956.171 Thread 0x00007f8452116000 Thread added: 0x00007f8452116000
Event: 1956.181 Executing VM operation: RevokeBias
Event: 1956.181 Executing VM operation: RevokeBias done
Event: 1956.181 Executing VM operation: ThreadDump
Event: 1956.182 Executing VM operation: ThreadDump done


Dynamic libraries:
0x00000000046ec000 	/System/Library/Frameworks/Cocoa.framework/Versions/A/Cocoa
0x00000000046ec000 	/System/Library/Frameworks/Security.framework/Versions/A/Security
0x00000000046ec000 	/System/Library/Frameworks/ApplicationServices.framework/Versions/A/ApplicationServices
0x00000000046ec000 	/usr/lib/libz.1.dylib
0x00000000046ec000 	/usr/lib/libSystem.B.dylib
0x00000000046ec000 	/usr/lib/libobjc.A.dylib
0x00000000046ec000 	/System/Library/Frameworks/CoreFoundation.framework/Versions/A/CoreFoundation
0x00000000046ec000 	/System/Library/Frameworks/Foundation.framework/Versions/C/Foundation
0x00000000046ec000 	/System/Library/Frameworks/AppKit.framework/Versions/C/AppKit
0x00000000046ec000 	/System/Library/Frameworks/CoreData.framework/Versions/A/CoreData
0x00000000046ec000 	/System/Library/PrivateFrameworks/RemoteViewServices.framework/Versions/A/RemoteViewServices
0x00000000046ec000 	/System/Library/Frameworks/AudioToolbox.framework/Versions/A/AudioToolbox
0x00000000046ec000 	/System/Library/Frameworks/AudioUnit.framework/Versions/A/AudioUnit
0x00000000046ec000 	/System/Library/PrivateFrameworks/DataDetectorsCore.framework/Versions/A/DataDetectorsCore
0x00000000046ec000 	/System/Library/PrivateFrameworks/DesktopServicesPriv.framework/Versions/A/DesktopServicesPriv
0x00000000046ec000 	/System/Library/Frameworks/Carbon.framework/Versions/A/Frameworks/HIToolbox.framework/Versions/A/HIToolbox
0x00000000046ec000 	/System/Library/Frameworks/QuartzCore.framework/Versions/A/QuartzCore
0x00000000046ec000 	/System/Library/Frameworks/Carbon.framework/Versions/A/Frameworks/SpeechRecognition.framework/Versions/A/SpeechRecognition
0x00000000046ec000 	/usr/lib/libauto.dylib
0x00000000046ec000 	/usr/lib/libicucore.A.dylib
0x00000000046ec000 	/usr/lib/libxml2.2.dylib
0x00000000046ec000 	/System/Library/PrivateFrameworks/CoreUI.framework/Versions/A/CoreUI
0x00000000046ec000 	/System/Library/Frameworks/CoreAudio.framework/Versions/A/CoreAudio
0x00000000046ec000 	/System/Library/Frameworks/DiskArbitration.framework/Versions/A/DiskArbitration
0x00000000046ec000 	/usr/lib/liblangid.dylib
0x00000000046ec000 	/System/Library/PrivateFrameworks/MultitouchSupport.framework/Versions/A/MultitouchSupport
0x00000000046ec000 	/System/Library/Frameworks/IOKit.framework/Versions/A/IOKit
0x00000000046ec000 	/usr/lib/libDiagnosticMessagesClient.dylib
0x00000000046ec000 	/System/Library/Frameworks/CoreServices.framework/Versions/A/CoreServices
0x00000000046ec000 	/System/Library/PrivateFrameworks/PerformanceAnalysis.framework/Versions/A/PerformanceAnalysis
0x00000000046ec000 	/System/Library/PrivateFrameworks/GenerationalStorage.framework/Versions/A/GenerationalStorage
0x00000000046ec000 	/System/Library/Frameworks/OpenGL.framework/Versions/A/OpenGL
0x00000000046ec000 	/System/Library/Frameworks/CoreText.framework/Versions/A/CoreText
0x00000000046ec000 	/System/Library/Frameworks/ImageIO.framework/Versions/A/ImageIO
0x00000000046ec000 	/System/Library/PrivateFrameworks/Backup.framework/Versions/A/Backup
0x00000000046ec000 	/System/Library/Frameworks/CFNetwork.framework/Versions/A/CFNetwork
0x00000000046ec000 	/System/Library/Frameworks/SystemConfiguration.framework/Versions/A/SystemConfiguration
0x00000000046ec000 	/usr/lib/libCRFSuite.dylib
0x00000000046ec000 	/System/Library/PrivateFrameworks/TCC.framework/Versions/A/TCC
0x00000000046ec000 	/usr/lib/libc++.1.dylib
0x00000000046ec000 	/usr/lib/libc++abi.dylib
0x00000000046ec000 	/usr/lib/system/libcache.dylib
0x00000000046ec000 	/usr/lib/system/libcommonCrypto.dylib
0x00000000046ec000 	/usr/lib/system/libcompiler_rt.dylib
0x00000000046ec000 	/usr/lib/system/libcopyfile.dylib
0x00000000046ec000 	/usr/lib/system/libdispatch.dylib
0x00000000046ec000 	/usr/lib/system/libdnsinfo.dylib
0x00000000046ec000 	/usr/lib/system/libdyld.dylib
0x00000000046ec000 	/usr/lib/system/libkeymgr.dylib
0x00000000046ec000 	/usr/lib/system/liblaunch.dylib
0x00000000046ec000 	/usr/lib/system/libmacho.dylib
0x00000000046ec000 	/usr/lib/system/libquarantine.dylib
0x00000000046ec000 	/usr/lib/system/libremovefile.dylib
0x00000000046ec000 	/usr/lib/system/libsystem_blocks.dylib
0x00000000046ec000 	/usr/lib/system/libsystem_c.dylib
0x00000000046ec000 	/usr/lib/system/libsystem_dnssd.dylib
0x00000000046ec000 	/usr/lib/system/libsystem_info.dylib
0x00000000046ec000 	/usr/lib/system/libsystem_kernel.dylib
0x00000000046ec000 	/usr/lib/system/libsystem_m.dylib
0x00000000046ec000 	/usr/lib/system/libsystem_network.dylib
0x00000000046ec000 	/usr/lib/system/libsystem_notify.dylib
0x00000000046ec000 	/usr/lib/system/libsystem_sandbox.dylib
0x00000000046ec000 	/usr/lib/system/libunc.dylib
0x00000000046ec000 	/usr/lib/system/libunwind.dylib
0x00000000046ec000 	/usr/lib/system/libxpc.dylib
0x00000000046ec000 	/usr/lib/system/libcorecrypto.dylib
0x00000000046ec000 	/usr/lib/libstdc++.6.dylib
0x00000000046ec000 	/usr/lib/libbsm.0.dylib
0x00000000046ec000 	/usr/lib/libsqlite3.dylib
0x00000000046ec000 	/usr/lib/libxar.1.dylib
0x00000000046ec000 	/usr/lib/libpam.2.dylib
0x00000000046ec000 	/usr/lib/libOpenScriptingUtil.dylib
0x00000000046ec000 	/usr/lib/libbz2.1.0.dylib
0x00000000046ec000 	/System/Library/Frameworks/CoreServices.framework/Versions/A/Frameworks/CarbonCore.framework/Versions/A/CarbonCore
0x00000000046ec000 	/System/Library/Frameworks/CoreServices.framework/Versions/A/Frameworks/Metadata.framework/Versions/A/Metadata
0x00000000046ec000 	/System/Library/Frameworks/CoreServices.framework/Versions/A/Frameworks/OSServices.framework/Versions/A/OSServices
0x00000000046ec000 	/System/Library/Frameworks/CoreServices.framework/Versions/A/Frameworks/SearchKit.framework/Versions/A/SearchKit
0x00000000046ec000 	/System/Library/Frameworks/CoreServices.framework/Versions/A/Frameworks/AE.framework/Versions/A/AE
0x00000000046ec000 	/System/Library/Frameworks/CoreServices.framework/Versions/A/Frameworks/LaunchServices.framework/Versions/A/LaunchServices
0x00000000046ec000 	/System/Library/Frameworks/CoreServices.framework/Versions/A/Frameworks/DictionaryServices.framework/Versions/A/DictionaryServices
0x00000000046ec000 	/System/Library/Frameworks/NetFS.framework/Versions/A/NetFS
0x00000000046ec000 	/usr/lib/system/libkxld.dylib
0x00000000046ec000 	/System/Library/PrivateFrameworks/NetAuth.framework/Versions/A/NetAuth
0x00000000046ec000 	/System/Library/Frameworks/OpenDirectory.framework/Versions/A/Frameworks/CFOpenDirectory.framework/Versions/A/CFOpenDirectory
0x00000000046ec000 	/usr/lib/libxslt.1.dylib
0x00000000046ec000 	/System/Library/PrivateFrameworks/FamilyControls.framework/Versions/A/FamilyControls
0x00000000046ec000 	/System/Library/Frameworks/Carbon.framework/Versions/A/Frameworks/Ink.framework/Versions/A/Ink
0x00000000046ec000 	/System/Library/Frameworks/ApplicationServices.framework/Versions/A/Frameworks/CoreGraphics.framework/Versions/A/CoreGraphics
0x00000000046ec000 	/System/Library/Frameworks/ApplicationServices.framework/Versions/A/Frameworks/ATS.framework/Versions/A/ATS
0x00000000046ec000 	/System/Library/Frameworks/ApplicationServices.framework/Versions/A/Frameworks/ColorSync.framework/Versions/A/ColorSync
0x00000000046ec000 	/System/Library/Frameworks/ApplicationServices.framework/Versions/A/Frameworks/HIServices.framework/Versions/A/HIServices
0x00000000046ec000 	/System/Library/Frameworks/ApplicationServices.framework/Versions/A/Frameworks/LangAnalysis.framework/Versions/A/LangAnalysis
0x00000000046ec000 	/System/Library/Frameworks/ApplicationServices.framework/Versions/A/Frameworks/PrintCore.framework/Versions/A/PrintCore
0x00000000046ec000 	/System/Library/Frameworks/ApplicationServices.framework/Versions/A/Frameworks/QD.framework/Versions/A/QD
0x00000000046ec000 	/System/Library/Frameworks/ApplicationServices.framework/Versions/A/Frameworks/SpeechSynthesis.framework/Versions/A/SpeechSynthesis
0x00000000046ec000 	/System/Library/Frameworks/IOSurface.framework/Versions/A/IOSurface
0x00000000046ec000 	/System/Library/Frameworks/Accelerate.framework/Versions/A/Accelerate
0x00000000046ec000 	/System/Library/Frameworks/ApplicationServices.framework/Versions/A/Frameworks/ATS.framework/Versions/A/Resources/libFontParser.dylib
0x00000000046ec000 	/System/Library/Frameworks/ApplicationServices.framework/Versions/A/Frameworks/ATS.framework/Versions/A/Resources/libFontRegistry.dylib
0x00000000046ec000 	/System/Library/Frameworks/Accelerate.framework/Versions/A/Frameworks/vImage.framework/Versions/A/vImage
0x00000000046ec000 	/System/Library/Frameworks/Accelerate.framework/Versions/A/Frameworks/vecLib.framework/Versions/A/vecLib
0x00000000046ec000 	/System/Library/Frameworks/Accelerate.framework/Versions/A/Frameworks/vecLib.framework/Versions/A/libvDSP.dylib
0x00000000046ec000 	/System/Library/Frameworks/Accelerate.framework/Versions/A/Frameworks/vecLib.framework/Versions/A/libvMisc.dylib
0x00000000046ec000 	/System/Library/Frameworks/Accelerate.framework/Versions/A/Frameworks/vecLib.framework/Versions/A/libLAPACK.dylib
0x00000000046ec000 	/System/Library/Frameworks/Accelerate.framework/Versions/A/Frameworks/vecLib.framework/Versions/A/libBLAS.dylib
0x00000000046ec000 	/System/Library/Frameworks/ImageIO.framework/Versions/A/Resources/libJPEG.dylib
0x00000000046ec000 	/System/Library/Frameworks/ImageIO.framework/Versions/A/Resources/libTIFF.dylib
0x00000000046ec000 	/System/Library/Frameworks/ImageIO.framework/Versions/A/Resources/libPng.dylib
0x00000000046ec000 	/System/Library/Frameworks/ImageIO.framework/Versions/A/Resources/libGIF.dylib
0x00000000046ec000 	/System/Library/Frameworks/ImageIO.framework/Versions/A/Resources/libJP2.dylib
0x00000000046ec000 	/System/Library/Frameworks/ImageIO.framework/Versions/A/Resources/libRadiance.dylib
0x00000000046ec000 	/usr/lib/libcups.2.dylib
0x00000000046ec000 	/System/Library/Frameworks/Kerberos.framework/Versions/A/Kerberos
0x00000000046ec000 	/System/Library/Frameworks/GSS.framework/Versions/A/GSS
0x00000000046ec000 	/usr/lib/libresolv.9.dylib
0x00000000046ec000 	/usr/lib/libiconv.2.dylib
0x00000000046ec000 	/System/Library/PrivateFrameworks/Heimdal.framework/Versions/A/Heimdal
0x00000000046ec000 	/System/Library/PrivateFrameworks/TrustEvaluationAgent.framework/Versions/A/TrustEvaluationAgent
0x00000000046ec000 	/System/Library/Frameworks/OpenDirectory.framework/Versions/A/OpenDirectory
0x00000000046ec000 	/System/Library/PrivateFrameworks/CommonAuth.framework/Versions/A/CommonAuth
0x00000000046ec000 	/System/Library/PrivateFrameworks/Bom.framework/Versions/A/Bom
0x00000000046ec000 	/System/Library/Frameworks/CoreVideo.framework/Versions/A/CoreVideo
0x00000000046ec000 	/System/Library/Frameworks/QuartzCore.framework/Versions/A/Frameworks/CoreImage.framework/Versions/A/CoreImage
0x00000000046ec000 	/System/Library/Frameworks/QuartzCore.framework/Versions/A/Frameworks/ScalableUserInterface.framework/Versions/A/ScalableUserInterface
0x00000000046ec000 	/System/Library/Frameworks/OpenGL.framework/Versions/A/Libraries/libGLU.dylib
0x00000000046ec000 	/System/Library/Frameworks/OpenGL.framework/Versions/A/Libraries/libGFXShared.dylib
0x00000000046ec000 	/System/Library/Frameworks/OpenGL.framework/Versions/A/Libraries/libGL.dylib
0x00000000046ec000 	/System/Library/Frameworks/OpenGL.framework/Versions/A/Libraries/libGLImage.dylib
0x00000000046ec000 	/System/Library/Frameworks/OpenGL.framework/Versions/A/Libraries/libCVMSPluginSupport.dylib
0x00000000046ec000 	/System/Library/Frameworks/OpenGL.framework/Versions/A/Libraries/libCoreVMClient.dylib
0x00000000046ec000 	/System/Library/PrivateFrameworks/CrashReporterSupport.framework/Versions/A/CrashReporterSupport
0x00000000046ec000 	/System/Library/Frameworks/OpenCL.framework/Versions/A/OpenCL
0x00000000046ec000 	/System/Library/PrivateFrameworks/FaceCoreLight.framework/Versions/A/FaceCoreLight
0x00000000046ec000 	/System/Library/PrivateFrameworks/AppleFSCompression.framework/Versions/A/AppleFSCompression
0x00000000046ec000 	/System/Library/PrivateFrameworks/Ubiquity.framework/Versions/A/Ubiquity
0x00000000046ec000 	/System/Library/Frameworks/ServiceManagement.framework/Versions/A/ServiceManagement
0x00000000046ec000 	/System/Library/PrivateFrameworks/ChunkingLibrary.framework/Versions/A/ChunkingLibrary
0x00000000046ec000 	/System/Library/Frameworks/vecLib.framework/Versions/A/vecLib
0x00000000046ec000 	/System/Library/Frameworks/SecurityFoundation.framework/Versions/A/SecurityFoundation
0x00000000046ec000 	/System/Library/PrivateFrameworks/CommerceKit.framework/Versions/A/Frameworks/CommerceCore.framework/Versions/A/CommerceCore
0x00000000046ec000 	/System/Library/PrivateFrameworks/CoreSymbolication.framework/Versions/A/CoreSymbolication
0x00000000046ec000 	/System/Library/PrivateFrameworks/Symbolication.framework/Versions/A/Symbolication
0x00000000046ec000 	/System/Library/PrivateFrameworks/DebugSymbols.framework/Versions/A/DebugSymbols
0x0000000106ede000 	/Library/Java/JavaVirtualMachines/jdk1.7.0_67.jdk/Contents/Home/jre/lib/server/libjvm.dylib
0x0000000107a40000 	/Library/Java/JavaVirtualMachines/jdk1.7.0_67.jdk/Contents/Home/jre/lib/libverify.dylib
0x0000000107a4d000 	/Library/Java/JavaVirtualMachines/jdk1.7.0_67.jdk/Contents/Home/jre/lib/libjava.dylib
0x0000000107b0a000 	/Library/Java/JavaVirtualMachines/jdk1.7.0_67.jdk/Contents/Home/jre/lib/libzip.dylib
0x00000001250ec000 	/System/Library/Frameworks/JavaVM.framework/Frameworks/JavaRuntimeSupport.framework/JavaRuntimeSupport
0x0000000125104000 	/System/Library/Frameworks/JavaVM.framework/Versions/A/Frameworks/JavaNativeFoundation.framework/Versions/A/JavaNativeFoundation
0x0000000125119000 	/System/Library/Frameworks/JavaVM.framework/Versions/A/JavaVM
0x00000000046ec000 	/System/Library/Frameworks/Carbon.framework/Versions/A/Carbon
0x0000000125126000 	/System/Library/PrivateFrameworks/JavaLaunching.framework/Versions/A/JavaLaunching
0x00000000046ec000 	/System/Library/Frameworks/Carbon.framework/Versions/A/Frameworks/CommonPanels.framework/Versions/A/CommonPanels
0x00000000046ec000 	/System/Library/Frameworks/Carbon.framework/Versions/A/Frameworks/Help.framework/Versions/A/Help
0x00000000046ec000 	/System/Library/Frameworks/Carbon.framework/Versions/A/Frameworks/ImageCapture.framework/Versions/A/ImageCapture
0x00000000046ec000 	/System/Library/Frameworks/Carbon.framework/Versions/A/Frameworks/OpenScripting.framework/Versions/A/OpenScripting
0x00000000046ec000 	/System/Library/Frameworks/Carbon.framework/Versions/A/Frameworks/Print.framework/Versions/A/Print
0x00000000046ec000 	/System/Library/Frameworks/Carbon.framework/Versions/A/Frameworks/SecurityHI.framework/Versions/A/SecurityHI
0x00000001257a1000 	/Library/Java/JavaVirtualMachines/jdk1.7.0_67.jdk/Contents/Home/jre/lib/libnio.dylib
0x00000001257b0000 	/Library/Java/JavaVirtualMachines/jdk1.7.0_67.jdk/Contents/Home/jre/lib/./libnet.dylib
0x0000000125b68000 	/Library/Java/JavaVirtualMachines/jdk1.7.0_67.jdk/Contents/Home/jre/lib/libawt.dylib
0x0000000125c17000 	/Library/Java/JavaVirtualMachines/jdk1.7.0_67.jdk/Contents/Home/jre/lib/./libmlib_image.dylib
0x0000000125ce3000 	/Library/Java/JavaVirtualMachines/jdk1.7.0_67.jdk/Contents/Home/jre/lib/lwawt/liblwawt.dylib
0x0000000125d97000 	/Library/Java/JavaVirtualMachines/jdk1.7.0_67.jdk/Contents/Home/jre/lib/libosxapp.dylib
0x0000000125db3000 	/System/Library/Frameworks/ExceptionHandling.framework/Versions/A/ExceptionHandling
0x00000000046ec000 	/System/Library/PrivateFrameworks/CoreServicesInternal.framework/Versions/A/CoreServicesInternal
0x00000000046ec000 	/System/Library/PrivateFrameworks/Librarian.framework/Versions/A/Librarian
0x00000000046ec000 	/System/Library/Frameworks/ApplicationServices.framework/Versions/A/Frameworks/CoreGraphics.framework/Versions/A/Resources/libCSync.A.dylib
0x00000000046ec000 	/System/Library/Frameworks/ApplicationServices.framework/Versions/A/Frameworks/CoreGraphics.framework/Versions/A/Resources/libRIP.A.dylib
0x00000000046ec000 	/System/Library/Frameworks/ApplicationServices.framework/Versions/A/Frameworks/CoreGraphics.framework/Versions/A/Resources/libCGXType.A.dylib
0x0000000129c2e000 	/System/Library/Frameworks/OpenGL.framework/Resources/GLEngine.bundle/GLEngine
0x0000000129e23000 	/System/Library/Frameworks/OpenGL.framework/Versions/A/Libraries/libGLProgrammability.dylib
0x0000000000000000 	/System/Library/Extensions/GeForceGLDriver.bundle/Contents/MacOS/GeForceGLDriver
0x00000001271a8000 	/System/Library/PrivateFrameworks/GPUSupport.framework/Versions/A/Libraries/libGPUSupport.dylib
0x00000000046ec000 	/System/Library/Extensions/GeForceGLDriver.bundle/Contents/MacOS/libclh.dylib
0x0000000129fcb000 	/System/Library/Frameworks/OpenGL.framework/Resources//GLRendererFloat.bundle/GLRendererFloat
0x0000000129fff000 	/System/Library/Frameworks/OpenCL.framework/Versions/A/Libraries/libcldcpuengine.dylib
0x00000000046ec000 	/System/Library/PrivateFrameworks/DiskImages.framework/Versions/A/DiskImages
0x00000000046ec000 	/System/Library/Frameworks/DiscRecording.framework/Versions/A/DiscRecording
0x00000000046ec000 	/usr/lib/libcurl.4.dylib
0x00000000046ec000 	/System/Library/PrivateFrameworks/MediaKit.framework/Versions/A/MediaKit
0x00000000046ec000 	/usr/lib/libssl.0.9.8.dylib
0x00000000046ec000 	/usr/lib/libcrypto.0.9.8.dylib
0x00000000046ec000 	/System/Library/Frameworks/LDAP.framework/Versions/A/LDAP
0x00000000046ec000 	/usr/lib/libsasl2.2.dylib
0x000000012ad55000 	/Library/Java/JavaVirtualMachines/jdk1.7.0_67.jdk/Contents/Home/jre/lib/libfontmanager.dylib
0x000000012caec000 	/Library/Java/JavaVirtualMachines/jdk1.7.0_67.jdk/Contents/Home/jre/lib/libjpeg.dylib
0x000000012d13c000 	/Applications/NetBeans/NetBeans 7.4.app/Contents/Resources/NetBeans/platform/modules/lib/libjnidispatch-340.jnilib
0x0000000125880000 	/Library/Java/JavaVirtualMachines/jdk1.7.0_67.jdk/Contents/Home/jre/lib/libosxui.dylib
0x000000012585f000 	/private/var/folders/jd/hvc_ck5j7n79vc6fpd9wkp845p3dj9/T/jogamp_0000/file_cache/jln2973520068274719459/jln4665124413281091149/libgluegen-rt.jnilib
0x0000000125863000 	/private/var/folders/jd/hvc_ck5j7n79vc6fpd9wkp845p3dj9/T/jogamp_0000/file_cache/jln2973520068274719459/jln4665124413281091149/libnativewindow_awt.jnilib
0x0000000125866000 	/Library/Java/JavaVirtualMachines/jdk1.7.0_67.jdk/Contents/Home/jre/lib/libjawt.dylib
0x0000000125869000 	/private/var/folders/jd/hvc_ck5j7n79vc6fpd9wkp845p3dj9/T/jogamp_0000/file_cache/jln2973520068274719459/jln4665124413281091149/libnativewindow_macosx.jnilib
0x000000012e721000 	/private/var/folders/jd/hvc_ck5j7n79vc6fpd9wkp845p3dj9/T/jogamp_0000/file_cache/jln2973520068274719459/jln4665124413281091149/libjogl_desktop.jnilib
0x00000000046ec000 	/System/Library/CoreServices/RawCamera.bundle/Contents/MacOS/RawCamera
0x00000000046ec000 	/System/Library/Frameworks/ApplicationServices.framework/Versions/A/Frameworks/ATS.framework/Versions/A/Resources/libTrueTypeScaler.dylib
0x000000012d408000 	/Library/Java/JavaVirtualMachines/jdk1.7.0_67.jdk/Contents/Home/jre/lib/libdcpr.dylib
0x000000012b7e9000 	/Library/Java/JavaVirtualMachines/jdk1.7.0_67.jdk/Contents/Home/jre/lib/libmanagement.dylib
0x000000012c3cd000 	/Library/Java/JavaVirtualMachines/jdk1.7.0_67.jdk/Contents/Home/jre/lib/libosx.dylib

VM Arguments:
jvm_args: -Djdk.home=/Library/Java/JavaVirtualMachines/jdk1.7.0_67.jdk/Contents/Home -Dnetbeans.dirs=/Users/fosterl/gitfiles/master/janelia-workstation/ConsoleApplication/build/cluster:/Applications/NetBeans/NetBeans 7.4.app/Contents/Resources/NetBeans/platform -Dnetbeans.home=/Applications/NetBeans/NetBeans 7.4.app/Contents/Resources/NetBeans/platform -Dnetbeans.logger.console=true -ea -Dapple.awt.brushMetalLook=false -XX:PermSize=192m -XX:MaxPermSize=1024m -Xms1024m -Xmx8192m -Dnetbeans.exception.report.min.level=9999 -Dnb.forceui=de.javasoft.synthetica.netbeans.SyntheticaLFCustoms -Dplugin.manager.check.interval=EVERY_DAY -Dplugin.manager.check.new.plugins=true -XX:+HeapDumpOnOutOfMemoryError -XX:HeapDumpPath=/Users/fosterl/gitfiles/master/janelia-workstation/ConsoleApplication/LargeVolumeViewerModule/../build/testuserdir/var/log/heapdump.hprof 
java_command: org.netbeans.Main --cachedir /Users/fosterl/gitfiles/master/janelia-workstation/ConsoleApplication/LargeVolumeViewerModule/../build/testuserdir/var/cache --userdir /Users/fosterl/gitfiles/master/janelia-workstation/ConsoleApplication/LargeVolumeViewerModule/../build/testuserdir --branding janeliaws
Launcher Type: SUN_STANDARD

Environment Variables:
PATH=/usr/bin:/bin:/usr/sbin:/sbin
LD_LIBRARY_PATH=/Library/Java/JavaVirtualMachines/jdk1.7.0_67.jdk/Contents/Home/jre/lib/amd64:/Library/Java/JavaVirtualMachines/jdk1.7.0_67.jdk/Contents/Home/jre/lib/i386:/Library/Java/JavaVirtualMachines/jdk1.7.0_67.jdk/Contents/Home/jre/lib/amd64:/Library/Java/JavaVirtualMachines/jdk1.7.0_67.jdk/Contents/Home/jre/lib/i386:
SHELL=/bin/bash
DISPLAY=/tmp/launch-zA1WK5/org.macosforge.xquartz:0
DYLD_LIBRARY_PATH=/Applications/NetBeans/NetBeans 7.4.app/Contents/Resources/NetBeans/webcommon/bin:

Signal Handlers:
SIGSEGV: [libjvm.dylib+0x52b6c9], sa_mask[0]=0xfffefeff, sa_flags=0x00000043
SIGBUS: [libjvm.dylib+0x52b6c9], sa_mask[0]=0xfffefeff, sa_flags=0x00000042
SIGFPE: [libjvm.dylib+0x41deaa], sa_mask[0]=0xfffefeff, sa_flags=0x00000042
SIGPIPE: [libjvm.dylib+0x41deaa], sa_mask[0]=0xfffefeff, sa_flags=0x00000042
SIGXFSZ: [libjvm.dylib+0x41deaa], sa_mask[0]=0xfffefeff, sa_flags=0x00000042
SIGILL: [libjvm.dylib+0x41deaa], sa_mask[0]=0xfffefeff, sa_flags=0x00000042
SIGUSR1: SIG_DFL, sa_mask[0]=0x00000000, sa_flags=0x00000002
SIGUSR2: [libjvm.dylib+0x41d99c], sa_mask[0]=0x00000004, sa_flags=0x00000042
SIGHUP: [libjvm.dylib+0x41bc2d], sa_mask[0]=0xfffefeff, sa_flags=0x00000042
SIGINT: SIG_IGN, sa_mask[0]=0x00000000, sa_flags=0x00000000
SIGTERM: [libjvm.dylib+0x41bc2d], sa_mask[0]=0xfffefeff, sa_flags=0x00000042
SIGQUIT: [libjvm.dylib+0x41bc2d], sa_mask[0]=0xfffefeff, sa_flags=0x00000042


---------------  S Y S T E M  ---------------

OS:Bsduname:Darwin 12.5.0 Darwin Kernel Version 12.5.0: Sun Sep 29 13:33:47 PDT 2013; root:xnu-2050.48.12~1/RELEASE_X86_64 x86_64
rlimit: STACK 8192k, CORE 0k, NPROC 709, NOFILE 10240, AS infinity
load average:1.32 1.12 1.14

CPU:total 24 (6 cores per cpu, 2 threads per core) family 6 model 44 stepping 2, cmov, cx8, fxsr, mmx, sse, sse2, sse3, ssse3, sse4.1, sse4.2, popcnt, aes, ht, tsc, tscinvbit, tscinv

Memory: 4k page, physical 67108864k(16777216k free)

/proc/meminfo:


vm_info: Java HotSpot(TM) 64-Bit Server VM (24.65-b04) for bsd-amd64 JRE (1.7.0_67-b01), built on Jul 25 2014 08:51:51 by "java_re" with gcc 4.2.1 (Based on Apple Inc. build 5658) (LLVM build 2336.11.00)

time: Wed Nov  5 12:04:17 2014
elapsed time: 1956 seconds

